{"/Users/blaze/Movies/Kin/projects/dot-protocol/packages/chain/src/chain.ts": {"path":"/Users/blaze/Movies/Kin/projects/dot-protocol/packages/chain/src/chain.ts","all":false,"statementMap":{"0":{"start":{"line":1,"column":0},"end":{"line":1,"column":48}},"17":{"start":{"line":18,"column":0},"end":{"line":18,"column":93}},"18":{"start":{"line":19,"column":0},"end":{"line":19,"column":43}},"19":{"start":{"line":20,"column":0},"end":{"line":20,"column":29}},"20":{"start":{"line":21,"column":0},"end":{"line":21,"column":24}},"21":{"start":{"line":22,"column":0},"end":{"line":22,"column":1}},"28":{"start":{"line":29,"column":0},"end":{"line":29,"column":72}},"29":{"start":{"line":30,"column":0},"end":{"line":30,"column":45}},"30":{"start":{"line":31,"column":0},"end":{"line":31,"column":63}},"33":{"start":{"line":34,"column":0},"end":{"line":34,"column":47}},"34":{"start":{"line":35,"column":0},"end":{"line":35,"column":22}},"35":{"start":{"line":36,"column":0},"end":{"line":36,"column":55}},"36":{"start":{"line":37,"column":0},"end":{"line":37,"column":3}},"38":{"start":{"line":39,"column":0},"end":{"line":39,"column":34}},"39":{"start":{"line":40,"column":0},"end":{"line":40,"column":1}},"42":{"start":{"line":43,"column":0},"end":{"line":43,"column":71}},"43":{"start":{"line":44,"column":0},"end":{"line":44,"column":33}},"44":{"start":{"line":45,"column":0},"end":{"line":45,"column":1}},"47":{"start":{"line":48,"column":0},"end":{"line":48,"column":88}},"48":{"start":{"line":49,"column":0},"end":{"line":49,"column":43}},"49":{"start":{"line":50,"column":0},"end":{"line":50,"column":29}},"50":{"start":{"line":51,"column":0},"end":{"line":51,"column":1}},"53":{"start":{"line":54,"column":0},"end":{"line":54,"column":77}},"54":{"start":{"line":55,"column":0},"end":{"line":55,"column":44}},"55":{"start":{"line":56,"column":0},"end":{"line":56,"column":29}},"56":{"start":{"line":57,"column":0},"end":{"line":57,"column":32}},"57":{"start":{"line":58,"column":0},"end":{"line":58,"column":30}},"59":{"start":{"line":60,"column":0},"end":{"line":60,"column":40}},"60":{"start":{"line":61,"column":0},"end":{"line":61,"column":22}},"61":{"start":{"line":62,"column":0},"end":{"line":62,"column":66}},"62":{"start":{"line":63,"column":0},"end":{"line":63,"column":3}},"64":{"start":{"line":65,"column":0},"end":{"line":65,"column":55}},"65":{"start":{"line":66,"column":0},"end":{"line":66,"column":1}}},"s":{"0":1,"17":9,"18":9,"19":9,"20":9,"21":9,"28":14,"29":14,"30":14,"33":13,"34":14,"35":2,"36":2,"38":11,"39":11,"42":2,"43":2,"44":2,"47":1,"48":1,"49":1,"50":1,"53":3,"54":3,"55":3,"56":3,"57":3,"59":3,"60":3,"61":1,"62":1,"64":3,"65":3},"branchMap":{"0":{"type":"branch","line":18,"loc":{"start":{"line":18,"column":0},"end":{"line":22,"column":1}},"locations":[{"start":{"line":18,"column":0},"end":{"line":22,"column":1}}]},"1":{"type":"branch","line":19,"loc":{"start":{"line":19,"column":12},"end":{"line":19,"column":43}},"locations":[{"start":{"line":19,"column":12},"end":{"line":19,"column":43}}]},"2":{"type":"branch","line":29,"loc":{"start":{"line":29,"column":0},"end":{"line":40,"column":1}},"locations":[{"start":{"line":29,"column":0},"end":{"line":40,"column":1}}]},"3":{"type":"branch","line":31,"loc":{"start":{"line":31,"column":13},"end":{"line":31,"column":63}},"locations":[{"start":{"line":31,"column":13},"end":{"line":31,"column":63}}]},"4":{"type":"branch","line":31,"loc":{"start":{"line":31,"column":61},"end":{"line":35,"column":21}},"locations":[{"start":{"line":31,"column":61},"end":{"line":35,"column":21}}]},"5":{"type":"branch","line":35,"loc":{"start":{"line":35,"column":21},"end":{"line":37,"column":3}},"locations":[{"start":{"line":35,"column":21},"end":{"line":37,"column":3}}]},"6":{"type":"branch","line":37,"loc":{"start":{"line":37,"column":2},"end":{"line":40,"column":1}},"locations":[{"start":{"line":37,"column":2},"end":{"line":40,"column":1}}]},"7":{"type":"branch","line":43,"loc":{"start":{"line":43,"column":0},"end":{"line":45,"column":1}},"locations":[{"start":{"line":43,"column":0},"end":{"line":45,"column":1}}]},"8":{"type":"branch","line":48,"loc":{"start":{"line":48,"column":0},"end":{"line":51,"column":1}},"locations":[{"start":{"line":48,"column":0},"end":{"line":51,"column":1}}]},"9":{"type":"branch","line":54,"loc":{"start":{"line":54,"column":0},"end":{"line":66,"column":1}},"locations":[{"start":{"line":54,"column":0},"end":{"line":66,"column":1}}]},"10":{"type":"branch","line":61,"loc":{"start":{"line":61,"column":21},"end":{"line":63,"column":3}},"locations":[{"start":{"line":61,"column":21},"end":{"line":63,"column":3}}]}},"b":{"0":[9],"1":[8],"2":[14],"3":[1],"4":[13],"5":[2],"6":[11],"7":[2],"8":[1],"9":[3],"10":[1]},"fnMap":{"0":{"name":"createChain","decl":{"start":{"line":18,"column":0},"end":{"line":22,"column":1}},"loc":{"start":{"line":18,"column":0},"end":{"line":22,"column":1}},"line":18},"1":{"name":"appendDOT","decl":{"start":{"line":29,"column":0},"end":{"line":40,"column":1}},"loc":{"start":{"line":29,"column":0},"end":{"line":40,"column":1}},"line":29},"2":{"name":"getHead","decl":{"start":{"line":43,"column":0},"end":{"line":45,"column":1}},"loc":{"start":{"line":43,"column":0},"end":{"line":45,"column":1}},"line":43},"3":{"name":"getRange","decl":{"start":{"line":48,"column":0},"end":{"line":51,"column":1}},"loc":{"start":{"line":48,"column":0},"end":{"line":51,"column":1}},"line":48},"4":{"name":"verifyChain","decl":{"start":{"line":54,"column":0},"end":{"line":66,"column":1}},"loc":{"start":{"line":54,"column":0},"end":{"line":66,"column":1}},"line":54}},"f":{"0":9,"1":14,"2":2,"3":1,"4":3}}
,"/Users/blaze/Movies/Kin/projects/dot-protocol/packages/chain/src/index.ts": {"path":"/Users/blaze/Movies/Kin/projects/dot-protocol/packages/chain/src/index.ts","all":false,"statementMap":{"0":{"start":{"line":1,"column":0},"end":{"line":1,"column":84}}},"s":{"0":1},"branchMap":{},"b":{},"fnMap":{},"f":{}}
,"/Users/blaze/Movies/Kin/projects/dot-protocol/packages/chain/src/storage.ts": {"path":"/Users/blaze/Movies/Kin/projects/dot-protocol/packages/chain/src/storage.ts","all":false,"statementMap":{"12":{"start":{"line":13,"column":0},"end":{"line":13,"column":53}},"13":{"start":{"line":14,"column":0},"end":{"line":14,"column":27}},"15":{"start":{"line":16,"column":0},"end":{"line":16,"column":26}},"16":{"start":{"line":17,"column":0},"end":{"line":17,"column":24}},"17":{"start":{"line":18,"column":0},"end":{"line":18,"column":3}},"19":{"start":{"line":20,"column":0},"end":{"line":20,"column":19}},"20":{"start":{"line":21,"column":0},"end":{"line":21,"column":26}},"21":{"start":{"line":22,"column":0},"end":{"line":22,"column":3}},"23":{"start":{"line":24,"column":0},"end":{"line":24,"column":30}},"24":{"start":{"line":25,"column":0},"end":{"line":25,"column":43}},"25":{"start":{"line":26,"column":0},"end":{"line":26,"column":3}},"27":{"start":{"line":28,"column":0},"end":{"line":28,"column":20}},"28":{"start":{"line":29,"column":0},"end":{"line":29,"column":28}},"29":{"start":{"line":30,"column":0},"end":{"line":30,"column":3}},"31":{"start":{"line":32,"column":0},"end":{"line":32,"column":17}},"32":{"start":{"line":33,"column":0},"end":{"line":33,"column":19}},"33":{"start":{"line":34,"column":0},"end":{"line":34,"column":3}},"34":{"start":{"line":35,"column":0},"end":{"line":35,"column":1}}},"s":{"12":1,"13":1,"15":1,"16":23,"17":23,"19":1,"20":5,"21":5,"23":1,"24":17,"25":17,"27":1,"28":3,"29":3,"31":1,"32":2,"33":2,"34":1},"branchMap":{"0":{"type":"branch","line":14,"loc":{"start":{"line":14,"column":10},"end":{"line":14,"column":27}},"locations":[{"start":{"line":14,"column":10},"end":{"line":14,"column":27}}]},"1":{"type":"branch","line":16,"loc":{"start":{"line":16,"column":2},"end":{"line":18,"column":3}},"locations":[{"start":{"line":16,"column":2},"end":{"line":18,"column":3}}]},"2":{"type":"branch","line":20,"loc":{"start":{"line":20,"column":2},"end":{"line":22,"column":3}},"locations":[{"start":{"line":20,"column":2},"end":{"line":22,"column":3}}]},"3":{"type":"branch","line":24,"loc":{"start":{"line":24,"column":2},"end":{"line":26,"column":3}},"locations":[{"start":{"line":24,"column":2},"end":{"line":26,"column":3}}]},"4":{"type":"branch","line":28,"loc":{"start":{"line":28,"column":2},"end":{"line":30,"column":3}},"locations":[{"start":{"line":28,"column":2},"end":{"line":30,"column":3}}]},"5":{"type":"branch","line":32,"loc":{"start":{"line":32,"column":2},"end":{"line":34,"column":3}},"locations":[{"start":{"line":32,"column":2},"end":{"line":34,"column":3}}]}},"b":{"0":[11],"1":[23],"2":[5],"3":[17],"4":[3],"5":[2]},"fnMap":{"0":{"name":"<instance_members_initializer>","decl":{"start":{"line":14,"column":10},"end":{"line":14,"column":27}},"loc":{"start":{"line":14,"column":10},"end":{"line":14,"column":27}},"line":14},"1":{"name":"append","decl":{"start":{"line":16,"column":2},"end":{"line":18,"column":3}},"loc":{"start":{"line":16,"column":2},"end":{"line":18,"column":3}},"line":16},"2":{"name":"getAll","decl":{"start":{"line":20,"column":2},"end":{"line":22,"column":3}},"loc":{"start":{"line":20,"column":2},"end":{"line":22,"column":3}},"line":20},"3":{"name":"getHead","decl":{"start":{"line":24,"column":2},"end":{"line":26,"column":3}},"loc":{"start":{"line":24,"column":2},"end":{"line":26,"column":3}},"line":24},"4":{"name":"length","decl":{"start":{"line":28,"column":2},"end":{"line":30,"column":3}},"loc":{"start":{"line":28,"column":2},"end":{"line":30,"column":3}},"line":28},"5":{"name":"clear","decl":{"start":{"line":32,"column":2},"end":{"line":34,"column":3}},"loc":{"start":{"line":32,"column":2},"end":{"line":34,"column":3}},"line":32}},"f":{"0":11,"1":23,"2":5,"3":17,"4":3,"5":2}}
}
