<?xml version="1.0" encoding="UTF-8"?>
<coverage generated="1773931701971" clover="3.2.0">
  <project timestamp="1773931701971" name="All files">
    <metrics statements="243" coveredstatements="243" conditionals="96" coveredconditionals="92" methods="26" coveredmethods="25" elements="365" coveredelements="360" complexity="0" loc="243" ncloc="243" packages="1" files="4" classes="4"/>
    <file name="client.ts" path="/Users/blaze/Movies/Kin/projects/dot-protocol/packages/relay/src/client.ts">
      <metrics statements="129" coveredstatements="129" conditionals="46" coveredconditionals="45" methods="19" coveredmethods="18"/>
      <line num="1" count="1" type="stmt"/>
      <line num="7" count="1" type="stmt"/>
      <line num="8" count="1" type="stmt"/>
      <line num="9" count="1" type="stmt"/>
      <line num="10" count="1" type="stmt"/>
      <line num="12" count="2" type="cond" truecount="1" falsecount="0"/>
      <line num="13" count="2" type="cond" truecount="1" falsecount="0"/>
      <line num="14" count="2" type="stmt"/>
      <line num="16" count="1" type="cond" truecount="1" falsecount="0"/>
      <line num="17" count="1" type="stmt"/>
      <line num="18" count="1" type="cond" truecount="1" falsecount="0"/>
      <line num="19" count="32" type="stmt"/>
      <line num="20" count="32" type="stmt"/>
      <line num="21" count="1" type="stmt"/>
      <line num="22" count="1" type="stmt"/>
      <line num="24" count="1" type="cond" truecount="1" falsecount="0"/>
      <line num="25" count="1" type="stmt"/>
      <line num="26" count="1" type="stmt"/>
      <line num="27" count="1" type="stmt"/>
      <line num="28" count="1" type="stmt"/>
      <line num="29" count="1" type="stmt"/>
      <line num="30" count="1" type="stmt"/>
      <line num="31" count="1" type="stmt"/>
      <line num="32" count="1" type="stmt"/>
      <line num="37" count="1" type="stmt"/>
      <line num="38" count="1" type="cond" truecount="1" falsecount="0"/>
      <line num="39" count="17" type="stmt"/>
      <line num="40" count="17" type="stmt"/>
      <line num="41" count="17" type="stmt"/>
      <line num="42" count="17" type="stmt"/>
      <line num="43" count="17" type="stmt"/>
      <line num="44" count="17" type="stmt"/>
      <line num="45" count="17" type="stmt"/>
      <line num="47" count="1" type="cond" truecount="1" falsecount="0"/>
      <line num="48" count="17" type="stmt"/>
      <line num="49" count="17" type="stmt"/>
      <line num="50" count="17" type="stmt"/>
      <line num="51" count="17" type="stmt"/>
      <line num="52" count="17" type="stmt"/>
      <line num="53" count="17" type="stmt"/>
      <line num="54" count="17" type="stmt"/>
      <line num="56" count="1" type="cond" truecount="1" falsecount="0"/>
      <line num="57" count="3" type="stmt"/>
      <line num="58" count="3" type="cond" truecount="2" falsecount="0"/>
      <line num="59" count="3" type="stmt"/>
      <line num="61" count="1" type="cond" truecount="1" falsecount="0"/>
      <line num="62" count="5" type="stmt"/>
      <line num="63" count="5" type="cond" truecount="2" falsecount="0"/>
      <line num="64" count="5" type="stmt"/>
      <line num="66" count="1" type="cond" truecount="1" falsecount="0"/>
      <line num="67" count="15" type="stmt"/>
      <line num="68" count="15" type="stmt"/>
      <line num="69" count="15" type="stmt"/>
      <line num="70" count="15" type="stmt"/>
      <line num="72" count="1" type="cond" truecount="1" falsecount="0"/>
      <line num="73" count="2" type="stmt"/>
      <line num="74" count="2" type="stmt"/>
      <line num="75" count="2" type="cond" truecount="0" falsecount="1"/>
      <line num="76" count="2" type="stmt"/>
      <line num="77" count="2" type="stmt"/>
      <line num="79" count="1" type="cond" truecount="1" falsecount="0"/>
      <line num="80" count="3" type="stmt"/>
      <line num="81" count="3" type="cond" truecount="2" falsecount="0"/>
      <line num="82" count="2" type="stmt"/>
      <line num="83" count="2" type="stmt"/>
      <line num="84" count="3" type="stmt"/>
      <line num="86" count="1" type="cond" truecount="1" falsecount="0"/>
      <line num="87" count="1" type="stmt"/>
      <line num="88" count="1" type="stmt"/>
      <line num="89" count="1" type="stmt"/>
      <line num="90" count="1" type="stmt"/>
      <line num="91" count="1" type="stmt"/>
      <line num="93" count="1" type="cond" truecount="1" falsecount="0"/>
      <line num="94" count="2" type="cond" truecount="2" falsecount="0"/>
      <line num="95" count="1" type="stmt"/>
      <line num="96" count="1" type="stmt"/>
      <line num="97" count="1" type="stmt"/>
      <line num="98" count="2" type="stmt"/>
      <line num="100" count="1" type="cond" truecount="1" falsecount="0"/>
      <line num="102" count="1" type="cond" truecount="1" falsecount="0"/>
      <line num="103" count="48" type="stmt"/>
      <line num="104" count="48" type="cond" truecount="1" falsecount="0"/>
      <line num="105" count="48" type="stmt"/>
      <line num="107" count="1" type="cond" truecount="1" falsecount="0"/>
      <line num="108" count="16" type="stmt"/>
      <line num="109" count="16" type="stmt"/>
      <line num="110" count="16" type="stmt"/>
      <line num="112" count="16" type="cond" truecount="1" falsecount="0"/>
      <line num="114" count="16" type="cond" truecount="1" falsecount="0"/>
      <line num="115" count="18" type="cond" truecount="1" falsecount="0"/>
      <line num="116" count="4" type="stmt"/>
      <line num="117" count="4" type="cond" truecount="2" falsecount="0"/>
      <line num="118" count="3" type="stmt"/>
      <line num="119" count="4" type="cond" truecount="2" falsecount="0"/>
      <line num="120" count="3" type="stmt"/>
      <line num="121" count="3" type="cond" truecount="1" falsecount="0"/>
      <line num="122" count="14" type="stmt"/>
      <line num="123" count="14" type="stmt"/>
      <line num="124" count="18" type="cond" truecount="2" falsecount="0"/>
      <line num="125" count="1" type="stmt"/>
      <line num="126" count="1" type="stmt"/>
      <line num="127" count="1" type="stmt"/>
      <line num="128" count="1" type="stmt"/>
      <line num="129" count="1" type="stmt"/>
      <line num="130" count="1" type="stmt"/>
      <line num="131" count="1" type="stmt"/>
      <line num="132" count="18" type="cond" truecount="1" falsecount="0"/>
      <line num="133" count="12" type="stmt"/>
      <line num="134" count="12" type="cond" truecount="1" falsecount="0"/>
      <line num="135" count="1" type="stmt"/>
      <line num="136" count="1" type="stmt"/>
      <line num="137" count="12" type="cond" truecount="1" falsecount="0"/>
      <line num="138" count="2" type="stmt"/>
      <line num="139" count="2" type="stmt"/>
      <line num="140" count="2" type="stmt"/>
      <line num="141" count="12" type="stmt"/>
      <line num="142" count="12" type="stmt"/>
      <line num="143" count="18" type="cond" truecount="1" falsecount="0"/>
      <line num="144" count="18" type="stmt"/>
      <line num="146" count="16" type="stmt"/>
      <line num="148" count="16" type="cond" truecount="1" falsecount="0"/>
      <line num="149" count="4" type="stmt"/>
      <line num="150" count="4" type="cond" truecount="1" falsecount="0"/>
      <line num="151" count="4" type="cond" truecount="2" falsecount="0"/>
      <line num="152" count="1" type="cond" truecount="1" falsecount="0"/>
      <line num="153" count="1" type="stmt"/>
      <line num="154" count="4" type="stmt"/>
      <line num="155" count="16" type="stmt"/>
      <line num="156" count="1" type="stmt"/>
    </file>
    <file name="index.ts" path="/Users/blaze/Movies/Kin/projects/dot-protocol/packages/relay/src/index.ts">
      <metrics statements="1" coveredstatements="1" conditionals="0" coveredconditionals="0" methods="0" coveredmethods="0"/>
      <line num="1" count="1" type="stmt"/>
    </file>
    <file name="server.ts" path="/Users/blaze/Movies/Kin/projects/dot-protocol/packages/relay/src/server.ts">
      <metrics statements="82" coveredstatements="82" conditionals="40" coveredconditionals="37" methods="3" coveredmethods="3"/>
      <line num="1" count="1" type="stmt"/>
      <line num="6" count="1" type="stmt"/>
      <line num="7" count="1" type="stmt"/>
      <line num="8" count="1" type="stmt"/>
      <line num="9" count="1" type="stmt"/>
      <line num="11" count="21" type="cond" truecount="1" falsecount="0"/>
      <line num="12" count="21" type="cond" truecount="1" falsecount="0"/>
      <line num="13" count="21" type="stmt"/>
      <line num="20" count="16" type="cond" truecount="1" falsecount="0"/>
      <line num="21" count="16" type="stmt"/>
      <line num="22" count="16" type="stmt"/>
      <line num="23" count="16" type="stmt"/>
      <line num="26" count="16" type="stmt"/>
      <line num="27" count="16" type="stmt"/>
      <line num="29" count="16" type="cond" truecount="1" falsecount="0"/>
      <line num="30" count="21" type="stmt"/>
      <line num="31" count="21" type="stmt"/>
      <line num="32" count="21" type="stmt"/>
      <line num="34" count="21" type="cond" truecount="1" falsecount="0"/>
      <line num="35" count="41" type="stmt"/>
      <line num="36" count="41" type="cond" truecount="0" falsecount="1"/>
      <line num="38" count="41" type="cond" truecount="1" falsecount="0"/>
      <line num="39" count="34" type="stmt"/>
      <line num="40" count="34" type="stmt"/>
      <line num="41" count="34" type="cond" truecount="2" falsecount="0"/>
      <line num="42" count="18" type="cond" truecount="1" falsecount="0"/>
      <line num="43" count="1" type="stmt"/>
      <line num="44" count="1" type="stmt"/>
      <line num="45" count="1" type="cond" truecount="1" falsecount="0"/>
      <line num="46" count="17" type="stmt"/>
      <line num="47" count="17" type="stmt"/>
      <line num="48" count="17" type="stmt"/>
      <line num="49" count="17" type="stmt"/>
      <line num="50" count="17" type="stmt"/>
      <line num="51" count="17" type="stmt"/>
      <line num="52" count="17" type="stmt"/>
      <line num="53" count="17" type="stmt"/>
      <line num="54" count="18" type="cond" truecount="2" falsecount="0"/>
      <line num="55" count="16" type="stmt"/>
      <line num="56" count="16" type="stmt"/>
      <line num="57" count="34" type="cond" truecount="3" falsecount="0"/>
      <line num="58" count="10" type="stmt"/>
      <line num="59" count="10" type="cond" truecount="1" falsecount="0"/>
      <line num="60" count="10" type="stmt"/>
      <line num="61" count="10" type="stmt"/>
      <line num="62" count="10" type="stmt"/>
      <line num="63" count="15" type="cond" truecount="3" falsecount="0"/>
      <line num="64" count="1" type="stmt"/>
      <line num="65" count="1" type="stmt"/>
      <line num="66" count="1" type="stmt"/>
      <line num="68" count="1" type="cond" truecount="0" falsecount="1"/>
      <line num="69" count="5" type="cond" truecount="2" falsecount="0"/>
      <line num="70" count="3" type="stmt"/>
      <line num="71" count="3" type="stmt"/>
      <line num="72" count="34" type="cond" truecount="2" falsecount="0"/>
      <line num="73" count="32" type="stmt"/>
      <line num="74" count="32" type="cond" truecount="1" falsecount="0"/>
      <line num="77" count="41" type="cond" truecount="2" falsecount="0"/>
      <line num="78" count="41" type="cond" truecount="0" falsecount="1"/>
      <line num="79" count="41" type="cond" truecount="2" falsecount="0"/>
      <line num="80" count="5" type="stmt"/>
      <line num="81" count="5" type="cond" truecount="2" falsecount="0"/>
      <line num="82" count="4" type="stmt"/>
      <line num="83" count="4" type="stmt"/>
      <line num="84" count="4" type="cond" truecount="1" falsecount="0"/>
      <line num="85" count="7" type="cond" truecount="2" falsecount="0"/>
      <line num="86" count="7" type="stmt"/>
      <line num="87" count="4" type="stmt"/>
      <line num="88" count="21" type="stmt"/>
      <line num="90" count="21" type="cond" truecount="1" falsecount="0"/>
      <line num="91" count="21" type="stmt"/>
      <line num="92" count="21" type="stmt"/>
      <line num="93" count="21" type="cond" truecount="1" falsecount="0"/>
      <line num="94" count="9" type="stmt"/>
      <line num="95" count="9" type="cond" truecount="1" falsecount="0"/>
      <line num="96" count="9" type="stmt"/>
      <line num="97" count="21" type="stmt"/>
      <line num="98" count="21" type="stmt"/>
      <line num="99" count="21" type="stmt"/>
      <line num="100" count="16" type="stmt"/>
      <line num="102" count="16" type="cond" truecount="1" falsecount="0"/>
      <line num="103" count="16" type="stmt"/>
    </file>
    <file name="types.ts" path="/Users/blaze/Movies/Kin/projects/dot-protocol/packages/relay/src/types.ts">
      <metrics statements="31" coveredstatements="31" conditionals="10" coveredconditionals="10" methods="4" coveredmethods="4"/>
      <line num="4" count="1" type="stmt"/>
      <line num="5" count="1" type="stmt"/>
      <line num="6" count="1" type="stmt"/>
      <line num="30" count="1" type="cond" truecount="1" falsecount="0"/>
      <line num="31" count="10" type="stmt"/>
      <line num="32" count="10" type="stmt"/>
      <line num="33" count="10" type="stmt"/>
      <line num="34" count="10" type="stmt"/>
      <line num="35" count="10" type="stmt"/>
      <line num="38" count="1" type="cond" truecount="1" falsecount="0"/>
      <line num="39" count="8" type="stmt"/>
      <line num="40" count="8" type="cond" truecount="2" falsecount="0"/>
      <line num="41" count="8" type="stmt"/>
      <line num="44" count="1" type="cond" truecount="1" falsecount="0"/>
      <line num="45" count="10" type="cond" truecount="1" falsecount="0"/>
      <line num="46" count="1" type="stmt"/>
      <line num="47" count="1" type="cond" truecount="1" falsecount="0"/>
      <line num="48" count="9" type="stmt"/>
      <line num="49" count="9" type="stmt"/>
      <line num="50" count="9" type="stmt"/>
      <line num="51" count="9" type="stmt"/>
      <line num="52" count="9" type="stmt"/>
      <line num="55" count="1" type="cond" truecount="1" falsecount="0"/>
      <line num="56" count="8" type="cond" truecount="1" falsecount="0"/>
      <line num="57" count="1" type="stmt"/>
      <line num="58" count="1" type="cond" truecount="1" falsecount="0"/>
      <line num="59" count="7" type="stmt"/>
      <line num="60" count="7" type="stmt"/>
      <line num="61" count="7" type="stmt"/>
      <line num="62" count="7" type="stmt"/>
      <line num="63" count="7" type="stmt"/>
    </file>
  </project>
</coverage>
