{"/Users/blaze/Movies/Kin/projects/dot-protocol/packages/relay/src/client.ts": {"path":"/Users/blaze/Movies/Kin/projects/dot-protocol/packages/relay/src/client.ts","all":false,"statementMap":{"0":{"start":{"line":1,"column":0},"end":{"line":1,"column":27}},"6":{"start":{"line":7,"column":0},"end":{"line":7,"column":37}},"7":{"start":{"line":8,"column":0},"end":{"line":8,"column":49}},"8":{"start":{"line":9,"column":0},"end":{"line":9,"column":49}},"9":{"start":{"line":10,"column":0},"end":{"line":10,"column":3}},"11":{"start":{"line":12,"column":0},"end":{"line":12,"column":44}},"12":{"start":{"line":13,"column":0},"end":{"line":13,"column":70}},"13":{"start":{"line":14,"column":0},"end":{"line":14,"column":1}},"15":{"start":{"line":16,"column":0},"end":{"line":16,"column":44}},"16":{"start":{"line":17,"column":0},"end":{"line":17,"column":45}},"17":{"start":{"line":18,"column":0},"end":{"line":18,"column":41}},"18":{"start":{"line":19,"column":0},"end":{"line":19,"column":51}},"19":{"start":{"line":20,"column":0},"end":{"line":20,"column":3}},"20":{"start":{"line":21,"column":0},"end":{"line":21,"column":15}},"21":{"start":{"line":22,"column":0},"end":{"line":22,"column":1}},"23":{"start":{"line":24,"column":0},"end":{"line":24,"column":90}},"24":{"start":{"line":25,"column":0},"end":{"line":25,"column":57}},"25":{"start":{"line":26,"column":0},"end":{"line":26,"column":26}},"26":{"start":{"line":27,"column":0},"end":{"line":27,"column":45}},"27":{"start":{"line":28,"column":0},"end":{"line":28,"column":48}},"28":{"start":{"line":29,"column":0},"end":{"line":29,"column":78}},"29":{"start":{"line":30,"column":0},"end":{"line":30,"column":4}},"30":{"start":{"line":31,"column":0},"end":{"line":31,"column":99}},"31":{"start":{"line":32,"column":0},"end":{"line":32,"column":1}},"36":{"start":{"line":37,"column":0},"end":{"line":37,"column":26}},"37":{"start":{"line":38,"column":0},"end":{"line":38,"column":38}},"38":{"start":{"line":39,"column":0},"end":{"line":39,"column":47}},"39":{"start":{"line":40,"column":0},"end":{"line":40,"column":41}},"40":{"start":{"line":41,"column":0},"end":{"line":41,"column":48}},"41":{"start":{"line":42,"column":0},"end":{"line":42,"column":45}},"42":{"start":{"line":43,"column":0},"end":{"line":43,"column":47}},"43":{"start":{"line":44,"column":0},"end":{"line":44,"column":66}},"44":{"start":{"line":45,"column":0},"end":{"line":45,"column":40}},"46":{"start":{"line":47,"column":0},"end":{"line":47,"column":36}},"47":{"start":{"line":48,"column":0},"end":{"line":48,"column":19}},"48":{"start":{"line":49,"column":0},"end":{"line":49,"column":22}},"49":{"start":{"line":50,"column":0},"end":{"line":50,"column":29}},"50":{"start":{"line":51,"column":0},"end":{"line":51,"column":29}},"51":{"start":{"line":52,"column":0},"end":{"line":52,"column":16}},"52":{"start":{"line":53,"column":0},"end":{"line":53,"column":6}},"53":{"start":{"line":54,"column":0},"end":{"line":54,"column":3}},"55":{"start":{"line":56,"column":0},"end":{"line":56,"column":46}},"56":{"start":{"line":57,"column":0},"end":{"line":57,"column":37}},"57":{"start":{"line":58,"column":0},"end":{"line":58,"column":89}},"58":{"start":{"line":59,"column":0},"end":{"line":59,"column":3}},"60":{"start":{"line":61,"column":0},"end":{"line":61,"column":48}},"61":{"start":{"line":62,"column":0},"end":{"line":62,"column":38}},"62":{"start":{"line":63,"column":0},"end":{"line":63,"column":91}},"63":{"start":{"line":64,"column":0},"end":{"line":64,"column":3}},"65":{"start":{"line":66,"column":0},"end":{"line":66,"column":35}},"66":{"start":{"line":67,"column":0},"end":{"line":67,"column":27}},"67":{"start":{"line":68,"column":0},"end":{"line":68,"column":34}},"68":{"start":{"line":69,"column":0},"end":{"line":69,"column":17}},"69":{"start":{"line":70,"column":0},"end":{"line":70,"column":3}},"71":{"start":{"line":72,"column":0},"end":{"line":72,"column":22}},"72":{"start":{"line":73,"column":0},"end":{"line":73,"column":34}},"73":{"start":{"line":74,"column":0},"end":{"line":74,"column":21}},"74":{"start":{"line":75,"column":0},"end":{"line":75,"column":54}},"75":{"start":{"line":76,"column":0},"end":{"line":76,"column":36}},"76":{"start":{"line":77,"column":0},"end":{"line":77,"column":3}},"78":{"start":{"line":79,"column":0},"end":{"line":79,"column":37}},"79":{"start":{"line":80,"column":0},"end":{"line":80,"column":41}},"80":{"start":{"line":81,"column":0},"end":{"line":81,"column":49}},"81":{"start":{"line":82,"column":0},"end":{"line":82,"column":68}},"82":{"start":{"line":83,"column":0},"end":{"line":83,"column":5}},"83":{"start":{"line":84,"column":0},"end":{"line":84,"column":3}},"85":{"start":{"line":86,"column":0},"end":{"line":86,"column":39}},"86":{"start":{"line":87,"column":0},"end":{"line":87,"column":44}},"87":{"start":{"line":88,"column":0},"end":{"line":88,"column":49}},"88":{"start":{"line":89,"column":0},"end":{"line":89,"column":70}},"89":{"start":{"line":90,"column":0},"end":{"line":90,"column":5}},"90":{"start":{"line":91,"column":0},"end":{"line":91,"column":3}},"92":{"start":{"line":93,"column":0},"end":{"line":93,"column":62}},"93":{"start":{"line":94,"column":0},"end":{"line":94,"column":62}},"94":{"start":{"line":95,"column":0},"end":{"line":95,"column":48}},"95":{"start":{"line":96,"column":0},"end":{"line":96,"column":46}},"96":{"start":{"line":97,"column":0},"end":{"line":97,"column":16}},"97":{"start":{"line":98,"column":0},"end":{"line":98,"column":3}},"99":{"start":{"line":100,"column":0},"end":{"line":100,"column":50}},"101":{"start":{"line":102,"column":0},"end":{"line":102,"column":44}},"102":{"start":{"line":103,"column":0},"end":{"line":103,"column":20}},"103":{"start":{"line":104,"column":0},"end":{"line":104,"column":46}},"104":{"start":{"line":105,"column":0},"end":{"line":105,"column":3}},"106":{"start":{"line":107,"column":0},"end":{"line":107,"column":25}},"107":{"start":{"line":108,"column":0},"end":{"line":108,"column":46}},"108":{"start":{"line":109,"column":0},"end":{"line":109,"column":34}},"109":{"start":{"line":110,"column":0},"end":{"line":110,"column":17}},"111":{"start":{"line":112,"column":0},"end":{"line":112,"column":56}},"113":{"start":{"line":114,"column":0},"end":{"line":114,"column":51}},"114":{"start":{"line":115,"column":0},"end":{"line":115,"column":46}},"115":{"start":{"line":116,"column":0},"end":{"line":116,"column":49}},"116":{"start":{"line":117,"column":0},"end":{"line":117,"column":48}},"117":{"start":{"line":118,"column":0},"end":{"line":118,"column":58}},"118":{"start":{"line":119,"column":0},"end":{"line":119,"column":66}},"119":{"start":{"line":120,"column":0},"end":{"line":120,"column":15}},"120":{"start":{"line":121,"column":0},"end":{"line":121,"column":7}},"121":{"start":{"line":122,"column":0},"end":{"line":122,"column":11}},"122":{"start":{"line":123,"column":0},"end":{"line":123,"column":80}},"123":{"start":{"line":124,"column":0},"end":{"line":124,"column":78}},"124":{"start":{"line":125,"column":0},"end":{"line":125,"column":49}},"125":{"start":{"line":126,"column":0},"end":{"line":126,"column":71}},"126":{"start":{"line":127,"column":0},"end":{"line":127,"column":34}},"127":{"start":{"line":128,"column":0},"end":{"line":128,"column":25}},"128":{"start":{"line":129,"column":0},"end":{"line":129,"column":56}},"129":{"start":{"line":130,"column":0},"end":{"line":130,"column":33}},"130":{"start":{"line":131,"column":0},"end":{"line":131,"column":14}},"131":{"start":{"line":132,"column":0},"end":{"line":132,"column":53}},"132":{"start":{"line":133,"column":0},"end":{"line":133,"column":39}},"133":{"start":{"line":134,"column":0},"end":{"line":134,"column":58}},"134":{"start":{"line":135,"column":0},"end":{"line":135,"column":69}},"135":{"start":{"line":136,"column":0},"end":{"line":136,"column":11}},"136":{"start":{"line":137,"column":0},"end":{"line":137,"column":46}},"137":{"start":{"line":138,"column":0},"end":{"line":138,"column":59}},"138":{"start":{"line":139,"column":0},"end":{"line":139,"column":56}},"139":{"start":{"line":140,"column":0},"end":{"line":140,"column":13}},"140":{"start":{"line":141,"column":0},"end":{"line":141,"column":41}},"141":{"start":{"line":142,"column":0},"end":{"line":142,"column":9}},"142":{"start":{"line":143,"column":0},"end":{"line":143,"column":41}},"143":{"start":{"line":144,"column":0},"end":{"line":144,"column":6}},"145":{"start":{"line":146,"column":0},"end":{"line":146,"column":55}},"147":{"start":{"line":148,"column":0},"end":{"line":148,"column":24}},"148":{"start":{"line":149,"column":0},"end":{"line":149,"column":38}},"149":{"start":{"line":150,"column":0},"end":{"line":150,"column":83}},"150":{"start":{"line":151,"column":0},"end":{"line":151,"column":50}},"151":{"start":{"line":152,"column":0},"end":{"line":152,"column":69}},"152":{"start":{"line":153,"column":0},"end":{"line":153,"column":7}},"153":{"start":{"line":154,"column":0},"end":{"line":154,"column":6}},"154":{"start":{"line":155,"column":0},"end":{"line":155,"column":3}},"155":{"start":{"line":156,"column":0},"end":{"line":156,"column":1}}},"s":{"0":1,"6":1,"7":1,"8":1,"9":1,"11":2,"12":2,"13":2,"15":1,"16":1,"17":1,"18":32,"19":32,"20":1,"21":1,"23":1,"24":1,"25":1,"26":1,"27":1,"28":1,"29":1,"30":1,"31":1,"36":1,"37":1,"38":17,"39":17,"40":17,"41":17,"42":17,"43":17,"44":17,"46":1,"47":17,"48":17,"49":17,"50":17,"51":17,"52":17,"53":17,"55":1,"56":3,"57":3,"58":3,"60":1,"61":5,"62":5,"63":5,"65":1,"66":15,"67":15,"68":15,"69":15,"71":1,"72":2,"73":2,"74":2,"75":2,"76":2,"78":1,"79":3,"80":3,"81":2,"82":2,"83":3,"85":1,"86":1,"87":1,"88":1,"89":1,"90":1,"92":1,"93":2,"94":1,"95":1,"96":1,"97":2,"99":1,"101":1,"102":48,"103":48,"104":48,"106":1,"107":16,"108":16,"109":16,"111":16,"113":16,"114":18,"115":4,"116":4,"117":3,"118":4,"119":3,"120":3,"121":14,"122":14,"123":18,"124":1,"125":1,"126":1,"127":1,"128":1,"129":1,"130":1,"131":18,"132":12,"133":12,"134":1,"135":1,"136":12,"137":2,"138":2,"139":2,"140":12,"141":12,"142":18,"143":18,"145":16,"147":16,"148":4,"149":4,"150":4,"151":1,"152":1,"153":4,"154":16,"155":1},"branchMap":{"0":{"type":"branch","line":12,"loc":{"start":{"line":12,"column":0},"end":{"line":14,"column":1}},"locations":[{"start":{"line":12,"column":0},"end":{"line":14,"column":1}}]},"1":{"type":"branch","line":13,"loc":{"start":{"line":13,"column":23},"end":{"line":13,"column":59}},"locations":[{"start":{"line":13,"column":23},"end":{"line":13,"column":59}}]},"2":{"type":"branch","line":16,"loc":{"start":{"line":16,"column":0},"end":{"line":22,"column":1}},"locations":[{"start":{"line":16,"column":0},"end":{"line":22,"column":1}}]},"3":{"type":"branch","line":18,"loc":{"start":{"line":18,"column":40},"end":{"line":20,"column":3}},"locations":[{"start":{"line":18,"column":40},"end":{"line":20,"column":3}}]},"4":{"type":"branch","line":24,"loc":{"start":{"line":24,"column":0},"end":{"line":32,"column":1}},"locations":[{"start":{"line":24,"column":0},"end":{"line":32,"column":1}}]},"5":{"type":"branch","line":38,"loc":{"start":{"line":38,"column":10},"end":{"line":45,"column":40}},"locations":[{"start":{"line":38,"column":10},"end":{"line":45,"column":40}}]},"6":{"type":"branch","line":47,"loc":{"start":{"line":47,"column":2},"end":{"line":54,"column":3}},"locations":[{"start":{"line":47,"column":2},"end":{"line":54,"column":3}}]},"7":{"type":"branch","line":56,"loc":{"start":{"line":56,"column":2},"end":{"line":59,"column":3}},"locations":[{"start":{"line":56,"column":2},"end":{"line":59,"column":3}}]},"8":{"type":"branch","line":58,"loc":{"start":{"line":58,"column":11},"end":{"line":58,"column":89}},"locations":[{"start":{"line":58,"column":11},"end":{"line":58,"column":89}}]},"9":{"type":"branch","line":58,"loc":{"start":{"line":58,"column":66},"end":{"line":58,"column":84}},"locations":[{"start":{"line":58,"column":66},"end":{"line":58,"column":84}}]},"10":{"type":"branch","line":61,"loc":{"start":{"line":61,"column":2},"end":{"line":64,"column":3}},"locations":[{"start":{"line":61,"column":2},"end":{"line":64,"column":3}}]},"11":{"type":"branch","line":63,"loc":{"start":{"line":63,"column":11},"end":{"line":63,"column":91}},"locations":[{"start":{"line":63,"column":11},"end":{"line":63,"column":91}}]},"12":{"type":"branch","line":63,"loc":{"start":{"line":63,"column":68},"end":{"line":63,"column":86}},"locations":[{"start":{"line":63,"column":68},"end":{"line":63,"column":86}}]},"13":{"type":"branch","line":66,"loc":{"start":{"line":66,"column":2},"end":{"line":70,"column":3}},"locations":[{"start":{"line":66,"column":2},"end":{"line":70,"column":3}}]},"14":{"type":"branch","line":72,"loc":{"start":{"line":72,"column":2},"end":{"line":77,"column":3}},"locations":[{"start":{"line":72,"column":2},"end":{"line":77,"column":3}}]},"15":{"type":"branch","line":75,"loc":{"start":{"line":75,"column":24},"end":{"line":75,"column":54}},"locations":[{"start":{"line":75,"column":24},"end":{"line":75,"column":54}}]},"16":{"type":"branch","line":79,"loc":{"start":{"line":79,"column":2},"end":{"line":84,"column":3}},"locations":[{"start":{"line":79,"column":2},"end":{"line":84,"column":3}}]},"17":{"type":"branch","line":81,"loc":{"start":{"line":81,"column":24},"end":{"line":81,"column":48}},"locations":[{"start":{"line":81,"column":24},"end":{"line":81,"column":48}}]},"18":{"type":"branch","line":81,"loc":{"start":{"line":81,"column":48},"end":{"line":83,"column":5}},"locations":[{"start":{"line":81,"column":48},"end":{"line":83,"column":5}}]},"19":{"type":"branch","line":86,"loc":{"start":{"line":86,"column":2},"end":{"line":91,"column":3}},"locations":[{"start":{"line":86,"column":2},"end":{"line":91,"column":3}}]},"20":{"type":"branch","line":93,"loc":{"start":{"line":93,"column":2},"end":{"line":98,"column":3}},"locations":[{"start":{"line":93,"column":2},"end":{"line":98,"column":3}}]},"21":{"type":"branch","line":94,"loc":{"start":{"line":94,"column":24},"end":{"line":94,"column":49}},"locations":[{"start":{"line":94,"column":24},"end":{"line":94,"column":49}}]},"22":{"type":"branch","line":94,"loc":{"start":{"line":94,"column":49},"end":{"line":97,"column":16}},"locations":[{"start":{"line":94,"column":49},"end":{"line":97,"column":16}}]},"23":{"type":"branch","line":100,"loc":{"start":{"line":100,"column":2},"end":{"line":100,"column":50}},"locations":[{"start":{"line":100,"column":2},"end":{"line":100,"column":50}}]},"24":{"type":"branch","line":102,"loc":{"start":{"line":102,"column":10},"end":{"line":105,"column":3}},"locations":[{"start":{"line":102,"column":10},"end":{"line":105,"column":3}}]},"25":{"type":"branch","line":104,"loc":{"start":{"line":104,"column":41},"end":{"line":104,"column":46}},"locations":[{"start":{"line":104,"column":41},"end":{"line":104,"column":46}}]},"26":{"type":"branch","line":107,"loc":{"start":{"line":107,"column":10},"end":{"line":155,"column":3}},"locations":[{"start":{"line":107,"column":10},"end":{"line":155,"column":3}}]},"27":{"type":"branch","line":112,"loc":{"start":{"line":112,"column":16},"end":{"line":112,"column":56}},"locations":[{"start":{"line":112,"column":16},"end":{"line":112,"column":56}}]},"28":{"type":"branch","line":114,"loc":{"start":{"line":114,"column":19},"end":{"line":144,"column":6}},"locations":[{"start":{"line":114,"column":19},"end":{"line":144,"column":6}}]},"29":{"type":"branch","line":115,"loc":{"start":{"line":115,"column":45},"end":{"line":121,"column":7}},"locations":[{"start":{"line":115,"column":45},"end":{"line":121,"column":7}}]},"30":{"type":"branch","line":117,"loc":{"start":{"line":117,"column":41},"end":{"line":117,"column":48}},"locations":[{"start":{"line":117,"column":41},"end":{"line":117,"column":48}}]},"31":{"type":"branch","line":117,"loc":{"start":{"line":117,"column":41},"end":{"line":119,"column":46}},"locations":[{"start":{"line":117,"column":41},"end":{"line":119,"column":46}}]},"32":{"type":"branch","line":119,"loc":{"start":{"line":119,"column":44},"end":{"line":119,"column":66}},"locations":[{"start":{"line":119,"column":44},"end":{"line":119,"column":66}}]},"33":{"type":"branch","line":119,"loc":{"start":{"line":119,"column":64},"end":{"line":121,"column":7}},"locations":[{"start":{"line":119,"column":64},"end":{"line":121,"column":7}}]},"34":{"type":"branch","line":121,"loc":{"start":{"line":121,"column":6},"end":{"line":124,"column":43}},"locations":[{"start":{"line":121,"column":6},"end":{"line":124,"column":43}}]},"35":{"type":"branch","line":124,"loc":{"start":{"line":124,"column":28},"end":{"line":124,"column":77}},"locations":[{"start":{"line":124,"column":28},"end":{"line":124,"column":77}}]},"36":{"type":"branch","line":124,"loc":{"start":{"line":124,"column":77},"end":{"line":132,"column":19}},"locations":[{"start":{"line":124,"column":77},"end":{"line":132,"column":19}}]},"37":{"type":"branch","line":132,"loc":{"start":{"line":132,"column":8},"end":{"line":142,"column":9}},"locations":[{"start":{"line":132,"column":8},"end":{"line":142,"column":9}}]},"38":{"type":"branch","line":134,"loc":{"start":{"line":134,"column":57},"end":{"line":136,"column":11}},"locations":[{"start":{"line":134,"column":57},"end":{"line":136,"column":11}}]},"39":{"type":"branch","line":143,"loc":{"start":{"line":143,"column":6},"end":{"line":143,"column":41}},"locations":[{"start":{"line":143,"column":6},"end":{"line":143,"column":41}}]},"40":{"type":"branch","line":137,"loc":{"start":{"line":137,"column":39},"end":{"line":141,"column":13}},"locations":[{"start":{"line":137,"column":39},"end":{"line":141,"column":13}}]},"41":{"type":"branch","line":148,"loc":{"start":{"line":148,"column":17},"end":{"line":154,"column":6}},"locations":[{"start":{"line":148,"column":17},"end":{"line":154,"column":6}}]},"42":{"type":"branch","line":150,"loc":{"start":{"line":150,"column":26},"end":{"line":150,"column":83}},"locations":[{"start":{"line":150,"column":26},"end":{"line":150,"column":83}}]},"43":{"type":"branch","line":151,"loc":{"start":{"line":151,"column":22},"end":{"line":151,"column":49}},"locations":[{"start":{"line":151,"column":22},"end":{"line":151,"column":49}}]},"44":{"type":"branch","line":151,"loc":{"start":{"line":151,"column":49},"end":{"line":153,"column":7}},"locations":[{"start":{"line":151,"column":49},"end":{"line":153,"column":7}}]},"45":{"type":"branch","line":152,"loc":{"start":{"line":152,"column":19},"end":{"line":152,"column":39}},"locations":[{"start":{"line":152,"column":19},"end":{"line":152,"column":39}}]}},"b":{"0":[2],"1":[96],"2":[1],"3":[32],"4":[1],"5":[17],"6":[17],"7":[3],"8":[1],"9":[1],"10":[5],"11":[1],"12":[1],"13":[15],"14":[2],"15":[0],"16":[3],"17":[2],"18":[2],"19":[1],"20":[2],"21":[1],"22":[1],"23":[7],"24":[48],"25":[15],"26":[16],"27":[15],"28":[18],"29":[4],"30":[1],"31":[3],"32":[2],"33":[3],"34":[14],"35":[1],"36":[1],"37":[12],"38":[1],"39":[1],"40":[2],"41":[4],"42":[3],"43":[1],"44":[1],"45":[1]},"fnMap":{"0":{"name":"bytesToHex","decl":{"start":{"line":12,"column":0},"end":{"line":14,"column":1}},"loc":{"start":{"line":12,"column":0},"end":{"line":14,"column":1}},"line":12},"1":{"name":"hexToBytes","decl":{"start":{"line":16,"column":0},"end":{"line":22,"column":1}},"loc":{"start":{"line":16,"column":0},"end":{"line":22,"column":1}},"line":16},"2":{"name":"signNonce","decl":{"start":{"line":24,"column":0},"end":{"line":32,"column":1}},"loc":{"start":{"line":24,"column":0},"end":{"line":32,"column":1}},"line":24},"3":{"name":"<instance_members_initializer>","decl":{"start":{"line":38,"column":10},"end":{"line":45,"column":40}},"loc":{"start":{"line":38,"column":10},"end":{"line":45,"column":40}},"line":38},"4":{"name":"RelayClient","decl":{"start":{"line":47,"column":2},"end":{"line":54,"column":3}},"loc":{"start":{"line":47,"column":2},"end":{"line":54,"column":3}},"line":47},"5":{"name":"onFrame","decl":{"start":{"line":56,"column":2},"end":{"line":59,"column":3}},"loc":{"start":{"line":56,"column":2},"end":{"line":59,"column":3}},"line":56},"6":{"name":"onStatus","decl":{"start":{"line":61,"column":2},"end":{"line":64,"column":3}},"loc":{"start":{"line":61,"column":2},"end":{"line":64,"column":3}},"line":61},"7":{"name":"connect","decl":{"start":{"line":66,"column":2},"end":{"line":70,"column":3}},"loc":{"start":{"line":66,"column":2},"end":{"line":70,"column":3}},"line":66},"8":{"name":"disconnect","decl":{"start":{"line":72,"column":2},"end":{"line":77,"column":3}},"loc":{"start":{"line":72,"column":2},"end":{"line":77,"column":3}},"line":72},"9":{"name":"subscribe","decl":{"start":{"line":79,"column":2},"end":{"line":84,"column":3}},"loc":{"start":{"line":79,"column":2},"end":{"line":84,"column":3}},"line":79},"10":{"name":"unsubscribe","decl":{"start":{"line":86,"column":2},"end":{"line":91,"column":3}},"loc":{"start":{"line":86,"column":2},"end":{"line":91,"column":3}},"line":86},"11":{"name":"sendFrame","decl":{"start":{"line":93,"column":2},"end":{"line":98,"column":3}},"loc":{"start":{"line":93,"column":2},"end":{"line":98,"column":3}},"line":93},"12":{"name":"getStatus","decl":{"start":{"line":100,"column":2},"end":{"line":100,"column":50}},"loc":{"start":{"line":100,"column":2},"end":{"line":100,"column":50}},"line":100},"13":{"name":"_setStatus","decl":{"start":{"line":102,"column":10},"end":{"line":105,"column":3}},"loc":{"start":{"line":102,"column":10},"end":{"line":105,"column":3}},"line":102},"14":{"name":"_open","decl":{"start":{"line":107,"column":10},"end":{"line":155,"column":3}},"loc":{"start":{"line":107,"column":10},"end":{"line":155,"column":3}},"line":107},"15":{"name":"ws.onopen","decl":{"start":{"line":112,"column":16},"end":{"line":112,"column":56}},"loc":{"start":{"line":112,"column":16},"end":{"line":112,"column":56}},"line":112},"16":{"name":"ws.onmessage","decl":{"start":{"line":114,"column":19},"end":{"line":144,"column":6}},"loc":{"start":{"line":114,"column":19},"end":{"line":144,"column":6}},"line":114},"17":{"name":"ws.onerror","decl":{"start":{"line":146,"column":17},"end":{"line":146,"column":55}},"loc":{"start":{"line":146,"column":17},"end":{"line":146,"column":55}},"line":146},"18":{"name":"ws.onclose","decl":{"start":{"line":148,"column":17},"end":{"line":154,"column":6}},"loc":{"start":{"line":148,"column":17},"end":{"line":154,"column":6}},"line":148}},"f":{"0":2,"1":1,"2":1,"3":17,"4":17,"5":3,"6":5,"7":15,"8":2,"9":3,"10":1,"11":2,"12":7,"13":48,"14":16,"15":15,"16":18,"17":0,"18":4}}
,"/Users/blaze/Movies/Kin/projects/dot-protocol/packages/relay/src/index.ts": {"path":"/Users/blaze/Movies/Kin/projects/dot-protocol/packages/relay/src/index.ts","all":false,"statementMap":{"0":{"start":{"line":1,"column":0},"end":{"line":1,"column":42}}},"s":{"0":1},"branchMap":{},"b":{},"fnMap":{},"f":{}}
,"/Users/blaze/Movies/Kin/projects/dot-protocol/packages/relay/src/server.ts": {"path":"/Users/blaze/Movies/Kin/projects/dot-protocol/packages/relay/src/server.ts","all":false,"statementMap":{"0":{"start":{"line":1,"column":0},"end":{"line":1,"column":60}},"5":{"start":{"line":6,"column":0},"end":{"line":6,"column":36}},"6":{"start":{"line":7,"column":0},"end":{"line":7,"column":49}},"7":{"start":{"line":8,"column":0},"end":{"line":8,"column":25}},"8":{"start":{"line":9,"column":0},"end":{"line":9,"column":3}},"10":{"start":{"line":11,"column":0},"end":{"line":11,"column":44}},"11":{"start":{"line":12,"column":0},"end":{"line":12,"column":70}},"12":{"start":{"line":13,"column":0},"end":{"line":13,"column":1}},"19":{"start":{"line":20,"column":0},"end":{"line":20,"column":85}},"20":{"start":{"line":21,"column":0},"end":{"line":21,"column":72}},"21":{"start":{"line":22,"column":0},"end":{"line":22,"column":44}},"22":{"start":{"line":23,"column":0},"end":{"line":23,"column":63}},"25":{"start":{"line":26,"column":0},"end":{"line":26,"column":100}},"26":{"start":{"line":27,"column":0},"end":{"line":27,"column":45}},"28":{"start":{"line":29,"column":0},"end":{"line":29,"column":36}},"29":{"start":{"line":30,"column":0},"end":{"line":30,"column":73}},"30":{"start":{"line":31,"column":0},"end":{"line":31,"column":69}},"31":{"start":{"line":32,"column":0},"end":{"line":32,"column":58}},"33":{"start":{"line":34,"column":0},"end":{"line":34,"column":79}},"34":{"start":{"line":35,"column":0},"end":{"line":35,"column":39}},"35":{"start":{"line":36,"column":0},"end":{"line":36,"column":24}},"37":{"start":{"line":38,"column":0},"end":{"line":38,"column":22}},"38":{"start":{"line":39,"column":0},"end":{"line":39,"column":13}},"39":{"start":{"line":40,"column":0},"end":{"line":40,"column":77}},"40":{"start":{"line":41,"column":0},"end":{"line":41,"column":55}},"41":{"start":{"line":42,"column":0},"end":{"line":42,"column":86}},"42":{"start":{"line":43,"column":0},"end":{"line":43,"column":78}},"43":{"start":{"line":44,"column":0},"end":{"line":44,"column":21}},"44":{"start":{"line":45,"column":0},"end":{"line":45,"column":13}},"45":{"start":{"line":46,"column":0},"end":{"line":46,"column":62}},"46":{"start":{"line":47,"column":0},"end":{"line":47,"column":66}},"47":{"start":{"line":48,"column":0},"end":{"line":48,"column":65}},"48":{"start":{"line":49,"column":0},"end":{"line":49,"column":34}},"49":{"start":{"line":50,"column":0},"end":{"line":50,"column":54}},"50":{"start":{"line":51,"column":0},"end":{"line":51,"column":133}},"51":{"start":{"line":52,"column":0},"end":{"line":52,"column":55}},"52":{"start":{"line":53,"column":0},"end":{"line":53,"column":89}},"53":{"start":{"line":54,"column":0},"end":{"line":54,"column":100}},"54":{"start":{"line":55,"column":0},"end":{"line":55,"column":40}},"55":{"start":{"line":56,"column":0},"end":{"line":56,"column":84}},"56":{"start":{"line":57,"column":0},"end":{"line":57,"column":66}},"57":{"start":{"line":58,"column":0},"end":{"line":58,"column":55}},"58":{"start":{"line":59,"column":0},"end":{"line":59,"column":73}},"59":{"start":{"line":60,"column":0},"end":{"line":60,"column":43}},"60":{"start":{"line":61,"column":0},"end":{"line":61,"column":39}},"61":{"start":{"line":62,"column":0},"end":{"line":62,"column":70}},"62":{"start":{"line":63,"column":0},"end":{"line":63,"column":68}},"63":{"start":{"line":64,"column":0},"end":{"line":64,"column":55}},"64":{"start":{"line":65,"column":0},"end":{"line":65,"column":46}},"65":{"start":{"line":66,"column":0},"end":{"line":66,"column":42}},"67":{"start":{"line":68,"column":0},"end":{"line":68,"column":76}},"68":{"start":{"line":69,"column":0},"end":{"line":69,"column":46}},"69":{"start":{"line":70,"column":0},"end":{"line":70,"column":70}},"70":{"start":{"line":71,"column":0},"end":{"line":71,"column":11}},"71":{"start":{"line":72,"column":0},"end":{"line":72,"column":42}},"72":{"start":{"line":73,"column":0},"end":{"line":73,"column":15}},"73":{"start":{"line":74,"column":0},"end":{"line":74,"column":7}},"76":{"start":{"line":77,"column":0},"end":{"line":77,"column":118}},"77":{"start":{"line":78,"column":0},"end":{"line":78,"column":84}},"78":{"start":{"line":79,"column":0},"end":{"line":79,"column":115}},"79":{"start":{"line":80,"column":0},"end":{"line":80,"column":78}},"80":{"start":{"line":81,"column":0},"end":{"line":81,"column":28}},"81":{"start":{"line":82,"column":0},"end":{"line":82,"column":41}},"82":{"start":{"line":83,"column":0},"end":{"line":83,"column":17}},"83":{"start":{"line":84,"column":0},"end":{"line":84,"column":33}},"84":{"start":{"line":85,"column":0},"end":{"line":85,"column":66}},"85":{"start":{"line":86,"column":0},"end":{"line":86,"column":9}},"86":{"start":{"line":87,"column":0},"end":{"line":87,"column":7}},"87":{"start":{"line":88,"column":0},"end":{"line":88,"column":7}},"89":{"start":{"line":90,"column":0},"end":{"line":90,"column":26}},"90":{"start":{"line":91,"column":0},"end":{"line":91,"column":39}},"91":{"start":{"line":92,"column":0},"end":{"line":92,"column":17}},"92":{"start":{"line":93,"column":0},"end":{"line":93,"column":41}},"93":{"start":{"line":94,"column":0},"end":{"line":94,"column":39}},"94":{"start":{"line":95,"column":0},"end":{"line":95,"column":64}},"95":{"start":{"line":96,"column":0},"end":{"line":96,"column":9}},"96":{"start":{"line":97,"column":0},"end":{"line":97,"column":7}},"97":{"start":{"line":98,"column":0},"end":{"line":98,"column":29}},"98":{"start":{"line":99,"column":0},"end":{"line":99,"column":7}},"99":{"start":{"line":100,"column":0},"end":{"line":100,"column":5}},"101":{"start":{"line":102,"column":0},"end":{"line":102,"column":38}},"102":{"start":{"line":103,"column":0},"end":{"line":103,"column":1}}},"s":{"0":1,"5":1,"6":1,"7":1,"8":1,"10":21,"11":21,"12":21,"19":16,"20":16,"21":16,"22":16,"25":16,"26":16,"28":16,"29":21,"30":21,"31":21,"33":21,"34":41,"35":41,"37":41,"38":34,"39":34,"40":34,"41":18,"42":1,"43":1,"44":1,"45":17,"46":17,"47":17,"48":17,"49":17,"50":17,"51":17,"52":17,"53":18,"54":16,"55":16,"56":34,"57":10,"58":10,"59":10,"60":10,"61":10,"62":15,"63":1,"64":1,"65":1,"67":1,"68":5,"69":3,"70":3,"71":34,"72":32,"73":32,"76":41,"77":41,"78":41,"79":5,"80":5,"81":4,"82":4,"83":4,"84":7,"85":7,"86":4,"87":21,"89":21,"90":21,"91":21,"92":21,"93":9,"94":9,"95":9,"96":21,"97":21,"98":21,"99":16,"101":16,"102":16},"branchMap":{"0":{"type":"branch","line":11,"loc":{"start":{"line":11,"column":0},"end":{"line":13,"column":1}},"locations":[{"start":{"line":11,"column":0},"end":{"line":13,"column":1}}]},"1":{"type":"branch","line":12,"loc":{"start":{"line":12,"column":23},"end":{"line":12,"column":59}},"locations":[{"start":{"line":12,"column":23},"end":{"line":12,"column":59}}]},"2":{"type":"branch","line":20,"loc":{"start":{"line":20,"column":0},"end":{"line":103,"column":1}},"locations":[{"start":{"line":20,"column":0},"end":{"line":103,"column":1}}]},"3":{"type":"branch","line":29,"loc":{"start":{"line":29,"column":23},"end":{"line":100,"column":3}},"locations":[{"start":{"line":29,"column":23},"end":{"line":100,"column":3}}]},"4":{"type":"branch","line":34,"loc":{"start":{"line":34,"column":21},"end":{"line":88,"column":5}},"locations":[{"start":{"line":34,"column":21},"end":{"line":88,"column":5}}]},"5":{"type":"branch","line":36,"loc":{"start":{"line":36,"column":17},"end":{"line":36,"column":24}},"locations":[{"start":{"line":36,"column":17},"end":{"line":36,"column":24}}]},"6":{"type":"branch","line":38,"loc":{"start":{"line":38,"column":21},"end":{"line":74,"column":7}},"locations":[{"start":{"line":38,"column":21},"end":{"line":74,"column":7}}]},"7":{"type":"branch","line":41,"loc":{"start":{"line":41,"column":30},"end":{"line":41,"column":54}},"locations":[{"start":{"line":41,"column":30},"end":{"line":41,"column":54}}]},"8":{"type":"branch","line":41,"loc":{"start":{"line":41,"column":54},"end":{"line":57,"column":21}},"locations":[{"start":{"line":41,"column":54},"end":{"line":57,"column":21}}]},"9":{"type":"branch","line":42,"loc":{"start":{"line":42,"column":85},"end":{"line":45,"column":13}},"locations":[{"start":{"line":42,"column":85},"end":{"line":45,"column":13}}]},"10":{"type":"branch","line":45,"loc":{"start":{"line":45,"column":12},"end":{"line":54,"column":24}},"locations":[{"start":{"line":45,"column":12},"end":{"line":54,"column":24}}]},"11":{"type":"branch","line":54,"loc":{"start":{"line":54,"column":24},"end":{"line":54,"column":100}},"locations":[{"start":{"line":54,"column":24},"end":{"line":54,"column":100}}]},"12":{"type":"branch","line":54,"loc":{"start":{"line":54,"column":99},"end":{"line":57,"column":21}},"locations":[{"start":{"line":54,"column":99},"end":{"line":57,"column":21}}]},"13":{"type":"branch","line":57,"loc":{"start":{"line":57,"column":10},"end":{"line":71,"column":11}},"locations":[{"start":{"line":57,"column":10},"end":{"line":71,"column":11}}]},"14":{"type":"branch","line":57,"loc":{"start":{"line":57,"column":37},"end":{"line":57,"column":65}},"locations":[{"start":{"line":57,"column":37},"end":{"line":57,"column":65}}]},"15":{"type":"branch","line":57,"loc":{"start":{"line":57,"column":65},"end":{"line":63,"column":21}},"locations":[{"start":{"line":57,"column":65},"end":{"line":63,"column":21}}]},"16":{"type":"branch","line":59,"loc":{"start":{"line":59,"column":40},"end":{"line":59,"column":73}},"locations":[{"start":{"line":59,"column":40},"end":{"line":59,"column":73}}]},"17":{"type":"branch","line":63,"loc":{"start":{"line":63,"column":10},"end":{"line":71,"column":11}},"locations":[{"start":{"line":63,"column":10},"end":{"line":71,"column":11}}]},"18":{"type":"branch","line":63,"loc":{"start":{"line":63,"column":37},"end":{"line":63,"column":67}},"locations":[{"start":{"line":63,"column":37},"end":{"line":63,"column":67}}]},"19":{"type":"branch","line":63,"loc":{"start":{"line":63,"column":67},"end":{"line":69,"column":21}},"locations":[{"start":{"line":63,"column":67},"end":{"line":69,"column":21}}]},"20":{"type":"branch","line":68,"loc":{"start":{"line":68,"column":51},"end":{"line":68,"column":76}},"locations":[{"start":{"line":68,"column":51},"end":{"line":68,"column":76}}]},"21":{"type":"branch","line":69,"loc":{"start":{"line":69,"column":10},"end":{"line":71,"column":11}},"locations":[{"start":{"line":69,"column":10},"end":{"line":71,"column":11}}]},"22":{"type":"branch","line":69,"loc":{"start":{"line":69,"column":45},"end":{"line":71,"column":11}},"locations":[{"start":{"line":69,"column":45},"end":{"line":71,"column":11}}]},"23":{"type":"branch","line":72,"loc":{"start":{"line":72,"column":8},"end":{"line":72,"column":42}},"locations":[{"start":{"line":72,"column":8},"end":{"line":72,"column":42}}]},"24":{"type":"branch","line":72,"loc":{"start":{"line":72,"column":41},"end":{"line":74,"column":7}},"locations":[{"start":{"line":72,"column":41},"end":{"line":74,"column":7}}]},"25":{"type":"branch","line":74,"loc":{"start":{"line":74,"column":6},"end":{"line":77,"column":24}},"locations":[{"start":{"line":74,"column":6},"end":{"line":77,"column":24}}]},"26":{"type":"branch","line":77,"loc":{"start":{"line":77,"column":24},"end":{"line":77,"column":118}},"locations":[{"start":{"line":77,"column":24},"end":{"line":77,"column":118}}]},"27":{"type":"branch","line":77,"loc":{"start":{"line":77,"column":117},"end":{"line":78,"column":51}},"locations":[{"start":{"line":77,"column":117},"end":{"line":78,"column":51}}]},"28":{"type":"branch","line":78,"loc":{"start":{"line":78,"column":44},"end":{"line":78,"column":84}},"locations":[{"start":{"line":78,"column":44},"end":{"line":78,"column":84}}]},"29":{"type":"branch","line":79,"loc":{"start":{"line":79,"column":32},"end":{"line":79,"column":115}},"locations":[{"start":{"line":79,"column":32},"end":{"line":79,"column":115}}]},"30":{"type":"branch","line":79,"loc":{"start":{"line":79,"column":114},"end":{"line":81,"column":28}},"locations":[{"start":{"line":79,"column":114},"end":{"line":81,"column":28}}]},"31":{"type":"branch","line":81,"loc":{"start":{"line":81,"column":21},"end":{"line":81,"column":28}},"locations":[{"start":{"line":81,"column":21},"end":{"line":81,"column":28}}]},"32":{"type":"branch","line":81,"loc":{"start":{"line":81,"column":21},"end":{"line":87,"column":7}},"locations":[{"start":{"line":81,"column":21},"end":{"line":87,"column":7}}]},"33":{"type":"branch","line":84,"loc":{"start":{"line":84,"column":32},"end":{"line":86,"column":9}},"locations":[{"start":{"line":84,"column":32},"end":{"line":86,"column":9}}]},"34":{"type":"branch","line":85,"loc":{"start":{"line":85,"column":22},"end":{"line":85,"column":50}},"locations":[{"start":{"line":85,"column":22},"end":{"line":85,"column":50}}]},"35":{"type":"branch","line":85,"loc":{"start":{"line":85,"column":50},"end":{"line":85,"column":66}},"locations":[{"start":{"line":85,"column":50},"end":{"line":85,"column":66}}]},"36":{"type":"branch","line":90,"loc":{"start":{"line":90,"column":19},"end":{"line":99,"column":5}},"locations":[{"start":{"line":90,"column":19},"end":{"line":99,"column":5}}]},"37":{"type":"branch","line":93,"loc":{"start":{"line":93,"column":40},"end":{"line":96,"column":9}},"locations":[{"start":{"line":93,"column":40},"end":{"line":96,"column":9}}]},"38":{"type":"branch","line":95,"loc":{"start":{"line":95,"column":44},"end":{"line":95,"column":64}},"locations":[{"start":{"line":95,"column":44},"end":{"line":95,"column":64}}]},"39":{"type":"branch","line":102,"loc":{"start":{"line":102,"column":18},"end":{"line":102,"column":36}},"locations":[{"start":{"line":102,"column":18},"end":{"line":102,"column":36}}]}},"b":{"0":[21],"1":[672],"2":[16],"3":[21],"4":[41],"5":[0],"6":[34],"7":[18],"8":[18],"9":[1],"10":[17],"11":[1],"12":[16],"13":[15],"14":[11],"15":[10],"16":[6],"17":[5],"18":[1],"19":[1],"20":[0],"21":[4],"22":[3],"23":[1],"24":[32],"25":[7],"26":[1],"27":[6],"28":[0],"29":[1],"30":[5],"31":[1],"32":[4],"33":[7],"34":[3],"35":[3],"36":[21],"37":[9],"38":[6],"39":[16]},"fnMap":{"0":{"name":"bytesToHex","decl":{"start":{"line":11,"column":0},"end":{"line":13,"column":1}},"loc":{"start":{"line":11,"column":0},"end":{"line":13,"column":1}},"line":11},"1":{"name":"startRelayServer","decl":{"start":{"line":20,"column":0},"end":{"line":103,"column":1}},"loc":{"start":{"line":20,"column":0},"end":{"line":103,"column":1}},"line":20},"2":{"name":"close","decl":{"start":{"line":102,"column":18},"end":{"line":102,"column":36}},"loc":{"start":{"line":102,"column":18},"end":{"line":102,"column":36}},"line":102}},"f":{"0":21,"1":16,"2":16}}
,"/Users/blaze/Movies/Kin/projects/dot-protocol/packages/relay/src/types.ts": {"path":"/Users/blaze/Movies/Kin/projects/dot-protocol/packages/relay/src/types.ts","all":false,"statementMap":{"3":{"start":{"line":4,"column":0},"end":{"line":4,"column":42}},"4":{"start":{"line":5,"column":0},"end":{"line":5,"column":37}},"5":{"start":{"line":6,"column":0},"end":{"line":6,"column":39}},"29":{"start":{"line":30,"column":0},"end":{"line":30,"column":62}},"30":{"start":{"line":31,"column":0},"end":{"line":31,"column":45}},"31":{"start":{"line":32,"column":0},"end":{"line":32,"column":78}},"32":{"start":{"line":33,"column":0},"end":{"line":33,"column":19}},"33":{"start":{"line":34,"column":0},"end":{"line":34,"column":13}},"34":{"start":{"line":35,"column":0},"end":{"line":35,"column":1}},"37":{"start":{"line":38,"column":0},"end":{"line":38,"column":59}},"38":{"start":{"line":39,"column":0},"end":{"line":39,"column":35}},"39":{"start":{"line":40,"column":0},"end":{"line":40,"column":84}},"40":{"start":{"line":41,"column":0},"end":{"line":41,"column":1}},"43":{"start":{"line":44,"column":0},"end":{"line":44,"column":79}},"44":{"start":{"line":45,"column":0},"end":{"line":45,"column":37}},"45":{"start":{"line":46,"column":0},"end":{"line":46,"column":77}},"46":{"start":{"line":47,"column":0},"end":{"line":47,"column":3}},"47":{"start":{"line":48,"column":0},"end":{"line":48,"column":43}},"48":{"start":{"line":49,"column":0},"end":{"line":49,"column":41}},"49":{"start":{"line":50,"column":0},"end":{"line":50,"column":38}},"50":{"start":{"line":51,"column":0},"end":{"line":51,"column":15}},"51":{"start":{"line":52,"column":0},"end":{"line":52,"column":1}},"54":{"start":{"line":55,"column":0},"end":{"line":55,"column":92}},"55":{"start":{"line":56,"column":0},"end":{"line":56,"column":36}},"56":{"start":{"line":57,"column":0},"end":{"line":57,"column":78}},"57":{"start":{"line":58,"column":0},"end":{"line":58,"column":3}},"58":{"start":{"line":59,"column":0},"end":{"line":59,"column":10}},"59":{"start":{"line":60,"column":0},"end":{"line":60,"column":61}},"60":{"start":{"line":61,"column":0},"end":{"line":61,"column":42}},"61":{"start":{"line":62,"column":0},"end":{"line":62,"column":4}},"62":{"start":{"line":63,"column":0},"end":{"line":63,"column":1}}},"s":{"3":1,"4":1,"5":1,"29":1,"30":10,"31":10,"32":10,"33":10,"34":10,"37":1,"38":8,"39":8,"40":8,"43":1,"44":10,"45":1,"46":1,"47":9,"48":9,"49":9,"50":9,"51":9,"54":1,"55":8,"56":1,"57":1,"58":7,"59":7,"60":7,"61":7,"62":7},"branchMap":{"0":{"type":"branch","line":30,"loc":{"start":{"line":30,"column":7},"end":{"line":35,"column":1}},"locations":[{"start":{"line":30,"column":7},"end":{"line":35,"column":1}}]},"1":{"type":"branch","line":38,"loc":{"start":{"line":38,"column":7},"end":{"line":41,"column":1}},"locations":[{"start":{"line":38,"column":7},"end":{"line":41,"column":1}}]},"2":{"type":"branch","line":40,"loc":{"start":{"line":40,"column":46},"end":{"line":40,"column":59}},"locations":[{"start":{"line":40,"column":46},"end":{"line":40,"column":59}}]},"3":{"type":"branch","line":40,"loc":{"start":{"line":40,"column":51},"end":{"line":40,"column":82}},"locations":[{"start":{"line":40,"column":51},"end":{"line":40,"column":82}}]},"4":{"type":"branch","line":44,"loc":{"start":{"line":44,"column":7},"end":{"line":52,"column":1}},"locations":[{"start":{"line":44,"column":7},"end":{"line":52,"column":1}}]},"5":{"type":"branch","line":45,"loc":{"start":{"line":45,"column":36},"end":{"line":47,"column":3}},"locations":[{"start":{"line":45,"column":36},"end":{"line":47,"column":3}}]},"6":{"type":"branch","line":47,"loc":{"start":{"line":47,"column":2},"end":{"line":52,"column":1}},"locations":[{"start":{"line":47,"column":2},"end":{"line":52,"column":1}}]},"7":{"type":"branch","line":55,"loc":{"start":{"line":55,"column":7},"end":{"line":63,"column":1}},"locations":[{"start":{"line":55,"column":7},"end":{"line":63,"column":1}}]},"8":{"type":"branch","line":56,"loc":{"start":{"line":56,"column":35},"end":{"line":58,"column":3}},"locations":[{"start":{"line":56,"column":35},"end":{"line":58,"column":3}}]},"9":{"type":"branch","line":58,"loc":{"start":{"line":58,"column":2},"end":{"line":63,"column":1}},"locations":[{"start":{"line":58,"column":2},"end":{"line":63,"column":1}}]}},"b":{"0":[10],"1":[8],"2":[2],"3":[6],"4":[10],"5":[1],"6":[9],"7":[8],"8":[1],"9":[7]},"fnMap":{"0":{"name":"encodeCircleId","decl":{"start":{"line":30,"column":7},"end":{"line":35,"column":1}},"loc":{"start":{"line":30,"column":7},"end":{"line":35,"column":1}},"line":30},"1":{"name":"decodeCircleId","decl":{"start":{"line":38,"column":7},"end":{"line":41,"column":1}},"loc":{"start":{"line":38,"column":7},"end":{"line":41,"column":1}},"line":38},"2":{"name":"packFrame","decl":{"start":{"line":44,"column":7},"end":{"line":52,"column":1}},"loc":{"start":{"line":44,"column":7},"end":{"line":52,"column":1}},"line":44},"3":{"name":"unpackFrame","decl":{"start":{"line":55,"column":7},"end":{"line":63,"column":1}},"loc":{"start":{"line":55,"column":7},"end":{"line":63,"column":1}},"line":55}},"f":{"0":10,"1":8,"2":10,"3":8}}
}
