<?xml version="1.0" encoding="UTF-8"?>
<coverage generated="1773934857398" clover="3.2.0">
  <project timestamp="1773934857398" name="All files">
    <metrics statements="1159" coveredstatements="1151" conditionals="353" coveredconditionals="350" methods="57" coveredmethods="57" elements="1569" coveredelements="1558" complexity="0" loc="1159" ncloc="1159" packages="1" files="11" classes="11"/>
    <file name="batch-v2.ts" path="/Users/blaze/Movies/Kin/projects/dot-protocol/packages/compression/src/batch-v2.ts">
      <metrics statements="468" coveredstatements="468" conditionals="165" coveredconditionals="165" methods="11" coveredmethods="11"/>
      <line num="1" count="1" type="stmt"/>
      <line num="55" count="1" type="stmt"/>
      <line num="56" count="1" type="stmt"/>
      <line num="57" count="1" type="stmt"/>
      <line num="58" count="1" type="stmt"/>
      <line num="59" count="1" type="stmt"/>
      <line num="60" count="1" type="stmt"/>
      <line num="62" count="1" type="stmt"/>
      <line num="63" count="1" type="stmt"/>
      <line num="66" count="1" type="stmt"/>
      <line num="67" count="1" type="stmt"/>
      <line num="69" count="1" type="stmt"/>
      <line num="70" count="1" type="stmt"/>
      <line num="71" count="1" type="stmt"/>
      <line num="72" count="1" type="stmt"/>
      <line num="73" count="1" type="stmt"/>
      <line num="74" count="1" type="stmt"/>
      <line num="77" count="1" type="stmt"/>
      <line num="78" count="1" type="stmt"/>
      <line num="79" count="1" type="stmt"/>
      <line num="80" count="1" type="stmt"/>
      <line num="81" count="1" type="stmt"/>
      <line num="82" count="1" type="stmt"/>
      <line num="120" count="8594" type="cond" truecount="1" falsecount="0"/>
      <line num="121" count="8594" type="stmt"/>
      <line num="122" count="8594" type="stmt"/>
      <line num="129" count="8980" type="cond" truecount="1" falsecount="0"/>
      <line num="130" count="8980" type="stmt"/>
      <line num="131" count="8980" type="stmt"/>
      <line num="132" count="8980" type="stmt"/>
      <line num="133" count="8980" type="stmt"/>
      <line num="134" count="8980" type="stmt"/>
      <line num="140" count="20" type="cond" truecount="1" falsecount="0"/>
      <line num="141" count="20" type="stmt"/>
      <line num="142" count="20" type="stmt"/>
      <line num="143" count="20" type="stmt"/>
      <line num="144" count="20" type="stmt"/>
      <line num="149" count="8297" type="cond" truecount="1" falsecount="0"/>
      <line num="150" count="8297" type="stmt"/>
      <line num="151" count="8297" type="stmt"/>
      <line num="152" count="8297" type="stmt"/>
      <line num="157" count="9008" type="cond" truecount="1" falsecount="0"/>
      <line num="158" count="9008" type="stmt"/>
      <line num="159" count="9008" type="stmt"/>
      <line num="160" count="9008" type="stmt"/>
      <line num="168" count="15" type="cond" truecount="1" falsecount="0"/>
      <line num="169" count="15" type="stmt"/>
      <line num="170" count="15" type="stmt"/>
      <line num="171" count="15" type="cond" truecount="1" falsecount="0"/>
      <line num="172" count="3840" type="stmt"/>
      <line num="173" count="3840" type="stmt"/>
      <line num="174" count="15" type="stmt"/>
      <line num="175" count="15" type="stmt"/>
      <line num="181" count="16" type="cond" truecount="1" falsecount="0"/>
      <line num="182" count="16" type="stmt"/>
      <line num="183" count="16" type="stmt"/>
      <line num="184" count="16" type="stmt"/>
      <line num="185" count="16" type="cond" truecount="1" falsecount="0"/>
      <line num="186" count="4096" type="stmt"/>
      <line num="187" count="4096" type="stmt"/>
      <line num="188" count="16" type="stmt"/>
      <line num="189" count="16" type="cond" truecount="1" falsecount="0"/>
      <line num="190" count="4096" type="stmt"/>
      <line num="191" count="4096" type="stmt"/>
      <line num="192" count="16" type="stmt"/>
      <line num="193" count="16" type="stmt"/>
      <line num="200" count="21" type="cond" truecount="1" falsecount="0"/>
      <line num="201" count="21" type="stmt"/>
      <line num="202" count="21" type="stmt"/>
      <line num="203" count="21" type="cond" truecount="1" falsecount="0"/>
      <line num="204" count="678" type="stmt"/>
      <line num="205" count="678" type="stmt"/>
      <line num="206" count="678" type="stmt"/>
      <line num="207" count="678" type="stmt"/>
      <line num="208" count="678" type="stmt"/>
      <line num="209" count="21" type="stmt"/>
      <line num="210" count="21" type="stmt"/>
      <line num="217" count="3" type="cond" truecount="1" falsecount="0"/>
      <line num="218" count="3" type="stmt"/>
      <line num="219" count="3" type="stmt"/>
      <line num="221" count="3" type="stmt"/>
      <line num="222" count="3" type="stmt"/>
      <line num="224" count="3" type="stmt"/>
      <line num="225" count="3" type="stmt"/>
      <line num="226" count="3" type="cond" truecount="1" falsecount="0"/>
      <line num="227" count="1760" type="stmt"/>
      <line num="228" count="1760" type="stmt"/>
      <line num="229" count="3" type="cond" truecount="1" falsecount="0"/>
      <line num="230" count="1760" type="stmt"/>
      <line num="231" count="1760" type="stmt"/>
      <line num="233" count="3" type="cond" truecount="2" falsecount="0"/>
      <line num="234" count="3" type="stmt"/>
      <line num="247" count="401" type="cond" truecount="1" falsecount="0"/>
      <line num="248" count="401" type="stmt"/>
      <line num="249" count="401" type="stmt"/>
      <line num="250" count="401" type="stmt"/>
      <line num="251" count="401" type="stmt"/>
      <line num="253" count="401" type="cond" truecount="1" falsecount="0"/>
      <line num="254" count="1" type="stmt"/>
      <line num="255" count="1" type="cond" truecount="1" falsecount="0"/>
      <line num="256" count="401" type="cond" truecount="1" falsecount="0"/>
      <line num="257" count="8308" type="cond" truecount="1" falsecount="0"/>
      <line num="258" count="2" type="stmt"/>
      <line num="259" count="2" type="stmt"/>
      <line num="260" count="2" type="stmt"/>
      <line num="261" count="2" type="stmt"/>
      <line num="262" count="8308" type="cond" truecount="1" falsecount="0"/>
      <line num="263" count="398" type="stmt"/>
      <line num="264" count="401" type="cond" truecount="1" falsecount="0"/>
      <line num="265" count="7908" type="stmt"/>
      <line num="266" count="7908" type="cond" truecount="1" falsecount="0"/>
      <line num="267" count="253025" type="cond" truecount="1" falsecount="0"/>
      <line num="268" count="1" type="stmt"/>
      <line num="269" count="1" type="stmt"/>
      <line num="270" count="253025" type="cond" truecount="1" falsecount="0"/>
      <line num="271" count="7907" type="cond" truecount="2" falsecount="0"/>
      <line num="274" count="401" type="cond" truecount="1" falsecount="0"/>
      <line num="275" count="401" type="cond" truecount="1" falsecount="0"/>
      <line num="278" count="401" type="cond" truecount="3" falsecount="0"/>
      <line num="279" count="3" type="stmt"/>
      <line num="280" count="3" type="cond" truecount="2" falsecount="0"/>
      <line num="281" count="401" type="cond" truecount="3" falsecount="0"/>
      <line num="282" count="3" type="stmt"/>
      <line num="283" count="3" type="cond" truecount="2" falsecount="0"/>
      <line num="286" count="401" type="cond" truecount="4" falsecount="0"/>
      <line num="287" count="3" type="stmt"/>
      <line num="288" count="3" type="stmt"/>
      <line num="289" count="3" type="stmt"/>
      <line num="290" count="3" type="cond" truecount="2" falsecount="0"/>
      <line num="292" count="401" type="cond" truecount="2" falsecount="0"/>
      <line num="294" count="401" type="cond" truecount="1" falsecount="0"/>
      <line num="295" count="7" type="cond" truecount="1" falsecount="0"/>
      <line num="296" count="2" type="stmt"/>
      <line num="297" count="2" type="stmt"/>
      <line num="298" count="2" type="stmt"/>
      <line num="299" count="2" type="stmt"/>
      <line num="300" count="7" type="cond" truecount="1" falsecount="0"/>
      <line num="303" count="386" type="stmt"/>
      <line num="304" count="386" type="stmt"/>
      <line num="305" count="386" type="stmt"/>
      <line num="307" count="401" type="cond" truecount="1" falsecount="0"/>
      <line num="308" count="8268" type="stmt"/>
      <line num="309" count="8268" type="stmt"/>
      <line num="310" count="8268" type="stmt"/>
      <line num="311" count="8268" type="stmt"/>
      <line num="312" count="8268" type="cond" truecount="1" falsecount="0"/>
      <line num="319" count="386" type="stmt"/>
      <line num="320" count="386" type="stmt"/>
      <line num="321" count="386" type="stmt"/>
      <line num="323" count="401" type="cond" truecount="1" falsecount="0"/>
      <line num="324" count="8268" type="stmt"/>
      <line num="326" count="8268" type="stmt"/>
      <line num="327" count="8268" type="cond" truecount="1" falsecount="0"/>
      <line num="329" count="386" type="stmt"/>
      <line num="330" count="8268" type="cond" truecount="1" falsecount="0"/>
      <line num="331" count="7882" type="stmt"/>
      <line num="332" count="7882" type="stmt"/>
      <line num="334" count="8268" type="stmt"/>
      <line num="335" count="8268" type="stmt"/>
      <line num="336" count="8268" type="stmt"/>
      <line num="337" count="8268" type="stmt"/>
      <line num="338" count="8268" type="stmt"/>
      <line num="339" count="8268" type="stmt"/>
      <line num="340" count="8268" type="stmt"/>
      <line num="342" count="8268" type="stmt"/>
      <line num="343" count="8268" type="stmt"/>
      <line num="344" count="8268" type="cond" truecount="1" falsecount="0"/>
      <line num="347" count="386" type="stmt"/>
      <line num="348" count="401" type="cond" truecount="1" falsecount="0"/>
      <line num="349" count="8268" type="stmt"/>
      <line num="350" count="8268" type="stmt"/>
      <line num="351" count="8268" type="cond" truecount="2" falsecount="0"/>
      <line num="352" count="386" type="stmt"/>
      <line num="355" count="386" type="stmt"/>
      <line num="356" count="401" type="cond" truecount="2" falsecount="0"/>
      <line num="357" count="15" type="cond" truecount="1" falsecount="0"/>
      <line num="358" count="3" type="stmt"/>
      <line num="359" count="15" type="cond" truecount="1" falsecount="0"/>
      <line num="360" count="12" type="stmt"/>
      <line num="361" count="12" type="stmt"/>
      <line num="362" count="15" type="stmt"/>
      <line num="363" count="15" type="cond" truecount="2" falsecount="0"/>
      <line num="364" count="386" type="stmt"/>
      <line num="367" count="386" type="cond" truecount="1" falsecount="0"/>
      <line num="368" count="381" type="cond" truecount="1" falsecount="0"/>
      <line num="369" count="5" type="cond" truecount="1" falsecount="0"/>
      <line num="370" count="5" type="stmt"/>
      <line num="371" count="5" type="cond" truecount="1" falsecount="0"/>
      <line num="372" count="28" type="stmt"/>
      <line num="373" count="28" type="stmt"/>
      <line num="374" count="5" type="stmt"/>
      <line num="375" count="5" type="stmt"/>
      <line num="377" count="401" type="cond" truecount="1" falsecount="0"/>
      <line num="378" count="380" type="cond" truecount="1" falsecount="0"/>
      <line num="379" count="6" type="stmt"/>
      <line num="383" count="401" type="stmt"/>
      <line num="384" count="401" type="stmt"/>
      <line num="385" count="401" type="stmt"/>
      <line num="387" count="401" type="cond" truecount="1" falsecount="0"/>
      <line num="389" count="15" type="stmt"/>
      <line num="392" count="15" type="stmt"/>
      <line num="395" count="15" type="stmt"/>
      <line num="396" count="15" type="stmt"/>
      <line num="399" count="15" type="stmt"/>
      <line num="400" count="15" type="stmt"/>
      <line num="401" count="15" type="stmt"/>
      <line num="402" count="15" type="cond" truecount="1" falsecount="0"/>
      <line num="404" count="386" type="cond" truecount="1" falsecount="0"/>
      <line num="405" count="15" type="cond" truecount="1" falsecount="0"/>
      <line num="406" count="371" type="cond" truecount="1" falsecount="0"/>
      <line num="407" count="371" type="stmt"/>
      <line num="408" count="371" type="cond" truecount="1" falsecount="0"/>
      <line num="409" count="7810" type="stmt"/>
      <line num="410" count="7810" type="stmt"/>
      <line num="411" count="371" type="stmt"/>
      <line num="412" count="371" type="stmt"/>
      <line num="418" count="401" type="stmt"/>
      <line num="420" count="401" type="cond" truecount="1" falsecount="0"/>
      <line num="424" count="15" type="stmt"/>
      <line num="425" count="15" type="stmt"/>
      <line num="426" count="15" type="stmt"/>
      <line num="427" count="15" type="stmt"/>
      <line num="428" count="15" type="stmt"/>
      <line num="429" count="15" type="stmt"/>
      <line num="431" count="15" type="stmt"/>
      <line num="432" count="15" type="stmt"/>
      <line num="433" count="15" type="stmt"/>
      <line num="434" count="401" type="cond" truecount="1" falsecount="0"/>
      <line num="435" count="371" type="stmt"/>
      <line num="436" count="371" type="stmt"/>
      <line num="437" count="371" type="stmt"/>
      <line num="438" count="371" type="stmt"/>
      <line num="439" count="371" type="stmt"/>
      <line num="440" count="371" type="stmt"/>
      <line num="441" count="371" type="stmt"/>
      <line num="443" count="371" type="cond" truecount="2" falsecount="0"/>
      <line num="444" count="371" type="cond" truecount="1" falsecount="0"/>
      <line num="448" count="401" type="cond" truecount="2" falsecount="0"/>
      <line num="449" count="401" type="cond" truecount="2" falsecount="0"/>
      <line num="450" count="401" type="stmt"/>
      <line num="451" count="401" type="stmt"/>
      <line num="452" count="401" type="stmt"/>
      <line num="455" count="401" type="stmt"/>
      <line num="456" count="401" type="stmt"/>
      <line num="457" count="401" type="cond" truecount="2" falsecount="0"/>
      <line num="458" count="401" type="cond" truecount="2" falsecount="0"/>
      <line num="459" count="401" type="cond" truecount="2" falsecount="0"/>
      <line num="460" count="401" type="cond" truecount="2" falsecount="0"/>
      <line num="463" count="401" type="stmt"/>
      <line num="464" count="401" type="stmt"/>
      <line num="465" count="401" type="stmt"/>
      <line num="468" count="401" type="stmt"/>
      <line num="469" count="401" type="stmt"/>
      <line num="472" count="401" type="stmt"/>
      <line num="473" count="401" type="stmt"/>
      <line num="476" count="401" type="cond" truecount="1" falsecount="0"/>
      <line num="477" count="5" type="stmt"/>
      <line num="478" count="5" type="stmt"/>
      <line num="479" count="5" type="cond" truecount="1" falsecount="0"/>
      <line num="482" count="401" type="cond" truecount="1" falsecount="0"/>
      <line num="483" count="15" type="stmt"/>
      <line num="484" count="15" type="stmt"/>
      <line num="485" count="15" type="cond" truecount="1" falsecount="0"/>
      <line num="488" count="386" type="stmt"/>
      <line num="490" count="386" type="stmt"/>
      <line num="491" count="386" type="stmt"/>
      <line num="508" count="44" type="cond" truecount="1" falsecount="0"/>
      <line num="509" count="44" type="stmt"/>
      <line num="510" count="44" type="stmt"/>
      <line num="511" count="44" type="stmt"/>
      <line num="512" count="44" type="stmt"/>
      <line num="513" count="44" type="cond" truecount="1" falsecount="0"/>
      <line num="514" count="1" type="stmt"/>
      <line num="515" count="1" type="stmt"/>
      <line num="516" count="1" type="stmt"/>
      <line num="517" count="1" type="cond" truecount="1" falsecount="0"/>
      <line num="520" count="43" type="stmt"/>
      <line num="522" count="43" type="stmt"/>
      <line num="523" count="44" type="cond" truecount="1" falsecount="0"/>
      <line num="524" count="1" type="stmt"/>
      <line num="525" count="1" type="stmt"/>
      <line num="526" count="1" type="stmt"/>
      <line num="527" count="1" type="cond" truecount="1" falsecount="0"/>
      <line num="529" count="42" type="stmt"/>
      <line num="530" count="42" type="stmt"/>
      <line num="531" count="42" type="stmt"/>
      <line num="532" count="42" type="stmt"/>
      <line num="533" count="42" type="stmt"/>
      <line num="535" count="42" type="stmt"/>
      <line num="536" count="42" type="stmt"/>
      <line num="537" count="42" type="stmt"/>
      <line num="539" count="44" type="cond" truecount="1" falsecount="0"/>
      <line num="540" count="2" type="stmt"/>
      <line num="541" count="2" type="cond" truecount="1" falsecount="0"/>
      <line num="543" count="40" type="stmt"/>
      <line num="544" count="40" type="stmt"/>
      <line num="546" count="40" type="stmt"/>
      <line num="547" count="40" type="stmt"/>
      <line num="552" count="40" type="stmt"/>
      <line num="553" count="44" type="cond" truecount="1" falsecount="0"/>
      <line num="554" count="6" type="cond" truecount="1" falsecount="0"/>
      <line num="555" count="2" type="stmt"/>
      <line num="556" count="2" type="stmt"/>
      <line num="557" count="2" type="stmt"/>
      <line num="558" count="2" type="cond" truecount="1" falsecount="0"/>
      <line num="559" count="4" type="stmt"/>
      <line num="560" count="4" type="stmt"/>
      <line num="563" count="4" type="cond" truecount="1" falsecount="0"/>
      <line num="564" count="1" type="stmt"/>
      <line num="565" count="1" type="cond" truecount="1" falsecount="0"/>
      <line num="566" count="1" type="stmt"/>
      <line num="567" count="1" type="stmt"/>
      <line num="568" count="1" type="stmt"/>
      <line num="569" count="1" type="stmt"/>
      <line num="570" count="1" type="cond" truecount="1" falsecount="0"/>
      <line num="572" count="3" type="stmt"/>
      <line num="573" count="4" type="cond" truecount="1" falsecount="0"/>
      <line num="574" count="1" type="stmt"/>
      <line num="575" count="1" type="cond" truecount="1" falsecount="0"/>
      <line num="576" count="1" type="stmt"/>
      <line num="577" count="1" type="stmt"/>
      <line num="578" count="1" type="stmt"/>
      <line num="579" count="1" type="stmt"/>
      <line num="580" count="1" type="cond" truecount="1" falsecount="0"/>
      <line num="583" count="2" type="stmt"/>
      <line num="584" count="2" type="stmt"/>
      <line num="585" count="44" type="cond" truecount="2" falsecount="0"/>
      <line num="587" count="34" type="stmt"/>
      <line num="588" count="34" type="cond" truecount="1" falsecount="0"/>
      <line num="594" count="36" type="stmt"/>
      <line num="595" count="36" type="stmt"/>
      <line num="597" count="44" type="cond" truecount="1" falsecount="0"/>
      <line num="603" count="18" type="cond" truecount="1" falsecount="0"/>
      <line num="604" count="2" type="stmt"/>
      <line num="605" count="2" type="stmt"/>
      <line num="606" count="2" type="stmt"/>
      <line num="607" count="2" type="cond" truecount="1" falsecount="0"/>
      <line num="608" count="16" type="stmt"/>
      <line num="609" count="16" type="stmt"/>
      <line num="612" count="16" type="stmt"/>
      <line num="613" count="18" type="cond" truecount="1" falsecount="0"/>
      <line num="614" count="6" type="stmt"/>
      <line num="615" count="6" type="stmt"/>
      <line num="616" count="18" type="cond" truecount="1" falsecount="0"/>
      <line num="617" count="2" type="stmt"/>
      <line num="618" count="2" type="stmt"/>
      <line num="619" count="18" type="cond" truecount="1" falsecount="0"/>
      <line num="620" count="7" type="stmt"/>
      <line num="621" count="7" type="stmt"/>
      <line num="622" count="18" type="cond" truecount="1" falsecount="0"/>
      <line num="623" count="1" type="stmt"/>
      <line num="624" count="18" type="cond" truecount="1" falsecount="0"/>
      <line num="625" count="15" type="stmt"/>
      <line num="628" count="15" type="stmt"/>
      <line num="629" count="15" type="cond" truecount="2" falsecount="0"/>
      <line num="634" count="33" type="stmt"/>
      <line num="635" count="33" type="stmt"/>
      <line num="636" count="33" type="stmt"/>
      <line num="637" count="33" type="stmt"/>
      <line num="639" count="42" type="cond" truecount="1" falsecount="0"/>
      <line num="641" count="25" type="stmt"/>
      <line num="642" count="25" type="stmt"/>
      <line num="644" count="25" type="stmt"/>
      <line num="645" count="44" type="cond" truecount="1" falsecount="0"/>
      <line num="647" count="8" type="stmt"/>
      <line num="648" count="8" type="cond" truecount="1" falsecount="0"/>
      <line num="649" count="2" type="stmt"/>
      <line num="650" count="2" type="cond" truecount="1" falsecount="0"/>
      <line num="651" count="6" type="stmt"/>
      <line num="652" count="8" type="cond" truecount="1" falsecount="0"/>
      <line num="653" count="29" type="stmt"/>
      <line num="654" count="29" type="cond" truecount="1" falsecount="0"/>
      <line num="655" count="6" type="cond" truecount="2" falsecount="0"/>
      <line num="657" count="31" type="stmt"/>
      <line num="660" count="31" type="stmt"/>
      <line num="661" count="31" type="stmt"/>
      <line num="663" count="42" type="cond" truecount="1" falsecount="0"/>
      <line num="668" count="23" type="cond" truecount="1" falsecount="0"/>
      <line num="671" count="12" type="stmt"/>
      <line num="672" count="12" type="stmt"/>
      <line num="673" count="12" type="stmt"/>
      <line num="674" count="12" type="stmt"/>
      <line num="675" count="12" type="stmt"/>
      <line num="676" count="12" type="stmt"/>
      <line num="678" count="12" type="stmt"/>
      <line num="679" count="12" type="cond" truecount="1" falsecount="0"/>
      <line num="680" count="2" type="stmt"/>
      <line num="681" count="2" type="cond" truecount="1" falsecount="0"/>
      <line num="682" count="10" type="stmt"/>
      <line num="683" count="10" type="stmt"/>
      <line num="684" count="10" type="stmt"/>
      <line num="685" count="23" type="cond" truecount="1" falsecount="0"/>
      <line num="687" count="11" type="stmt"/>
      <line num="688" count="11" type="cond" truecount="1" falsecount="0"/>
      <line num="689" count="2" type="stmt"/>
      <line num="690" count="2" type="cond" truecount="1" falsecount="0"/>
      <line num="691" count="9" type="stmt"/>
      <line num="692" count="9" type="stmt"/>
      <line num="693" count="9" type="stmt"/>
      <line num="694" count="9" type="stmt"/>
      <line num="695" count="44" type="cond" truecount="1" falsecount="0"/>
      <line num="697" count="8" type="cond" truecount="1" falsecount="0"/>
      <line num="698" count="2" type="stmt"/>
      <line num="699" count="2" type="cond" truecount="1" falsecount="0"/>
      <line num="700" count="6" type="stmt"/>
      <line num="701" count="6" type="stmt"/>
      <line num="702" count="6" type="cond" truecount="1" falsecount="0"/>
      <line num="706" count="25" type="stmt"/>
      <line num="708" count="44" type="cond" truecount="1" falsecount="0"/>
      <line num="712" count="13" type="stmt"/>
      <line num="713" count="13" type="stmt"/>
      <line num="714" count="13" type="stmt"/>
      <line num="715" count="13" type="stmt"/>
      <line num="716" count="13" type="stmt"/>
      <line num="717" count="13" type="stmt"/>
      <line num="718" count="13" type="stmt"/>
      <line num="719" count="13" type="cond" truecount="1" falsecount="0"/>
      <line num="720" count="2" type="stmt"/>
      <line num="721" count="2" type="stmt"/>
      <line num="722" count="2" type="stmt"/>
      <line num="723" count="2" type="cond" truecount="1" falsecount="0"/>
      <line num="724" count="11" type="stmt"/>
      <line num="725" count="11" type="stmt"/>
      <line num="726" count="11" type="stmt"/>
      <line num="729" count="13" type="cond" truecount="1" falsecount="0"/>
      <line num="730" count="351" type="stmt"/>
      <line num="731" count="351" type="stmt"/>
      <line num="732" count="351" type="stmt"/>
      <line num="733" count="351" type="stmt"/>
      <line num="734" count="351" type="stmt"/>
      <line num="735" count="351" type="cond" truecount="1" falsecount="0"/>
      <line num="736" count="44" type="cond" truecount="1" falsecount="0"/>
      <line num="738" count="12" type="cond" truecount="1" falsecount="0"/>
      <line num="739" count="2" type="stmt"/>
      <line num="740" count="2" type="cond" truecount="1" falsecount="0"/>
      <line num="741" count="10" type="cond" truecount="1" falsecount="0"/>
      <line num="742" count="361" type="stmt"/>
      <line num="743" count="361" type="stmt"/>
      <line num="744" count="361" type="stmt"/>
      <line num="745" count="10" type="cond" truecount="1" falsecount="0"/>
      <line num="754" count="21" type="stmt"/>
      <line num="755" count="21" type="stmt"/>
      <line num="756" count="21" type="stmt"/>
      <line num="758" count="44" type="cond" truecount="1" falsecount="0"/>
      <line num="759" count="712" type="stmt"/>
      <line num="762" count="712" type="stmt"/>
      <line num="765" count="712" type="stmt"/>
      <line num="768" count="712" type="stmt"/>
      <line num="771" count="712" type="stmt"/>
      <line num="774" count="712" type="stmt"/>
      <line num="777" count="712" type="stmt"/>
      <line num="779" count="712" type="stmt"/>
      <line num="782" count="712" type="stmt"/>
      <line num="783" count="712" type="cond" truecount="1" falsecount="0"/>
      <line num="786" count="21" type="cond" truecount="1" falsecount="0"/>
      <line num="787" count="21" type="stmt"/>
      <line num="788" count="44" type="cond" truecount="1" falsecount="0"/>
      <line num="789" count="1" type="stmt"/>
      <line num="790" count="1" type="cond" truecount="1" falsecount="0"/>
      <line num="796" count="20" type="stmt"/>
      <line num="797" count="20" type="stmt"/>
      <line num="798" count="44" type="cond" truecount="1" falsecount="0"/>
      <line num="799" count="702" type="stmt"/>
      <line num="800" count="702" type="stmt"/>
      <line num="801" count="702" type="stmt"/>
      <line num="802" count="702" type="cond" truecount="1" falsecount="0"/>
      <line num="804" count="20" type="stmt"/>
      <line num="805" count="20" type="stmt"/>
    </file>
    <file name="dictionary-registry.ts" path="/Users/blaze/Movies/Kin/projects/dot-protocol/packages/compression/src/dictionary-registry.ts">
      <metrics statements="69" coveredstatements="69" conditionals="19" coveredconditionals="19" methods="9" coveredmethods="9"/>
      <line num="22" count="45" type="cond" truecount="1" falsecount="0"/>
      <line num="23" count="45" type="cond" truecount="1" falsecount="0"/>
      <line num="24" count="45" type="stmt"/>
      <line num="26" count="14" type="cond" truecount="1" falsecount="0"/>
      <line num="27" count="14" type="cond" truecount="2" falsecount="0"/>
      <line num="28" count="2" type="stmt"/>
      <line num="29" count="2" type="stmt"/>
      <line num="30" count="12" type="stmt"/>
      <line num="31" count="14" type="cond" truecount="1" falsecount="0"/>
      <line num="32" count="1408" type="stmt"/>
      <line num="33" count="1408" type="cond" truecount="1" falsecount="0"/>
      <line num="34" count="12" type="stmt"/>
      <line num="35" count="12" type="stmt"/>
      <line num="37" count="20" type="cond" truecount="1" falsecount="0"/>
      <line num="38" count="20" type="stmt"/>
      <line num="39" count="20" type="stmt"/>
      <line num="40" count="20" type="stmt"/>
      <line num="52" count="1" type="stmt"/>
      <line num="54" count="1" type="cond" truecount="1" falsecount="0"/>
      <line num="62" count="1" type="cond" truecount="1" falsecount="0"/>
      <line num="63" count="20" type="stmt"/>
      <line num="64" count="20" type="stmt"/>
      <line num="66" count="20" type="cond" truecount="1" falsecount="0"/>
      <line num="67" count="18" type="stmt"/>
      <line num="68" count="18" type="stmt"/>
      <line num="69" count="18" type="stmt"/>
      <line num="70" count="18" type="stmt"/>
      <line num="71" count="18" type="stmt"/>
      <line num="72" count="18" type="stmt"/>
      <line num="73" count="18" type="stmt"/>
      <line num="74" count="18" type="stmt"/>
      <line num="77" count="20" type="stmt"/>
      <line num="78" count="20" type="stmt"/>
      <line num="84" count="1" type="cond" truecount="1" falsecount="0"/>
      <line num="85" count="15" type="stmt"/>
      <line num="86" count="15" type="cond" truecount="1" falsecount="0"/>
      <line num="87" count="15" type="stmt"/>
      <line num="93" count="1" type="cond" truecount="1" falsecount="0"/>
      <line num="94" count="3" type="stmt"/>
      <line num="95" count="3" type="cond" truecount="1" falsecount="0"/>
      <line num="96" count="5" type="stmt"/>
      <line num="97" count="5" type="stmt"/>
      <line num="98" count="5" type="stmt"/>
      <line num="99" count="5" type="stmt"/>
      <line num="100" count="5" type="stmt"/>
      <line num="101" count="5" type="stmt"/>
      <line num="102" count="5" type="stmt"/>
      <line num="103" count="3" type="stmt"/>
      <line num="104" count="3" type="stmt"/>
      <line num="110" count="1" type="cond" truecount="1" falsecount="0"/>
      <line num="111" count="5" type="stmt"/>
      <line num="112" count="5" type="stmt"/>
      <line num="114" count="5" type="cond" truecount="1" falsecount="0"/>
      <line num="115" count="7" type="stmt"/>
      <line num="116" count="7" type="stmt"/>
      <line num="117" count="7" type="stmt"/>
      <line num="118" count="7" type="stmt"/>
      <line num="119" count="7" type="stmt"/>
      <line num="120" count="7" type="stmt"/>
      <line num="121" count="7" type="stmt"/>
      <line num="122" count="7" type="stmt"/>
      <line num="123" count="7" type="stmt"/>
      <line num="124" count="7" type="cond" truecount="1" falsecount="0"/>
      <line num="126" count="3" type="stmt"/>
      <line num="127" count="5" type="stmt"/>
      <line num="132" count="1" type="cond" truecount="1" falsecount="0"/>
      <line num="133" count="9" type="stmt"/>
      <line num="134" count="9" type="stmt"/>
      <line num="135" count="1" type="stmt"/>
    </file>
    <file name="index.ts" path="/Users/blaze/Movies/Kin/projects/dot-protocol/packages/compression/src/index.ts">
      <metrics statements="11" coveredstatements="11" conditionals="0" coveredconditionals="0" methods="0" coveredmethods="0"/>
      <line num="1" count="1" type="stmt"/>
      <line num="2" count="1" type="stmt"/>
      <line num="3" count="1" type="stmt"/>
      <line num="4" count="1" type="stmt"/>
      <line num="5" count="1" type="stmt"/>
      <line num="6" count="1" type="stmt"/>
      <line num="7" count="1" type="stmt"/>
      <line num="8" count="1" type="stmt"/>
      <line num="9" count="1" type="stmt"/>
      <line num="10" count="1" type="stmt"/>
      <line num="11" count="1" type="stmt"/>
    </file>
    <file name="predictor.ts" path="/Users/blaze/Movies/Kin/projects/dot-protocol/packages/compression/src/predictor.ts">
      <metrics statements="79" coveredstatements="79" conditionals="30" coveredconditionals="30" methods="14" coveredmethods="14"/>
      <line num="16" count="1" type="stmt"/>
      <line num="51" count="1" type="stmt"/>
      <line num="52" count="1" type="cond" truecount="1" falsecount="0"/>
      <line num="54" count="1" type="cond" truecount="1" falsecount="0"/>
      <line num="55" count="230" type="stmt"/>
      <line num="56" count="230" type="stmt"/>
      <line num="58" count="1" type="cond" truecount="1" falsecount="0"/>
      <line num="60" count="231" type="stmt"/>
      <line num="62" count="1" type="cond" truecount="1" falsecount="0"/>
      <line num="64" count="11" type="stmt"/>
      <line num="65" count="1" type="stmt"/>
      <line num="80" count="1" type="stmt"/>
      <line num="81" count="1" type="cond" truecount="1" falsecount="0"/>
      <line num="83" count="11" type="stmt"/>
      <line num="85" count="1" type="cond" truecount="1" falsecount="0"/>
      <line num="86" count="216" type="stmt"/>
      <line num="87" count="216" type="stmt"/>
      <line num="89" count="1" type="cond" truecount="1" falsecount="0"/>
      <line num="90" count="215" type="stmt"/>
      <line num="91" count="215" type="stmt"/>
      <line num="93" count="1" type="cond" truecount="1" falsecount="0"/>
      <line num="94" count="5" type="stmt"/>
      <line num="95" count="5" type="stmt"/>
      <line num="96" count="1" type="stmt"/>
      <line num="120" count="1" type="stmt"/>
      <line num="121" count="1" type="cond" truecount="1" falsecount="0"/>
      <line num="123" count="30" type="stmt"/>
      <line num="124" count="30" type="stmt"/>
      <line num="125" count="30" type="stmt"/>
      <line num="127" count="1" type="cond" truecount="1" falsecount="0"/>
      <line num="128" count="617" type="stmt"/>
      <line num="130" count="617" type="cond" truecount="1" falsecount="0"/>
      <line num="132" count="22" type="stmt"/>
      <line num="133" count="22" type="cond" truecount="1" falsecount="0"/>
      <line num="135" count="617" type="cond" truecount="1" falsecount="0"/>
      <line num="137" count="19" type="stmt"/>
      <line num="138" count="19" type="cond" truecount="1" falsecount="0"/>
      <line num="141" count="617" type="cond" truecount="1" falsecount="0"/>
      <line num="142" count="9216" type="stmt"/>
      <line num="143" count="9216" type="cond" truecount="1" falsecount="0"/>
      <line num="144" count="576" type="stmt"/>
      <line num="145" count="617" type="stmt"/>
      <line num="147" count="1" type="cond" truecount="1" falsecount="0"/>
      <line num="148" count="619" type="stmt"/>
      <line num="149" count="619" type="stmt"/>
      <line num="150" count="619" type="stmt"/>
      <line num="151" count="619" type="stmt"/>
      <line num="153" count="1" type="cond" truecount="1" falsecount="0"/>
      <line num="154" count="16" type="stmt"/>
      <line num="155" count="16" type="stmt"/>
      <line num="156" count="16" type="stmt"/>
      <line num="157" count="16" type="stmt"/>
      <line num="158" count="1" type="stmt"/>
      <line num="178" count="1" type="cond" truecount="1" falsecount="0"/>
      <line num="179" count="700" type="cond" truecount="2" falsecount="0"/>
      <line num="180" count="2" type="stmt"/>
      <line num="181" count="2" type="stmt"/>
      <line num="182" count="2" type="stmt"/>
      <line num="183" count="2" type="stmt"/>
      <line num="184" count="2" type="cond" truecount="1" falsecount="0"/>
      <line num="185" count="698" type="stmt"/>
      <line num="186" count="700" type="cond" truecount="1" falsecount="0"/>
      <line num="187" count="11168" type="stmt"/>
      <line num="188" count="11168" type="cond" truecount="1" falsecount="0"/>
      <line num="189" count="698" type="stmt"/>
      <line num="190" count="698" type="stmt"/>
      <line num="205" count="1" type="cond" truecount="1" falsecount="0"/>
      <line num="206" count="355" type="cond" truecount="3" falsecount="0"/>
      <line num="207" count="2" type="stmt"/>
      <line num="208" count="2" type="stmt"/>
      <line num="209" count="2" type="stmt"/>
      <line num="210" count="2" type="stmt"/>
      <line num="211" count="2" type="stmt"/>
      <line num="212" count="353" type="stmt"/>
      <line num="213" count="355" type="cond" truecount="1" falsecount="0"/>
      <line num="214" count="5648" type="stmt"/>
      <line num="215" count="5648" type="cond" truecount="1" falsecount="0"/>
      <line num="216" count="353" type="stmt"/>
      <line num="217" count="353" type="stmt"/>
    </file>
    <file name="rans.ts" path="/Users/blaze/Movies/Kin/projects/dot-protocol/packages/compression/src/rans.ts">
      <metrics statements="120" coveredstatements="120" conditionals="33" coveredconditionals="33" methods="3" coveredmethods="3"/>
      <line num="15" count="1" type="stmt"/>
      <line num="16" count="1" type="stmt"/>
      <line num="23" count="1" type="stmt"/>
      <line num="57" count="1" type="cond" truecount="1" falsecount="0"/>
      <line num="59" count="27" type="stmt"/>
      <line num="60" count="27" type="cond" truecount="1" falsecount="0"/>
      <line num="61" count="16442" type="stmt"/>
      <line num="62" count="16442" type="stmt"/>
      <line num="65" count="27" type="stmt"/>
      <line num="66" count="27" type="cond" truecount="1" falsecount="0"/>
      <line num="67" count="6912" type="stmt"/>
      <line num="68" count="6912" type="stmt"/>
      <line num="70" count="27" type="cond" truecount="1" falsecount="0"/>
      <line num="73" count="27" type="stmt"/>
      <line num="74" count="27" type="stmt"/>
      <line num="75" count="27" type="stmt"/>
      <line num="77" count="27" type="cond" truecount="1" falsecount="0"/>
      <line num="78" count="6912" type="stmt"/>
      <line num="79" count="6912" type="stmt"/>
      <line num="80" count="6912" type="stmt"/>
      <line num="81" count="6912" type="stmt"/>
      <line num="82" count="6912" type="stmt"/>
      <line num="84" count="6912" type="cond" truecount="2" falsecount="0"/>
      <line num="85" count="6912" type="stmt"/>
      <line num="88" count="27" type="stmt"/>
      <line num="89" count="27" type="cond" truecount="1" falsecount="0"/>
      <line num="91" count="26" type="cond" truecount="1" falsecount="0"/>
      <line num="92" count="26" type="cond" truecount="1" falsecount="0"/>
      <line num="93" count="26" type="cond" truecount="1" falsecount="0"/>
      <line num="94" count="2763" type="stmt"/>
      <line num="95" count="2763" type="stmt"/>
      <line num="96" count="2763" type="stmt"/>
      <line num="97" count="27" type="cond" truecount="1" falsecount="0"/>
      <line num="99" count="1" type="cond" truecount="1" falsecount="0"/>
      <line num="100" count="1" type="cond" truecount="1" falsecount="0"/>
      <line num="101" count="1" type="stmt"/>
      <line num="102" count="1" type="stmt"/>
      <line num="103" count="1" type="cond" truecount="1" falsecount="0"/>
      <line num="104" count="3329" type="stmt"/>
      <line num="105" count="3329" type="cond" truecount="1" falsecount="0"/>
      <line num="106" count="14" type="stmt"/>
      <line num="107" count="14" type="stmt"/>
      <line num="108" count="14" type="stmt"/>
      <line num="109" count="3329" type="stmt"/>
      <line num="110" count="3329" type="stmt"/>
      <line num="111" count="1" type="stmt"/>
      <line num="114" count="27" type="stmt"/>
      <line num="115" count="27" type="cond" truecount="1" falsecount="0"/>
      <line num="116" count="6912" type="stmt"/>
      <line num="117" count="6912" type="stmt"/>
      <line num="119" count="27" type="stmt"/>
      <line num="120" count="27" type="stmt"/>
      <line num="137" count="1" type="cond" truecount="1" falsecount="0"/>
      <line num="138" count="24" type="cond" truecount="1" falsecount="0"/>
      <line num="139" count="1" type="stmt"/>
      <line num="140" count="1" type="cond" truecount="1" falsecount="0"/>
      <line num="142" count="23" type="stmt"/>
      <line num="143" count="23" type="stmt"/>
      <line num="146" count="23" type="stmt"/>
      <line num="149" count="24" type="cond" truecount="1" falsecount="0"/>
      <line num="150" count="7883" type="stmt"/>
      <line num="151" count="7883" type="stmt"/>
      <line num="152" count="7883" type="stmt"/>
      <line num="156" count="7883" type="stmt"/>
      <line num="157" count="7883" type="cond" truecount="1" falsecount="0"/>
      <line num="158" count="792" type="stmt"/>
      <line num="159" count="792" type="stmt"/>
      <line num="160" count="792" type="stmt"/>
      <line num="161" count="792" type="stmt"/>
      <line num="164" count="7883" type="stmt"/>
      <line num="165" count="7883" type="cond" truecount="1" falsecount="0"/>
      <line num="169" count="23" type="stmt"/>
      <line num="170" count="23" type="stmt"/>
      <line num="171" count="23" type="stmt"/>
      <line num="172" count="23" type="stmt"/>
      <line num="176" count="23" type="stmt"/>
      <line num="177" count="23" type="stmt"/>
      <line num="178" count="23" type="stmt"/>
      <line num="191" count="1" type="cond" truecount="1" falsecount="0"/>
      <line num="192" count="18" type="stmt"/>
      <line num="193" count="18" type="stmt"/>
      <line num="194" count="18" type="stmt"/>
      <line num="195" count="18" type="stmt"/>
      <line num="196" count="18" type="cond" truecount="1" falsecount="0"/>
      <line num="197" count="1" type="stmt"/>
      <line num="198" count="1" type="cond" truecount="1" falsecount="0"/>
      <line num="201" count="17" type="stmt"/>
      <line num="202" count="18" type="cond" truecount="1" falsecount="0"/>
      <line num="203" count="4352" type="stmt"/>
      <line num="204" count="4352" type="stmt"/>
      <line num="205" count="4352" type="cond" truecount="1" falsecount="0"/>
      <line num="206" count="69632" type="stmt"/>
      <line num="207" count="69632" type="stmt"/>
      <line num="208" count="4352" type="cond" truecount="1" falsecount="0"/>
      <line num="214" count="17" type="stmt"/>
      <line num="215" count="17" type="stmt"/>
      <line num="216" count="17" type="stmt"/>
      <line num="217" count="17" type="stmt"/>
      <line num="218" count="17" type="stmt"/>
      <line num="219" count="17" type="stmt"/>
      <line num="220" count="17" type="stmt"/>
      <line num="222" count="17" type="stmt"/>
      <line num="223" count="17" type="stmt"/>
      <line num="225" count="18" type="cond" truecount="1" falsecount="0"/>
      <line num="227" count="5971" type="stmt"/>
      <line num="228" count="5971" type="stmt"/>
      <line num="229" count="5971" type="stmt"/>
      <line num="231" count="5971" type="stmt"/>
      <line num="232" count="5971" type="stmt"/>
      <line num="235" count="5971" type="stmt"/>
      <line num="240" count="5971" type="cond" truecount="2" falsecount="0"/>
      <line num="241" count="677" type="stmt"/>
      <line num="242" count="677" type="stmt"/>
      <line num="243" count="677" type="stmt"/>
      <line num="245" count="677" type="stmt"/>
      <line num="246" count="677" type="stmt"/>
      <line num="247" count="677" type="stmt"/>
      <line num="248" count="5971" type="cond" truecount="1" falsecount="0"/>
      <line num="250" count="17" type="stmt"/>
      <line num="251" count="17" type="stmt"/>
    </file>
    <file name="rle.ts" path="/Users/blaze/Movies/Kin/projects/dot-protocol/packages/compression/src/rle.ts">
      <metrics statements="65" coveredstatements="61" conditionals="19" coveredconditionals="18" methods="2" coveredmethods="2"/>
      <line num="1" count="1" type="stmt"/>
      <line num="20" count="1" type="cond" truecount="1" falsecount="0"/>
      <line num="21" count="401" type="cond" truecount="1" falsecount="0"/>
      <line num="22" count="3" type="stmt"/>
      <line num="23" count="3" type="cond" truecount="1" falsecount="0"/>
      <line num="26" count="398" type="stmt"/>
      <line num="27" count="398" type="stmt"/>
      <line num="28" count="398" type="stmt"/>
      <line num="30" count="401" type="cond" truecount="1" falsecount="0"/>
      <line num="31" count="9618" type="stmt"/>
      <line num="32" count="9618" type="cond" truecount="1" falsecount="0"/>
      <line num="33" count="9388" type="stmt"/>
      <line num="34" count="9618" type="cond" truecount="1" falsecount="0"/>
      <line num="35" count="230" type="stmt"/>
      <line num="36" count="230" type="stmt"/>
      <line num="37" count="230" type="stmt"/>
      <line num="38" count="230" type="stmt"/>
      <line num="39" count="9618" type="cond" truecount="1" falsecount="0"/>
      <line num="41" count="398" type="stmt"/>
      <line num="44" count="398" type="stmt"/>
      <line num="45" count="398" type="stmt"/>
      <line num="46" count="401" type="cond" truecount="1" falsecount="0"/>
      <line num="47" count="628" type="stmt"/>
      <line num="48" count="628" type="stmt"/>
      <line num="49" count="628" type="stmt"/>
      <line num="50" count="628" type="cond" truecount="1" falsecount="0"/>
      <line num="53" count="398" type="stmt"/>
      <line num="54" count="398" type="stmt"/>
      <line num="55" count="401" type="cond" truecount="1" falsecount="0"/>
      <line num="56" count="628" type="stmt"/>
      <line num="57" count="628" type="stmt"/>
      <line num="58" count="628" type="stmt"/>
      <line num="59" count="628" type="stmt"/>
      <line num="60" count="628" type="stmt"/>
      <line num="61" count="628" type="cond" truecount="1" falsecount="0"/>
      <line num="63" count="398" type="stmt"/>
      <line num="64" count="398" type="stmt"/>
      <line num="73" count="1" type="cond" truecount="1" falsecount="0"/>
      <line num="74" count="34" type="stmt"/>
      <line num="75" count="34" type="stmt"/>
      <line num="76" count="34" type="stmt"/>
      <line num="78" count="34" type="cond" truecount="1" falsecount="0"/>
      <line num="80" count="164" type="cond" truecount="0" falsecount="1"/>
      <line num="81" count="0" type="stmt"/>
      <line num="82" count="0" type="stmt"/>
      <line num="83" count="0" type="stmt"/>
      <line num="84" count="0" type="stmt"/>
      <line num="85" count="164" type="stmt"/>
      <line num="88" count="164" type="stmt"/>
      <line num="89" count="164" type="stmt"/>
      <line num="92" count="164" type="cond" truecount="1" falsecount="0"/>
      <line num="93" count="4" type="stmt"/>
      <line num="94" count="4" type="stmt"/>
      <line num="95" count="4" type="stmt"/>
      <line num="96" count="4" type="cond" truecount="1" falsecount="0"/>
      <line num="97" count="160" type="stmt"/>
      <line num="98" count="160" type="stmt"/>
      <line num="99" count="160" type="cond" truecount="1" falsecount="0"/>
      <line num="101" count="34" type="cond" truecount="1" falsecount="0"/>
      <line num="102" count="3" type="stmt"/>
      <line num="103" count="3" type="stmt"/>
      <line num="104" count="3" type="stmt"/>
      <line num="105" count="3" type="cond" truecount="1" falsecount="0"/>
      <line num="107" count="27" type="stmt"/>
      <line num="108" count="27" type="stmt"/>
    </file>
    <file name="sample-generator.ts" path="/Users/blaze/Movies/Kin/projects/dot-protocol/packages/compression/src/sample-generator.ts">
      <metrics statements="98" coveredstatements="98" conditionals="22" coveredconditionals="22" methods="6" coveredmethods="6"/>
      <line num="1" count="1" type="stmt"/>
      <line num="27" count="339" type="cond" truecount="1" falsecount="0"/>
      <line num="28" count="339" type="stmt"/>
      <line num="29" count="339" type="stmt"/>
      <line num="30" count="339" type="stmt"/>
      <line num="33" count="111" type="cond" truecount="1" falsecount="0"/>
      <line num="34" count="111" type="stmt"/>
      <line num="35" count="111" type="stmt"/>
      <line num="36" count="111" type="stmt"/>
      <line num="38" count="111" type="stmt"/>
      <line num="39" count="111" type="stmt"/>
      <line num="40" count="111" type="stmt"/>
      <line num="41" count="111" type="stmt"/>
      <line num="44" count="148" type="cond" truecount="1" falsecount="0"/>
      <line num="45" count="148" type="stmt"/>
      <line num="46" count="148" type="stmt"/>
      <line num="47" count="148" type="stmt"/>
      <line num="49" count="148" type="stmt"/>
      <line num="50" count="148" type="stmt"/>
      <line num="51" count="148" type="stmt"/>
      <line num="52" count="148" type="stmt"/>
      <line num="55" count="40" type="cond" truecount="1" falsecount="0"/>
      <line num="56" count="40" type="stmt"/>
      <line num="57" count="40" type="stmt"/>
      <line num="58" count="40" type="stmt"/>
      <line num="59" count="40" type="stmt"/>
      <line num="60" count="40" type="stmt"/>
      <line num="62" count="40" type="stmt"/>
      <line num="63" count="40" type="stmt"/>
      <line num="64" count="40" type="stmt"/>
      <line num="65" count="40" type="stmt"/>
      <line num="74" count="20" type="cond" truecount="1" falsecount="0"/>
      <line num="75" count="20" type="stmt"/>
      <line num="76" count="20" type="stmt"/>
      <line num="77" count="20" type="stmt"/>
      <line num="78" count="20" type="cond" truecount="2" falsecount="0"/>
      <line num="79" count="19" type="cond" truecount="1" falsecount="0"/>
      <line num="81" count="20" type="stmt"/>
      <line num="82" count="20" type="stmt"/>
      <line num="84" count="20" type="stmt"/>
      <line num="86" count="20" type="cond" truecount="1" falsecount="0"/>
      <line num="87" count="329" type="stmt"/>
      <line num="88" count="329" type="stmt"/>
      <line num="89" count="329" type="stmt"/>
      <line num="91" count="329" type="stmt"/>
      <line num="92" count="329" type="cond" truecount="1" falsecount="0"/>
      <line num="93" count="111" type="stmt"/>
      <line num="94" count="111" type="stmt"/>
      <line num="95" count="111" type="stmt"/>
      <line num="96" count="111" type="stmt"/>
      <line num="97" count="329" type="cond" truecount="1" falsecount="0"/>
      <line num="98" count="148" type="stmt"/>
      <line num="99" count="148" type="stmt"/>
      <line num="100" count="148" type="stmt"/>
      <line num="101" count="148" type="stmt"/>
      <line num="102" count="329" type="cond" truecount="1" falsecount="0"/>
      <line num="103" count="40" type="stmt"/>
      <line num="104" count="40" type="stmt"/>
      <line num="105" count="40" type="stmt"/>
      <line num="106" count="40" type="stmt"/>
      <line num="107" count="329" type="cond" truecount="1" falsecount="0"/>
      <line num="108" count="329" type="cond" truecount="1" falsecount="0"/>
      <line num="110" count="30" type="stmt"/>
      <line num="111" count="30" type="stmt"/>
      <line num="112" count="30" type="stmt"/>
      <line num="113" count="30" type="stmt"/>
      <line num="114" count="30" type="stmt"/>
      <line num="115" count="30" type="stmt"/>
      <line num="116" count="30" type="stmt"/>
      <line num="117" count="30" type="stmt"/>
      <line num="118" count="30" type="stmt"/>
      <line num="119" count="30" type="stmt"/>
      <line num="120" count="329" type="stmt"/>
      <line num="122" count="329" type="stmt"/>
      <line num="123" count="329" type="stmt"/>
      <line num="124" count="329" type="stmt"/>
      <line num="125" count="329" type="stmt"/>
      <line num="126" count="329" type="cond" truecount="1" falsecount="0"/>
      <line num="127" count="329" type="cond" truecount="1" falsecount="0"/>
      <line num="128" count="1" type="stmt"/>
      <line num="129" count="1" type="cond" truecount="1" falsecount="0"/>
      <line num="130" count="328" type="stmt"/>
      <line num="131" count="329" type="stmt"/>
      <line num="132" count="329" type="cond" truecount="2" falsecount="0"/>
      <line num="133" count="329" type="cond" truecount="1" falsecount="0"/>
      <line num="135" count="328" type="stmt"/>
      <line num="136" count="328" type="stmt"/>
      <line num="137" count="328" type="stmt"/>
      <line num="138" count="328" type="stmt"/>
      <line num="140" count="328" type="stmt"/>
      <line num="141" count="328" type="stmt"/>
      <line num="147" count="3" type="cond" truecount="1" falsecount="0"/>
      <line num="148" count="3" type="stmt"/>
      <line num="149" count="3" type="stmt"/>
      <line num="150" count="3" type="stmt"/>
      <line num="151" count="3" type="stmt"/>
      <line num="152" count="3" type="cond" truecount="1" falsecount="0"/>
      <line num="153" count="3" type="stmt"/>
    </file>
    <file name="timestamp-delta.ts" path="/Users/blaze/Movies/Kin/projects/dot-protocol/packages/compression/src/timestamp-delta.ts">
      <metrics statements="57" coveredstatements="57" conditionals="19" coveredconditionals="19" methods="2" coveredmethods="2"/>
      <line num="1" count="1" type="stmt"/>
      <line num="27" count="1" type="cond" truecount="1" falsecount="0"/>
      <line num="28" count="426" type="cond" truecount="1" falsecount="0"/>
      <line num="29" count="1" type="stmt"/>
      <line num="30" count="1" type="cond" truecount="1" falsecount="0"/>
      <line num="33" count="425" type="stmt"/>
      <line num="36" count="425" type="stmt"/>
      <line num="37" count="425" type="stmt"/>
      <line num="39" count="425" type="stmt"/>
      <line num="40" count="425" type="stmt"/>
      <line num="41" count="425" type="stmt"/>
      <line num="42" count="425" type="stmt"/>
      <line num="43" count="425" type="stmt"/>
      <line num="44" count="425" type="stmt"/>
      <line num="47" count="426" type="cond" truecount="1" falsecount="0"/>
      <line num="48" count="9266" type="stmt"/>
      <line num="49" count="9266" type="stmt"/>
      <line num="50" count="9266" type="cond" truecount="1" falsecount="0"/>
      <line num="53" count="425" type="cond" truecount="1" falsecount="0"/>
      <line num="54" count="425" type="stmt"/>
      <line num="55" count="425" type="stmt"/>
      <line num="56" count="426" type="cond" truecount="1" falsecount="0"/>
      <line num="57" count="9691" type="stmt"/>
      <line num="58" count="9691" type="stmt"/>
      <line num="59" count="9691" type="cond" truecount="1" falsecount="0"/>
      <line num="61" count="425" type="stmt"/>
      <line num="62" count="425" type="stmt"/>
      <line num="71" count="1" type="cond" truecount="1" falsecount="0"/>
      <line num="72" count="43" type="cond" truecount="1" falsecount="0"/>
      <line num="73" count="1" type="stmt"/>
      <line num="74" count="1" type="cond" truecount="1" falsecount="0"/>
      <line num="75" count="43" type="cond" truecount="1" falsecount="0"/>
      <line num="76" count="3" type="stmt"/>
      <line num="77" count="3" type="stmt"/>
      <line num="78" count="3" type="stmt"/>
      <line num="79" count="3" type="cond" truecount="1" falsecount="0"/>
      <line num="81" count="39" type="stmt"/>
      <line num="84" count="39" type="stmt"/>
      <line num="85" count="39" type="stmt"/>
      <line num="86" count="39" type="stmt"/>
      <line num="88" count="39" type="stmt"/>
      <line num="90" count="43" type="cond" truecount="1" falsecount="0"/>
      <line num="91" count="8" type="stmt"/>
      <line num="92" count="8" type="cond" truecount="1" falsecount="0"/>
      <line num="95" count="31" type="stmt"/>
      <line num="96" count="43" type="cond" truecount="1" falsecount="0"/>
      <line num="97" count="1102" type="cond" truecount="1" falsecount="0"/>
      <line num="98" count="1" type="stmt"/>
      <line num="99" count="1" type="stmt"/>
      <line num="100" count="1" type="stmt"/>
      <line num="101" count="1" type="cond" truecount="1" falsecount="0"/>
      <line num="102" count="1101" type="stmt"/>
      <line num="103" count="1101" type="stmt"/>
      <line num="104" count="1101" type="stmt"/>
      <line num="105" count="1101" type="cond" truecount="1" falsecount="0"/>
      <line num="107" count="30" type="stmt"/>
      <line num="108" count="30" type="stmt"/>
    </file>
    <file name="varint.ts" path="/Users/blaze/Movies/Kin/projects/dot-protocol/packages/compression/src/varint.ts">
      <metrics statements="65" coveredstatements="65" conditionals="30" coveredconditionals="30" methods="6" coveredmethods="6"/>
      <line num="20" count="1" type="cond" truecount="1" falsecount="0"/>
      <line num="21" count="9932" type="cond" truecount="1" falsecount="0"/>
      <line num="22" count="1" type="stmt"/>
      <line num="23" count="1" type="cond" truecount="1" falsecount="0"/>
      <line num="26" count="9932" type="cond" truecount="1" falsecount="0"/>
      <line num="27" count="7912" type="stmt"/>
      <line num="28" count="7912" type="cond" truecount="2" falsecount="0"/>
      <line num="31" count="2019" type="stmt"/>
      <line num="32" count="2019" type="stmt"/>
      <line num="34" count="2065" type="cond" truecount="1" falsecount="0"/>
      <line num="36" count="2227" type="stmt"/>
      <line num="39" count="2227" type="stmt"/>
      <line num="40" count="2227" type="cond" truecount="1" falsecount="0"/>
      <line num="42" count="2019" type="stmt"/>
      <line num="44" count="2019" type="stmt"/>
      <line num="45" count="2019" type="stmt"/>
      <line num="52" count="1" type="cond" truecount="1" falsecount="0"/>
      <line num="53" count="1297" type="stmt"/>
      <line num="54" count="1297" type="stmt"/>
      <line num="55" count="1297" type="stmt"/>
      <line num="57" count="1297" type="cond" truecount="1" falsecount="0"/>
      <line num="58" count="2437" type="stmt"/>
      <line num="59" count="2437" type="cond" truecount="1" falsecount="0"/>
      <line num="60" count="4" type="stmt"/>
      <line num="61" count="4" type="stmt"/>
      <line num="62" count="4" type="stmt"/>
      <line num="63" count="4" type="cond" truecount="1" falsecount="0"/>
      <line num="65" count="2433" type="stmt"/>
      <line num="66" count="2433" type="stmt"/>
      <line num="70" count="2433" type="stmt"/>
      <line num="71" count="2433" type="stmt"/>
      <line num="72" count="2433" type="stmt"/>
      <line num="75" count="2437" type="cond" truecount="1" falsecount="0"/>
      <line num="76" count="1291" type="stmt"/>
      <line num="77" count="1291" type="cond" truecount="2" falsecount="0"/>
      <line num="80" count="2257" type="cond" truecount="1" falsecount="0"/>
      <line num="81" count="2" type="stmt"/>
      <line num="82" count="2" type="stmt"/>
      <line num="83" count="2437" type="cond" truecount="1" falsecount="0"/>
      <line num="85" count="1291" type="stmt"/>
      <line num="86" count="1291" type="stmt"/>
      <line num="93" count="9281" type="cond" truecount="1" falsecount="0"/>
      <line num="95" count="9281" type="cond" truecount="2" falsecount="0"/>
      <line num="96" count="9281" type="stmt"/>
      <line num="101" count="1111" type="cond" truecount="1" falsecount="0"/>
      <line num="105" count="1111" type="cond" truecount="1" falsecount="0"/>
      <line num="106" count="1102" type="stmt"/>
      <line num="107" count="1111" type="cond" truecount="1" falsecount="0"/>
      <line num="108" count="9" type="stmt"/>
      <line num="109" count="9" type="stmt"/>
      <line num="110" count="1111" type="stmt"/>
      <line num="115" count="1" type="cond" truecount="1" falsecount="0"/>
      <line num="116" count="9287" type="cond" truecount="2" falsecount="0"/>
      <line num="117" count="4" type="stmt"/>
      <line num="118" count="4" type="cond" truecount="1" falsecount="0"/>
      <line num="119" count="9283" type="stmt"/>
      <line num="120" count="9287" type="cond" truecount="1" falsecount="0"/>
      <line num="121" count="2" type="stmt"/>
      <line num="122" count="2" type="cond" truecount="1" falsecount="0"/>
      <line num="123" count="9281" type="stmt"/>
      <line num="124" count="9281" type="stmt"/>
      <line num="130" count="1" type="cond" truecount="1" falsecount="0"/>
      <line num="131" count="1111" type="stmt"/>
      <line num="132" count="1111" type="stmt"/>
      <line num="133" count="1111" type="stmt"/>
    </file>
    <file name="weissman.ts" path="/Users/blaze/Movies/Kin/projects/dot-protocol/packages/compression/src/weissman.ts">
      <metrics statements="68" coveredstatements="68" conditionals="1" coveredconditionals="1" methods="1" coveredmethods="1"/>
      <line num="14" count="1" type="cond" truecount="1" falsecount="0"/>
      <line num="15" count="6" type="stmt"/>
      <line num="16" count="6" type="stmt"/>
      <line num="17" count="6" type="stmt"/>
      <line num="18" count="6" type="stmt"/>
      <line num="19" count="6" type="stmt"/>
      <line num="20" count="6" type="stmt"/>
      <line num="21" count="6" type="stmt"/>
      <line num="22" count="6" type="stmt"/>
      <line num="23" count="6" type="stmt"/>
      <line num="43" count="1" type="stmt"/>
      <line num="44" count="1" type="stmt"/>
      <line num="45" count="1" type="stmt"/>
      <line num="46" count="1" type="stmt"/>
      <line num="47" count="1" type="stmt"/>
      <line num="48" count="1" type="stmt"/>
      <line num="49" count="1" type="stmt"/>
      <line num="50" count="1" type="stmt"/>
      <line num="51" count="1" type="stmt"/>
      <line num="52" count="1" type="stmt"/>
      <line num="53" count="1" type="stmt"/>
      <line num="54" count="1" type="stmt"/>
      <line num="55" count="1" type="stmt"/>
      <line num="56" count="1" type="stmt"/>
      <line num="57" count="1" type="stmt"/>
      <line num="58" count="1" type="stmt"/>
      <line num="59" count="1" type="stmt"/>
      <line num="60" count="1" type="stmt"/>
      <line num="61" count="1" type="stmt"/>
      <line num="62" count="1" type="stmt"/>
      <line num="63" count="1" type="stmt"/>
      <line num="64" count="1" type="stmt"/>
      <line num="65" count="1" type="stmt"/>
      <line num="66" count="1" type="stmt"/>
      <line num="67" count="1" type="stmt"/>
      <line num="68" count="1" type="stmt"/>
      <line num="69" count="1" type="stmt"/>
      <line num="70" count="1" type="stmt"/>
      <line num="71" count="1" type="stmt"/>
      <line num="72" count="1" type="stmt"/>
      <line num="73" count="1" type="stmt"/>
      <line num="74" count="1" type="stmt"/>
      <line num="75" count="1" type="stmt"/>
      <line num="76" count="1" type="stmt"/>
      <line num="77" count="1" type="stmt"/>
      <line num="78" count="1" type="stmt"/>
      <line num="79" count="1" type="stmt"/>
      <line num="80" count="1" type="stmt"/>
      <line num="81" count="1" type="stmt"/>
      <line num="82" count="1" type="stmt"/>
      <line num="83" count="1" type="stmt"/>
      <line num="84" count="1" type="stmt"/>
      <line num="85" count="1" type="stmt"/>
      <line num="86" count="1" type="stmt"/>
      <line num="87" count="1" type="stmt"/>
      <line num="88" count="1" type="stmt"/>
      <line num="89" count="1" type="stmt"/>
      <line num="90" count="1" type="stmt"/>
      <line num="91" count="1" type="stmt"/>
      <line num="92" count="1" type="stmt"/>
      <line num="93" count="1" type="stmt"/>
      <line num="94" count="1" type="stmt"/>
      <line num="95" count="1" type="stmt"/>
      <line num="96" count="1" type="stmt"/>
      <line num="97" count="1" type="stmt"/>
      <line num="98" count="1" type="stmt"/>
      <line num="99" count="1" type="stmt"/>
      <line num="100" count="1" type="stmt"/>
    </file>
    <file name="zstd.ts" path="/Users/blaze/Movies/Kin/projects/dot-protocol/packages/compression/src/zstd.ts">
      <metrics statements="59" coveredstatements="55" conditionals="15" coveredconditionals="13" methods="3" coveredmethods="3"/>
      <line num="1" count="1" type="stmt"/>
      <line num="34" count="1" type="stmt"/>
      <line num="37" count="1" type="stmt"/>
      <line num="55" count="18" type="cond" truecount="1" falsecount="0"/>
      <line num="56" count="18" type="stmt"/>
      <line num="57" count="18" type="stmt"/>
      <line num="58" count="18" type="stmt"/>
      <line num="59" count="18" type="cond" truecount="1" falsecount="0"/>
      <line num="60" count="1" type="stmt"/>
      <line num="61" count="1" type="cond" truecount="1" falsecount="0"/>
      <line num="62" count="18" type="cond" truecount="1" falsecount="0"/>
      <line num="64" count="1" type="stmt"/>
      <line num="65" count="1" type="stmt"/>
      <line num="66" count="1" type="stmt"/>
      <line num="67" count="1" type="stmt"/>
      <line num="68" count="1" type="cond" truecount="1" falsecount="0"/>
      <line num="71" count="17" type="stmt"/>
      <line num="72" count="17" type="stmt"/>
      <line num="74" count="17" type="stmt"/>
      <line num="75" count="17" type="stmt"/>
      <line num="76" count="17" type="stmt"/>
      <line num="78" count="18" type="cond" truecount="1" falsecount="0"/>
      <line num="79" count="733" type="stmt"/>
      <line num="80" count="733" type="stmt"/>
      <line num="81" count="733" type="cond" truecount="1" falsecount="0"/>
      <line num="86" count="17" type="cond" truecount="1" falsecount="0"/>
      <line num="87" count="733" type="stmt"/>
      <line num="88" count="17" type="stmt"/>
      <line num="90" count="17" type="stmt"/>
      <line num="91" count="17" type="stmt"/>
      <line num="92" count="17" type="stmt"/>
      <line num="93" count="17" type="stmt"/>
      <line num="94" count="18" type="cond" truecount="1" falsecount="0"/>
      <line num="95" count="1" type="cond" truecount="0" falsecount="1"/>
      <line num="96" count="1" type="cond" truecount="0" falsecount="1"/>
      <line num="97" count="0" type="stmt"/>
      <line num="98" count="0" type="stmt"/>
      <line num="99" count="0" type="stmt"/>
      <line num="100" count="0" type="stmt"/>
      <line num="101" count="1" type="stmt"/>
      <line num="102" count="1" type="cond" truecount="2" falsecount="0"/>
      <line num="104" count="16" type="stmt"/>
      <line num="105" count="16" type="stmt"/>
      <line num="106" count="17" type="stmt"/>
      <line num="108" count="17" type="stmt"/>
      <line num="109" count="17" type="stmt"/>
      <line num="110" count="18" type="stmt"/>
      <line num="124" count="1" type="cond" truecount="1" falsecount="0"/>
      <line num="125" count="11" type="stmt"/>
      <line num="126" count="11" type="stmt"/>
      <line num="127" count="11" type="stmt"/>
      <line num="128" count="11" type="stmt"/>
      <line num="129" count="11" type="stmt"/>
      <line num="142" count="1" type="cond" truecount="1" falsecount="0"/>
      <line num="143" count="6" type="stmt"/>
      <line num="144" count="6" type="stmt"/>
      <line num="145" count="6" type="stmt"/>
      <line num="146" count="6" type="stmt"/>
      <line num="147" count="6" type="stmt"/>
    </file>
  </project>
</coverage>
