{"/Users/blaze/Movies/Kin/projects/dot-protocol/packages/compression/src/batch-v2.ts": {"path":"/Users/blaze/Movies/Kin/projects/dot-protocol/packages/compression/src/batch-v2.ts","all":false,"statementMap":{"0":{"start":{"line":1,"column":0},"end":{"line":1,"column":3}},"54":{"start":{"line":55,"column":0},"end":{"line":55,"column":30}},"55":{"start":{"line":56,"column":0},"end":{"line":56,"column":81}},"56":{"start":{"line":57,"column":0},"end":{"line":57,"column":24}},"57":{"start":{"line":58,"column":0},"end":{"line":58,"column":84}},"58":{"start":{"line":59,"column":0},"end":{"line":59,"column":33}},"59":{"start":{"line":60,"column":0},"end":{"line":60,"column":33}},"61":{"start":{"line":62,"column":0},"end":{"line":62,"column":93}},"62":{"start":{"line":63,"column":0},"end":{"line":63,"column":95}},"65":{"start":{"line":66,"column":0},"end":{"line":66,"column":82}},"66":{"start":{"line":67,"column":0},"end":{"line":67,"column":93}},"68":{"start":{"line":69,"column":0},"end":{"line":69,"column":21}},"69":{"start":{"line":70,"column":0},"end":{"line":70,"column":23}},"70":{"start":{"line":71,"column":0},"end":{"line":71,"column":20}},"71":{"start":{"line":72,"column":0},"end":{"line":72,"column":22}},"72":{"start":{"line":73,"column":0},"end":{"line":73,"column":24}},"73":{"start":{"line":74,"column":0},"end":{"line":74,"column":28}},"76":{"start":{"line":77,"column":0},"end":{"line":77,"column":21}},"77":{"start":{"line":78,"column":0},"end":{"line":78,"column":19}},"78":{"start":{"line":79,"column":0},"end":{"line":79,"column":21}},"79":{"start":{"line":80,"column":0},"end":{"line":80,"column":19}},"80":{"start":{"line":81,"column":0},"end":{"line":81,"column":21}},"81":{"start":{"line":82,"column":0},"end":{"line":82,"column":24}},"119":{"start":{"line":120,"column":0},"end":{"line":120,"column":47}},"120":{"start":{"line":121,"column":0},"end":{"line":121,"column":68}},"121":{"start":{"line":122,"column":0},"end":{"line":122,"column":1}},"128":{"start":{"line":129,"column":0},"end":{"line":129,"column":58}},"129":{"start":{"line":130,"column":0},"end":{"line":130,"column":33}},"130":{"start":{"line":131,"column":0},"end":{"line":131,"column":65}},"131":{"start":{"line":132,"column":0},"end":{"line":132,"column":49}},"132":{"start":{"line":133,"column":0},"end":{"line":133,"column":13}},"133":{"start":{"line":134,"column":0},"end":{"line":134,"column":1}},"139":{"start":{"line":140,"column":0},"end":{"line":140,"column":56}},"140":{"start":{"line":141,"column":0},"end":{"line":141,"column":74}},"141":{"start":{"line":142,"column":0},"end":{"line":142,"column":81}},"142":{"start":{"line":143,"column":0},"end":{"line":143,"column":18}},"143":{"start":{"line":144,"column":0},"end":{"line":144,"column":1}},"148":{"start":{"line":149,"column":0},"end":{"line":149,"column":65}},"149":{"start":{"line":150,"column":0},"end":{"line":150,"column":68}},"150":{"start":{"line":151,"column":0},"end":{"line":151,"column":37}},"151":{"start":{"line":152,"column":0},"end":{"line":152,"column":1}},"156":{"start":{"line":157,"column":0},"end":{"line":157,"column":76}},"157":{"start":{"line":158,"column":0},"end":{"line":158,"column":68}},"158":{"start":{"line":159,"column":0},"end":{"line":159,"column":34}},"159":{"start":{"line":160,"column":0},"end":{"line":160,"column":1}},"167":{"start":{"line":168,"column":0},"end":{"line":168,"column":64}},"168":{"start":{"line":169,"column":0},"end":{"line":169,"column":47}},"169":{"start":{"line":170,"column":0},"end":{"line":170,"column":40}},"170":{"start":{"line":171,"column":0},"end":{"line":171,"column":33}},"171":{"start":{"line":172,"column":0},"end":{"line":172,"column":65}},"172":{"start":{"line":173,"column":0},"end":{"line":173,"column":3}},"173":{"start":{"line":174,"column":0},"end":{"line":174,"column":13}},"174":{"start":{"line":175,"column":0},"end":{"line":175,"column":1}},"180":{"start":{"line":181,"column":0},"end":{"line":181,"column":80}},"181":{"start":{"line":182,"column":0},"end":{"line":182,"column":36}},"182":{"start":{"line":183,"column":0},"end":{"line":183,"column":39}},"183":{"start":{"line":184,"column":0},"end":{"line":184,"column":56}},"184":{"start":{"line":185,"column":0},"end":{"line":185,"column":33}},"185":{"start":{"line":186,"column":0},"end":{"line":186,"column":51}},"186":{"start":{"line":187,"column":0},"end":{"line":187,"column":3}},"187":{"start":{"line":188,"column":0},"end":{"line":188,"column":17}},"188":{"start":{"line":189,"column":0},"end":{"line":189,"column":33}},"189":{"start":{"line":190,"column":0},"end":{"line":190,"column":44}},"190":{"start":{"line":191,"column":0},"end":{"line":191,"column":3}},"191":{"start":{"line":192,"column":0},"end":{"line":192,"column":27}},"192":{"start":{"line":193,"column":0},"end":{"line":193,"column":1}},"199":{"start":{"line":200,"column":0},"end":{"line":200,"column":95}},"200":{"start":{"line":201,"column":0},"end":{"line":201,"column":28}},"201":{"start":{"line":202,"column":0},"end":{"line":202,"column":53}},"202":{"start":{"line":203,"column":0},"end":{"line":203,"column":31}},"203":{"start":{"line":204,"column":0},"end":{"line":204,"column":42}},"204":{"start":{"line":205,"column":0},"end":{"line":205,"column":62}},"205":{"start":{"line":206,"column":0},"end":{"line":206,"column":46}},"206":{"start":{"line":207,"column":0},"end":{"line":207,"column":35}},"207":{"start":{"line":208,"column":0},"end":{"line":208,"column":3}},"208":{"start":{"line":209,"column":0},"end":{"line":209,"column":19}},"209":{"start":{"line":210,"column":0},"end":{"line":210,"column":1}},"216":{"start":{"line":217,"column":0},"end":{"line":217,"column":68}},"217":{"start":{"line":218,"column":0},"end":{"line":218,"column":39}},"218":{"start":{"line":219,"column":0},"end":{"line":219,"column":36}},"220":{"start":{"line":221,"column":0},"end":{"line":221,"column":64}},"221":{"start":{"line":222,"column":0},"end":{"line":222,"column":61}},"223":{"start":{"line":224,"column":0},"end":{"line":224,"column":22}},"224":{"start":{"line":225,"column":0},"end":{"line":225,"column":20}},"225":{"start":{"line":226,"column":0},"end":{"line":226,"column":52}},"226":{"start":{"line":227,"column":0},"end":{"line":227,"column":39}},"227":{"start":{"line":228,"column":0},"end":{"line":228,"column":3}},"228":{"start":{"line":229,"column":0},"end":{"line":229,"column":50}},"229":{"start":{"line":230,"column":0},"end":{"line":230,"column":35}},"230":{"start":{"line":231,"column":0},"end":{"line":231,"column":3}},"232":{"start":{"line":233,"column":0},"end":{"line":233,"column":79}},"233":{"start":{"line":234,"column":0},"end":{"line":234,"column":1}},"246":{"start":{"line":247,"column":0},"end":{"line":247,"column":39}},"247":{"start":{"line":248,"column":0},"end":{"line":248,"column":21}},"248":{"start":{"line":249,"column":0},"end":{"line":249,"column":25}},"249":{"start":{"line":250,"column":0},"end":{"line":250,"column":36}},"250":{"start":{"line":251,"column":0},"end":{"line":251,"column":24}},"252":{"start":{"line":253,"column":0},"end":{"line":253,"column":26}},"253":{"start":{"line":254,"column":0},"end":{"line":254,"column":75}},"254":{"start":{"line":255,"column":0},"end":{"line":255,"column":3}},"255":{"start":{"line":256,"column":0},"end":{"line":256,"column":41}},"256":{"start":{"line":257,"column":0},"end":{"line":257,"column":39}},"257":{"start":{"line":258,"column":0},"end":{"line":258,"column":27}},"258":{"start":{"line":259,"column":0},"end":{"line":259,"column":89}},"259":{"start":{"line":260,"column":0},"end":{"line":260,"column":8}},"260":{"start":{"line":261,"column":0},"end":{"line":261,"column":5}},"261":{"start":{"line":262,"column":0},"end":{"line":262,"column":3}},"262":{"start":{"line":263,"column":0},"end":{"line":263,"column":79}},"263":{"start":{"line":264,"column":0},"end":{"line":264,"column":41}},"264":{"start":{"line":265,"column":0},"end":{"line":265,"column":71}},"265":{"start":{"line":266,"column":0},"end":{"line":266,"column":43}},"266":{"start":{"line":267,"column":0},"end":{"line":267,"column":38}},"267":{"start":{"line":268,"column":0},"end":{"line":268,"column":88}},"268":{"start":{"line":269,"column":0},"end":{"line":269,"column":7}},"269":{"start":{"line":270,"column":0},"end":{"line":270,"column":5}},"270":{"start":{"line":271,"column":0},"end":{"line":271,"column":3}},"273":{"start":{"line":274,"column":0},"end":{"line":274,"column":71}},"274":{"start":{"line":275,"column":0},"end":{"line":275,"column":71}},"277":{"start":{"line":278,"column":0},"end":{"line":278,"column":54}},"278":{"start":{"line":279,"column":0},"end":{"line":279,"column":78}},"279":{"start":{"line":280,"column":0},"end":{"line":280,"column":3}},"280":{"start":{"line":281,"column":0},"end":{"line":281,"column":54}},"281":{"start":{"line":282,"column":0},"end":{"line":282,"column":78}},"282":{"start":{"line":283,"column":0},"end":{"line":283,"column":3}},"285":{"start":{"line":286,"column":0},"end":{"line":286,"column":77}},"286":{"start":{"line":287,"column":0},"end":{"line":287,"column":24}},"287":{"start":{"line":288,"column":0},"end":{"line":288,"column":92}},"288":{"start":{"line":289,"column":0},"end":{"line":289,"column":6}},"289":{"start":{"line":290,"column":0},"end":{"line":290,"column":3}},"291":{"start":{"line":292,"column":0},"end":{"line":292,"column":67}},"293":{"start":{"line":294,"column":0},"end":{"line":294,"column":16}},"294":{"start":{"line":295,"column":0},"end":{"line":295,"column":57}},"295":{"start":{"line":296,"column":0},"end":{"line":296,"column":27}},"296":{"start":{"line":297,"column":0},"end":{"line":297,"column":109}},"297":{"start":{"line":298,"column":0},"end":{"line":298,"column":8}},"298":{"start":{"line":299,"column":0},"end":{"line":299,"column":5}},"299":{"start":{"line":300,"column":0},"end":{"line":300,"column":3}},"302":{"start":{"line":303,"column":0},"end":{"line":303,"column":54}},"303":{"start":{"line":304,"column":0},"end":{"line":304,"column":44}},"304":{"start":{"line":305,"column":0},"end":{"line":305,"column":56}},"306":{"start":{"line":307,"column":0},"end":{"line":307,"column":41}},"307":{"start":{"line":308,"column":0},"end":{"line":308,"column":25}},"308":{"start":{"line":309,"column":0},"end":{"line":309,"column":47}},"309":{"start":{"line":310,"column":0},"end":{"line":310,"column":30}},"310":{"start":{"line":311,"column":0},"end":{"line":311,"column":72}},"311":{"start":{"line":312,"column":0},"end":{"line":312,"column":3}},"318":{"start":{"line":319,"column":0},"end":{"line":319,"column":62}},"319":{"start":{"line":320,"column":0},"end":{"line":320,"column":59}},"320":{"start":{"line":321,"column":0},"end":{"line":321,"column":43}},"322":{"start":{"line":323,"column":0},"end":{"line":323,"column":41}},"323":{"start":{"line":324,"column":0},"end":{"line":324,"column":25}},"325":{"start":{"line":326,"column":0},"end":{"line":326,"column":30}},"326":{"start":{"line":327,"column":0},"end":{"line":327,"column":18}},"328":{"start":{"line":329,"column":0},"end":{"line":329,"column":45}},"329":{"start":{"line":330,"column":0},"end":{"line":330,"column":12}},"330":{"start":{"line":331,"column":0},"end":{"line":331,"column":38}},"331":{"start":{"line":332,"column":0},"end":{"line":332,"column":5}},"333":{"start":{"line":334,"column":0},"end":{"line":334,"column":44}},"334":{"start":{"line":335,"column":0},"end":{"line":335,"column":41}},"335":{"start":{"line":336,"column":0},"end":{"line":336,"column":35}},"336":{"start":{"line":337,"column":0},"end":{"line":337,"column":37}},"337":{"start":{"line":338,"column":0},"end":{"line":338,"column":51}},"338":{"start":{"line":339,"column":0},"end":{"line":339,"column":33}},"339":{"start":{"line":340,"column":0},"end":{"line":340,"column":42}},"341":{"start":{"line":342,"column":0},"end":{"line":342,"column":28}},"342":{"start":{"line":343,"column":0},"end":{"line":343,"column":24}},"343":{"start":{"line":344,"column":0},"end":{"line":344,"column":3}},"346":{"start":{"line":347,"column":0},"end":{"line":347,"column":58}},"347":{"start":{"line":348,"column":0},"end":{"line":348,"column":41}},"348":{"start":{"line":349,"column":0},"end":{"line":349,"column":52}},"349":{"start":{"line":350,"column":0},"end":{"line":350,"column":56}},"350":{"start":{"line":351,"column":0},"end":{"line":351,"column":3}},"351":{"start":{"line":352,"column":0},"end":{"line":352,"column":49}},"354":{"start":{"line":355,"column":0},"end":{"line":355,"column":56}},"355":{"start":{"line":356,"column":0},"end":{"line":356,"column":27}},"356":{"start":{"line":357,"column":0},"end":{"line":357,"column":39}},"357":{"start":{"line":358,"column":0},"end":{"line":358,"column":52}},"358":{"start":{"line":359,"column":0},"end":{"line":359,"column":12}},"359":{"start":{"line":360,"column":0},"end":{"line":360,"column":44}},"360":{"start":{"line":361,"column":0},"end":{"line":361,"column":5}},"361":{"start":{"line":362,"column":0},"end":{"line":362,"column":30}},"362":{"start":{"line":363,"column":0},"end":{"line":363,"column":3}},"363":{"start":{"line":364,"column":0},"end":{"line":364,"column":51}},"366":{"start":{"line":367,"column":0},"end":{"line":367,"column":30}},"367":{"start":{"line":368,"column":0},"end":{"line":368,"column":39}},"368":{"start":{"line":369,"column":0},"end":{"line":369,"column":14}},"369":{"start":{"line":370,"column":0},"end":{"line":370,"column":52}},"370":{"start":{"line":371,"column":0},"end":{"line":371,"column":47}},"371":{"start":{"line":372,"column":0},"end":{"line":372,"column":53}},"372":{"start":{"line":373,"column":0},"end":{"line":373,"column":9}},"373":{"start":{"line":374,"column":0},"end":{"line":374,"column":19}},"374":{"start":{"line":375,"column":0},"end":{"line":375,"column":11}},"376":{"start":{"line":377,"column":0},"end":{"line":377,"column":33}},"377":{"start":{"line":378,"column":0},"end":{"line":378,"column":31}},"378":{"start":{"line":379,"column":0},"end":{"line":379,"column":20}},"382":{"start":{"line":383,"column":0},"end":{"line":383,"column":79}},"383":{"start":{"line":384,"column":0},"end":{"line":384,"column":53}},"384":{"start":{"line":385,"column":0},"end":{"line":385,"column":25}},"386":{"start":{"line":387,"column":0},"end":{"line":387,"column":22}},"388":{"start":{"line":389,"column":0},"end":{"line":389,"column":72}},"391":{"start":{"line":392,"column":0},"end":{"line":392,"column":53}},"394":{"start":{"line":395,"column":0},"end":{"line":395,"column":60}},"395":{"start":{"line":396,"column":0},"end":{"line":396,"column":49}},"398":{"start":{"line":399,"column":0},"end":{"line":399,"column":58}},"399":{"start":{"line":400,"column":0},"end":{"line":400,"column":51}},"400":{"start":{"line":401,"column":0},"end":{"line":401,"column":57}},"401":{"start":{"line":402,"column":0},"end":{"line":402,"column":3}},"403":{"start":{"line":404,"column":0},"end":{"line":404,"column":39}},"404":{"start":{"line":405,"column":0},"end":{"line":405,"column":66}},"405":{"start":{"line":406,"column":0},"end":{"line":406,"column":14}},"406":{"start":{"line":407,"column":0},"end":{"line":407,"column":63}},"407":{"start":{"line":408,"column":0},"end":{"line":408,"column":47}},"408":{"start":{"line":409,"column":0},"end":{"line":409,"column":50}},"409":{"start":{"line":410,"column":0},"end":{"line":410,"column":9}},"410":{"start":{"line":411,"column":0},"end":{"line":411,"column":19}},"411":{"start":{"line":412,"column":0},"end":{"line":412,"column":11}},"417":{"start":{"line":418,"column":0},"end":{"line":418,"column":23}},"419":{"start":{"line":420,"column":0},"end":{"line":420,"column":22}},"423":{"start":{"line":424,"column":0},"end":{"line":424,"column":81}},"424":{"start":{"line":425,"column":0},"end":{"line":425,"column":45}},"425":{"start":{"line":426,"column":0},"end":{"line":426,"column":16}},"426":{"start":{"line":427,"column":0},"end":{"line":427,"column":72}},"427":{"start":{"line":428,"column":0},"end":{"line":428,"column":75}},"428":{"start":{"line":429,"column":0},"end":{"line":429,"column":71}},"430":{"start":{"line":431,"column":0},"end":{"line":431,"column":78}},"431":{"start":{"line":432,"column":0},"end":{"line":432,"column":47}},"432":{"start":{"line":433,"column":0},"end":{"line":433,"column":19}},"433":{"start":{"line":434,"column":0},"end":{"line":434,"column":10}},"434":{"start":{"line":435,"column":0},"end":{"line":435,"column":35}},"435":{"start":{"line":436,"column":0},"end":{"line":436,"column":71}},"436":{"start":{"line":437,"column":0},"end":{"line":437,"column":6}},"437":{"start":{"line":438,"column":0},"end":{"line":438,"column":16}},"438":{"start":{"line":439,"column":0},"end":{"line":439,"column":66}},"439":{"start":{"line":440,"column":0},"end":{"line":440,"column":69}},"440":{"start":{"line":441,"column":0},"end":{"line":441,"column":39}},"442":{"start":{"line":443,"column":0},"end":{"line":443,"column":85}},"443":{"start":{"line":444,"column":0},"end":{"line":444,"column":3}},"447":{"start":{"line":448,"column":0},"end":{"line":448,"column":67}},"448":{"start":{"line":449,"column":0},"end":{"line":449,"column":64}},"449":{"start":{"line":450,"column":0},"end":{"line":450,"column":60}},"450":{"start":{"line":451,"column":0},"end":{"line":451,"column":42}},"451":{"start":{"line":452,"column":0},"end":{"line":452,"column":17}},"454":{"start":{"line":455,"column":0},"end":{"line":455,"column":37}},"455":{"start":{"line":456,"column":0},"end":{"line":456,"column":19}},"456":{"start":{"line":457,"column":0},"end":{"line":457,"column":38}},"457":{"start":{"line":458,"column":0},"end":{"line":458,"column":38}},"458":{"start":{"line":459,"column":0},"end":{"line":459,"column":42}},"459":{"start":{"line":460,"column":0},"end":{"line":460,"column":42}},"462":{"start":{"line":463,"column":0},"end":{"line":463,"column":77}},"463":{"start":{"line":464,"column":0},"end":{"line":464,"column":44}},"464":{"start":{"line":465,"column":0},"end":{"line":465,"column":14}},"467":{"start":{"line":468,"column":0},"end":{"line":468,"column":34}},"468":{"start":{"line":469,"column":0},"end":{"line":469,"column":24}},"471":{"start":{"line":472,"column":0},"end":{"line":472,"column":28}},"472":{"start":{"line":473,"column":0},"end":{"line":473,"column":29}},"475":{"start":{"line":476,"column":0},"end":{"line":476,"column":16}},"476":{"start":{"line":477,"column":0},"end":{"line":477,"column":46}},"477":{"start":{"line":478,"column":0},"end":{"line":478,"column":27}},"478":{"start":{"line":479,"column":0},"end":{"line":479,"column":3}},"481":{"start":{"line":482,"column":0},"end":{"line":482,"column":22}},"482":{"start":{"line":483,"column":0},"end":{"line":483,"column":39}},"483":{"start":{"line":484,"column":0},"end":{"line":484,"column":35}},"484":{"start":{"line":485,"column":0},"end":{"line":485,"column":3}},"487":{"start":{"line":488,"column":0},"end":{"line":488,"column":26}},"489":{"start":{"line":490,"column":0},"end":{"line":490,"column":15}},"490":{"start":{"line":491,"column":0},"end":{"line":491,"column":1}},"507":{"start":{"line":508,"column":0},"end":{"line":508,"column":41}},"508":{"start":{"line":509,"column":0},"end":{"line":509,"column":18}},"509":{"start":{"line":510,"column":0},"end":{"line":510,"column":24}},"510":{"start":{"line":511,"column":0},"end":{"line":511,"column":42}},"511":{"start":{"line":512,"column":0},"end":{"line":512,"column":26}},"512":{"start":{"line":513,"column":0},"end":{"line":513,"column":33}},"513":{"start":{"line":514,"column":0},"end":{"line":514,"column":25}},"514":{"start":{"line":515,"column":0},"end":{"line":515,"column":97}},"515":{"start":{"line":516,"column":0},"end":{"line":516,"column":6}},"516":{"start":{"line":517,"column":0},"end":{"line":517,"column":3}},"519":{"start":{"line":520,"column":0},"end":{"line":520,"column":17}},"521":{"start":{"line":522,"column":0},"end":{"line":522,"column":33}},"522":{"start":{"line":523,"column":0},"end":{"line":523,"column":37}},"523":{"start":{"line":524,"column":0},"end":{"line":524,"column":20}},"524":{"start":{"line":525,"column":0},"end":{"line":525,"column":154}},"525":{"start":{"line":526,"column":0},"end":{"line":526,"column":6}},"526":{"start":{"line":527,"column":0},"end":{"line":527,"column":3}},"528":{"start":{"line":529,"column":0},"end":{"line":529,"column":31}},"529":{"start":{"line":530,"column":0},"end":{"line":530,"column":51}},"530":{"start":{"line":531,"column":0},"end":{"line":531,"column":51}},"531":{"start":{"line":532,"column":0},"end":{"line":532,"column":65}},"532":{"start":{"line":533,"column":0},"end":{"line":533,"column":56}},"534":{"start":{"line":535,"column":0},"end":{"line":535,"column":73}},"535":{"start":{"line":536,"column":0},"end":{"line":536,"column":48}},"536":{"start":{"line":537,"column":0},"end":{"line":537,"column":14}},"538":{"start":{"line":539,"column":0},"end":{"line":539,"column":23}},"539":{"start":{"line":540,"column":0},"end":{"line":540,"column":63}},"540":{"start":{"line":541,"column":0},"end":{"line":541,"column":3}},"542":{"start":{"line":543,"column":0},"end":{"line":543,"column":57}},"543":{"start":{"line":544,"column":0},"end":{"line":544,"column":24}},"545":{"start":{"line":546,"column":0},"end":{"line":546,"column":62}},"546":{"start":{"line":547,"column":0},"end":{"line":547,"column":29}},"551":{"start":{"line":552,"column":0},"end":{"line":552,"column":26}},"552":{"start":{"line":553,"column":0},"end":{"line":553,"column":26}},"553":{"start":{"line":554,"column":0},"end":{"line":554,"column":45}},"554":{"start":{"line":555,"column":0},"end":{"line":555,"column":27}},"555":{"start":{"line":556,"column":0},"end":{"line":556,"column":125}},"556":{"start":{"line":557,"column":0},"end":{"line":557,"column":8}},"557":{"start":{"line":558,"column":0},"end":{"line":558,"column":5}},"558":{"start":{"line":559,"column":0},"end":{"line":559,"column":66}},"559":{"start":{"line":560,"column":0},"end":{"line":560,"column":27}},"562":{"start":{"line":563,"column":0},"end":{"line":563,"column":30}},"563":{"start":{"line":564,"column":0},"end":{"line":564,"column":44}},"564":{"start":{"line":565,"column":0},"end":{"line":565,"column":50}},"565":{"start":{"line":566,"column":0},"end":{"line":566,"column":18}},"566":{"start":{"line":567,"column":0},"end":{"line":567,"column":22}},"567":{"start":{"line":568,"column":0},"end":{"line":568,"column":117}},"568":{"start":{"line":569,"column":0},"end":{"line":569,"column":8}},"569":{"start":{"line":570,"column":0},"end":{"line":570,"column":5}},"571":{"start":{"line":572,"column":0},"end":{"line":572,"column":55}},"572":{"start":{"line":573,"column":0},"end":{"line":573,"column":17}},"573":{"start":{"line":574,"column":0},"end":{"line":574,"column":44}},"574":{"start":{"line":575,"column":0},"end":{"line":575,"column":50}},"575":{"start":{"line":576,"column":0},"end":{"line":576,"column":18}},"576":{"start":{"line":577,"column":0},"end":{"line":577,"column":22}},"577":{"start":{"line":578,"column":0},"end":{"line":578,"column":122}},"578":{"start":{"line":579,"column":0},"end":{"line":579,"column":8}},"579":{"start":{"line":580,"column":0},"end":{"line":580,"column":5}},"582":{"start":{"line":583,"column":0},"end":{"line":583,"column":48}},"583":{"start":{"line":584,"column":0},"end":{"line":584,"column":73}},"584":{"start":{"line":585,"column":0},"end":{"line":585,"column":10}},"586":{"start":{"line":587,"column":0},"end":{"line":587,"column":35}},"587":{"start":{"line":588,"column":0},"end":{"line":588,"column":3}},"593":{"start":{"line":594,"column":0},"end":{"line":594,"column":58}},"594":{"start":{"line":595,"column":0},"end":{"line":595,"column":56}},"596":{"start":{"line":597,"column":0},"end":{"line":597,"column":22}},"602":{"start":{"line":603,"column":0},"end":{"line":603,"column":48}},"603":{"start":{"line":604,"column":0},"end":{"line":604,"column":27}},"604":{"start":{"line":605,"column":0},"end":{"line":605,"column":127}},"605":{"start":{"line":606,"column":0},"end":{"line":606,"column":8}},"606":{"start":{"line":607,"column":0},"end":{"line":607,"column":5}},"607":{"start":{"line":608,"column":0},"end":{"line":608,"column":32}},"608":{"start":{"line":609,"column":0},"end":{"line":609,"column":59}},"611":{"start":{"line":612,"column":0},"end":{"line":612,"column":22}},"612":{"start":{"line":613,"column":0},"end":{"line":613,"column":16}},"613":{"start":{"line":614,"column":0},"end":{"line":614,"column":50}},"614":{"start":{"line":615,"column":0},"end":{"line":615,"column":14}},"615":{"start":{"line":616,"column":0},"end":{"line":616,"column":16}},"616":{"start":{"line":617,"column":0},"end":{"line":617,"column":55}},"617":{"start":{"line":618,"column":0},"end":{"line":618,"column":14}},"618":{"start":{"line":619,"column":0},"end":{"line":619,"column":16}},"619":{"start":{"line":620,"column":0},"end":{"line":620,"column":52}},"620":{"start":{"line":621,"column":0},"end":{"line":621,"column":14}},"621":{"start":{"line":622,"column":0},"end":{"line":622,"column":14}},"622":{"start":{"line":623,"column":0},"end":{"line":623,"column":99}},"623":{"start":{"line":624,"column":0},"end":{"line":624,"column":5}},"624":{"start":{"line":625,"column":0},"end":{"line":625,"column":32}},"627":{"start":{"line":628,"column":0},"end":{"line":628,"column":53}},"628":{"start":{"line":629,"column":0},"end":{"line":629,"column":3}},"633":{"start":{"line":634,"column":0},"end":{"line":634,"column":21}},"634":{"start":{"line":635,"column":0},"end":{"line":635,"column":52}},"635":{"start":{"line":636,"column":0},"end":{"line":636,"column":27}},"636":{"start":{"line":637,"column":0},"end":{"line":637,"column":27}},"638":{"start":{"line":639,"column":0},"end":{"line":639,"column":19}},"640":{"start":{"line":641,"column":0},"end":{"line":641,"column":47}},"641":{"start":{"line":642,"column":0},"end":{"line":642,"column":56}},"643":{"start":{"line":644,"column":0},"end":{"line":644,"column":60}},"644":{"start":{"line":645,"column":0},"end":{"line":645,"column":10}},"646":{"start":{"line":647,"column":0},"end":{"line":647,"column":32}},"647":{"start":{"line":648,"column":0},"end":{"line":648,"column":53}},"648":{"start":{"line":649,"column":0},"end":{"line":649,"column":86}},"649":{"start":{"line":650,"column":0},"end":{"line":650,"column":5}},"650":{"start":{"line":651,"column":0},"end":{"line":651,"column":20}},"651":{"start":{"line":652,"column":0},"end":{"line":652,"column":40}},"652":{"start":{"line":653,"column":0},"end":{"line":653,"column":66}},"653":{"start":{"line":654,"column":0},"end":{"line":654,"column":5}},"654":{"start":{"line":655,"column":0},"end":{"line":655,"column":3}},"656":{"start":{"line":657,"column":0},"end":{"line":657,"column":42}},"659":{"start":{"line":660,"column":0},"end":{"line":660,"column":24}},"660":{"start":{"line":661,"column":0},"end":{"line":661,"column":23}},"662":{"start":{"line":663,"column":0},"end":{"line":663,"column":19}},"667":{"start":{"line":668,"column":0},"end":{"line":668,"column":24}},"670":{"start":{"line":671,"column":0},"end":{"line":671,"column":39}},"671":{"start":{"line":672,"column":0},"end":{"line":672,"column":23}},"672":{"start":{"line":673,"column":0},"end":{"line":673,"column":48}},"673":{"start":{"line":674,"column":0},"end":{"line":674,"column":10}},"674":{"start":{"line":675,"column":0},"end":{"line":675,"column":8}},"675":{"start":{"line":676,"column":0},"end":{"line":676,"column":60}},"677":{"start":{"line":678,"column":0},"end":{"line":678,"column":57}},"678":{"start":{"line":679,"column":0},"end":{"line":679,"column":28}},"679":{"start":{"line":680,"column":0},"end":{"line":680,"column":95}},"680":{"start":{"line":681,"column":0},"end":{"line":681,"column":7}},"681":{"start":{"line":682,"column":0},"end":{"line":682,"column":55}},"682":{"start":{"line":683,"column":0},"end":{"line":683,"column":53}},"683":{"start":{"line":684,"column":0},"end":{"line":684,"column":24}},"684":{"start":{"line":685,"column":0},"end":{"line":685,"column":12}},"686":{"start":{"line":687,"column":0},"end":{"line":687,"column":56}},"687":{"start":{"line":688,"column":0},"end":{"line":688,"column":28}},"688":{"start":{"line":689,"column":0},"end":{"line":689,"column":94}},"689":{"start":{"line":690,"column":0},"end":{"line":690,"column":7}},"690":{"start":{"line":691,"column":0},"end":{"line":691,"column":55}},"691":{"start":{"line":692,"column":0},"end":{"line":692,"column":53}},"692":{"start":{"line":693,"column":0},"end":{"line":693,"column":24}},"693":{"start":{"line":694,"column":0},"end":{"line":694,"column":5}},"694":{"start":{"line":695,"column":0},"end":{"line":695,"column":10}},"696":{"start":{"line":697,"column":0},"end":{"line":697,"column":44}},"697":{"start":{"line":698,"column":0},"end":{"line":698,"column":81}},"698":{"start":{"line":699,"column":0},"end":{"line":699,"column":5}},"699":{"start":{"line":700,"column":0},"end":{"line":700,"column":51}},"700":{"start":{"line":701,"column":0},"end":{"line":701,"column":32}},"701":{"start":{"line":702,"column":0},"end":{"line":702,"column":3}},"705":{"start":{"line":706,"column":0},"end":{"line":706,"column":60}},"707":{"start":{"line":708,"column":0},"end":{"line":708,"column":22}},"711":{"start":{"line":712,"column":0},"end":{"line":712,"column":33}},"712":{"start":{"line":713,"column":0},"end":{"line":713,"column":21}},"713":{"start":{"line":714,"column":0},"end":{"line":714,"column":46}},"714":{"start":{"line":715,"column":0},"end":{"line":715,"column":8}},"715":{"start":{"line":716,"column":0},"end":{"line":716,"column":25}},"716":{"start":{"line":717,"column":0},"end":{"line":717,"column":31}},"717":{"start":{"line":718,"column":0},"end":{"line":718,"column":39}},"718":{"start":{"line":719,"column":0},"end":{"line":719,"column":42}},"719":{"start":{"line":720,"column":0},"end":{"line":720,"column":27}},"720":{"start":{"line":721,"column":0},"end":{"line":721,"column":106}},"721":{"start":{"line":722,"column":0},"end":{"line":722,"column":8}},"722":{"start":{"line":723,"column":0},"end":{"line":723,"column":5}},"723":{"start":{"line":724,"column":0},"end":{"line":724,"column":58}},"724":{"start":{"line":725,"column":0},"end":{"line":725,"column":55}},"725":{"start":{"line":726,"column":0},"end":{"line":726,"column":85}},"728":{"start":{"line":729,"column":0},"end":{"line":729,"column":40}},"729":{"start":{"line":730,"column":0},"end":{"line":730,"column":55}},"730":{"start":{"line":731,"column":0},"end":{"line":731,"column":84}},"731":{"start":{"line":732,"column":0},"end":{"line":732,"column":56}},"732":{"start":{"line":733,"column":0},"end":{"line":733,"column":34}},"733":{"start":{"line":734,"column":0},"end":{"line":734,"column":42}},"734":{"start":{"line":735,"column":0},"end":{"line":735,"column":5}},"735":{"start":{"line":736,"column":0},"end":{"line":736,"column":10}},"737":{"start":{"line":738,"column":0},"end":{"line":738,"column":56}},"738":{"start":{"line":739,"column":0},"end":{"line":739,"column":80}},"739":{"start":{"line":740,"column":0},"end":{"line":740,"column":5}},"740":{"start":{"line":741,"column":0},"end":{"line":741,"column":40}},"741":{"start":{"line":742,"column":0},"end":{"line":742,"column":46}},"742":{"start":{"line":743,"column":0},"end":{"line":743,"column":69}},"743":{"start":{"line":744,"column":0},"end":{"line":744,"column":5}},"744":{"start":{"line":745,"column":0},"end":{"line":745,"column":3}},"753":{"start":{"line":754,"column":0},"end":{"line":754,"column":62}},"754":{"start":{"line":755,"column":0},"end":{"line":755,"column":56}},"755":{"start":{"line":756,"column":0},"end":{"line":756,"column":73}},"757":{"start":{"line":758,"column":0},"end":{"line":758,"column":38}},"758":{"start":{"line":759,"column":0},"end":{"line":759,"column":41}},"761":{"start":{"line":762,"column":0},"end":{"line":762,"column":32}},"764":{"start":{"line":765,"column":0},"end":{"line":765,"column":32}},"767":{"start":{"line":768,"column":0},"end":{"line":768,"column":34}},"770":{"start":{"line":771,"column":0},"end":{"line":771,"column":48}},"773":{"start":{"line":774,"column":0},"end":{"line":774,"column":30}},"776":{"start":{"line":777,"column":0},"end":{"line":777,"column":46}},"778":{"start":{"line":779,"column":0},"end":{"line":779,"column":25}},"781":{"start":{"line":782,"column":0},"end":{"line":782,"column":28}},"782":{"start":{"line":783,"column":0},"end":{"line":783,"column":3}},"785":{"start":{"line":786,"column":0},"end":{"line":786,"column":73}},"786":{"start":{"line":787,"column":0},"end":{"line":787,"column":77}},"787":{"start":{"line":788,"column":0},"end":{"line":788,"column":15}},"788":{"start":{"line":789,"column":0},"end":{"line":789,"column":87}},"789":{"start":{"line":790,"column":0},"end":{"line":790,"column":3}},"795":{"start":{"line":796,"column":0},"end":{"line":796,"column":41}},"796":{"start":{"line":797,"column":0},"end":{"line":797,"column":49}},"797":{"start":{"line":798,"column":0},"end":{"line":798,"column":38}},"798":{"start":{"line":799,"column":0},"end":{"line":799,"column":61}},"799":{"start":{"line":800,"column":0},"end":{"line":800,"column":80}},"800":{"start":{"line":801,"column":0},"end":{"line":801,"column":18}},"801":{"start":{"line":802,"column":0},"end":{"line":802,"column":3}},"803":{"start":{"line":804,"column":0},"end":{"line":804,"column":14}},"804":{"start":{"line":805,"column":0},"end":{"line":805,"column":1}}},"s":{"0":1,"54":1,"55":1,"56":1,"57":1,"58":1,"59":1,"61":1,"62":1,"65":1,"66":1,"68":1,"69":1,"70":1,"71":1,"72":1,"73":1,"76":1,"77":1,"78":1,"79":1,"80":1,"81":1,"119":8594,"120":8594,"121":8594,"128":8980,"129":8980,"130":8980,"131":8980,"132":8980,"133":8980,"139":20,"140":20,"141":20,"142":20,"143":20,"148":8297,"149":8297,"150":8297,"151":8297,"156":9008,"157":9008,"158":9008,"159":9008,"167":15,"168":15,"169":15,"170":15,"171":3840,"172":3840,"173":15,"174":15,"180":16,"181":16,"182":16,"183":16,"184":16,"185":4096,"186":4096,"187":16,"188":16,"189":4096,"190":4096,"191":16,"192":16,"199":21,"200":21,"201":21,"202":21,"203":678,"204":678,"205":678,"206":678,"207":678,"208":21,"209":21,"216":3,"217":3,"218":3,"220":3,"221":3,"223":3,"224":3,"225":3,"226":1760,"227":1760,"228":3,"229":1760,"230":1760,"232":3,"233":3,"246":401,"247":401,"248":401,"249":401,"250":401,"252":401,"253":1,"254":1,"255":401,"256":8308,"257":2,"258":2,"259":2,"260":2,"261":8308,"262":398,"263":401,"264":7908,"265":7908,"266":253025,"267":1,"268":1,"269":253025,"270":7907,"273":401,"274":401,"277":401,"278":3,"279":3,"280":401,"281":3,"282":3,"285":401,"286":3,"287":3,"288":3,"289":3,"291":401,"293":401,"294":7,"295":2,"296":2,"297":2,"298":2,"299":7,"302":386,"303":386,"304":386,"306":401,"307":8268,"308":8268,"309":8268,"310":8268,"311":8268,"318":386,"319":386,"320":386,"322":401,"323":8268,"325":8268,"326":8268,"328":386,"329":8268,"330":7882,"331":7882,"333":8268,"334":8268,"335":8268,"336":8268,"337":8268,"338":8268,"339":8268,"341":8268,"342":8268,"343":8268,"346":386,"347":401,"348":8268,"349":8268,"350":8268,"351":386,"354":386,"355":401,"356":15,"357":3,"358":15,"359":12,"360":12,"361":15,"362":15,"363":386,"366":386,"367":381,"368":5,"369":5,"370":5,"371":28,"372":28,"373":5,"374":5,"376":401,"377":380,"378":6,"382":401,"383":401,"384":401,"386":401,"388":15,"391":15,"394":15,"395":15,"398":15,"399":15,"400":15,"401":15,"403":386,"404":15,"405":371,"406":371,"407":371,"408":7810,"409":7810,"410":371,"411":371,"417":401,"419":401,"423":15,"424":15,"425":15,"426":15,"427":15,"428":15,"430":15,"431":15,"432":15,"433":401,"434":371,"435":371,"436":371,"437":371,"438":371,"439":371,"440":371,"442":371,"443":371,"447":401,"448":401,"449":401,"450":401,"451":401,"454":401,"455":401,"456":401,"457":401,"458":401,"459":401,"462":401,"463":401,"464":401,"467":401,"468":401,"471":401,"472":401,"475":401,"476":5,"477":5,"478":5,"481":401,"482":15,"483":15,"484":15,"487":386,"489":386,"490":386,"507":44,"508":44,"509":44,"510":44,"511":44,"512":44,"513":1,"514":1,"515":1,"516":1,"519":43,"521":43,"522":44,"523":1,"524":1,"525":1,"526":1,"528":42,"529":42,"530":42,"531":42,"532":42,"534":42,"535":42,"536":42,"538":44,"539":2,"540":2,"542":40,"543":40,"545":40,"546":40,"551":40,"552":44,"553":6,"554":2,"555":2,"556":2,"557":2,"558":4,"559":4,"562":4,"563":1,"564":1,"565":1,"566":1,"567":1,"568":1,"569":1,"571":3,"572":4,"573":1,"574":1,"575":1,"576":1,"577":1,"578":1,"579":1,"582":2,"583":2,"584":44,"586":34,"587":34,"593":36,"594":36,"596":44,"602":18,"603":2,"604":2,"605":2,"606":2,"607":16,"608":16,"611":16,"612":18,"613":6,"614":6,"615":18,"616":2,"617":2,"618":18,"619":7,"620":7,"621":18,"622":1,"623":18,"624":15,"627":15,"628":15,"633":33,"634":33,"635":33,"636":33,"638":42,"640":25,"641":25,"643":25,"644":44,"646":8,"647":8,"648":2,"649":2,"650":6,"651":8,"652":29,"653":29,"654":6,"656":31,"659":31,"660":31,"662":42,"667":23,"670":12,"671":12,"672":12,"673":12,"674":12,"675":12,"677":12,"678":12,"679":2,"680":2,"681":10,"682":10,"683":10,"684":23,"686":11,"687":11,"688":2,"689":2,"690":9,"691":9,"692":9,"693":9,"694":44,"696":8,"697":2,"698":2,"699":6,"700":6,"701":6,"705":25,"707":44,"711":13,"712":13,"713":13,"714":13,"715":13,"716":13,"717":13,"718":13,"719":2,"720":2,"721":2,"722":2,"723":11,"724":11,"725":11,"728":13,"729":351,"730":351,"731":351,"732":351,"733":351,"734":351,"735":44,"737":12,"738":2,"739":2,"740":10,"741":361,"742":361,"743":361,"744":10,"753":21,"754":21,"755":21,"757":44,"758":712,"761":712,"764":712,"767":712,"770":712,"773":712,"776":712,"778":712,"781":712,"782":712,"785":21,"786":21,"787":44,"788":1,"789":1,"795":20,"796":20,"797":44,"798":702,"799":702,"800":702,"801":702,"803":20,"804":20},"branchMap":{"0":{"type":"branch","line":120,"loc":{"start":{"line":120,"column":0},"end":{"line":122,"column":1}},"locations":[{"start":{"line":120,"column":0},"end":{"line":122,"column":1}}]},"1":{"type":"branch","line":129,"loc":{"start":{"line":129,"column":0},"end":{"line":134,"column":1}},"locations":[{"start":{"line":129,"column":0},"end":{"line":134,"column":1}}]},"2":{"type":"branch","line":140,"loc":{"start":{"line":140,"column":0},"end":{"line":144,"column":1}},"locations":[{"start":{"line":140,"column":0},"end":{"line":144,"column":1}}]},"3":{"type":"branch","line":149,"loc":{"start":{"line":149,"column":0},"end":{"line":152,"column":1}},"locations":[{"start":{"line":149,"column":0},"end":{"line":152,"column":1}}]},"4":{"type":"branch","line":157,"loc":{"start":{"line":157,"column":0},"end":{"line":160,"column":1}},"locations":[{"start":{"line":157,"column":0},"end":{"line":160,"column":1}}]},"5":{"type":"branch","line":168,"loc":{"start":{"line":168,"column":0},"end":{"line":175,"column":1}},"locations":[{"start":{"line":168,"column":0},"end":{"line":175,"column":1}}]},"6":{"type":"branch","line":171,"loc":{"start":{"line":171,"column":32},"end":{"line":173,"column":3}},"locations":[{"start":{"line":171,"column":32},"end":{"line":173,"column":3}}]},"7":{"type":"branch","line":181,"loc":{"start":{"line":181,"column":0},"end":{"line":193,"column":1}},"locations":[{"start":{"line":181,"column":0},"end":{"line":193,"column":1}}]},"8":{"type":"branch","line":185,"loc":{"start":{"line":185,"column":32},"end":{"line":187,"column":3}},"locations":[{"start":{"line":185,"column":32},"end":{"line":187,"column":3}}]},"9":{"type":"branch","line":189,"loc":{"start":{"line":189,"column":32},"end":{"line":191,"column":3}},"locations":[{"start":{"line":189,"column":32},"end":{"line":191,"column":3}}]},"10":{"type":"branch","line":200,"loc":{"start":{"line":200,"column":0},"end":{"line":210,"column":1}},"locations":[{"start":{"line":200,"column":0},"end":{"line":210,"column":1}}]},"11":{"type":"branch","line":203,"loc":{"start":{"line":203,"column":30},"end":{"line":208,"column":3}},"locations":[{"start":{"line":203,"column":30},"end":{"line":208,"column":3}}]},"12":{"type":"branch","line":217,"loc":{"start":{"line":217,"column":0},"end":{"line":234,"column":1}},"locations":[{"start":{"line":217,"column":0},"end":{"line":234,"column":1}}]},"13":{"type":"branch","line":226,"loc":{"start":{"line":226,"column":51},"end":{"line":228,"column":3}},"locations":[{"start":{"line":226,"column":51},"end":{"line":228,"column":3}}]},"14":{"type":"branch","line":229,"loc":{"start":{"line":229,"column":49},"end":{"line":231,"column":3}},"locations":[{"start":{"line":229,"column":49},"end":{"line":231,"column":3}}]},"15":{"type":"branch","line":233,"loc":{"start":{"line":233,"column":23},"end":{"line":233,"column":59}},"locations":[{"start":{"line":233,"column":23},"end":{"line":233,"column":59}}]},"16":{"type":"branch","line":233,"loc":{"start":{"line":233,"column":55},"end":{"line":233,"column":79}},"locations":[{"start":{"line":233,"column":55},"end":{"line":233,"column":79}}]},"17":{"type":"branch","line":247,"loc":{"start":{"line":247,"column":0},"end":{"line":491,"column":1}},"locations":[{"start":{"line":247,"column":0},"end":{"line":491,"column":1}}]},"18":{"type":"branch","line":253,"loc":{"start":{"line":253,"column":25},"end":{"line":255,"column":3}},"locations":[{"start":{"line":253,"column":25},"end":{"line":255,"column":3}}]},"19":{"type":"branch","line":255,"loc":{"start":{"line":255,"column":2},"end":{"line":256,"column":40}},"locations":[{"start":{"line":255,"column":2},"end":{"line":256,"column":40}}]},"20":{"type":"branch","line":256,"loc":{"start":{"line":256,"column":40},"end":{"line":262,"column":3}},"locations":[{"start":{"line":256,"column":40},"end":{"line":262,"column":3}}]},"21":{"type":"branch","line":257,"loc":{"start":{"line":257,"column":38},"end":{"line":261,"column":5}},"locations":[{"start":{"line":257,"column":38},"end":{"line":261,"column":5}}]},"22":{"type":"branch","line":262,"loc":{"start":{"line":262,"column":2},"end":{"line":264,"column":40}},"locations":[{"start":{"line":262,"column":2},"end":{"line":264,"column":40}}]},"23":{"type":"branch","line":264,"loc":{"start":{"line":264,"column":40},"end":{"line":271,"column":3}},"locations":[{"start":{"line":264,"column":40},"end":{"line":271,"column":3}}]},"24":{"type":"branch","line":266,"loc":{"start":{"line":266,"column":42},"end":{"line":270,"column":5}},"locations":[{"start":{"line":266,"column":42},"end":{"line":270,"column":5}}]},"25":{"type":"branch","line":267,"loc":{"start":{"line":267,"column":37},"end":{"line":269,"column":7}},"locations":[{"start":{"line":267,"column":37},"end":{"line":269,"column":7}}]},"26":{"type":"branch","line":270,"loc":{"start":{"line":270,"column":4},"end":{"line":271,"column":3}},"locations":[{"start":{"line":270,"column":4},"end":{"line":271,"column":3}}]},"27":{"type":"branch","line":271,"loc":{"start":{"line":271,"column":2},"end":{"line":274,"column":49}},"locations":[{"start":{"line":271,"column":2},"end":{"line":274,"column":49}}]},"28":{"type":"branch","line":271,"loc":{"start":{"line":271,"column":2},"end":{"line":274,"column":30}},"locations":[{"start":{"line":271,"column":2},"end":{"line":274,"column":30}}]},"29":{"type":"branch","line":274,"loc":{"start":{"line":274,"column":21},"end":{"line":274,"column":49}},"locations":[{"start":{"line":274,"column":21},"end":{"line":274,"column":49}}]},"30":{"type":"branch","line":275,"loc":{"start":{"line":275,"column":21},"end":{"line":275,"column":49}},"locations":[{"start":{"line":275,"column":21},"end":{"line":275,"column":49}}]},"31":{"type":"branch","line":278,"loc":{"start":{"line":278,"column":6},"end":{"line":278,"column":29}},"locations":[{"start":{"line":278,"column":6},"end":{"line":278,"column":29}}]},"32":{"type":"branch","line":278,"loc":{"start":{"line":278,"column":15},"end":{"line":278,"column":53}},"locations":[{"start":{"line":278,"column":15},"end":{"line":278,"column":53}}]},"33":{"type":"branch","line":278,"loc":{"start":{"line":278,"column":53},"end":{"line":280,"column":3}},"locations":[{"start":{"line":278,"column":53},"end":{"line":280,"column":3}}]},"34":{"type":"branch","line":280,"loc":{"start":{"line":280,"column":2},"end":{"line":281,"column":31}},"locations":[{"start":{"line":280,"column":2},"end":{"line":281,"column":31}}]},"35":{"type":"branch","line":280,"loc":{"start":{"line":280,"column":2},"end":{"line":281,"column":15}},"locations":[{"start":{"line":280,"column":2},"end":{"line":281,"column":15}}]},"36":{"type":"branch","line":281,"loc":{"start":{"line":281,"column":6},"end":{"line":281,"column":31}},"locations":[{"start":{"line":281,"column":6},"end":{"line":281,"column":31}}]},"37":{"type":"branch","line":281,"loc":{"start":{"line":281,"column":15},"end":{"line":281,"column":53}},"locations":[{"start":{"line":281,"column":15},"end":{"line":281,"column":53}}]},"38":{"type":"branch","line":281,"loc":{"start":{"line":281,"column":53},"end":{"line":283,"column":3}},"locations":[{"start":{"line":281,"column":53},"end":{"line":283,"column":3}}]},"39":{"type":"branch","line":283,"loc":{"start":{"line":283,"column":2},"end":{"line":286,"column":29}},"locations":[{"start":{"line":283,"column":2},"end":{"line":286,"column":29}}]},"40":{"type":"branch","line":283,"loc":{"start":{"line":283,"column":2},"end":{"line":286,"column":15}},"locations":[{"start":{"line":283,"column":2},"end":{"line":286,"column":15}}]},"41":{"type":"branch","line":286,"loc":{"start":{"line":286,"column":6},"end":{"line":286,"column":29}},"locations":[{"start":{"line":286,"column":6},"end":{"line":286,"column":29}}]},"42":{"type":"branch","line":286,"loc":{"start":{"line":286,"column":15},"end":{"line":286,"column":76}},"locations":[{"start":{"line":286,"column":15},"end":{"line":286,"column":76}}]},"43":{"type":"branch","line":286,"loc":{"start":{"line":286,"column":38},"end":{"line":286,"column":76}},"locations":[{"start":{"line":286,"column":38},"end":{"line":286,"column":76}}]},"44":{"type":"branch","line":286,"loc":{"start":{"line":286,"column":76},"end":{"line":290,"column":3}},"locations":[{"start":{"line":286,"column":76},"end":{"line":290,"column":3}}]},"45":{"type":"branch","line":290,"loc":{"start":{"line":290,"column":2},"end":{"line":292,"column":44}},"locations":[{"start":{"line":290,"column":2},"end":{"line":292,"column":44}}]},"46":{"type":"branch","line":290,"loc":{"start":{"line":290,"column":2},"end":{"line":292,"column":30}},"locations":[{"start":{"line":290,"column":2},"end":{"line":292,"column":30}}]},"47":{"type":"branch","line":292,"loc":{"start":{"line":292,"column":21},"end":{"line":292,"column":44}},"locations":[{"start":{"line":292,"column":21},"end":{"line":292,"column":44}}]},"48":{"type":"branch","line":292,"loc":{"start":{"line":292,"column":30},"end":{"line":292,"column":67}},"locations":[{"start":{"line":292,"column":30},"end":{"line":292,"column":67}}]},"49":{"type":"branch","line":294,"loc":{"start":{"line":294,"column":15},"end":{"line":300,"column":3}},"locations":[{"start":{"line":294,"column":15},"end":{"line":300,"column":3}}]},"50":{"type":"branch","line":295,"loc":{"start":{"line":295,"column":56},"end":{"line":299,"column":5}},"locations":[{"start":{"line":295,"column":56},"end":{"line":299,"column":5}}]},"51":{"type":"branch","line":300,"loc":{"start":{"line":300,"column":2},"end":{"line":307,"column":40}},"locations":[{"start":{"line":300,"column":2},"end":{"line":307,"column":40}}]},"52":{"type":"branch","line":307,"loc":{"start":{"line":307,"column":40},"end":{"line":312,"column":3}},"locations":[{"start":{"line":307,"column":40},"end":{"line":312,"column":3}}]},"53":{"type":"branch","line":312,"loc":{"start":{"line":312,"column":2},"end":{"line":323,"column":40}},"locations":[{"start":{"line":312,"column":2},"end":{"line":323,"column":40}}]},"54":{"type":"branch","line":323,"loc":{"start":{"line":323,"column":40},"end":{"line":344,"column":3}},"locations":[{"start":{"line":323,"column":40},"end":{"line":344,"column":3}}]},"55":{"type":"branch","line":327,"loc":{"start":{"line":327,"column":17},"end":{"line":330,"column":11}},"locations":[{"start":{"line":327,"column":17},"end":{"line":330,"column":11}}]},"56":{"type":"branch","line":330,"loc":{"start":{"line":330,"column":4},"end":{"line":332,"column":5}},"locations":[{"start":{"line":330,"column":4},"end":{"line":332,"column":5}}]},"57":{"type":"branch","line":344,"loc":{"start":{"line":344,"column":2},"end":{"line":348,"column":40}},"locations":[{"start":{"line":344,"column":2},"end":{"line":348,"column":40}}]},"58":{"type":"branch","line":348,"loc":{"start":{"line":348,"column":40},"end":{"line":351,"column":3}},"locations":[{"start":{"line":348,"column":40},"end":{"line":351,"column":3}}]},"59":{"type":"branch","line":351,"loc":{"start":{"line":351,"column":2},"end":{"line":356,"column":26}},"locations":[{"start":{"line":351,"column":2},"end":{"line":356,"column":26}}]},"60":{"type":"branch","line":351,"loc":{"start":{"line":351,"column":2},"end":{"line":356,"column":15}},"locations":[{"start":{"line":351,"column":2},"end":{"line":356,"column":15}}]},"61":{"type":"branch","line":356,"loc":{"start":{"line":356,"column":6},"end":{"line":356,"column":26}},"locations":[{"start":{"line":356,"column":6},"end":{"line":356,"column":26}}]},"62":{"type":"branch","line":356,"loc":{"start":{"line":356,"column":26},"end":{"line":363,"column":3}},"locations":[{"start":{"line":356,"column":26},"end":{"line":363,"column":3}}]},"63":{"type":"branch","line":357,"loc":{"start":{"line":357,"column":38},"end":{"line":359,"column":11}},"locations":[{"start":{"line":357,"column":38},"end":{"line":359,"column":11}}]},"64":{"type":"branch","line":359,"loc":{"start":{"line":359,"column":4},"end":{"line":361,"column":5}},"locations":[{"start":{"line":359,"column":4},"end":{"line":361,"column":5}}]},"65":{"type":"branch","line":363,"loc":{"start":{"line":363,"column":2},"end":{"line":368,"column":39}},"locations":[{"start":{"line":363,"column":2},"end":{"line":368,"column":39}}]},"66":{"type":"branch","line":363,"loc":{"start":{"line":363,"column":2},"end":{"line":367,"column":30}},"locations":[{"start":{"line":363,"column":2},"end":{"line":367,"column":30}}]},"67":{"type":"branch","line":367,"loc":{"start":{"line":367,"column":20},"end":{"line":368,"column":39}},"locations":[{"start":{"line":367,"column":20},"end":{"line":368,"column":39}}]},"68":{"type":"branch","line":368,"loc":{"start":{"line":368,"column":38},"end":{"line":375,"column":11}},"locations":[{"start":{"line":368,"column":38},"end":{"line":375,"column":11}}]},"69":{"type":"branch","line":377,"loc":{"start":{"line":377,"column":23},"end":{"line":378,"column":31}},"locations":[{"start":{"line":377,"column":23},"end":{"line":378,"column":31}}]},"70":{"type":"branch","line":378,"loc":{"start":{"line":378,"column":30},"end":{"line":379,"column":20}},"locations":[{"start":{"line":378,"column":30},"end":{"line":379,"column":20}}]},"71":{"type":"branch","line":387,"loc":{"start":{"line":387,"column":21},"end":{"line":402,"column":3}},"locations":[{"start":{"line":387,"column":21},"end":{"line":402,"column":3}}]},"72":{"type":"branch","line":402,"loc":{"start":{"line":402,"column":2},"end":{"line":404,"column":39}},"locations":[{"start":{"line":402,"column":2},"end":{"line":404,"column":39}}]},"73":{"type":"branch","line":404,"loc":{"start":{"line":404,"column":26},"end":{"line":405,"column":66}},"locations":[{"start":{"line":404,"column":26},"end":{"line":405,"column":66}}]},"74":{"type":"branch","line":405,"loc":{"start":{"line":405,"column":6},"end":{"line":412,"column":11}},"locations":[{"start":{"line":405,"column":6},"end":{"line":412,"column":11}}]},"75":{"type":"branch","line":420,"loc":{"start":{"line":420,"column":21},"end":{"line":434,"column":9}},"locations":[{"start":{"line":420,"column":21},"end":{"line":434,"column":9}}]},"76":{"type":"branch","line":434,"loc":{"start":{"line":434,"column":2},"end":{"line":444,"column":3}},"locations":[{"start":{"line":434,"column":2},"end":{"line":444,"column":3}}]},"77":{"type":"branch","line":443,"loc":{"start":{"line":443,"column":11},"end":{"line":443,"column":77}},"locations":[{"start":{"line":443,"column":11},"end":{"line":443,"column":77}}]},"78":{"type":"branch","line":443,"loc":{"start":{"line":443,"column":73},"end":{"line":443,"column":85}},"locations":[{"start":{"line":443,"column":73},"end":{"line":443,"column":85}}]},"79":{"type":"branch","line":444,"loc":{"start":{"line":444,"column":2},"end":{"line":448,"column":31}},"locations":[{"start":{"line":444,"column":2},"end":{"line":448,"column":31}}]},"80":{"type":"branch","line":448,"loc":{"start":{"line":448,"column":21},"end":{"line":448,"column":55}},"locations":[{"start":{"line":448,"column":21},"end":{"line":448,"column":55}}]},"81":{"type":"branch","line":448,"loc":{"start":{"line":448,"column":31},"end":{"line":448,"column":67}},"locations":[{"start":{"line":448,"column":31},"end":{"line":448,"column":67}}]},"82":{"type":"branch","line":449,"loc":{"start":{"line":449,"column":23},"end":{"line":449,"column":62}},"locations":[{"start":{"line":449,"column":23},"end":{"line":449,"column":62}}]},"83":{"type":"branch","line":449,"loc":{"start":{"line":449,"column":39},"end":{"line":449,"column":64}},"locations":[{"start":{"line":449,"column":39},"end":{"line":449,"column":64}}]},"84":{"type":"branch","line":457,"loc":{"start":{"line":457,"column":5},"end":{"line":457,"column":34}},"locations":[{"start":{"line":457,"column":5},"end":{"line":457,"column":34}}]},"85":{"type":"branch","line":457,"loc":{"start":{"line":457,"column":18},"end":{"line":457,"column":38}},"locations":[{"start":{"line":457,"column":18},"end":{"line":457,"column":38}}]},"86":{"type":"branch","line":458,"loc":{"start":{"line":458,"column":5},"end":{"line":458,"column":34}},"locations":[{"start":{"line":458,"column":5},"end":{"line":458,"column":34}}]},"87":{"type":"branch","line":458,"loc":{"start":{"line":458,"column":18},"end":{"line":458,"column":38}},"locations":[{"start":{"line":458,"column":18},"end":{"line":458,"column":38}}]},"88":{"type":"branch","line":459,"loc":{"start":{"line":459,"column":5},"end":{"line":459,"column":38}},"locations":[{"start":{"line":459,"column":5},"end":{"line":459,"column":38}}]},"89":{"type":"branch","line":459,"loc":{"start":{"line":459,"column":15},"end":{"line":459,"column":42}},"locations":[{"start":{"line":459,"column":15},"end":{"line":459,"column":42}}]},"90":{"type":"branch","line":460,"loc":{"start":{"line":460,"column":5},"end":{"line":460,"column":39}},"locations":[{"start":{"line":460,"column":5},"end":{"line":460,"column":39}}]},"91":{"type":"branch","line":460,"loc":{"start":{"line":460,"column":21},"end":{"line":460,"column":42}},"locations":[{"start":{"line":460,"column":21},"end":{"line":460,"column":42}}]},"92":{"type":"branch","line":476,"loc":{"start":{"line":476,"column":15},"end":{"line":479,"column":3}},"locations":[{"start":{"line":476,"column":15},"end":{"line":479,"column":3}}]},"93":{"type":"branch","line":479,"loc":{"start":{"line":479,"column":2},"end":{"line":482,"column":21}},"locations":[{"start":{"line":479,"column":2},"end":{"line":482,"column":21}}]},"94":{"type":"branch","line":482,"loc":{"start":{"line":482,"column":21},"end":{"line":485,"column":3}},"locations":[{"start":{"line":482,"column":21},"end":{"line":485,"column":3}}]},"95":{"type":"branch","line":485,"loc":{"start":{"line":485,"column":2},"end":{"line":491,"column":1}},"locations":[{"start":{"line":485,"column":2},"end":{"line":491,"column":1}}]},"96":{"type":"branch","line":369,"loc":{"start":{"line":369,"column":7},"end":{"line":375,"column":9}},"locations":[{"start":{"line":369,"column":7},"end":{"line":375,"column":9}}]},"97":{"type":"branch","line":371,"loc":{"start":{"line":371,"column":46},"end":{"line":373,"column":9}},"locations":[{"start":{"line":371,"column":46},"end":{"line":373,"column":9}}]},"98":{"type":"branch","line":406,"loc":{"start":{"line":406,"column":7},"end":{"line":412,"column":9}},"locations":[{"start":{"line":406,"column":7},"end":{"line":412,"column":9}}]},"99":{"type":"branch","line":408,"loc":{"start":{"line":408,"column":46},"end":{"line":410,"column":9}},"locations":[{"start":{"line":408,"column":46},"end":{"line":410,"column":9}}]},"100":{"type":"branch","line":508,"loc":{"start":{"line":508,"column":0},"end":{"line":805,"column":1}},"locations":[{"start":{"line":508,"column":0},"end":{"line":805,"column":1}}]},"101":{"type":"branch","line":513,"loc":{"start":{"line":513,"column":32},"end":{"line":517,"column":3}},"locations":[{"start":{"line":513,"column":32},"end":{"line":517,"column":3}}]},"102":{"type":"branch","line":517,"loc":{"start":{"line":517,"column":2},"end":{"line":523,"column":36}},"locations":[{"start":{"line":517,"column":2},"end":{"line":523,"column":36}}]},"103":{"type":"branch","line":523,"loc":{"start":{"line":523,"column":36},"end":{"line":527,"column":3}},"locations":[{"start":{"line":523,"column":36},"end":{"line":527,"column":3}}]},"104":{"type":"branch","line":527,"loc":{"start":{"line":527,"column":2},"end":{"line":539,"column":22}},"locations":[{"start":{"line":527,"column":2},"end":{"line":539,"column":22}}]},"105":{"type":"branch","line":539,"loc":{"start":{"line":539,"column":22},"end":{"line":541,"column":3}},"locations":[{"start":{"line":539,"column":22},"end":{"line":541,"column":3}}]},"106":{"type":"branch","line":541,"loc":{"start":{"line":541,"column":2},"end":{"line":553,"column":25}},"locations":[{"start":{"line":541,"column":2},"end":{"line":553,"column":25}}]},"107":{"type":"branch","line":553,"loc":{"start":{"line":553,"column":25},"end":{"line":585,"column":9}},"locations":[{"start":{"line":553,"column":25},"end":{"line":585,"column":9}}]},"108":{"type":"branch","line":554,"loc":{"start":{"line":554,"column":44},"end":{"line":558,"column":5}},"locations":[{"start":{"line":554,"column":44},"end":{"line":558,"column":5}}]},"109":{"type":"branch","line":558,"loc":{"start":{"line":558,"column":4},"end":{"line":585,"column":9}},"locations":[{"start":{"line":558,"column":4},"end":{"line":585,"column":9}}]},"110":{"type":"branch","line":563,"loc":{"start":{"line":563,"column":29},"end":{"line":570,"column":5}},"locations":[{"start":{"line":563,"column":29},"end":{"line":570,"column":5}}]},"111":{"type":"branch","line":570,"loc":{"start":{"line":570,"column":4},"end":{"line":573,"column":16}},"locations":[{"start":{"line":570,"column":4},"end":{"line":573,"column":16}}]},"112":{"type":"branch","line":573,"loc":{"start":{"line":573,"column":16},"end":{"line":580,"column":5}},"locations":[{"start":{"line":573,"column":16},"end":{"line":580,"column":5}}]},"113":{"type":"branch","line":580,"loc":{"start":{"line":580,"column":4},"end":{"line":585,"column":9}},"locations":[{"start":{"line":580,"column":4},"end":{"line":585,"column":9}}]},"114":{"type":"branch","line":585,"loc":{"start":{"line":585,"column":2},"end":{"line":597,"column":21}},"locations":[{"start":{"line":585,"column":2},"end":{"line":597,"column":21}}]},"115":{"type":"branch","line":585,"loc":{"start":{"line":585,"column":2},"end":{"line":588,"column":3}},"locations":[{"start":{"line":585,"column":2},"end":{"line":588,"column":3}}]},"116":{"type":"branch","line":588,"loc":{"start":{"line":588,"column":2},"end":{"line":597,"column":21}},"locations":[{"start":{"line":588,"column":2},"end":{"line":597,"column":21}}]},"117":{"type":"branch","line":597,"loc":{"start":{"line":597,"column":21},"end":{"line":629,"column":3}},"locations":[{"start":{"line":597,"column":21},"end":{"line":629,"column":3}}]},"118":{"type":"branch","line":603,"loc":{"start":{"line":603,"column":47},"end":{"line":607,"column":5}},"locations":[{"start":{"line":603,"column":47},"end":{"line":607,"column":5}}]},"119":{"type":"branch","line":607,"loc":{"start":{"line":607,"column":4},"end":{"line":612,"column":22}},"locations":[{"start":{"line":607,"column":4},"end":{"line":612,"column":22}}]},"120":{"type":"branch","line":613,"loc":{"start":{"line":613,"column":6},"end":{"line":615,"column":14}},"locations":[{"start":{"line":613,"column":6},"end":{"line":615,"column":14}}]},"121":{"type":"branch","line":616,"loc":{"start":{"line":616,"column":6},"end":{"line":618,"column":14}},"locations":[{"start":{"line":616,"column":6},"end":{"line":618,"column":14}}]},"122":{"type":"branch","line":619,"loc":{"start":{"line":619,"column":6},"end":{"line":621,"column":14}},"locations":[{"start":{"line":619,"column":6},"end":{"line":621,"column":14}}]},"123":{"type":"branch","line":622,"loc":{"start":{"line":622,"column":6},"end":{"line":623,"column":99}},"locations":[{"start":{"line":622,"column":6},"end":{"line":623,"column":99}}]},"124":{"type":"branch","line":624,"loc":{"start":{"line":624,"column":4},"end":{"line":629,"column":3}},"locations":[{"start":{"line":624,"column":4},"end":{"line":629,"column":3}}]},"125":{"type":"branch","line":629,"loc":{"start":{"line":629,"column":2},"end":{"line":645,"column":9}},"locations":[{"start":{"line":629,"column":2},"end":{"line":645,"column":9}}]},"126":{"type":"branch","line":629,"loc":{"start":{"line":629,"column":2},"end":{"line":639,"column":18}},"locations":[{"start":{"line":629,"column":2},"end":{"line":639,"column":18}}]},"127":{"type":"branch","line":639,"loc":{"start":{"line":639,"column":18},"end":{"line":645,"column":9}},"locations":[{"start":{"line":639,"column":18},"end":{"line":645,"column":9}}]},"128":{"type":"branch","line":645,"loc":{"start":{"line":645,"column":2},"end":{"line":655,"column":3}},"locations":[{"start":{"line":645,"column":2},"end":{"line":655,"column":3}}]},"129":{"type":"branch","line":648,"loc":{"start":{"line":648,"column":52},"end":{"line":650,"column":5}},"locations":[{"start":{"line":648,"column":52},"end":{"line":650,"column":5}}]},"130":{"type":"branch","line":650,"loc":{"start":{"line":650,"column":4},"end":{"line":652,"column":39}},"locations":[{"start":{"line":650,"column":4},"end":{"line":652,"column":39}}]},"131":{"type":"branch","line":652,"loc":{"start":{"line":652,"column":39},"end":{"line":654,"column":5}},"locations":[{"start":{"line":652,"column":39},"end":{"line":654,"column":5}}]},"132":{"type":"branch","line":654,"loc":{"start":{"line":654,"column":4},"end":{"line":655,"column":3}},"locations":[{"start":{"line":654,"column":4},"end":{"line":655,"column":3}}]},"133":{"type":"branch","line":655,"loc":{"start":{"line":655,"column":2},"end":{"line":695,"column":9}},"locations":[{"start":{"line":655,"column":2},"end":{"line":695,"column":9}}]},"134":{"type":"branch","line":655,"loc":{"start":{"line":655,"column":2},"end":{"line":663,"column":18}},"locations":[{"start":{"line":655,"column":2},"end":{"line":663,"column":18}}]},"135":{"type":"branch","line":663,"loc":{"start":{"line":663,"column":18},"end":{"line":695,"column":9}},"locations":[{"start":{"line":663,"column":18},"end":{"line":695,"column":9}}]},"136":{"type":"branch","line":668,"loc":{"start":{"line":668,"column":23},"end":{"line":685,"column":11}},"locations":[{"start":{"line":668,"column":23},"end":{"line":685,"column":11}}]},"137":{"type":"branch","line":679,"loc":{"start":{"line":679,"column":27},"end":{"line":681,"column":7}},"locations":[{"start":{"line":679,"column":27},"end":{"line":681,"column":7}}]},"138":{"type":"branch","line":681,"loc":{"start":{"line":681,"column":6},"end":{"line":685,"column":11}},"locations":[{"start":{"line":681,"column":6},"end":{"line":685,"column":11}}]},"139":{"type":"branch","line":685,"loc":{"start":{"line":685,"column":4},"end":{"line":694,"column":5}},"locations":[{"start":{"line":685,"column":4},"end":{"line":694,"column":5}}]},"140":{"type":"branch","line":688,"loc":{"start":{"line":688,"column":27},"end":{"line":690,"column":7}},"locations":[{"start":{"line":688,"column":27},"end":{"line":690,"column":7}}]},"141":{"type":"branch","line":690,"loc":{"start":{"line":690,"column":6},"end":{"line":694,"column":5}},"locations":[{"start":{"line":690,"column":6},"end":{"line":694,"column":5}}]},"142":{"type":"branch","line":695,"loc":{"start":{"line":695,"column":2},"end":{"line":702,"column":3}},"locations":[{"start":{"line":695,"column":2},"end":{"line":702,"column":3}}]},"143":{"type":"branch","line":697,"loc":{"start":{"line":697,"column":43},"end":{"line":699,"column":5}},"locations":[{"start":{"line":697,"column":43},"end":{"line":699,"column":5}}]},"144":{"type":"branch","line":699,"loc":{"start":{"line":699,"column":4},"end":{"line":702,"column":3}},"locations":[{"start":{"line":699,"column":4},"end":{"line":702,"column":3}}]},"145":{"type":"branch","line":702,"loc":{"start":{"line":702,"column":2},"end":{"line":708,"column":21}},"locations":[{"start":{"line":702,"column":2},"end":{"line":708,"column":21}}]},"146":{"type":"branch","line":708,"loc":{"start":{"line":708,"column":21},"end":{"line":736,"column":9}},"locations":[{"start":{"line":708,"column":21},"end":{"line":736,"column":9}}]},"147":{"type":"branch","line":719,"loc":{"start":{"line":719,"column":41},"end":{"line":723,"column":5}},"locations":[{"start":{"line":719,"column":41},"end":{"line":723,"column":5}}]},"148":{"type":"branch","line":723,"loc":{"start":{"line":723,"column":4},"end":{"line":729,"column":39}},"locations":[{"start":{"line":723,"column":4},"end":{"line":729,"column":39}}]},"149":{"type":"branch","line":729,"loc":{"start":{"line":729,"column":39},"end":{"line":735,"column":5}},"locations":[{"start":{"line":729,"column":39},"end":{"line":735,"column":5}}]},"150":{"type":"branch","line":735,"loc":{"start":{"line":735,"column":4},"end":{"line":736,"column":9}},"locations":[{"start":{"line":735,"column":4},"end":{"line":736,"column":9}}]},"151":{"type":"branch","line":736,"loc":{"start":{"line":736,"column":2},"end":{"line":745,"column":3}},"locations":[{"start":{"line":736,"column":2},"end":{"line":745,"column":3}}]},"152":{"type":"branch","line":738,"loc":{"start":{"line":738,"column":55},"end":{"line":740,"column":5}},"locations":[{"start":{"line":738,"column":55},"end":{"line":740,"column":5}}]},"153":{"type":"branch","line":740,"loc":{"start":{"line":740,"column":4},"end":{"line":745,"column":3}},"locations":[{"start":{"line":740,"column":4},"end":{"line":745,"column":3}}]},"154":{"type":"branch","line":741,"loc":{"start":{"line":741,"column":39},"end":{"line":744,"column":5}},"locations":[{"start":{"line":741,"column":39},"end":{"line":744,"column":5}}]},"155":{"type":"branch","line":745,"loc":{"start":{"line":745,"column":2},"end":{"line":758,"column":37}},"locations":[{"start":{"line":745,"column":2},"end":{"line":758,"column":37}}]},"156":{"type":"branch","line":758,"loc":{"start":{"line":758,"column":37},"end":{"line":783,"column":3}},"locations":[{"start":{"line":758,"column":37},"end":{"line":783,"column":3}}]},"157":{"type":"branch","line":783,"loc":{"start":{"line":783,"column":2},"end":{"line":788,"column":14}},"locations":[{"start":{"line":783,"column":2},"end":{"line":788,"column":14}}]},"158":{"type":"branch","line":788,"loc":{"start":{"line":788,"column":14},"end":{"line":790,"column":3}},"locations":[{"start":{"line":788,"column":14},"end":{"line":790,"column":3}}]},"159":{"type":"branch","line":790,"loc":{"start":{"line":790,"column":2},"end":{"line":798,"column":37}},"locations":[{"start":{"line":790,"column":2},"end":{"line":798,"column":37}}]},"160":{"type":"branch","line":798,"loc":{"start":{"line":798,"column":37},"end":{"line":802,"column":3}},"locations":[{"start":{"line":798,"column":37},"end":{"line":802,"column":3}}]},"161":{"type":"branch","line":802,"loc":{"start":{"line":802,"column":2},"end":{"line":805,"column":1}},"locations":[{"start":{"line":802,"column":2},"end":{"line":805,"column":1}}]},"162":{"type":"branch","line":565,"loc":{"start":{"line":565,"column":13},"end":{"line":565,"column":49}},"locations":[{"start":{"line":565,"column":13},"end":{"line":565,"column":49}}]},"163":{"type":"branch","line":575,"loc":{"start":{"line":575,"column":13},"end":{"line":575,"column":49}},"locations":[{"start":{"line":575,"column":13},"end":{"line":575,"column":49}}]},"164":{"type":"branch","line":786,"loc":{"start":{"line":786,"column":41},"end":{"line":786,"column":71}},"locations":[{"start":{"line":786,"column":41},"end":{"line":786,"column":71}}]}},"b":{"0":[8594],"1":[8980],"2":[20],"3":[8297],"4":[9008],"5":[15],"6":[3840],"7":[16],"8":[4096],"9":[4096],"10":[21],"11":[678],"12":[3],"13":[1760],"14":[1760],"15":[2],"16":[1],"17":[401],"18":[1],"19":[400],"20":[8308],"21":[2],"22":[398],"23":[7908],"24":[253025],"25":[1],"26":[7907],"27":[398],"28":[397],"29":[392],"30":[392],"31":[392],"32":[13],"33":[3],"34":[395],"35":[394],"36":[389],"37":[13],"38":[3],"39":[392],"40":[391],"41":[386],"42":[18],"43":[15],"44":[3],"45":[389],"46":[388],"47":[383],"48":[7],"49":[7],"50":[2],"51":[386],"52":[8268],"53":[386],"54":[8268],"55":[386],"56":[7882],"57":[386],"58":[8268],"59":[387],"60":[386],"61":[381],"62":[15],"63":[3],"64":[12],"65":[398],"66":[386],"67":[381],"68":[5],"69":[380],"70":[6],"71":[15],"72":[386],"73":[15],"74":[371],"75":[15],"76":[371],"77":[5],"78":[366],"79":[386],"80":[5],"81":[381],"82":[15],"83":[371],"84":[381],"85":[5],"86":[380],"87":[6],"88":[5],"89":[381],"90":[15],"91":[371],"92":[5],"93":[386],"94":[15],"95":[386],"96":[5],"97":[28],"98":[371],"99":[7810],"100":[44],"101":[1],"102":[43],"103":[1],"104":[42],"105":[2],"106":[40],"107":[6],"108":[2],"109":[4],"110":[1],"111":[3],"112":[1],"113":[2],"114":[38],"115":[34],"116":[36],"117":[18],"118":[2],"119":[16],"120":[6],"121":[2],"122":[7],"123":[1],"124":[15],"125":[42],"126":[33],"127":[25],"128":[8],"129":[2],"130":[6],"131":[29],"132":[6],"133":[42],"134":[31],"135":[23],"136":[12],"137":[2],"138":[10],"139":[11],"140":[2],"141":[9],"142":[8],"143":[2],"144":[6],"145":[25],"146":[13],"147":[2],"148":[11],"149":[351],"150":[11],"151":[12],"152":[2],"153":[10],"154":[361],"155":[21],"156":[712],"157":[21],"158":[1],"159":[20],"160":[702],"161":[20],"162":[32],"163":[32],"164":[712]},"fnMap":{"0":{"name":"sha256","decl":{"start":{"line":120,"column":0},"end":{"line":122,"column":1}},"loc":{"start":{"line":120,"column":0},"end":{"line":122,"column":1}},"line":120},"1":{"name":"extractSignedBytes","decl":{"start":{"line":129,"column":0},"end":{"line":134,"column":1}},"loc":{"start":{"line":129,"column":0},"end":{"line":134,"column":1}},"line":129},"2":{"name":"buildSigField","decl":{"start":{"line":140,"column":0},"end":{"line":144,"column":1}},"loc":{"start":{"line":140,"column":0},"end":{"line":144,"column":1}},"line":140},"3":{"name":"readTimestamp","decl":{"start":{"line":149,"column":0},"end":{"line":152,"column":1}},"loc":{"start":{"line":149,"column":0},"end":{"line":152,"column":1}},"line":149},"4":{"name":"writeTimestamp","decl":{"start":{"line":157,"column":0},"end":{"line":160,"column":1}},"loc":{"start":{"line":157,"column":0},"end":{"line":160,"column":1}},"line":157},"5":{"name":"serializeFreqTable","decl":{"start":{"line":168,"column":0},"end":{"line":175,"column":1}},"loc":{"start":{"line":168,"column":0},"end":{"line":175,"column":1}},"line":168},"6":{"name":"deserializeFreqTable","decl":{"start":{"line":181,"column":0},"end":{"line":193,"column":1}},"loc":{"start":{"line":181,"column":0},"end":{"line":193,"column":1}},"line":181},"7":{"name":"computeAllResiduals","decl":{"start":{"line":200,"column":0},"end":{"line":210,"column":1}},"loc":{"start":{"line":200,"column":0},"end":{"line":210,"column":1}},"line":200},"8":{"name":"selectPredictor","decl":{"start":{"line":217,"column":0},"end":{"line":234,"column":1}},"loc":{"start":{"line":217,"column":0},"end":{"line":234,"column":1}},"line":217},"9":{"name":"serializeBatchV2","decl":{"start":{"line":247,"column":0},"end":{"line":491,"column":1}},"loc":{"start":{"line":247,"column":0},"end":{"line":491,"column":1}},"line":247},"10":{"name":"deserializeBatchV2","decl":{"start":{"line":508,"column":0},"end":{"line":805,"column":1}},"loc":{"start":{"line":508,"column":0},"end":{"line":805,"column":1}},"line":508}},"f":{"0":8594,"1":8980,"2":20,"3":8297,"4":9008,"5":15,"6":16,"7":21,"8":3,"9":401,"10":44}}
,"/Users/blaze/Movies/Kin/projects/dot-protocol/packages/compression/src/dictionary-registry.ts": {"path":"/Users/blaze/Movies/Kin/projects/dot-protocol/packages/compression/src/dictionary-registry.ts","all":false,"statementMap":{"21":{"start":{"line":22,"column":0},"end":{"line":22,"column":48}},"22":{"start":{"line":23,"column":0},"end":{"line":23,"column":78}},"23":{"start":{"line":24,"column":0},"end":{"line":24,"column":1}},"25":{"start":{"line":26,"column":0},"end":{"line":26,"column":46}},"26":{"start":{"line":27,"column":0},"end":{"line":27,"column":29}},"27":{"start":{"line":28,"column":0},"end":{"line":28,"column":84}},"28":{"start":{"line":29,"column":0},"end":{"line":29,"column":3}},"29":{"start":{"line":30,"column":0},"end":{"line":30,"column":45}},"30":{"start":{"line":31,"column":0},"end":{"line":31,"column":40}},"31":{"start":{"line":32,"column":0},"end":{"line":32,"column":55}},"32":{"start":{"line":33,"column":0},"end":{"line":33,"column":3}},"33":{"start":{"line":34,"column":0},"end":{"line":34,"column":13}},"34":{"start":{"line":35,"column":0},"end":{"line":35,"column":1}},"36":{"start":{"line":37,"column":0},"end":{"line":37,"column":62}},"37":{"start":{"line":38,"column":0},"end":{"line":38,"column":81}},"38":{"start":{"line":39,"column":0},"end":{"line":39,"column":36}},"39":{"start":{"line":40,"column":0},"end":{"line":40,"column":1}},"51":{"start":{"line":52,"column":0},"end":{"line":52,"column":33}},"53":{"start":{"line":54,"column":0},"end":{"line":54,"column":70}},"61":{"start":{"line":62,"column":0},"end":{"line":62,"column":79}},"62":{"start":{"line":63,"column":0},"end":{"line":63,"column":40}},"63":{"start":{"line":64,"column":0},"end":{"line":64,"column":31}},"65":{"start":{"line":66,"column":0},"end":{"line":66,"column":34}},"66":{"start":{"line":67,"column":0},"end":{"line":67,"column":38}},"67":{"start":{"line":68,"column":0},"end":{"line":68,"column":11}},"68":{"start":{"line":69,"column":0},"end":{"line":69,"column":65}},"69":{"start":{"line":70,"column":0},"end":{"line":70,"column":15}},"70":{"start":{"line":71,"column":0},"end":{"line":71,"column":36}},"71":{"start":{"line":72,"column":0},"end":{"line":72,"column":8}},"72":{"start":{"line":73,"column":0},"end":{"line":73,"column":36}},"73":{"start":{"line":74,"column":0},"end":{"line":74,"column":5}},"76":{"start":{"line":77,"column":0},"end":{"line":77,"column":38}},"77":{"start":{"line":78,"column":0},"end":{"line":78,"column":3}},"83":{"start":{"line":84,"column":0},"end":{"line":84,"column":47}},"84":{"start":{"line":85,"column":0},"end":{"line":85,"column":31}},"85":{"start":{"line":86,"column":0},"end":{"line":86,"column":42}},"86":{"start":{"line":87,"column":0},"end":{"line":87,"column":3}},"92":{"start":{"line":93,"column":0},"end":{"line":93,"column":20}},"93":{"start":{"line":94,"column":0},"end":{"line":94,"column":45}},"94":{"start":{"line":95,"column":0},"end":{"line":95,"column":49}},"95":{"start":{"line":96,"column":0},"end":{"line":96,"column":23}},"96":{"start":{"line":97,"column":0},"end":{"line":97,"column":33}},"97":{"start":{"line":98,"column":0},"end":{"line":98,"column":49}},"98":{"start":{"line":99,"column":0},"end":{"line":99,"column":29}},"99":{"start":{"line":100,"column":0},"end":{"line":100,"column":42}},"100":{"start":{"line":101,"column":0},"end":{"line":101,"column":9}},"101":{"start":{"line":102,"column":0},"end":{"line":102,"column":5}},"102":{"start":{"line":103,"column":0},"end":{"line":103,"column":38}},"103":{"start":{"line":104,"column":0},"end":{"line":104,"column":3}},"109":{"start":{"line":110,"column":0},"end":{"line":110,"column":51}},"110":{"start":{"line":111,"column":0},"end":{"line":111,"column":46}},"111":{"start":{"line":112,"column":0},"end":{"line":112,"column":59}},"113":{"start":{"line":114,"column":0},"end":{"line":114,"column":35}},"114":{"start":{"line":115,"column":0},"end":{"line":115,"column":36}},"115":{"start":{"line":116,"column":0},"end":{"line":116,"column":52}},"116":{"start":{"line":117,"column":0},"end":{"line":117,"column":38}},"117":{"start":{"line":118,"column":0},"end":{"line":118,"column":11}},"118":{"start":{"line":119,"column":0},"end":{"line":119,"column":19}},"119":{"start":{"line":120,"column":0},"end":{"line":120,"column":27}},"120":{"start":{"line":121,"column":0},"end":{"line":121,"column":37}},"121":{"start":{"line":122,"column":0},"end":{"line":122,"column":8}},"122":{"start":{"line":123,"column":0},"end":{"line":123,"column":43}},"123":{"start":{"line":124,"column":0},"end":{"line":124,"column":5}},"125":{"start":{"line":126,"column":0},"end":{"line":126,"column":20}},"126":{"start":{"line":127,"column":0},"end":{"line":127,"column":3}},"131":{"start":{"line":132,"column":0},"end":{"line":132,"column":22}},"132":{"start":{"line":133,"column":0},"end":{"line":133,"column":30}},"133":{"start":{"line":134,"column":0},"end":{"line":134,"column":3}},"134":{"start":{"line":135,"column":0},"end":{"line":135,"column":1}}},"s":{"21":45,"22":45,"23":45,"25":14,"26":14,"27":2,"28":2,"29":12,"30":14,"31":1408,"32":1408,"33":12,"34":12,"36":20,"37":20,"38":20,"39":20,"51":1,"53":1,"61":1,"62":20,"63":20,"65":20,"66":18,"67":18,"68":18,"69":18,"70":18,"71":18,"72":18,"73":18,"76":20,"77":20,"83":1,"84":15,"85":15,"86":15,"92":1,"93":3,"94":3,"95":5,"96":5,"97":5,"98":5,"99":5,"100":5,"101":5,"102":3,"103":3,"109":1,"110":5,"111":5,"113":5,"114":7,"115":7,"116":7,"117":7,"118":7,"119":7,"120":7,"121":7,"122":7,"123":7,"125":3,"126":5,"131":1,"132":9,"133":9,"134":1},"branchMap":{"0":{"type":"branch","line":22,"loc":{"start":{"line":22,"column":0},"end":{"line":24,"column":1}},"locations":[{"start":{"line":22,"column":0},"end":{"line":24,"column":1}}]},"1":{"type":"branch","line":23,"loc":{"start":{"line":23,"column":31},"end":{"line":23,"column":67}},"locations":[{"start":{"line":23,"column":31},"end":{"line":23,"column":67}}]},"2":{"type":"branch","line":26,"loc":{"start":{"line":26,"column":0},"end":{"line":35,"column":1}},"locations":[{"start":{"line":26,"column":0},"end":{"line":35,"column":1}}]},"3":{"type":"branch","line":27,"loc":{"start":{"line":27,"column":28},"end":{"line":31,"column":39}},"locations":[{"start":{"line":27,"column":28},"end":{"line":31,"column":39}}]},"4":{"type":"branch","line":27,"loc":{"start":{"line":27,"column":28},"end":{"line":29,"column":3}},"locations":[{"start":{"line":27,"column":28},"end":{"line":29,"column":3}}]},"5":{"type":"branch","line":31,"loc":{"start":{"line":31,"column":39},"end":{"line":33,"column":3}},"locations":[{"start":{"line":31,"column":39},"end":{"line":33,"column":3}}]},"6":{"type":"branch","line":33,"loc":{"start":{"line":33,"column":2},"end":{"line":35,"column":1}},"locations":[{"start":{"line":33,"column":2},"end":{"line":35,"column":1}}]},"7":{"type":"branch","line":37,"loc":{"start":{"line":37,"column":0},"end":{"line":40,"column":1}},"locations":[{"start":{"line":37,"column":0},"end":{"line":40,"column":1}}]},"8":{"type":"branch","line":54,"loc":{"start":{"line":54,"column":19},"end":{"line":54,"column":70}},"locations":[{"start":{"line":54,"column":19},"end":{"line":54,"column":70}}]},"9":{"type":"branch","line":62,"loc":{"start":{"line":62,"column":2},"end":{"line":78,"column":3}},"locations":[{"start":{"line":62,"column":2},"end":{"line":78,"column":3}}]},"10":{"type":"branch","line":66,"loc":{"start":{"line":66,"column":33},"end":{"line":74,"column":5}},"locations":[{"start":{"line":66,"column":33},"end":{"line":74,"column":5}}]},"11":{"type":"branch","line":84,"loc":{"start":{"line":84,"column":2},"end":{"line":87,"column":3}},"locations":[{"start":{"line":84,"column":2},"end":{"line":87,"column":3}}]},"12":{"type":"branch","line":86,"loc":{"start":{"line":86,"column":32},"end":{"line":86,"column":42}},"locations":[{"start":{"line":86,"column":32},"end":{"line":86,"column":42}}]},"13":{"type":"branch","line":93,"loc":{"start":{"line":93,"column":2},"end":{"line":104,"column":3}},"locations":[{"start":{"line":93,"column":2},"end":{"line":104,"column":3}}]},"14":{"type":"branch","line":95,"loc":{"start":{"line":95,"column":48},"end":{"line":102,"column":5
[...]
mn":2},"end":{"line":45,"column":1}},"locations":[{"start":{"line":28,"column":2},"end":{"line":45,"column":1}}]},"5":{"type":"branch","line":28,"loc":{"start":{"line":28,"column":2},"end":{"line":34,"column":27}},"locations":[{"start":{"line":28,"column":2},"end":{"line":34,"column":27}}]},"6":{"type":"branch","line":34,"loc":{"start":{"line":34,"column":27},"end":{"line":40,"column":3}},"locations":[{"start":{"line":34,"column":27},"end":{"line":40,"column":3}}]},"7":{"type":"branch","line":40,"loc":{"start":{"line":40,"column":2},"end":{"line":45,"column":1}},"locations":[{"start":{"line":40,"column":2},"end":{"line":45,"column":1}}]},"8":{"type":"branch","line":52,"loc":{"start":{"line":52,"column":7},"end":{"line":86,"column":1}},"locations":[{"start":{"line":52,"column":7},"end":{"line":86,"column":1}}]},"9":{"type":"branch","line":57,"loc":{"start":{"line":57,"column":15},"end":{"line":83,"column":3}},"locations":[{"start":{"line":57,"column":15},"end":{"line":83,"column":3}}]},"10":{"type":"branch","line":59,"loc":{"start":{"line":59,"column":27},"end":{"line":63,"column":5}},"locations":[{"start":{"line":59,"column":27},"end":{"line":63,"column":5}}]},"11":{"type":"branch","line":63,"loc":{"start":{"line":63,"column":4},"end":{"line":75,"column":29}},"locations":[{"start":{"line":63,"column":4},"end":{"line":75,"column":29}}]},"12":{"type":"branch","line":75,"loc":{"start":{"line":75,"column":29},"end":{"line":77,"column":5}},"locations":[{"start":{"line":75,"column":29},"end":{"line":77,"column":5}}]},"13":{"type":"branch","line":77,"loc":{"start":{"line":77,"column":4},"end":{"line":82,"column":5}},"locations":[{"start":{"line":77,"column":4},"end":{"line":82,"column":5}}]},"14":{"type":"branch","line":77,"loc":{"start":{"line":77,"column":4},"end":{"line":80,"column":21}},"locations":[{"start":{"line":77,"column":4},"end":{"line":80,"column":21}}]},"15":{"type":"branch","line":80,"loc":{"start":{"line":80,"column":21},"end":{"line":82,"column":5}},"locations":[{"start":{"line":80,"column":21},"end":{"line":82,"column":5}}]},"16":{"type":"branch","line":83,"loc":{"start":{"line":83,"column":2},"end":{"line":86,"column":1}},"locations":[{"start":{"line":83,"column":2},"end":{"line":86,"column":1}}]},"17":{"type":"branch","line":93,"loc":{"start":{"line":93,"column":0},"end":{"line":96,"column":1}},"locations":[{"start":{"line":93,"column":0},"end":{"line":96,"column":1}}]},"18":{"type":"branch","line":95,"loc":{"start":{"line":95,"column":14},"end":{"line":95,"column":27}},"locations":[{"start":{"line":95,"column":14},"end":{"line":95,"column":27}}]},"19":{"type":"branch","line":95,"loc":{"start":{"line":95,"column":22},"end":{"line":95,"column":39}},"locations":[{"start":{"line":95,"column":22},"end":{"line":95,"column":39}}]},"20":{"type":"branch","line":101,"loc":{"start":{"line":101,"column":0},"end":{"line":110,"column":1}},"locations":[{"start":{"line":101,"column":0},"end":{"line":110,"column":1}}]},"21":{"type":"branch","line":105,"loc":{"start":{"line":105,"column":21},"end":{"line":107,"column":9}},"locations":[{"start":{"line":105,"column":21},"end":{"line":107,"column":9}}]},"22":{"type":"branch","line":107,"loc":{"start":{"line":107,"column":2},"end":{"line":109,"column":3}},"locations":[{"start":{"line":107,"column":2},"end":{"line":109,"column":3}}]},"23":{"type":"branch","line":115,"loc":{"start":{"line":115,"column":7},"end":{"line":124,"column":1}},"locations":[{"start":{"line":115,"column":7},"end":{"line":124,"column":1}}]},"24":{"type":"branch","line":116,"loc":{"start":{"line":116,"column":29},"end":{"line":116,"column":59}},"locations":[{"start":{"line":116,"column":29},"end":{"line":116,"column":59}}]},"25":{"type":"branch","line":116,"loc":{"start":{"line":116,"column":59},"end":{"line":118,"column":3}},"locations":[{"start":{"line":116,"column":59},"end":{"line":118,"column":3}}]},"26":{"type":"branch","line":118,"loc":{"start":{"line":118,"column":2},"end":{"line":120,"column":36}},"locations":[{"start":{"line":118,"column":2},"end":{"line":120,"column":36}}]},"27":{"type":"branch","line":120,"loc":{"start":{"line":120,"column":36},"end":{"line":122,"column":3}},"locations":[{"start":{"line":120,"column":36},"end":{"line":122,"column":3}}]},"28":{"type":"branch","line":122,"loc":{"start":{"line":122,"column":2},"end":{"line":124,"column":1}},"locations":[{"start":{"line":122,"column":2},"end":{"line":124,"column":1}}]},"29":{"type":"branch","line":130,"loc":{"start":{"line":130,"column":7},"end":{"line":133,"column":1}},"locations":[{"start":{"line":130,"column":7},"end":{"line":133,"column":1}}]}},"b":{"0":[9932],"1":[1],"2":[9931],"3":[7912],"4":[2065],"5":[2019],"6":[2227],"7":[2019],"8":[1297],"9":[2437],"10":[4],"11":[2433],"12":[1291],"13":[2257],"14":[1142],"15":[2],"16":[1291],"17":[9281],"18":[9270],"19":[11],"20":[1111],"21":[1102],"22":[9],"23":[9287],"24":[9283],"25":[4],"26":[9283],"27":[2],"28":[9281],"29":[1111]},"fnMap":{"0":{"name":"encodeVarint","decl":{"start":{"line":20,"column":7},"end":{"line":45,"column":1}},"loc":{"start":{"line":20,"column":7},"end":{"line":45,"column":1}},"line":20},"1":{"name":"decodeVarint","decl":{"start":{"line":52,"column":7},"end":{"line":86,"column":1}},"loc":{"start":{"line":52,"column":7},"end":{"line":86,"column":1}},"line":52},"2":{"name":"zigzagEncode","decl":{"start":{"line":93,"column":0},"end":{"line":96,"column":1}},"loc":{"start":{"line":93,"column":0},"end":{"line":96,"column":1}},"line":93},"3":{"name":"zigzagDecode","decl":{"start":{"line":101,"column":0},"end":{"line":110,"column":1}},"loc":{"start":{"line":101,"column":0},"end":{"line":110,"column":1}},"line":101},"4":{"name":"encodeSignedVarint","decl":{"start":{"line":115,"column":7},"end":{"line":124,"column":1}},"loc":{"start":{"line":115,"column":7},"end":{"line":124,"column":1}},"line":115},"5":{"name":"decodeSignedVarint","decl":{"start":{"line":130,"column":7},"end":{"line":133,"column":1}},"loc":{"start":{"line":130,"column":7},"end":{"line":133,"column":1}},"line":130}},"f":{"0":9932,"1":1297,"2":9281,"3":1111,"4":9287,"5":1111}}
,"/Users/blaze/Movies/Kin/projects/dot-protocol/packages/compression/src/weissman.ts": {"path":"/Users/blaze/Movies/Kin/projects/dot-protocol/packages/compression/src/weissman.ts","all":false,"statementMap":{"13":{"start":{"line":14,"column":0},"end":{"line":14,"column":30}},"14":{"start":{"line":15,"column":0},"end":{"line":15,"column":19}},"15":{"start":{"line":16,"column":0},"end":{"line":16,"column":26}},"16":{"start":{"line":17,"column":0},"end":{"line":17,"column":20}},"17":{"start":{"line":18,"column":0},"end":{"line":18,"column":22}},"18":{"start":{"line":19,"column":0},"end":{"line":19,"column":11}},"19":{"start":{"line":20,"column":0},"end":{"line":20,"column":44}},"20":{"start":{"line":21,"column":0},"end":{"line":21,"column":38}},"21":{"start":{"line":22,"column":0},"end":{"line":22,"column":33}},"22":{"start":{"line":23,"column":0},"end":{"line":23,"column":1}},"42":{"start":{"line":43,"column":0},"end":{"line":43,"column":65}},"43":{"start":{"line":44,"column":0},"end":{"line":44,"column":8}},"44":{"start":{"line":45,"column":0},"end":{"line":45,"column":20}},"45":{"start":{"line":46,"column":0},"end":{"line":46,"column":56}},"46":{"start":{"line":47,"column":0},"end":{"line":47,"column":26}},"47":{"start":{"line":48,"column":0},"end":{"line":48,"column":50}},"48":{"start":{"line":49,"column":0},"end":{"line":49,"column":23}},"49":{"start":{"line":50,"column":0},"end":{"line":50,"column":9}},"50":{"start":{"line":51,"column":0},"end":{"line":51,"column":4}},"51":{"start":{"line":52,"column":0},"end":{"line":52,"column":9}},"52":{"start":{"line":53,"column":0},"end":{"line":53,"column":29}},"53":{"start":{"line":54,"column":0},"end":{"line":54,"column":75}},"54":{"start":{"line":55,"column":0},"end":{"line":55,"column":27}},"55":{"start":{"line":56,"column":0},"end":{"line":56,"column":42}},"56":{"start":{"line":57,"column":0},"end":{"line":57,"column":24}},"57":{"start":{"line":58,"column":0},"end":{"line":58,"column":12}},"58":{"start":{"line":59,"column":0},"end":{"line":59,"column":4}},"59":{"start":{"line":60,"column":0},"end":{"line":60,"column":16}},"60":{"start":{"line":61,"column":0},"end":{"line":61,"column":38}},"61":{"start":{"line":62,"column":0},"end":{"line":62,"column":80}},"62":{"start":{"line":63,"column":0},"end":{"line":63,"column":26}},"63":{"start":{"line":64,"column":0},"end":{"line":64,"column":25}},"64":{"start":{"line":65,"column":0},"end":{"line":65,"column":22}},"65":{"start":{"line":66,"column":0},"end":{"line":66,"column":11}},"66":{"start":{"line":67,"column":0},"end":{"line":67,"column":4}},"67":{"start":{"line":68,"column":0},"end":{"line":68,"column":19}},"68":{"start":{"line":69,"column":0},"end":{"line":69,"column":49}},"69":{"start":{"line":70,"column":0},"end":{"line":70,"column":86}},"70":{"start":{"line":71,"column":0},"end":{"line":71,"column":26}},"71":{"start":{"line":72,"column":0},"end":{"line":72,"column":38}},"72":{"start":{"line":73,"column":0},"end":{"line":73,"column":22}},"73":{"start":{"line":74,"column":0},"end":{"line":74,"column":11}},"74":{"start":{"line":75,"column":0},"end":{"line":75,"column":4}},"75":{"start":{"line":76,"column":0},"end":{"line":76,"column":18}},"76":{"start":{"line":77,"column":0},"end":{"line":77,"column":44}},"77":{"start":{"line":78,"column":0},"end":{"line":78,"column":84}},"78":{"start":{"line":79,"column":0},"end":{"line":79,"column":27}},"79":{"start":{"line":80,"column":0},"end":{"line":80,"column":40}},"80":{"start":{"line":81,"column":0},"end":{"line":81,"column":21}},"81":{"start":{"line":82,"column":0},"end":{"line":82,"column":11}},"82":{"start":{"line":83,"column":0},"end":{"line":83,"column":4}},"83":{"start":{"line":84,"column":0},"end":{"line":84,"column":23}},"84":{"start":{"line":85,"column":0},"end":{"line":85,"column":46}},"85":{"start":{"line":86,"column":0},"end":{"line":86,"column":100}},"86":{"start":{"line":87,"column":0},"end":{"line":87,"column":27}},"87":{"start":{"line":88,"column":0},"end":{"line":88,"column":38}},"88":{"start":{"line":89,"column":0},"end":{"line":89,"column":22}},"89":{"start":{"line":90,"column":0},"end":{"line":90,"column":12}},"90":{"start":{"line":91,"column":0},"end":{"line":91,"column":4}},"91":{"start":{"line":92,"column":0},"end":{"line":92,"column":21}},"92":{"start":{"line":93,"column":0},"end":{"line":93,"column":44}},"93":{"start":{"line":94,"column":0},"end":{"line":94,"column":88}},"94":{"start":{"line":95,"column":0},"end":{"line":95,"column":27}},"95":{"start":{"line":96,"column":0},"end":{"line":96,"column":40}},"96":{"start":{"line":97,"column":0},"end":{"line":97,"column":22}},"97":{"start":{"line":98,"column":0},"end":{"line":98,"column":11}},"98":{"start":{"line":99,"column":0},"end":{"line":99,"column":4}},"99":{"start":{"line":100,"column":0},"end":{"line":100,"column":2}}},"s":{"13":1,"14":6,"15":6,"16":6,"17":6,"18":6,"19":6,"20":6,"21":6,"22":6,"42":1,"43":1,"44":1,"45":1,"46":1,"47":1,"48":1,"49":1,"50":1,"51":1,"52":1,"53":1,"54":1,"55":1,"56":1,"57":1,"58":1,"59":1,"60":1,"61":1,"62":1,"63":1,"64":1,"65":1,"66":1,"67":1,"68":1,"69":1,"70":1,"71":1,"72":1,"73":1,"74":1,"75":1,"76":1,"77":1,"78":1,"79":1,"80":1,"81":1,"82":1,"83":1,"84":1,"85":1,"86":1,"87":1,"88":1,"89":1,"90":1,"91":1,"92":1,"93":1,"94":1,"95":1,"96":1,"97":1,"98":1,"99":1},"branchMap":{"0":{"type":"branch","line":14,"loc":{"start":{"line":14,"column":7},"end":{"line":23,"column":1}},"locations":[{"start":{"line":14,"column":7},"end":{"line":23,"column":1}}]}},"b":{"0":[6]},"fnMap":{"0":{"name":"weissmanScore","decl":{"start":{"line":14,"column":7},"end":{"line":23,"column":1}},"loc":{"start":{"line":14,"column":7},"end":{"line":23,"column":1}},"line":14}},"f":{"0":6}}
,"/Users/blaze/Movies/Kin/projects/dot-protocol/packages/compression/src/zstd.ts": {"path":"/Users/blaze/Movies/Kin/projects/dot-protocol/packages/compression/src/zstd.ts","all":false,"statementMap":{"0":{"start":{"line":1,"column":0},"end":{"line":1,"column":3}},"33":{"start":{"line":34,"column":0},"end":{"line":34,"column":33}},"36":{"start":{"line":37,"column":0},"end":{"line":37,"column":35}},"54":{"start":{"line":55,"column":0},"end":{"line":55,"column":38}},"55":{"start":{"line":56,"column":0},"end":{"line":56,"column":24}},"56":{"start":{"line":57,"column":0},"end":{"line":57,"column":39}},"57":{"start":{"line":58,"column":0},"end":{"line":58,"column":24}},"58":{"start":{"line":59,"column":0},"end":{"line":59,"column":29}},"59":{"start":{"line":60,"column":0},"end":{"line":60,"column":77}},"60":{"start":{"line":61,"column":0},"end":{"line":61,"column":3}},"61":{"start":{"line":62,"column":0},"end":{"line":62,"column":49}},"63":{"start":{"line":64,"column":0},"end":{"line":64,"column":17}},"64":{"start":{"line":65,"column":0},"end":{"line":65,"column":63}},"65":{"start":{"line":66,"column":0},"end":{"line":66,"column":75}},"66":{"start":{"line":67,"column":0},"end":{"line":67,"column":6}},"67":{"start":{"line":68,"column":0},"end":{"line":68,"column":3}},"70":{"start":{"line":71,"column":0},"end":{"line":71,"column":64}},"71":{"start":{"line":72,"column":0},"end":{"line":72,"column":45}},"73":{"start":{"line":74,"column":0},"end":{"line":74,"column":7}},"74":{"start":{"line":75,"column":0},"end":{"line":75,"column":46}},"75":{"start":{"line":76,"column":0},"end":{"line":76,"column":25}},"77":{"start":{"line":78,"column":0},"end":{"line":78,"column":46}},"78":{"start":{"line":79,"column":0},"end":{"line":79,"column":85}},"79":{"start":{"line":80,"column":0},"end":{"line":80,"column":45}},"80":{"start":{"line":81,"column":0},"end":{"line":81,"column":5}},"85":{"start":{"line":86,"column":0},"end":{"line":86,"column":45}},"86":{"start":{"line":87,"column":0},"end":{"line":87,"column":66}},"87":{"start":{"line":88,"column":0},"end":{"line":88,"column":6}},"89":{"start":{"line":90,"column":0},"end":{"line":90,"column":9}},"90":{"start":{"line":91,"column":0},"end":{"line":91,"column":104}},"91":{"start":{"line":92,"column":0},"end":{"line":92,"column":44}},"92":{"start":{"line":93,"column":0},"end":{"line":93,"column":9}},"93":{"start":{"line":94,"column":0},"end":{"line":94,"column":28}},"94":{"start":{"line":95,"column":0},"end":{"line":95,"column":67}},"95":{"start":{"line":96,"column":0},"end":{"line":96,"column":35}},"96":{"start":{"line":97,"column":0},"end":{"line":97,"column":24}},"97":{"start":{"line":98,"column":0},"end":{"line":98,"column":103}},"98":{"start":{"line":99,"column":0},"end":{"line":99,"column":10}},"99":{"start":{"line":100,"column":0},"end":{"line":100,"column":7}},"100":{"start":{"line":101,"column":0},"end":{"line":101,"column":16}},"101":{"start":{"line":102,"column":0},"end":{"line":102,"column":5}},"103":{"start":{"line":104,"column":0},"end":{"line":104,"column":45}},"104":{"start":{"line":105,"column":0},"end":{"line":105,"column":88}},"105":{"start":{"line":106,"column":0},"end":{"line":106,"column":13}},"107":{"start":{"line":108,"column":0},"end":{"line":108,"column":53}},"108":{"start":{"line":109,"column":0},"end":{"line":109,"column":3}},"109":{"start":{"line":110,"column":0},"end":{"line":110,"column":1}},"123":{"start":{"line":124,"column":0},"end":{"line":124,"column":94}},"124":{"start":{"line":125,"column":0},"end":{"line":125,"column":31}},"125":{"start":{"line":126,"column":0},"end":{"line":126,"column":33}},"126":{"start":{"line":127,"column":0},"end":{"line":127,"column":36}},"127":{"start":{"line":128,"column":0},"end":{"line":128,"column":77}},"128":{"start":{"line":129,"column":0},"end":{"line":129,"column":1}},"141":{"start":{"line":142,"column":0},"end":{"line":142,"column":102}},"142":{"start":{"line":143,"column":0},"end":{"line":143,"column":33}},"143":{"start":{"line":144,"column":0},"end":{"line":144,"column":33}},"144":{"start":{"line":145,"column":0},"end":{"line":145,"column":44}},"145":{"start":{"line":146,"column":0},"end":{"line":146,"column":77}},"146":{"start":{"line":147,"column":0},"end":{"line":147,"column":1}}},"s":{"0":1,"33":1,"36":1,"54":18,"55":18,"56":18,"57":18,"58":18,"59":1,"60":1,"61":18,"63":1,"64":1,"65":1,"66":1,"67":1,"70":17,"71":17,"73":17,"74":17,"75":17,"77":18,"78":733,"79":733,"80":733,"85":17,"86":733,"87":17,"89":17,"90":17,"91":17,"92":17,"93":18,"94":1,"95":1,"96":0,"97":0,"98":0,"99":0,"100":1,"101":1,"103":16,"104":16,"105":17,"107":17,"108":17,"109":18,"123":1,"124":11,"125":11,"126":11,"127":11,"128":11,"141":1,"142":6,"143":6,"144":6,"145":6,"146":6},"branchMap":{"0":{"type":"branch","line":55,"loc":{"start":{"line":55,"column":0},"end":{"line":110,"column":1}},"locations":[{"start":{"line":55,"column":0},"end":{"line":110,"column":1}}]},"1":{"type":"branch","line":59,"loc":{"start":{"line":59,"column":28},"end":{"line":61,"column":3}},"locations":[{"start":{"line":59,"column":28},"end":{"line":61,"column":3}}]},"2":{"type":"branch","line":61,"loc":{"start":{"line":61,"column":2},"end":{"line":62,"column":48}},"locations":[{"start":{"line":61,"column":2},"end":{"line":62,"column":48}}]},"3":{"type":"branch","line":62,"loc":{"start":{"line":62,"column":48},"end":{"line":68,"column":3}},"locations":[{"start":{"line":62,"column":48},"end":{"line":68,"column":3}}]},"4":{"type":"branch","line":68,"loc":{"start":{"line":68,"column":2},"end":{"line":78,"column":45}},"locations":[{"start":{"line":68,"column":2},"end":{"line":78,"column":45}}]},"5":{"type":"branch","line":78,"loc":{"start":{"line":78,"column":45},"end":{"line":81,"column":5}},"locations":[{"start":{"line":78,"column":45},"end":{"line":81,"column":5}}]},"6":{"type":"branch","line":81,"loc":{"start":{"line":81,"column":4},"end":{"line":94,"column":13}},"locations":[{"start":{"line":81,"column":4},"end":{"line":94,"column":13}}]},"7":{"type":"branch","line":94,"loc":{"start":{"line":94,"column":4},"end":{"line":102,"column":5}},"locations":[{"start":{"line":94,"column":4},"end":{"line":102,"column":5}}]},"8":{"type":"branch","line":95,"loc":{"start":{"line":95,"column":45},"end":{"line":95,"column":67}},"locations":[{"start":{"line":95,"column":45},"end":{"line":95,"column":67}}]},"9":{"type":"branch","line":96,"loc":{"start":{"line":96,"column":34},"end":{"line":100,"column":7}},"locations":[{"start":{"line":96,"column":34},"end":{"line":100,"column":7}}]},"10":{"type":"branch","line":102,"loc":{"start":{"line":102,"column":4},"end":{"line":109,"column":3}},"locations":[{"start":{"line":102,"column":4},"end":{"line":109,"column":3}}]},"11":{"type":"branch","line":102,"loc":{"start":{"line":102,"column":4},"end":{"line":106,"column":4}},"locations":[{"start":{"line":102,"column":4},"end":{"line":106,"column":4}}]},"12":{"type":"branch","line":86,"loc":{"start":{"line":86,"column":36},"end":{"line":87,"column":66}},"locations":[{"start":{"line":86,"column":36},"end":{"line":87,"column":66}}]},"13":{"type":"branch","line":124,"loc":{"start":{"line":124,"column":7},"end":{"line":129,"column":1}},"locations":[{"start":{"line":124,"column":7},"end":{"line":129,"column":1}}]},"14":{"type":"branch","line":142,"loc":{"start":{"line":142,"column":7},"end":{"line":147,"column":1}},"locations":[{"start":{"line":142,"column":7},"end":{"line":147,"column":1}}]}},"b":{"0":[18],"1":[1],"2":[17],"3":[1],"4":[17],"5":[733],"6":[17],"7":[1],"8":[0],"9":[0],"10":[17],"11":[16],"12":[733],"13":[11],"14":[6]},"fnMap":{"0":{"name":"trainDictionary","decl":{"start":{"line":55,"column":0},"end":{"line":110,"column":1}},"loc":{"start":{"line":55,"column":0},"end":{"line":110,"column":1}},"line":55},"1":{"name":"compressWithDictionary","decl":{"start":{"line":124,"column":7},"end":{"line":129,"column":1}},"loc":{"start":{"line":124,"column":7},"end":{"line":129,"column":1}},"line":124},"2":{"name":"decompressWithDictionary","decl":{"start":{"line":142,"column":7},"end":{"line":147,"column":1}},"loc":{"start":{"line":142,"column":7},"end":{"line":147,"column":1}},"line":142}},"f":{"0":18,"1":11,"2":6}}
}
