{"/Users/blaze/Movies/Kin/projects/dot-protocol/packages/identity/src/identity.ts": {"path":"/Users/blaze/Movies/Kin/projects/dot-protocol/packages/identity/src/identity.ts","all":false,"statementMap":{"0":{"start":{"line":1,"column":0},"end":{"line":1,"column":91}},"17":{"start":{"line":18,"column":0},"end":{"line":18,"column":76}},"18":{"start":{"line":19,"column":0},"end":{"line":19,"column":44}},"19":{"start":{"line":20,"column":0},"end":{"line":20,"column":31}},"20":{"start":{"line":21,"column":0},"end":{"line":21,"column":38}},"21":{"start":{"line":22,"column":0},"end":{"line":22,"column":12}},"22":{"start":{"line":23,"column":0},"end":{"line":23,"column":25}},"23":{"start":{"line":24,"column":0},"end":{"line":24,"column":18}},"24":{"start":{"line":25,"column":0},"end":{"line":25,"column":5}},"25":{"start":{"line":26,"column":0},"end":{"line":26,"column":44}},"26":{"start":{"line":27,"column":0},"end":{"line":27,"column":1}},"28":{"start":{"line":29,"column":0},"end":{"line":29,"column":43}},"29":{"start":{"line":30,"column":0},"end":{"line":30,"column":78}},"30":{"start":{"line":31,"column":0},"end":{"line":31,"column":1}},"32":{"start":{"line":33,"column":0},"end":{"line":33,"column":43}},"33":{"start":{"line":34,"column":0},"end":{"line":34,"column":47}},"34":{"start":{"line":35,"column":0},"end":{"line":35,"column":43}},"35":{"start":{"line":36,"column":0},"end":{"line":36,"column":53}},"36":{"start":{"line":37,"column":0},"end":{"line":37,"column":3}},"37":{"start":{"line":38,"column":0},"end":{"line":38,"column":15}},"38":{"start":{"line":39,"column":0},"end":{"line":39,"column":1}},"45":{"start":{"line":46,"column":0},"end":{"line":46,"column":64}},"46":{"start":{"line":47,"column":0},"end":{"line":47,"column":10}},"47":{"start":{"line":48,"column":0},"end":{"line":48,"column":43}},"48":{"start":{"line":49,"column":0},"end":{"line":49,"column":45}},"49":{"start":{"line":50,"column":0},"end":{"line":50,"column":46}},"50":{"start":{"line":51,"column":0},"end":{"line":51,"column":28}},"51":{"start":{"line":52,"column":0},"end":{"line":52,"column":4}},"52":{"start":{"line":53,"column":0},"end":{"line":53,"column":1}},"55":{"start":{"line":56,"column":0},"end":{"line":56,"column":85}},"56":{"start":{"line":57,"column":0},"end":{"line":57,"column":28}},"57":{"start":{"line":58,"column":0},"end":{"line":58,"column":43}},"58":{"start":{"line":59,"column":0},"end":{"line":59,"column":45}},"59":{"start":{"line":60,"column":0},"end":{"line":60,"column":4}},"60":{"start":{"line":61,"column":0},"end":{"line":61,"column":61}},"61":{"start":{"line":62,"column":0},"end":{"line":62,"column":64}},"62":{"start":{"line":63,"column":0},"end":{"line":63,"column":1}}},"s":{"0":1,"17":10,"18":10,"19":10,"20":10,"21":10,"22":10,"23":10,"24":10,"25":10,"26":10,"28":9,"29":9,"30":9,"32":6,"33":6,"34":6,"35":434,"36":434,"37":6,"38":6,"45":1,"46":3,"47":3,"48":3,"49":3,"50":3,"51":3,"52":3,"55":2,"56":2,"57":2,"58":2,"59":2,"60":2,"61":2,"62":2},"branchMap":{"0":{"type":"branch","line":18,"loc":{"start":{"line":18,"column":0},"end":{"line":27,"column":1}},"locations":[{"start":{"line":18,"column":0},"end":{"line":27,"column":1}}]},"1":{"type":"branch","line":29,"loc":{"start":{"line":29,"column":0},"end":{"line":31,"column":1}},"locations":[{"start":{"line":29,"column":0},"end":{"line":31,"column":1}}]},"2":{"type":"branch","line":30,"loc":{"start":{"line":30,"column":31},"end":{"line":30,"column":67}},"locations":[{"start":{"line":30,"column":31},"end":{"line":30,"column":67}}]},"3":{"type":"branch","line":33,"loc":{"start":{"line":33,"column":0},"end":{"line":39,"column":1}},"locations":[{"start":{"line":33,"column":0},"end":{"line":39,"column":1}}]},"4":{"type":"branch","line":35,"loc":{"start":{"line":35,"column":42},"end":{"line":37,"column":3}},"locations":[{"start":{"line":35,"column":42},"end":{"line":37,"column":3}}]},"5":{"type":"branch","line":46,"loc":{"start":{"line":46,"column":7},"end":{"line":53,"column":1}},"locations":[{"start":{"line":46,"column":7},"end":{"line":53,"column":1}}]},"6":{"type":"branch","line":56,"loc":{"start":{"line":56,"column":0},"end":{"line":63,"column":1}},"locations":[{"start":{"line":56,"column":0},"end":{"line":63,"column":1}}]}},"b":{"0":[10],"1":[9],"2":[651],"3":[6],"4":[434],"5":[3],"6":[2]},"fnMap":{"0":{"name":"createIdentity","decl":{"start":{"line":18,"column":0},"end":{"line":27,"column":1}},"loc":{"start":{"line":18,"column":0},"end":{"line":27,"column":1}},"line":18},"1":{"name":"toHex","decl":{"start":{"line":29,"column":0},"end":{"line":31,"column":1}},"loc":{"start":{"line":29,"column":0},"end":{"line":31,"column":1}},"line":29},"2":{"name":"fromHex","decl":{"start":{"line":33,"column":0},"end":{"line":39,"column":1}},"loc":{"start":{"line":33,"column":0},"end":{"line":39,"column":1}},"line":33},"3":{"name":"exportIdentity","decl":{"start":{"line":46,"column":7},"end":{"line":53,"column":1}},"loc":{"start":{"line":46,"column":7},"end":{"line":53,"column":1}},"line":46},"4":{"name":"importIdentity","decl":{"start":{"line":56,"column":0},"end":{"line":63,"column":1}},"loc":{"start":{"line":56,"column":0},"end":{"line":63,"column":1}},"line":56}},"f":{"0":10,"1":9,"2":6,"3":3,"4":2}}
,"/Users/blaze/Movies/Kin/projects/dot-protocol/packages/identity/src/index.ts": {"path":"/Users/blaze/Movies/Kin/projects/dot-protocol/packages/identity/src/index.ts","all":false,"statementMap":{"0":{"start":{"line":1,"column":0},"end":{"line":1,"column":79}}},"s":{"0":1},"branchMap":{},"b":{},"fnMap":{},"f":{}}
}
