<?xml version="1.0" encoding="UTF-8"?>
<coverage generated="1773932246981" clover="3.2.0">
  <project timestamp="1773932246981" name="All files">
    <metrics statements="2229" coveredstatements="2204" conditionals="512" coveredconditionals="483" methods="124" coveredmethods="114" elements="2865" coveredelements="2801" complexity="0" loc="2229" ncloc="2229" packages="2" files="16" classes="16"/>
    <package name="src">
      <metrics statements="686" coveredstatements="686" conditionals="220" coveredconditionals="209" methods="64" coveredmethods="64"/>
      <file name="chain.ts" path="/Users/blaze/Movies/Kin/projects/dot-protocol/packages/engine/src/chain.ts">
        <metrics statements="23" coveredstatements="23" conditionals="4" coveredconditionals="4" methods="2" coveredmethods="2"/>
        <line num="30" count="1" type="cond" truecount="1" falsecount="0"/>
        <line num="31" count="34" type="stmt"/>
        <line num="32" count="34" type="stmt"/>
        <line num="38" count="1" type="cond" truecount="1" falsecount="0"/>
        <line num="39" count="104" type="cond" truecount="1" falsecount="0"/>
        <line num="40" count="2" type="stmt"/>
        <line num="41" count="2" type="cond" truecount="1" falsecount="0"/>
        <line num="44" count="102" type="stmt"/>
        <line num="45" count="102" type="stmt"/>
        <line num="46" count="102" type="stmt"/>
        <line num="48" count="102" type="stmt"/>
        <line num="49" count="102" type="stmt"/>
        <line num="50" count="102" type="stmt"/>
        <line num="51" count="102" type="stmt"/>
        <line num="52" count="102" type="stmt"/>
        <line num="54" count="102" type="stmt"/>
        <line num="55" count="102" type="stmt"/>
        <line num="56" count="102" type="stmt"/>
        <line num="57" count="102" type="stmt"/>
        <line num="58" count="102" type="stmt"/>
        <line num="59" count="102" type="stmt"/>
        <line num="60" count="102" type="stmt"/>
        <line num="61" count="102" type="stmt"/>
      </file>
      <file name="compress.ts" path="/Users/blaze/Movies/Kin/projects/dot-protocol/packages/engine/src/compress.ts">
        <metrics statements="48" coveredstatements="48" conditionals="12" coveredconditionals="11" methods="4" coveredmethods="4"/>
        <line num="1" count="1" type="stmt"/>
        <line num="21" count="1" type="stmt"/>
        <line num="22" count="1" type="stmt"/>
        <line num="23" count="1" type="stmt"/>
        <line num="25" count="1" type="cond" truecount="1" falsecount="0"/>
        <line num="26" count="85" type="stmt"/>
        <line num="28" count="85" type="stmt"/>
        <line num="29" count="85" type="cond" truecount="1" falsecount="0"/>
        <line num="30" count="106" type="stmt"/>
        <line num="31" count="106" type="stmt"/>
        <line num="32" count="106" type="stmt"/>
        <line num="34" count="85" type="cond" truecount="1" falsecount="0"/>
        <line num="35" count="11" type="cond" truecount="1" falsecount="0"/>
        <line num="36" count="1" type="stmt"/>
        <line num="37" count="1" type="cond" truecount="1" falsecount="0"/>
        <line num="39" count="10" type="stmt"/>
        <line num="40" count="10" type="stmt"/>
        <line num="42" count="11" type="cond" truecount="1" falsecount="0"/>
        <line num="43" count="73" type="stmt"/>
        <line num="44" count="73" type="stmt"/>
        <line num="47" count="73" type="stmt"/>
        <line num="48" count="73" type="cond" truecount="1" falsecount="0"/>
        <line num="49" count="674" type="cond" truecount="1" falsecount="0"/>
        <line num="50" count="34" type="stmt"/>
        <line num="51" count="34" type="stmt"/>
        <line num="52" count="34" type="stmt"/>
        <line num="53" count="674" type="stmt"/>
        <line num="54" count="73" type="cond" truecount="1" falsecount="0"/>
        <line num="56" count="73" type="stmt"/>
        <line num="57" count="73" type="cond" truecount="1" falsecount="0"/>
        <line num="59" count="10" type="stmt"/>
        <line num="65" count="10" type="stmt"/>
        <line num="66" count="10" type="stmt"/>
        <line num="67" count="10" type="stmt"/>
        <line num="68" count="10" type="stmt"/>
        <line num="69" count="10" type="stmt"/>
        <line num="71" count="10" type="stmt"/>
        <line num="72" count="10" type="stmt"/>
        <line num="73" count="10" type="stmt"/>
        <line num="74" count="10" type="stmt"/>
        <line num="75" count="11" type="cond" truecount="0" falsecount="1"/>
        <line num="76" count="11" type="stmt"/>
        <line num="77" count="11" type="stmt"/>
        <line num="79" count="85" type="cond" truecount="1" falsecount="0"/>
        <line num="80" count="1" type="stmt"/>
        <line num="81" count="1" type="stmt"/>
        <line num="82" count="85" type="stmt"/>
        <line num="83" count="85" type="stmt"/>
      </file>
      <file name="crypto.ts" path="/Users/blaze/Movies/Kin/projects/dot-protocol/packages/engine/src/crypto.ts">
        <metrics statements="39" coveredstatements="39" conditionals="6" coveredconditionals="6" methods="6" coveredmethods="6"/>
        <line num="1" count="1" type="stmt"/>
        <line num="15" count="1" type="cond" truecount="1" falsecount="0"/>
        <line num="16" count="14" type="stmt"/>
        <line num="17" count="14" type="stmt"/>
        <line num="22" count="1" type="cond" truecount="1" falsecount="0"/>
        <line num="23" count="13" type="stmt"/>
        <line num="24" count="13" type="stmt"/>
        <line num="30" count="1" type="cond" truecount="1" falsecount="0"/>
        <line num="31" count="13" type="stmt"/>
        <line num="32" count="13" type="stmt"/>
        <line num="33" count="13" type="stmt"/>
        <line num="34" count="13" type="stmt"/>
        <line num="41" count="1" type="cond" truecount="1" falsecount="0"/>
        <line num="42" count="9" type="stmt"/>
        <line num="43" count="9" type="stmt"/>
        <line num="44" count="9" type="stmt"/>
        <line num="45" count="9" type="stmt"/>
        <line num="46" count="9" type="stmt"/>
        <line num="47" count="9" type="stmt"/>
        <line num="48" count="9" type="stmt"/>
        <line num="49" count="9" type="stmt"/>
        <line num="50" count="9" type="stmt"/>
        <line num="55" count="1" type="cond" truecount="1" falsecount="0"/>
        <line num="56" count="6" type="stmt"/>
        <line num="57" count="6" type="stmt"/>
        <line num="58" count="6" type="stmt"/>
        <line num="59" count="6" type="stmt"/>
        <line num="60" count="6" type="stmt"/>
        <line num="61" count="6" type="stmt"/>
        <line num="62" count="6" type="stmt"/>
        <line num="64" count="15" type="cond" truecount="1" falsecount="0"/>
        <line num="65" count="15" type="stmt"/>
        <line num="66" count="15" type="stmt"/>
        <line num="68" count="15" type="stmt"/>
        <line num="69" count="15" type="stmt"/>
        <line num="70" count="15" type="stmt"/>
        <line num="71" count="15" type="stmt"/>
        <line num="72" count="15" type="stmt"/>
        <line num="73" count="15" type="stmt"/>
      </file>
      <file name="engine.ts" path="/Users/blaze/Movies/Kin/projects/dot-protocol/packages/engine/src/engine.ts">
        <metrics statements="210" coveredstatements="210" conditionals="77" coveredconditionals="74" methods="18" coveredmethods="18"/>
        <line num="1" count="1" type="stmt"/>
        <line num="137" count="1" type="stmt"/>
        <line num="138" count="1" type="stmt"/>
        <line num="139" count="1" type="stmt"/>
        <line num="140" count="1" type="stmt"/>
        <line num="141" count="1" type="stmt"/>
        <line num="142" count="1" type="stmt"/>
        <line num="143" count="1" type="stmt"/>
        <line num="144" count="1" type="stmt"/>
        <line num="145" count="1" type="stmt"/>
        <line num="146" count="1" type="stmt"/>
        <line num="147" count="1" type="stmt"/>
        <line num="148" count="1" type="stmt"/>
        <line num="149" count="1" type="stmt"/>
        <line num="151" count="163" type="cond" truecount="1" falsecount="0"/>
        <line num="152" count="163" type="stmt"/>
        <line num="153" count="163" type="cond" truecount="1" falsecount="0"/>
        <line num="154" count="6" type="stmt"/>
        <line num="155" count="6" type="stmt"/>
        <line num="156" count="163" type="stmt"/>
        <line num="158" count="76" type="cond" truecount="1" falsecount="0"/>
        <line num="159" count="76" type="stmt"/>
        <line num="160" count="76" type="stmt"/>
        <line num="161" count="76" type="stmt"/>
        <line num="162" count="76" type="stmt"/>
        <line num="163" count="76" type="stmt"/>
        <line num="164" count="76" type="stmt"/>
        <line num="165" count="76" type="stmt"/>
        <line num="166" count="76" type="stmt"/>
        <line num="167" count="76" type="stmt"/>
        <line num="168" count="76" type="stmt"/>
        <line num="169" count="76" type="stmt"/>
        <line num="170" count="76" type="stmt"/>
        <line num="171" count="76" type="stmt"/>
        <line num="172" count="76" type="stmt"/>
        <line num="173" count="76" type="stmt"/>
        <line num="179" count="12" type="cond" truecount="1" falsecount="0"/>
        <line num="180" count="12" type="cond" truecount="2" falsecount="0"/>
        <line num="181" count="8" type="stmt"/>
        <line num="182" count="8" type="stmt"/>
        <line num="183" count="8" type="stmt"/>
        <line num="184" count="8" type="stmt"/>
        <line num="185" count="8" type="stmt"/>
        <line num="186" count="8" type="stmt"/>
        <line num="187" count="8" type="stmt"/>
        <line num="188" count="8" type="stmt"/>
        <line num="194" count="5" type="cond" truecount="1" falsecount="0"/>
        <line num="195" count="5" type="stmt"/>
        <line num="196" count="5" type="stmt"/>
        <line num="197" count="5" type="stmt"/>
        <line num="198" count="5" type="stmt"/>
        <line num="199" count="5" type="stmt"/>
        <line num="200" count="5" type="stmt"/>
        <line num="201" count="5" type="stmt"/>
        <line num="203" count="5" type="cond" truecount="1" falsecount="0"/>
        <line num="204" count="1" type="stmt"/>
        <line num="205" count="1" type="stmt"/>
        <line num="206" count="1" type="stmt"/>
        <line num="207" count="5" type="stmt"/>
        <line num="209" count="5" type="cond" truecount="1" falsecount="0"/>
        <line num="210" count="3" type="stmt"/>
        <line num="211" count="3" type="stmt"/>
        <line num="212" count="3" type="cond" truecount="1" falsecount="0"/>
        <line num="213" count="3" type="stmt"/>
        <line num="214" count="3" type="stmt"/>
        <line num="215" count="3" type="stmt"/>
        <line num="216" count="3" type="stmt"/>
        <line num="217" count="5" type="stmt"/>
        <line num="219" count="5" type="cond" truecount="1" falsecount="0"/>
        <line num="220" count="4" type="stmt"/>
        <line num="221" count="4" type="stmt"/>
        <line num="222" count="5" type="cond" truecount="1" falsecount="0"/>
        <line num="224" count="1" type="stmt"/>
        <line num="225" count="1" type="stmt"/>
        <line num="226" count="5" type="stmt"/>
        <line num="228" count="76" type="cond" truecount="1" falsecount="0"/>
        <line num="229" count="76" type="cond" truecount="1" falsecount="0"/>
        <line num="230" count="4" type="cond" truecount="0" falsecount="1"/>
        <line num="231" count="4" type="stmt"/>
        <line num="232" count="4" type="stmt"/>
        <line num="233" count="76" type="stmt"/>
        <line num="234" count="76" type="stmt"/>
        <line num="240" count="1" type="stmt"/>
        <line num="241" count="1" type="cond" truecount="1" falsecount="0"/>
        <line num="242" count="18" type="stmt"/>
        <line num="243" count="18" type="stmt"/>
        <line num="245" count="1" type="cond" truecount="1" falsecount="0"/>
        <line num="246" count="5" type="stmt"/>
        <line num="247" count="5" type="stmt"/>
        <line num="249" count="1" type="cond" truecount="1" falsecount="0"/>
        <line num="250" count="6" type="stmt"/>
        <line num="251" count="6" type="stmt"/>
        <line num="253" count="1" type="cond" truecount="1" falsecount="0"/>
        <line num="255" count="53" type="cond" truecount="1" falsecount="0"/>
        <line num="256" count="1" type="stmt"/>
        <line num="257" count="1" type="stmt"/>
        <line num="258" count="1" type="stmt"/>
        <line num="260" count="53" type="stmt"/>
        <line num="261" count="53" type="stmt"/>
        <line num="262" count="53" type="stmt"/>
        <line num="263" count="53" type="stmt"/>
        <line num="264" count="53" type="stmt"/>
        <line num="265" count="53" type="cond" truecount="1" falsecount="0"/>
        <line num="266" count="53" type="stmt"/>
        <line num="267" count="53" type="stmt"/>
        <line num="273" count="53" type="cond" truecount="1" falsecount="0"/>
        <line num="274" count="5" type="cond" truecount="0" falsecount="1"/>
        <line num="275" count="5" type="stmt"/>
        <line num="276" count="5" type="stmt"/>
        <line num="278" count="53" type="stmt"/>
        <line num="279" count="53" type="stmt"/>
        <line num="281" count="1" type="cond" truecount="1" falsecount="0"/>
        <line num="282" count="103" type="cond" truecount="2" falsecount="0"/>
        <line num="283" count="1" type="stmt"/>
        <line num="284" count="1" type="cond" truecount="1" falsecount="0"/>
        <line num="286" count="102" type="stmt"/>
        <line num="289" count="102" type="stmt"/>
        <line num="292" count="102" type="stmt"/>
        <line num="293" count="103" type="cond" truecount="2" falsecount="0"/>
        <line num="294" count="2" type="stmt"/>
        <line num="296" count="2" type="stmt"/>
        <line num="297" count="2" type="cond" truecount="1" falsecount="0"/>
        <line num="300" count="102" type="stmt"/>
        <line num="301" count="102" type="stmt"/>
        <line num="304" count="103" type="cond" truecount="2" falsecount="0"/>
        <line num="305" count="1" type="stmt"/>
        <line num="306" count="1" type="cond" truecount="1" falsecount="0"/>
        <line num="309" count="102" type="stmt"/>
        <line num="311" count="102" type="stmt"/>
        <line num="312" count="103" type="stmt"/>
        <line num="314" count="1" type="cond" truecount="1" falsecount="0"/>
        <line num="315" count="8" type="cond" truecount="2" falsecount="0"/>
        <line num="316" count="8" type="cond" truecount="0" falsecount="1"/>
        <line num="317" count="8" type="cond" truecount="1" falsecount="0"/>
        <line num="318" count="3" type="stmt"/>
        <line num="319" count="3" type="cond" truecount="1" falsecount="0"/>
        <line num="320" count="6" type="stmt"/>
        <line num="321" count="8" type="stmt"/>
        <line num="323" count="1" type="cond" truecount="1" falsecount="0"/>
        <line num="324" count="7" type="stmt"/>
        <line num="325" count="7" type="stmt"/>
        <line num="326" count="7" type="stmt"/>
        <line num="328" count="1" type="cond" truecount="1" falsecount="0"/>
        <line num="329" count="4" type="stmt"/>
        <line num="330" count="4" type="stmt"/>
        <line num="332" count="1" type="cond" truecount="1" falsecount="0"/>
        <line num="333" count="2" type="cond" truecount="1" falsecount="0"/>
        <line num="334" count="1" type="stmt"/>
        <line num="335" count="1" type="stmt"/>
        <line num="336" count="1" type="stmt"/>
        <line num="337" count="2" type="stmt"/>
        <line num="339" count="1" type="cond" truecount="1" falsecount="0"/>
        <line num="340" count="11" type="cond" truecount="2" falsecount="0"/>
        <line num="342" count="10" type="stmt"/>
        <line num="343" count="11" type="cond" truecount="2" falsecount="0"/>
        <line num="346" count="11" type="cond" truecount="1" falsecount="0"/>
        <line num="347" count="11" type="cond" truecount="3" falsecount="0"/>
        <line num="349" count="9" type="cond" truecount="1" falsecount="0"/>
        <line num="350" count="9" type="stmt"/>
        <line num="353" count="9" type="cond" truecount="1" falsecount="0"/>
        <line num="356" count="9" type="stmt"/>
        <line num="357" count="9" type="stmt"/>
        <line num="358" count="9" type="stmt"/>
        <line num="359" count="11" type="stmt"/>
        <line num="361" count="1" type="cond" truecount="1" falsecount="0"/>
        <line num="362" count="6" type="cond" truecount="2" falsecount="0"/>
        <line num="363" count="6" type="cond" truecount="2" falsecount="0"/>
        <line num="365" count="4" type="stmt"/>
        <line num="366" count="6" type="cond" truecount="2" falsecount="0"/>
        <line num="368" count="6" type="cond" truecount="1" falsecount="0"/>
        <line num="369" count="6" type="cond" truecount="3" falsecount="0"/>
        <line num="371" count="3" type="cond" truecount="1" falsecount="0"/>
        <line num="372" count="3" type="stmt"/>
        <line num="375" count="3" type="stmt"/>
        <line num="378" count="3" type="cond" truecount="1" falsecount="0"/>
        <line num="380" count="3" type="stmt"/>
        <line num="381" count="6" type="stmt"/>
        <line num="383" count="1" type="cond" truecount="1" falsecount="0"/>
        <line num="384" count="12" type="cond" truecount="2" falsecount="0"/>
        <line num="385" count="1" type="stmt"/>
        <line num="386" count="1" type="stmt"/>
        <line num="387" count="1" type="stmt"/>
        <line num="388" count="1" type="stmt"/>
        <line num="389" count="1" type="stmt"/>
        <line num="390" count="1" type="stmt"/>
        <line num="393" count="12" type="stmt"/>
        <line num="394" count="12" type="stmt"/>
        <line num="395" count="12" type="cond" truecount="1" falsecount="0"/>
        <line num="396" count="11" type="stmt"/>
        <line num="397" count="11" type="cond" truecount="2" falsecount="0"/>
        <line num="398" count="6" type="cond" truecount="1" falsecount="0"/>
        <line num="399" count="6" type="stmt"/>
        <line num="400" count="6" type="stmt"/>
        <line num="401" count="6" type="stmt"/>
        <line num="402" count="6" type="stmt"/>
        <line num="403" count="11" type="stmt"/>
        <line num="405" count="12" type="stmt"/>
        <line num="406" count="12" type="stmt"/>
        <line num="407" count="12" type="stmt"/>
        <line num="408" count="12" type="stmt"/>
        <line num="409" count="12" type="cond" truecount="2" falsecount="0"/>
        <line num="410" count="12" type="stmt"/>
        <line num="411" count="12" type="stmt"/>
        <line num="412" count="12" type="stmt"/>
        <line num="413" count="12" type="stmt"/>
        <line num="415" count="1" type="cond" truecount="1" falsecount="0"/>
        <line num="416" count="75" type="stmt"/>
        <line num="417" count="75" type="stmt"/>
        <line num="418" count="75" type="stmt"/>
        <line num="419" count="1" type="stmt"/>
      </file>
      <file name="identity.ts" path="/Users/blaze/Movies/Kin/projects/dot-protocol/packages/engine/src/identity.ts">
        <metrics statements="138" coveredstatements="138" conditionals="33" coveredconditionals="32" methods="12" coveredmethods="12"/>
        <line num="1" count="1" type="stmt"/>
        <line num="14" count="1" type="stmt"/>
        <line num="31" count="172" type="cond" truecount="1" falsecount="0"/>
        <line num="32" count="172" type="stmt"/>
        <line num="33" count="172" type="cond" truecount="1" falsecount="0"/>
        <line num="34" count="172" type="stmt"/>
        <line num="35" count="172" type="stmt"/>
        <line num="37" count="2" type="cond" truecount="1" falsecount="0"/>
        <line num="38" count="2" type="stmt"/>
        <line num="39" count="2" type="stmt"/>
        <line num="40" count="2" type="stmt"/>
        <line num="41" count="2" type="stmt"/>
        <line num="42" count="2" type="cond" truecount="1" falsecount="0"/>
        <line num="43" count="2" type="stmt"/>
        <line num="44" count="2" type="stmt"/>
        <line num="47" count="1" type="stmt"/>
        <line num="48" count="1" type="stmt"/>
        <line num="49" count="1" type="stmt"/>
        <line num="50" count="1" type="stmt"/>
        <line num="51" count="1" type="stmt"/>
        <line num="53" count="58" type="cond" truecount="1" falsecount="0"/>
        <line num="54" count="58" type="stmt"/>
        <line num="55" count="58" type="stmt"/>
        <line num="56" count="58" type="stmt"/>
        <line num="57" count="58" type="stmt"/>
        <line num="58" count="58" type="stmt"/>
        <line num="60" count="2" type="cond" truecount="1" falsecount="0"/>
        <line num="61" count="2" type="cond" truecount="2" falsecount="0"/>
        <line num="62" count="1" type="stmt"/>
        <line num="63" count="1" type="stmt"/>
        <line num="64" count="1" type="stmt"/>
        <line num="65" count="1" type="stmt"/>
        <line num="67" count="58" type="cond" truecount="1" falsecount="0"/>
        <line num="68" count="58" type="stmt"/>
        <line num="69" count="58" type="stmt"/>
        <line num="75" count="57" type="cond" truecount="1" falsecount="0"/>
        <line num="76" count="57" type="stmt"/>
        <line num="77" count="57" type="stmt"/>
        <line num="78" count="57" type="stmt"/>
        <line num="79" count="57" type="stmt"/>
        <line num="80" count="57" type="stmt"/>
        <line num="81" count="57" type="stmt"/>
        <line num="82" count="57" type="cond" truecount="1" falsecount="0"/>
        <line num="84" count="56" type="stmt"/>
        <line num="85" count="56" type="stmt"/>
        <line num="87" count="56" type="stmt"/>
        <line num="88" count="56" type="stmt"/>
        <line num="90" count="56" type="stmt"/>
        <line num="91" count="57" type="cond" truecount="1" falsecount="0"/>
        <line num="92" count="1" type="stmt"/>
        <line num="93" count="1" type="stmt"/>
        <line num="94" count="57" type="stmt"/>
        <line num="96" count="58" type="cond" truecount="1" falsecount="0"/>
        <line num="97" count="58" type="stmt"/>
        <line num="98" count="58" type="stmt"/>
        <line num="99" count="58" type="stmt"/>
        <line num="100" count="58" type="stmt"/>
        <line num="101" count="58" type="stmt"/>
        <line num="102" count="58" type="stmt"/>
        <line num="103" count="58" type="stmt"/>
        <line num="104" count="58" type="stmt"/>
        <line num="105" count="58" type="stmt"/>
        <line num="106" count="58" type="stmt"/>
        <line num="107" count="58" type="stmt"/>
        <line num="108" count="58" type="stmt"/>
        <line num="111" count="58" type="stmt"/>
        <line num="112" count="58" type="stmt"/>
        <line num="113" count="58" type="stmt"/>
        <line num="114" count="58" type="cond" truecount="1" falsecount="0"/>
        <line num="115" count="57" type="stmt"/>
        <line num="116" count="58" type="cond" truecount="1" falsecount="0"/>
        <line num="117" count="1" type="stmt"/>
        <line num="118" count="1" type="stmt"/>
        <line num="119" count="58" type="stmt"/>
        <line num="121" count="58" type="stmt"/>
        <line num="122" count="58" type="stmt"/>
        <line num="123" count="58" type="stmt"/>
        <line num="124" count="58" type="stmt"/>
        <line num="125" count="58" type="stmt"/>
        <line num="126" count="58" type="cond" truecount="1" falsecount="0"/>
        <line num="127" count="2" type="stmt"/>
        <line num="128" count="2" type="stmt"/>
        <line num="129" count="2" type="stmt"/>
        <line num="130" count="2" type="stmt"/>
        <line num="131" count="58" type="stmt"/>
        <line num="132" count="58" type="stmt"/>
        <line num="133" count="58" type="stmt"/>
        <line num="144" count="57" type="cond" truecount="1" falsecount="0"/>
        <line num="145" count="57" type="stmt"/>
        <line num="146" count="57" type="stmt"/>
        <line num="147" count="57" type="stmt"/>
        <line num="148" count="57" type="stmt"/>
        <line num="149" count="57" type="stmt"/>
        <line num="150" count="57" type="stmt"/>
        <line num="151" count="57" type="cond" truecount="1" falsecount="0"/>
        <line num="152" count="44" type="stmt"/>
        <line num="153" count="44" type="stmt"/>
        <line num="154" count="57" type="cond" truecount="1" falsecount="0"/>
        <line num="156" count="43" type="stmt"/>
        <line num="157" count="57" type="stmt"/>
        <line num="159" count="58" type="cond" truecount="1" falsecount="0"/>
        <line num="160" count="58" type="stmt"/>
        <line num="161" count="58" type="stmt"/>
        <line num="162" count="58" type="cond" truecount="1" falsecount="0"/>
        <line num="163" count="45" type="stmt"/>
        <line num="164" count="45" type="cond" truecount="2" falsecount="0"/>
        <line num="165" count="30" type="cond" truecount="2" falsecount="0"/>
        <line num="166" count="2" type="stmt"/>
        <line num="167" count="2" type="stmt"/>
        <line num="168" count="2" type="stmt"/>
        <line num="169" count="2" type="stmt"/>
        <line num="170" count="2" type="stmt"/>
        <line num="171" count="58" type="cond" truecount="1" falsecount="0"/>
        <line num="172" count="44" type="stmt"/>
        <line num="173" count="44" type="stmt"/>
        <line num="174" count="58" type="stmt"/>
        <line num="180" count="1" type="stmt"/>
        <line num="189" count="58" type="cond" truecount="1" falsecount="0"/>
        <line num="190" count="58" type="cond" truecount="0" falsecount="1"/>
        <line num="193" count="58" type="stmt"/>
        <line num="194" count="58" type="cond" truecount="1" falsecount="0"/>
        <line num="195" count="1" type="stmt"/>
        <line num="196" count="1" type="stmt"/>
        <line num="197" count="1" type="cond" truecount="1" falsecount="0"/>
        <line num="200" count="57" type="stmt"/>
        <line num="201" count="58" type="cond" truecount="1" falsecount="0"/>
        <line num="202" count="56" type="stmt"/>
        <line num="203" count="56" type="stmt"/>
        <line num="204" count="56" type="stmt"/>
        <line num="205" count="56" type="cond" truecount="1" falsecount="0"/>
        <line num="208" count="1" type="stmt"/>
        <line num="209" count="1" type="stmt"/>
        <line num="210" count="1" type="stmt"/>
        <line num="211" count="1" type="stmt"/>
        <line num="212" count="1" type="stmt"/>
        <line num="218" count="1" type="cond" truecount="1" falsecount="0"/>
        <line num="219" count="85" type="stmt"/>
        <line num="220" count="85" type="stmt"/>
      </file>
      <file name="physics.ts" path="/Users/blaze/Movies/Kin/projects/dot-protocol/packages/engine/src/physics.ts">
        <metrics statements="74" coveredstatements="74" conditionals="29" coveredconditionals="27" methods="7" coveredmethods="7"/>
        <line num="1" count="1" type="stmt"/>
        <line num="60" count="1" type="stmt"/>
        <line num="67" count="103" type="cond" truecount="1" falsecount="0"/>
        <line num="68" count="103" type="cond" truecount="2" falsecount="0"/>
        <line num="70" count="103" type="cond" truecount="2" falsecount="0"/>
        <line num="72" count="103" type="cond" truecount="1" falsecount="0"/>
        <line num="73" count="99" type="stmt"/>
        <line num="74" count="99" type="stmt"/>
        <line num="75" count="99" type="stmt"/>
        <line num="76" count="99" type="cond" truecount="1" falsecount="0"/>
        <line num="79" count="3" type="cond" truecount="1" falsecount="0"/>
        <line num="80" count="3" type="cond" truecount="2" falsecount="0"/>
        <line num="81" count="2" type="cond" truecount="1" falsecount="0"/>
        <line num="82" count="1" type="stmt"/>
        <line num="84" count="3" type="stmt"/>
        <line num="85" count="3" type="stmt"/>
        <line num="86" count="3" type="stmt"/>
        <line num="91" count="1" type="cond" truecount="1" falsecount="0"/>
        <line num="92" count="53" type="stmt"/>
        <line num="93" count="53" type="stmt"/>
        <line num="95" count="53" type="stmt"/>
        <line num="96" count="53" type="stmt"/>
        <line num="98" count="53" type="cond" truecount="1" falsecount="0"/>
        <line num="99" count="102" type="cond" truecount="1" falsecount="0"/>
        <line num="100" count="30" type="stmt"/>
        <line num="101" count="30" type="stmt"/>
        <line num="102" count="30" type="stmt"/>
        <line num="103" count="102" type="stmt"/>
        <line num="104" count="102" type="stmt"/>
        <line num="106" count="53" type="stmt"/>
        <line num="107" count="53" type="stmt"/>
        <line num="109" count="53" type="cond" truecount="1" falsecount="0"/>
        <line num="110" count="102" type="stmt"/>
        <line num="111" count="102" type="stmt"/>
        <line num="112" count="102" type="stmt"/>
        <line num="115" count="102" type="stmt"/>
        <line num="118" count="102" type="cond" truecount="2" falsecount="0"/>
        <line num="119" count="1" type="stmt"/>
        <line num="120" count="1" type="stmt"/>
        <line num="121" count="1" type="stmt"/>
        <line num="122" count="1" type="stmt"/>
        <line num="125" count="102" type="stmt"/>
        <line num="126" count="102" type="cond" truecount="1" falsecount="0"/>
        <line num="127" count="102" type="cond" truecount="1" falsecount="0"/>
        <line num="130" count="102" type="stmt"/>
        <line num="131" count="102" type="stmt"/>
        <line num="132" count="102" type="stmt"/>
        <line num="133" count="102" type="stmt"/>
        <line num="134" count="102" type="cond" truecount="2" falsecount="0"/>
        <line num="135" count="102" type="cond" truecount="2" falsecount="0"/>
        <line num="136" count="102" type="stmt"/>
        <line num="138" count="102" type="stmt"/>
        <line num="141" count="102" type="stmt"/>
        <line num="144" count="102" type="stmt"/>
        <line num="147" count="102" type="stmt"/>
        <line num="149" count="102" type="stmt"/>
        <line num="150" count="102" type="stmt"/>
        <line num="152" count="53" type="cond" truecount="1" falsecount="0"/>
        <line num="153" count="102" type="cond" truecount="0" falsecount="1"/>
        <line num="154" count="102" type="cond" truecount="0" falsecount="1"/>
        <line num="155" count="102" type="stmt"/>
        <line num="156" count="102" type="stmt"/>
        <line num="158" count="53" type="cond" truecount="1" falsecount="0"/>
        <line num="159" count="11" type="stmt"/>
        <line num="160" count="11" type="stmt"/>
        <line num="161" count="11" type="stmt"/>
        <line num="162" count="11" type="stmt"/>
        <line num="163" count="11" type="cond" truecount="2" falsecount="0"/>
        <line num="164" count="11" type="stmt"/>
        <line num="165" count="11" type="stmt"/>
        <line num="166" count="11" type="stmt"/>
        <line num="167" count="53" type="stmt"/>
        <line num="169" count="53" type="stmt"/>
        <line num="170" count="53" type="stmt"/>
      </file>
      <file name="relay.ts" path="/Users/blaze/Movies/Kin/projects/dot-protocol/packages/engine/src/relay.ts">
        <metrics statements="125" coveredstatements="125" conditionals="48" coveredconditionals="44" methods="12" coveredmethods="12"/>
        <line num="1" count="1" type="stmt"/>
        <line num="98" count="1" type="cond" truecount="1" falsecount="0"/>
        <line num="99" count="25" type="stmt"/>
        <line num="103" count="25" type="cond" truecount="0" falsecount="1"/>
        <line num="107" count="25" type="stmt"/>
        <line num="108" count="25" type="stmt"/>
        <line num="109" count="25" type="stmt"/>
        <line num="112" count="25" type="stmt"/>
        <line num="113" count="25" type="stmt"/>
        <line num="114" count="25" type="stmt"/>
        <line num="117" count="25" type="stmt"/>
        <line num="120" count="25" type="stmt"/>
        <line num="121" count="25" type="stmt"/>
        <line num="125" count="25" type="cond" truecount="1" falsecount="0"/>
        <line num="126" count="91" type="stmt"/>
        <line num="127" count="91" type="stmt"/>
        <line num="129" count="25" type="cond" truecount="1" falsecount="0"/>
        <line num="130" count="22" type="cond" truecount="1" falsecount="0"/>
        <line num="131" count="1" type="stmt"/>
        <line num="132" count="1" type="cond" truecount="0" falsecount="1"/>
        <line num="133" count="1" type="stmt"/>
        <line num="134" count="1" type="stmt"/>
        <line num="135" count="22" type="stmt"/>
        <line num="137" count="25" type="cond" truecount="1" falsecount="0"/>
        <line num="138" count="2" type="cond" truecount="0" falsecount="1"/>
        <line num="140" count="2" type="stmt"/>
        <line num="141" count="2" type="stmt"/>
        <line num="144" count="2" type="cond" truecount="1" falsecount="0"/>
        <line num="145" count="1" type="stmt"/>
        <line num="146" count="2" type="stmt"/>
        <line num="149" count="2" type="cond" truecount="1" falsecount="0"/>
        <line num="150" count="11" type="cond" truecount="1" falsecount="0"/>
        <line num="151" count="2" type="stmt"/>
        <line num="152" count="2" type="stmt"/>
        <line num="154" count="2" type="stmt"/>
        <line num="156" count="2" type="stmt"/>
        <line num="157" count="11" type="cond" truecount="2" falsecount="0"/>
        <line num="158" count="5" type="stmt"/>
        <line num="159" count="5" type="cond" truecount="1" falsecount="0"/>
        <line num="160" count="1" type="stmt"/>
        <line num="161" count="1" type="stmt"/>
        <line num="162" count="5" type="stmt"/>
        <line num="163" count="2" type="stmt"/>
        <line num="166" count="2" type="stmt"/>
        <line num="167" count="2" type="stmt"/>
        <line num="169" count="25" type="cond" truecount="1" falsecount="0"/>
        <line num="170" count="8" type="cond" truecount="2" falsecount="0"/>
        <line num="171" count="7" type="cond" truecount="1" falsecount="0"/>
        <line num="172" count="2" type="stmt"/>
        <line num="173" count="2" type="stmt"/>
        <line num="175" count="2" type="stmt"/>
        <line num="176" count="7" type="stmt"/>
        <line num="177" count="7" type="stmt"/>
        <line num="178" count="8" type="stmt"/>
        <line num="187" count="25" type="cond" truecount="1" falsecount="0"/>
        <line num="188" count="23" type="cond" truecount="2" falsecount="0"/>
        <line num="189" count="22" type="cond" truecount="1" falsecount="1"/>
        <line num="191" count="22" type="cond" truecount="1" falsecount="0"/>
        <line num="192" count="22" type="stmt"/>
        <line num="193" count="22" type="stmt"/>
        <line num="195" count="22" type="stmt"/>
        <line num="197" count="22" type="cond" truecount="1" falsecount="0"/>
        <line num="198" count="3" type="cond" truecount="1" falsecount="0"/>
        <line num="199" count="22" type="stmt"/>
        <line num="201" count="22" type="cond" truecount="1" falsecount="0"/>
        <line num="202" count="109" type="cond" truecount="2" falsecount="0"/>
        <line num="203" count="20" type="stmt"/>
        <line num="204" count="20" type="stmt"/>
        <line num="205" count="20" type="stmt"/>
        <line num="206" count="20" type="stmt"/>
        <line num="207" count="20" type="stmt"/>
        <line num="208" count="20" type="stmt"/>
        <line num="211" count="20" type="cond" truecount="1" falsecount="0"/>
        <line num="212" count="63" type="cond" truecount="1" falsecount="0"/>
        <line num="213" count="43" type="stmt"/>
        <line num="214" count="43" type="cond" truecount="1" falsecount="0"/>
        <line num="215" count="43" type="stmt"/>
        <line num="216" count="20" type="stmt"/>
        <line num="217" count="109" type="cond" truecount="3" falsecount="0"/>
        <line num="218" count="2" type="stmt"/>
        <line num="219" count="2" type="stmt"/>
        <line num="220" count="2" type="stmt"/>
        <line num="221" count="22" type="stmt"/>
        <line num="223" count="22" type="stmt"/>
        <line num="224" count="22" type="stmt"/>
        <line num="225" count="23" type="stmt"/>
        <line num="229" count="25" type="cond" truecount="1" falsecount="0"/>
        <line num="230" count="5" type="cond" truecount="1" falsecount="0"/>
        <line num="231" count="1" type="stmt"/>
        <line num="232" count="1" type="cond" truecount="1" falsecount="0"/>
        <line num="233" count="5" type="cond" truecount="2" falsecount="0"/>
        <line num="234" count="3" type="stmt"/>
        <line num="235" count="5" type="cond" truecount="1" falsecount="0"/>
        <line num="236" count="1" type="stmt"/>
        <line num="237" count="1" type="stmt"/>
        <line num="238" count="5" type="stmt"/>
        <line num="240" count="25" type="cond" truecount="1" falsecount="0"/>
        <line num="241" count="2" type="stmt"/>
        <line num="242" count="2" type="stmt"/>
        <line num="246" count="25" type="cond" truecount="1" falsecount="0"/>
        <line num="247" count="7" type="stmt"/>
        <line num="248" count="7" type="stmt"/>
        <line num="250" count="25" type="cond" truecount="1" falsecount="0"/>
        <line num="251" count="4" type="stmt"/>
        <line num="252" count="4" type="stmt"/>
        <line num="256" count="25" type="cond" truecount="1" falsecount="0"/>
        <line num="257" count="21" type="stmt"/>
        <line num="258" count="21" type="cond" truecount="1" falsecount="0"/>
        <line num="259" count="5" type="stmt"/>
        <line num="260" count="5" type="stmt"/>
        <line num="261" count="5" type="stmt"/>
        <line num="262" count="21" type="cond" truecount="1" falsecount="0"/>
        <line num="263" count="21" type="stmt"/>
        <line num="264" count="21" type="stmt"/>
        <line num="265" count="21" type="stmt"/>
        <line num="269" count="25" type="stmt"/>
        <line num="270" count="25" type="stmt"/>
        <line num="271" count="25" type="stmt"/>
        <line num="272" count="25" type="stmt"/>
        <line num="273" count="25" type="stmt"/>
        <line num="274" count="25" type="stmt"/>
        <line num="275" count="25" type="stmt"/>
        <line num="276" count="25" type="cond" truecount="1" falsecount="0"/>
        <line num="277" count="25" type="stmt"/>
        <line num="278" count="25" type="stmt"/>
      </file>
      <file name="sensor.ts" path="/Users/blaze/Movies/Kin/projects/dot-protocol/packages/engine/src/sensor.ts">
        <metrics statements="29" coveredstatements="29" conditionals="11" coveredconditionals="11" methods="3" coveredmethods="3"/>
        <line num="17" count="62" type="cond" truecount="1" falsecount="0"/>
        <line num="18" count="62" type="cond" truecount="2" falsecount="0"/>
        <line num="19" count="62" type="stmt"/>
        <line num="21" count="62" type="stmt"/>
        <line num="22" count="62" type="cond" truecount="1" falsecount="0"/>
        <line num="23" count="44629202" type="stmt"/>
        <line num="24" count="44629202" type="stmt"/>
        <line num="27" count="62" type="stmt"/>
        <line num="28" count="62" type="cond" truecount="1" falsecount="0"/>
        <line num="29" count="15872" type="stmt"/>
        <line num="30" count="15872" type="stmt"/>
        <line num="31" count="15872" type="stmt"/>
        <line num="34" count="62" type="stmt"/>
        <line num="35" count="62" type="stmt"/>
        <line num="36" count="62" type="stmt"/>
        <line num="38" count="62" type="stmt"/>
        <line num="39" count="62" type="stmt"/>
        <line num="45" count="62" type="cond" truecount="1" falsecount="0"/>
        <line num="46" count="62" type="cond" truecount="2" falsecount="0"/>
        <line num="47" count="61" type="cond" truecount="1" falsecount="0"/>
        <line num="48" count="1" type="stmt"/>
        <line num="49" count="62" type="stmt"/>
        <line num="50" count="62" type="stmt"/>
        <line num="51" count="62" type="stmt"/>
        <line num="58" count="1" type="cond" truecount="1" falsecount="0"/>
        <line num="59" count="1" type="stmt"/>
        <line num="60" count="1" type="stmt"/>
        <line num="61" count="1" type="cond" truecount="1" falsecount="0"/>
        <line num="62" count="1" type="stmt"/>
      </file>
    </package>
    <package name="src.tests">
      <metrics statements="1543" coveredstatements="1518" conditionals="292" coveredconditionals="274" methods="60" coveredmethods="50"/>
      <file name="compress.test.ts" path="/Users/blaze/Movies/Kin/projects/dot-protocol/packages/engine/src/tests/compress.test.ts">
        <metrics statements="28" coveredstatements="28" conditionals="5" coveredconditionals="5" methods="0" coveredmethods="0"/>
        <line num="1" count="1" type="stmt"/>
        <line num="2" count="1" type="stmt"/>
        <line num="4" count="1" type="cond" truecount="1" falsecount="0"/>
        <line num="5" count="1" type="cond" truecount="1" falsecount="0"/>
        <line num="6" count="1" type="stmt"/>
        <line num="7" count="1" type="cond" truecount="1" falsecount="0"/>
        <line num="8" count="20" type="stmt"/>
        <line num="9" count="20" type="stmt"/>
        <line num="10" count="20" type="stmt"/>
        <line num="11" count="1" type="stmt"/>
        <line num="12" count="1" type="stmt"/>
        <line num="13" count="1" type="stmt"/>
        <line num="14" count="1" type="stmt"/>
        <line num="15" count="1" type="stmt"/>
        <line num="16" count="1" type="stmt"/>
        <line num="18" count="1" type="cond" truecount="1" falsecount="0"/>
        <line num="19" count="1" type="stmt"/>
        <line num="20" count="1" type="stmt"/>
        <line num="21" count="1" type="stmt"/>
        <line num="22" count="1" type="stmt"/>
        <line num="24" count="1" type="cond" truecount="1" falsecount="0"/>
        <line num="25" count="1" type="stmt"/>
        <line num="26" count="1" type="stmt"/>
        <line num="27" count="1" type="stmt"/>
        <line num="28" count="1" type="stmt"/>
        <line num="30" count="1" type="stmt"/>
        <line num="31" count="1" type="stmt"/>
        <line num="32" count="1" type="stmt"/>
      </file>
      <file name="coverage-gaps.test.ts" path="/Users/blaze/Movies/Kin/projects/dot-protocol/packages/engine/src/tests/coverage-gaps.test.ts">
        <metrics statements="945" coveredstatements="924" conditionals="180" coveredconditionals="166" methods="50" coveredmethods="41"/>
        <line num="1" count="1" type="stmt"/>
        <line num="8" count="1" type="stmt"/>
        <line num="9" count="1" type="stmt"/>
        <line num="15" count="1" type="cond" truecount="1" falsecount="0"/>
        <line num="16" count="1" type="cond" truecount="1" falsecount="0"/>
        <line num="17" count="20" type="stmt"/>
        <line num="18" count="1" type="stmt"/>
        <line num="21" count="1" type="cond" truecount="1" falsecount="0"/>
        <line num="23" count="1" type="stmt"/>
        <line num="24" count="1" type="stmt"/>
        <line num="25" count="1" type="stmt"/>
        <line num="28" count="1" type="cond" truecount="1" falsecount="0"/>
        <line num="29" count="1" type="stmt"/>
        <line num="30" count="1" type="stmt"/>
        <line num="31" count="1" type="stmt"/>
        <line num="32" count="1" type="stmt"/>
        <line num="33" count="1" type="stmt"/>
        <line num="36" count="1" type="cond" truecount="1" falsecount="0"/>
        <line num="37" count="1" type="stmt"/>
        <line num="38" count="1" type="cond" truecount="1" falsecount="0"/>
        <line num="40" count="1" type="stmt"/>
        <line num="41" count="1" type="stmt"/>
        <line num="42" count="1" type="stmt"/>
        <line num="45" count="1" type="cond" truecount="1" falsecount="0"/>
        <line num="46" count="1" type="stmt"/>
        <line num="47" count="1" type="stmt"/>
        <line num="48" count="1" type="stmt"/>
        <line num="49" count="1" type="stmt"/>
        <line num="52" count="1" type="cond" truecount="1" falsecount="0"/>
        <line num="53" count="1" type="stmt"/>
        <line num="54" count="1" type="stmt"/>
        <line num="55" count="1" type="stmt"/>
        <line num="56" count="1" type="stmt"/>
        <line num="57" count="1" type="stmt"/>
        <line num="60" count="1" type="cond" truecount="1" falsecount="0"/>
        <line num="61" count="1" type="stmt"/>
        <line num="62" count="1" type="stmt"/>
        <line num="63" count="1" type="stmt"/>
        <line num="64" count="1" type="stmt"/>
        <line num="65" count="1" type="stmt"/>
        <line num="68" count="1" type="cond" truecount="1" falsecount="0"/>
        <line num="69" count="1" type="stmt"/>
        <line num="70" count="1" type="cond" truecount="1" falsecount="0"/>
        <line num="71" count="1" type="stmt"/>
        <line num="73" count="1" type="stmt"/>
        <line num="74" count="1" type="stmt"/>
        <line num="75" count="1" type="stmt"/>
        <line num="78" count="1" type="cond" truecount="1" falsecount="0"/>
        <line num="79" count="1" type="stmt"/>
        <line num="80" count="1" type="stmt"/>
        <line num="81" count="1" type="stmt"/>
        <line num="82" count="1" type="stmt"/>
        <line num="85" count="1" type="cond" truecount="1" falsecount="0"/>
        <line num="86" count="1" type="stmt"/>
        <line num="87" count="1" type="stmt"/>
        <line num="88" count="1" type="cond" truecount="1" falsecount="0"/>
        <line num="89" count="1" type="stmt"/>
        <line num="90" count="1" type="stmt"/>
        <line num="91" count="1" type="stmt"/>
        <line num="92" count="1" type="stmt"/>
        <line num="93" count="1" type="stmt"/>
        <line num="96" count="1" type="cond" truecount="1" falsecount="0"/>
        <line num="97" count="1" type="stmt"/>
        <line num="98" count="1" type="stmt"/>
        <line num="99" count="1" type="stmt"/>
        <line num="102" count="1" type="stmt"/>
        <line num="103" count="1" type="stmt"/>
        <line num="104" count="1" type="stmt"/>
        <line num="105" count="1" type="stmt"/>
        <line num="106" count="1" type="stmt"/>
        <line num="109" count="1" type="stmt"/>
        <line num="110" count="1" type="stmt"/>
        <line num="113" count="1" type="stmt"/>
        <line num="114" count="1" type="stmt"/>
        <line num="115" count="1" type="stmt"/>
        <line num="116" count="1" type="stmt"/>
        <line num="117" count="1" type="stmt"/>
        <line num="118" count="1" type="stmt"/>
        <line num="121" count="1" type="cond" truecount="1" falsecount="0"/>
        <line num="122" count="1" type="stmt"/>
        <line num="123" count="1" type="stmt"/>
        <line num="124" count="1" type="stmt"/>
        <line num="125" count="1" type="stmt"/>
        <line num="126" count="1" type="stmt"/>
        <line num="127" count="1" type="stmt"/>
        <line num="130" count="1" type="cond" truecount="1" falsecount="0"/>
        <line num="131" count="1" type="stmt"/>
        <line num="132" count="1" type="stmt"/>
        <line num="135" count="1" type="stmt"/>
        <line num="137" count="1" type="stmt"/>
        <line num="138" count="1" type="stmt"/>
        <line num="140" count="1" type="stmt"/>
        <line num="141" count="1" type="stmt"/>
        <line num="142" count="1" type="stmt"/>
        <line num="143" count="1" type="stmt"/>
        <line num="145" count="1" type="stmt"/>
        <line num="146" count="1" type="stmt"/>
        <line num="148" count="1" type="stmt"/>
        <line num="149" count="1" type="stmt"/>
        <line num="150" count="1" type="stmt"/>
        <line num="151" count="1" type="stmt"/>
        <line num="152" count="1" type="stmt"/>
        <line num="155" count="1" type="cond" truecount="1" falsecount="0"/>
        <line num="156" count="1" type="stmt"/>
        <line num="157" count="1" type="stmt"/>
        <line num="158" count="1" type="stmt"/>
        <line num="159" count="1" type="stmt"/>
        <line num="160" count="1" type="stmt"/>
        <line num="161" count="1" type="stmt"/>
        <line num="162" count="1" type="stmt"/>
        <line num="163" count="1" type="stmt"/>
        <line num="164" count="1" type="stmt"/>
        <line num="165" count="1" type="stmt"/>
        <line num="168" count="1" type="cond" truecount="1" falsecount="0"/>
        <line num="169" count="1" type="stmt"/>
        <line num="170" count="1" type="stmt"/>
        <line num="172" count="1" type="cond" truecount="1" falsecount="0"/>
        <line num="173" count="6" type="stmt"/>
        <line num="174" count="6" type="stmt"/>
        <line num="176" count="1" type="cond" truecount="1" falsecount="0"/>
        <line num="177" count="1" type="stmt"/>
        <line num="178" count="1" type="stmt"/>
        <line num="180" count="1" type="stmt"/>
        <line num="183" count="1" type="cond" truecount="1" falsecount="0"/>
        <line num="184" count="1" type="stmt"/>
        <line num="190" count="1" type="stmt"/>
        <line num="191" count="1" type="stmt"/>
        <line num="192" count="1" type="stmt"/>
        <line num="193" count="1" type="stmt"/>
        <line num="196" count="1" type="cond" truecount="1" falsecount="0"/>
        <line num="197" count="1" type="stmt"/>
        <line num="198" count="1" type="stmt"/>
        <line num="199" count="1" type="stmt"/>
        <line num="200" count="1" type="stmt"/>
        <line num="201" count="1" type="stmt"/>
        <line num="202" count="1" type="stmt"/>
        <line num="205" count="1" type="cond" truecount="1" falsecount="0"/>
        <line num="206" count="1" type="stmt"/>
        <line num="209" count="1" type="stmt"/>
        <line num="210" count="1" type="cond" truecount="1" falsecount="0"/>
        <line num="211" count="1" type="stmt"/>
        <line num="212" count="1" type="stmt"/>
        <line num="213" count="1" type="stmt"/>
        <line num="216" count="1" type="cond" truecount="1" falsecount="0"/>
        <line num="217" count="1" type="stmt"/>
        <line num="218" count="1" type="stmt"/>
        <line num="219" count="1" type="stmt"/>
        <line num="221" count="1" type="cond" truecount="1" falsecount="0"/>
        <line num="222" count="1" type="stmt"/>
        <line num="223" count="1" type="stmt"/>
        <line num="224" count="1" type="stmt"/>
        <line num="225" count="1" type="stmt"/>
        <line num="227" count="1" type="cond" truecount="1" falsecount="0"/>
        <line num="228" count="1" type="stmt"/>
        <line num="229" count="1" type="stmt"/>
        <line num="230" count="1" type="stmt"/>
        <line num="231" count="1" type="stmt"/>
        <line num="232" count="1" type="stmt"/>
        <line num="238" count="1" type="cond" truecount="1" falsecount="0"/>
        <line num="239" count="1" type="cond" truecount="1" falsecount="0"/>
        <line num="240" count="1" type="stmt"/>
        <line num="241" count="1" type="stmt"/>
        <line num="242" count="1" type="cond" truecount="1" falsecount="0"/>
        <line num="243" count="1" type="cond" truecount="1" falsecount="0"/>
        <line num="244" count="1" type="stmt"/>
        <line num="245" count="1" type="stmt"/>
        <line num="252" count="1" type="cond" truecount="1" falsecount="0"/>
        <line num="253" count="1" type="cond" truecount="1" falsecount="0"/>
        <line num="254" count="1" type="stmt"/>
        <line num="255" count="1" type="stmt"/>
        <line num="256" count="1" type="stmt"/>
        <line num="257" count="1" type="stmt"/>
        <line num="258" count="1" type="stmt"/>
        <line num="259" count="1" type="cond" truecount="1" falsecount="0"/>
        <line num="261" count="1" type="stmt"/>
        <line num="262" count="1" type="stmt"/>
        <line num="263" count="1" type="stmt"/>
        <line num="264" count="1" type="stmt"/>
        <line num="265" count="1" type="stmt"/>
        <line num="273" count="1" type="cond" truecount="1" falsecount="0"/>
        <line num="274" count="1" type="cond" truecount="1" falsecount="0"/>
        <line num="275" count="2" type="stmt"/>
        <line num="276" count="1" type="stmt"/>
        <line num="279" count="1" type="cond" truecount="1" falsecount="0"/>
        <line num="280" count="1" type="stmt"/>
        <line num="281" count="1" type="stmt"/>
        <line num="282" count="1" type="stmt"/>
        <line num="284" count="1" type="stmt"/>
        <line num="285" count="1" type="stmt"/>
        <line num="286" count="1" type="stmt"/>
        <line num="287" count="1" type="stmt"/>
        <line num="288" count="1" type="stmt"/>
        <line num="291" count="1" type="stmt"/>
        <line num="292" count="1" type="stmt"/>
        <line num="293" count="1" type="stmt"/>
        <line num="294" count="1" type="stmt"/>
        <line num="296" count="1" type="stmt"/>
        <line num="297" count="1" type="stmt"/>
        <line num="300" count="1" type="cond" truecount="1" falsecount="0"/>
        <line num="301" count="1" type="stmt"/>
        <line num="304" count="1" type="stmt"/>
        <line num="305" count="1" type="stmt"/>
        <line num="307" count="1" type="stmt"/>
        <line num="309" count="1" type="stmt"/>
        <line num="310" count="1" type="stmt"/>
        <line num="311" count="1" type="stmt"/>
        <line num="312" count="1" type="stmt"/>
        <line num="318" count="1" type="cond" truecount="1" falsecount="0"/>
        <line num="319" count="1" type="cond" truecount="1" falsecount="0"/>
        <line num="320" count="1" type="stmt"/>
        <line num="322" count="1" type="stmt"/>
        <line num="323" count="1" type="stmt"/>
        <line num="324" count="1" type="stmt"/>
        <line num="325" count="1" type="stmt"/>
        <line num="326" count="1" type="stmt"/>
        <line num="327" count="1" type="stmt"/>
        <line num="328" count="1" type="stmt"/>
        <line num="329" count="1" type="stmt"/>
        <line num="338" count="1" type="cond" truecount="1" falsecount="0"/>
        <line num="339" count="1" type="stmt"/>
        <line num="340" count="1" type="stmt"/>
        <line num="343" count="1" type="stmt"/>
        <line num="344" count="1" type="cond" truecount="1" falsecount="0"/>
        <line num="345" count="1" type="cond" truecount="1" falsecount="0"/>
        <line num="346" count="4" type="stmt"/>
        <line num="347" count="4" type="stmt"/>
        <line num="348" count="4" type="stmt"/>
        <line num="349" count="4" type="stmt"/>
        <line num="350" count="4" type="stmt"/>
        <line num="351" count="4" type="stmt"/>
        <line num="352" count="4" type="stmt"/>
        <line num="354" count="1" type="cond" truecount="1" falsecount="0"/>
        <line num="355" count="4" type="stmt"/>
        <line num="356" count="4" type="stmt"/>
        <line num="357" count="4" type="cond" truecount="1" falsecount="0"/>
        <line num="358" count="4" type="stmt"/>
        <line num="359" count="4" type="stmt"/>
        <line num="360" count="4" type="stmt"/>
        <line num="361" count="4" type="stmt"/>
        <line num="363" count="1" type="cond" truecount="1" falsecount="0"/>
        <line num="364" count="12" type="stmt"/>
        <line num="365" count="12" type="stmt"/>
        <line num="366" count="12" type="stmt"/>
        <line num="367" count="12" type="stmt"/>
        <line num="368" count="12" type="cond" truecount="1" falsecount="0"/>
        <line num="369" count="4" type="cond" truecount="1" falsecount="0"/>
        <line num="370" count="4" type="stmt"/>
        <line num="371" count="4" type="stmt"/>
        <line num="372" count="4" type="stmt"/>
        <line num="373" count="12" type="cond" truecount="0" falsecount="1"/>
        <line num="374" count="12" type="stmt"/>
        <line num="375" count="12" type="stmt"/>
        <line num="377" count="1" type="cond" truecount="1" falsecount="0"/>
        <line num="378" count="3" type="stmt"/>
        <line num="379" count="3" type="stmt"/>
        <line num="380" count="3" type="stmt"/>
        <line num="382" count="1" type="cond" truecount="1" falsecount="0"/>
        <line num="383" count="8" type="stmt"/>
        <line num="384" count="8" type="stmt"/>
        <line num="386" count="1" type="cond" truecount="1" falsecount="0"/>
        <line num="387" count="3" type="stmt"/>
        <line num="388" count="3" type="stmt"/>
        <line num="389" count="3" type="stmt"/>
        <line num="390" count="1" type="stmt"/>
        <line num="392" count="1" type="cond" truecount="1" falsecount="0"/>
        <line num="393" count="3" type="stmt"/>
        <line num="394" count="3" type="stmt"/>
        <line num="395" count="1" type="stmt"/>
        <line num="397" count="1" type="cond" truecount="1" falsecount="0"/>
        <line num="398" count="3" type="stmt"/>
        <line num="399" count="1" type="stmt"/>
        <line num="402" count="1" type="cond" truecount="1" falsecount="0"/>
        <line num="403" count="1" type="stmt"/>
        <line num="404" count="1" type="stmt"/>
        <line num="405" count="1" type="stmt"/>
        <line num="406" count="1" type="stmt"/>
        <line num="407" count="1" type="stmt"/>
        <line num="408" count="1" type="stmt"/>
        <line num="409" count="1" type="stmt"/>
        <line num="411" count="1" type="stmt"/>
        <line num="412" count="1" type="stmt"/>
        <line num="415" count="1" type="stmt"/>
        <line num="416" count="1" type="stmt"/>
        <line num="419" count="1" type="cond" truecount="1" falsecount="0"/>
        <line num="420" count="1" type="stmt"/>
        <line num="422" count="1" type="stmt"/>
        <line num="423" count="1" type="stmt"/>
        <line num="426" count="1" type="cond" truecount="1" falsecount="0"/>
        <line num="427" count="1" type="stmt"/>
        <line num="428" count="1" type="stmt"/>
        <line num="429" count="1" type="stmt"/>
        <line num="430" count="1" type="stmt"/>
        <line num="431" count="1" type="stmt"/>
        <line num="432" count="1" type="stmt"/>
        <line num="433" count="1" type="stmt"/>
        <line num="434" count="1" type="stmt"/>
        <line num="436" count="1" type="stmt"/>
        <line num="437" count="1" type="stmt"/>
        <line num="440" count="1" type="stmt"/>
        <line num="441" count="1" type="stmt"/>
        <line num="444" count="1" type="stmt"/>
        <line num="445" count="1" type="stmt"/>
        <line num="448" count="1" type="stmt"/>
        <line num="449" count="1" type="stmt"/>
        <line num="451" count="1" type="stmt"/>
        <line num="452" count="1" type="stmt"/>
        <line num="455" count="1" type="cond" truecount="1" falsecount="0"/>
        <line num="456" count="1" type="stmt"/>
        <line num="457" count="1" type="stmt"/>
        <line num="459" count="1" type="stmt"/>
        <line num="460" count="1" type="stmt"/>
        <line num="461" count="1" type="stmt"/>
        <line num="462" count="1" type="stmt"/>
        <line num="463" count="1" type="stmt"/>
        <line num="464" count="1" type="stmt"/>
        <line num="466" count="1" type="stmt"/>
        <line num="467" count="1" type="stmt"/>
        <line num="468" count="1" type="stmt"/>
        <line num="471" count="1" type="stmt"/>
        <line num="472" count="1" type="stmt"/>
        <line num="473" count="1" type="stmt"/>
        <line num="476" count="1" type="stmt"/>
        <line num="478" count="1" type="stmt"/>
        <line num="479" count="1" type="stmt"/>
        <line num="480" count="1" type="stmt"/>
        <line num="483" count="1" type="stmt"/>
        <line num="485" count="1" type="stmt"/>
        <line num="486" count="1" type="stmt"/>
        <line num="487" count="1" type="stmt"/>
        <line num="488" count="1" type="stmt"/>
        <line num="497" count="1" type="cond" truecount="1" falsecount="0"/>
        <line num="498" count="1" type="cond" truecount="1" falsecount="0"/>
        <line num="499" count="5" type="stmt"/>
        <line num="500" count="1" type="stmt"/>
        <line num="504" count="1" type="cond" truecount="1" falsecount="0"/>
        <line num="505" count="1" type="stmt"/>
        <line num="506" count="1" type="stmt"/>
        <line num="508" count="1" type="stmt"/>
        <line num="509" count="1" type="stmt"/>
        <line num="513" count="1" type="stmt"/>
        <line num="515" count="1" type="stmt"/>
        <line num="519" count="1" type="cond" truecount="1" falsecount="0"/>
        <line num="520" count="1" type="stmt"/>
        <line num="521" count="1" type="stmt"/>
        <line num="524" count="1" type="stmt"/>
        <line num="525" count="1" type="stmt"/>
        <line num="526" count="1" type="stmt"/>
        <line num="527" count="1" type="stmt"/>
        <line num="529" count="1" type="stmt"/>
        <line num="530" count="1" type="stmt"/>
        <line num="531" count="1" type="stmt"/>
        <line num="532" count="1" type="stmt"/>
        <line num="535" count="1" type="stmt"/>
        <line num="536" count="1" type="stmt"/>
        <line num="537" count="1" type="stmt"/>
        <line num="542" count="1" type="cond" truecount="1" falsecount="0"/>
        <line num="543" count="1" type="stmt"/>
        <line num="544" count="1" type="stmt"/>
        <line num="547" count="1" type="stmt"/>
        <line num="548" count="1" type="stmt"/>
        <line num="549" count="1" type="cond" truecount="1" falsecount="1"/>
        <line num="550" count="1" type="cond" truecount="1" falsecount="0"/>
        <line num="551" count="1" type="stmt"/>
        <line num="552" count="1" type="stmt"/>
        <line num="553" count="1" type="stmt"/>
        <line num="556" count="1" type="stmt"/>
        <line num="557" count="1" type="stmt"/>
        <line num="558" count="1" type="stmt"/>
        <line num="560" count="1" type="stmt"/>
        <line num="562" count="1" type="stmt"/>
        <line num="563" count="1" type="stmt"/>
        <line num="566" count="1" type="cond" truecount="1" falsecount="0"/>
        <line num="567" count="1" type="stmt"/>
        <line num="568" count="1" type="stmt"/>
        <line num="571" count="1" type="stmt"/>
        <line num="572" count="1" type="stmt"/>
        <line num="573" count="1" type="stmt"/>
        <line num="574" count="1" type="stmt"/>
        <line num="577" count="1" type="stmt"/>
        <line num="578" count="1" type="stmt"/>
        <line num="579" count="1" type="stmt"/>
        <line num="580" count="1" type="cond" truecount="1" falsecount="1"/>
        <line num="581" count="1" type="stmt"/>
        <line num="582" count="1" type="stmt"/>
        <line num="583" count="1" type="stmt"/>
        <line num="584" count="1" type="stmt"/>
        <line num="586" count="1" type="stmt"/>
        <line num="587" count="1" type="stmt"/>
        <line num="589" count="1" type="stmt"/>
        <line num="591" count="1" type="stmt"/>
        <line num="592" count="1" type="stmt"/>
        <line num="593" count="1" type="stmt"/>
        <line num="596" count="1" type="cond" truecount="1" falsecount="0"/>
        <line num="597" count="1" type="stmt"/>
        <line num="598" count="1" type="stmt"/>
        <line num="599" count="1" type="stmt"/>
        <line num="600" count="1" type="stmt"/>
        <line num="601" count="1" type="stmt"/>
        <line num="602" count="1" type="stmt"/>
        <line num="603" count="1" type="stmt"/>
        <line num="609" count="1" type="cond" truecount="1" falsecount="0"/>
        <line num="610" count="1" type="stmt"/>
        <line num="611" count="1" type="cond" truecount="1" falsecount="0"/>
        <line num="612" count="1" type="cond" truecount="1" falsecount="0"/>
        <line num="613" count="1" type="stmt"/>
        <line num="614" count="1" type="stmt"/>
        <line num="615" count="1" type="stmt"/>
        <line num="616" count="1" type="stmt"/>
        <line num="617" count="1" type="stmt"/>
        <line num="618" count="1" type="stmt"/>
        <line num="619" count="1" type="stmt"/>
        <line num="621" count="1" type="cond" truecount="1" falsecount="0"/>
        <line num="622" count="1" type="stmt"/>
        <line num="623" count="1" type="stmt"/>
        <line num="625" count="1" type="cond" truecount="1" falsecount="0"/>
        <line num="626" count="1" type="stmt"/>
        <line num="628" count="1" type="stmt"/>
        <line num="629" count="1" type="stmt"/>
        <line num="630" count="1" type="stmt"/>
        <line num="631" count="1" type="stmt"/>
        <line num="633" count="1" type="stmt"/>
        <line num="634" count="0" type="stmt"/>
        <line num="635" count="0" type="stmt"/>
        <line num="637" count="1" type="stmt"/>
        <line num="638" count="0" type="stmt"/>
        <line num="639" count="0" type="stmt"/>
        <line num="640" count="0" type="stmt"/>
        <line num="641" count="1" type="stmt"/>
        <line num="643" count="1" type="cond" truecount="1" falsecount="0"/>
        <line num="644" count="1" type="stmt"/>
        <line num="645" count="1" type="stmt"/>
        <line num="646" count="1" type="stmt"/>
        <line num="647" count="1" type="stmt"/>
        <line num="648" count="1" type="stmt"/>
        <line num="649" count="1" type="stmt"/>
        <line num="650" count="1" type="stmt"/>
        <line num="651" count="1" type="stmt"/>
        <line num="653" count="1" type="stmt"/>
        <line num="654" count="1" type="stmt"/>
        <line num="655" count="1" type="stmt"/>
        <line num="656" count="1" type="stmt"/>
        <line num="662" count="1" type="cond" truecount="1" falsecount="0"/>
        <line num="663" count="1" type="cond" truecount="1" falsecount="0"/>
        <line num="665" count="1" type="stmt"/>
        <line num="666" count="1" type="cond" truecount="1" falsecount="0"/>
        <line num="667" count="1" type="stmt"/>
        <line num="668" count="1" type="stmt"/>
        <line num="669" count="1" type="stmt"/>
        <line num="670" count="1" type="stmt"/>
        <line num="671" count="1" type="stmt"/>
        <line num="672" count="1" type="stmt"/>
        <line num="673" count="1" type="cond" truecount="1" falsecount="0"/>
        <line num="674" count="1" type="stmt"/>
        <line num="675" count="1" type="cond" truecount="1" falsecount="0"/>
        <line num="676" count="1" type="stmt"/>
        <line num="677" count="1" type="stmt"/>
        <line num="678" count="1" type="stmt"/>
        <line num="679" count="1" type="stmt"/>
        <line num="680" count="1" type="stmt"/>
        <line num="681" count="1" type="stmt"/>
        <line num="682" count="1" type="stmt"/>
        <line num="683" count="1" type="stmt"/>
        <line num="684" count="1" type="stmt"/>
        <line num="687" count="1" type="stmt"/>
        <line num="689" count="1" type="stmt"/>
        <line num="690" count="1" type="stmt"/>
        <line num="692" count="1" type="stmt"/>
        <line num="693" count="1" type="stmt"/>
        <line num="694" count="1" type="stmt"/>
        <line num="695" count="1" type="stmt"/>
        <line num="696" count="1" type="stmt"/>
        <line num="702" count="1" type="cond" truecount="1" falsecount="0"/>
        <line num="703" count="1" type="cond" truecount="1" falsecount="0"/>
        <line num="704" count="1" type="stmt"/>
        <line num="706" count="1" type="stmt"/>
        <line num="707" count="1" type="stmt"/>
        <line num="708" count="1" type="stmt"/>
        <line num="710" count="1" type="cond" truecount="1" falsecount="0"/>
        <line num="711" count="1" type="stmt"/>
        <line num="713" count="1" type="stmt"/>
        <line num="714" count="1" type="stmt"/>
        <line num="715" count="1" type="stmt"/>
        <line num="716" count="1" type="stmt"/>
        <line num="722" count="1" type="cond" truecount="1" falsecount="0"/>
        <line num="723" count="1" type="cond" truecount="1" falsecount="0"/>
        <line num="724" count="2" type="stmt"/>
        <line num="725" count="1" type="stmt"/>
        <line num="727" count="1" type="cond" truecount="1" falsecount="0"/>
        <line num="728" count="1" type="stmt"/>
        <line num="729" count="1" type="stmt"/>
        <line num="730" count="1" type="stmt"/>
        <line num="731" count="1" type="stmt"/>
        <line num="732" count="1" type="stmt"/>
        <line num="734" count="1" type="stmt"/>
        <line num="735" count="1" type="stmt"/>
        <line num="737" count="1" type="cond" truecount="1" falsecount="0"/>
        <line num="738" count="1" type="stmt"/>
        <line num="741" count="1" type="stmt"/>
        <line num="742" count="1" type="stmt"/>
        <line num="743" count="1" type="stmt"/>
        <line num="744" count="1" type="stmt"/>
        <line num="745" count="1" type="stmt"/>
        <line num="746" count="1" type="stmt"/>
        <line num="753" count="1" type="cond" truecount="1" falsecount="0"/>
        <line num="754" count="1" type="cond" truecount="1" falsecount="0"/>
        <line num="755" count="1" type="stmt"/>
        <line num="756" count="1" type="stmt"/>
        <line num="759" count="1" type="stmt"/>
        <line num="761" count="1" type="stmt"/>
        <line num="763" count="1" type="stmt"/>
        <line num="764" count="1" type="stmt"/>
        <line num="765" count="1" type="stmt"/>
        <line num="771" count="1" type="cond" truecount="1" falsecount="0"/>
        <line num="772" count="1" type="cond" truecount="1" falsecount="0"/>
        <line num="773" count="1" type="stmt"/>
        <line num="774" count="1" type="stmt"/>
        <line num="776" count="1" type="cond" truecount="1" falsecount="0"/>
        <line num="777" count="1" type="stmt"/>
        <line num="778" count="1" type="stmt"/>
        <line num="779" count="1" type="stmt"/>
        <line num="780" count="1" type="stmt"/>
        <line num="783" count="1" type="stmt"/>
        <line num="786" count="1" type="stmt"/>
        <line num="787" count="1" type="cond" truecount="0" falsecount="1"/>
        <line num="789" count="1" type="stmt"/>
        <line num="790" count="1" type="stmt"/>
        <line num="796" count="1" type="cond" truecount="1" falsecount="0"/>
        <line num="797" count="1" type="cond" truecount="1" falsecount="0"/>
        <line num="798" count="1" type="stmt"/>
        <line num="799" count="1" type="stmt"/>
        <line num="801" count="1" type="cond" truecount="1" falsecount="0"/>
        <line num="803" count="1" type="stmt"/>
        <line num="804" count="1" type="stmt"/>
        <line num="805" count="1" type="cond" truecount="1" falsecount="0"/>
        <line num="806" count="1" type="cond" truecount="1" falsecount="0"/>
        <line num="807" count="1" type="stmt"/>
        <line num="808" count="1" type="stmt"/>
        <line num="809" count="1" type="stmt"/>
        <line num="810" count="1" type="stmt"/>
        <line num="811" count="1" type="stmt"/>
        <line num="812" count="1" type="stmt"/>
        <line num="813" count="1" type="stmt"/>
        <line num="815" count="1" type="cond" truecount="1" falsecount="0"/>
        <line num="816" count="1" type="stmt"/>
        <line num="817" count="1" type="stmt"/>
        <line num="818" count="1" type="cond" truecount="1" falsecount="0"/>
        <line num="819" count="1" type="stmt"/>
        <line num="820" count="1" type="stmt"/>
        <line num="821" count="1" type="stmt"/>
        <line num="822" count="1" type="stmt"/>
        <line num="824" count="1" type="cond" truecount="1" falsecount="0"/>
        <line num="825" count="4" type="stmt"/>
        <line num="826" count="4" type="cond" truecount="1" falsecount="0"/>
        <line num="827" count="3" type="stmt"/>
        <line num="828" count="3" type="stmt"/>
        <line num="829" count="3" type="cond" truecount="1" falsecount="0"/>
        <line num="830" count="1" type="cond" truecount="1" falsecount="0"/>
        <line num="831" count="1" type="stmt"/>
        <line num="832" count="1" type="stmt"/>
        <line num="833" count="1" type="stmt"/>
        <line num="834" count="3" type="cond" truecount="0" falsecount="1"/>
        <line num="835" count="3" type="stmt"/>
        <line num="836" count="4" type="stmt"/>
        <line num="838" count="1" type="cond" truecount="1" falsecount="0"/>
        <line num="839" count="1" type="stmt"/>
        <line num="840" count="1" type="stmt"/>
        <line num="843" count="1" type="stmt"/>
        <line num="845" count="1" type="stmt"/>
        <line num="846" count="1" type="stmt"/>
        <line num="848" count="1" type="cond" truecount="0" falsecount="1"/>
        <line num="849" count="1" type="stmt"/>
        <line num="850" count="1" type="cond" truecount="1" falsecount="0"/>
        <line num="851" count="1" type="cond" truecount="0" falsecount="1"/>
        <line num="852" count="1" type="stmt"/>
        <line num="855" count="1" type="stmt"/>
        <line num="856" count="1" type="stmt"/>
        <line num="857" count="1" type="cond" truecount="1" falsecount="0"/>
        <line num="858" count="1" type="stmt"/>
        <line num="859" count="1" type="stmt"/>
        <line num="861" count="1" type="stmt"/>
        <line num="862" count="1" type="cond" truecount="1" falsecount="0"/>
        <line num="864" count="1" type="cond" truecount="1" falsecount="0"/>
        <line num="868" count="1" type="stmt"/>
        <line num="869" count="1" type="cond" truecount="1" falsecount="0"/>
        <line num="870" count="1" type="stmt"/>
        <line num="871" count="1" type="stmt"/>
        <line num="872" count="1" type="cond" truecount="0" falsecount="1"/>
        <line num="874" count="0" type="stmt"/>
        <line num="875" count="0" type="stmt"/>
        <line num="876" count="0" type="stmt"/>
        <line num="877" count="1" type="stmt"/>
        <line num="878" count="1" type="stmt"/>
        <line num="879" count="1" type="stmt"/>
        <line num="886" count="1" type="cond" truecount="1" falsecount="0"/>
        <line num="887" count="1" type="cond" truecount="1" falsecount="0"/>
        <line num="888" count="2" type="stmt"/>
        <line num="889" count="1" type="stmt"/>
        <line num="891" count="1" type="cond" truecount="1" falsecount="0"/>
        <line num="892" count="1" type="stmt"/>
        <line num="893" count="1" type="stmt"/>
        <line num="895" count="1" type="stmt"/>
        <line num="896" count="1" type="stmt"/>
        <line num="897" count="1" type="stmt"/>
        <line num="899" count="1" type="stmt"/>
        <line num="900" count="1" type="stmt"/>
        <line num="901" count="1" type="stmt"/>
        <line num="903" count="1" type="cond" truecount="1" falsecount="0"/>
        <line num="904" count="1" type="stmt"/>
        <line num="905" count="1" type="stmt"/>
        <line num="909" count="1" type="cond" truecount="1" falsecount="0"/>
        <line num="910" count="1" type="stmt"/>
        <line num="911" count="1" type="stmt"/>
        <line num="913" count="1" type="stmt"/>
        <line num="915" count="1" type="stmt"/>
        <line num="916" count="1" type="stmt"/>
        <line num="918" count="1" type="stmt"/>
        <line num="920" count="1" type="stmt"/>
        <line num="921" count="1" type="stmt"/>
        <line num="922" count="1" type="stmt"/>
        <line num="923" count="1" type="stmt"/>
        <line num="930" count="1" type="cond" truecount="1" falsecount="0"/>
        <line num="931" count="1" type="cond" truecount="1" falsecount="0"/>
        <line num="932" count="1" type="stmt"/>
        <line num="933" count="1" type="stmt"/>
        <line num="935" count="1" type="cond" truecount="1" falsecount="0"/>
        <line num="936" count="1" type="stmt"/>
        <line num="938" count="1" type="stmt"/>
        <line num="940" count="1" type="stmt"/>
        <line num="941" count="1" type="stmt"/>
        <line num="942" count="1" type="stmt"/>
        <line num="943" count="1" type="stmt"/>
        <line num="946" count="1" type="stmt"/>
        <line num="947" count="1" type="stmt"/>
        <line num="948" count="1" type="stmt"/>
        <line num="949" count="1" type="stmt"/>
        <line num="956" count="1" type="cond" truecount="1" falsecount="0"/>
        <line num="957" count="1" type="stmt"/>
        <line num="958" count="1" type="cond" truecount="1" falsecount="0"/>
        <line num="959" count="1" type="cond" truecount="1" falsecount="0"/>
        <line num="960" count="1" type="stmt"/>
        <line num="961" count="1" type="stmt"/>
        <line num="962" count="1" type="stmt"/>
        <line num="963" count="1" type="stmt"/>
        <line num="964" count="1" type="stmt"/>
        <line num="965" count="1" type="stmt"/>
        <line num="966" count="1" type="stmt"/>
        <line num="970" count="1" type="cond" truecount="1" falsecount="0"/>
        <line num="971" count="1" type="stmt"/>
        <line num="972" count="1" type="stmt"/>
        <line num="973" count="1" type="stmt"/>
        <line num="974" count="1" type="cond" truecount="1" falsecount="0"/>
        <line num="975" count="1" type="stmt"/>
        <line num="976" count="1" type="stmt"/>
        <line num="978" count="1" type="stmt"/>
        <line num="980" count="1" type="cond" truecount="0" falsecount="1"/>
        <line num="982" count="0" type="stmt"/>
        <line num="983" count="0" type="stmt"/>
        <line num="984" count="1" type="stmt"/>
        <line num="985" count="1" type="stmt"/>
        <line num="987" count="1" type="cond" truecount="1" falsecount="0"/>
        <line num="988" count="3" type="stmt"/>
        <line num="989" count="3" type="stmt"/>
        <line num="990" count="3" type="stmt"/>
        <line num="991" count="3" type="stmt"/>
        <line num="992" count="3" type="cond" truecount="1" falsecount="0"/>
        <line num="993" count="1" type="stmt"/>
        <line num="994" count="1" type="cond" truecount="1" falsecount="0"/>
        <line num="995" count="1" type="stmt"/>
        <line num="996" count="1" type="stmt"/>
        <line num="998" count="1" type="cond" truecount="1" falsecount="0"/>
        <line num="999" count="1" type="stmt"/>
        <line num="1000" count="1" type="stmt"/>
        <line num="1001" count="1" type="stmt"/>
        <line num="1002" count="1" type="stmt"/>
        <line num="1003" count="1" type="stmt"/>
        <line num="1004" count="1" type="stmt"/>
        <line num="1005" count="3" type="cond" truecount="0" falsecount="1"/>
        <line num="1006" count="3" type="stmt"/>
        <line num="1007" count="3" type="stmt"/>
        <line num="1009" count="1" type="cond" truecount="1" falsecount="0"/>
        <line num="1011" count="1" type="stmt"/>
        <line num="1012" count="0" type="stmt"/>
        <line num="1013" count="0" type="stmt"/>
[...]
        <metrics statements="64" coveredstatements="64" conditionals="15" coveredconditionals="15" methods="0" coveredmethods="0"/>
        <line num="1" count="1" type="stmt"/>
        <line num="2" count="1" type="stmt"/>
        <line num="4" count="1" type="cond" truecount="1" falsecount="0"/>
        <line num="5" count="1" type="cond" truecount="1" falsecount="0"/>
        <line num="6" count="7" type="stmt"/>
        <line num="7" count="1" type="stmt"/>
        <line num="8" count="1" type="cond" truecount="1" falsecount="0"/>
        <line num="9" count="7" type="stmt"/>
        <line num="10" count="1" type="stmt"/>
        <line num="12" count="1" type="cond" truecount="1" falsecount="0"/>
        <line num="13" count="1" type="stmt"/>
        <line num="14" count="1" type="stmt"/>
        <line num="15" count="1" type="stmt"/>
        <line num="17" count="1" type="cond" truecount="1" falsecount="0"/>
        <line num="18" count="1" type="stmt"/>
        <line num="19" count="1" type="cond" truecount="1" falsecount="0"/>
        <line num="20" count="10" type="stmt"/>
        <line num="21" count="10" type="stmt"/>
        <line num="22" count="1" type="stmt"/>
        <line num="23" count="1" type="cond" truecount="1" falsecount="0"/>
        <line num="24" count="10" type="stmt"/>
        <line num="25" count="10" type="stmt"/>
        <line num="26" count="1" type="stmt"/>
        <line num="28" count="1" type="cond" truecount="1" falsecount="0"/>
        <line num="29" count="1" type="stmt"/>
        <line num="30" count="1" type="cond" truecount="1" falsecount="0"/>
        <line num="31" count="5" type="stmt"/>
        <line num="32" count="5" type="stmt"/>
        <line num="33" count="1" type="stmt"/>
        <line num="34" count="1" type="stmt"/>
        <line num="35" count="1" type="stmt"/>
        <line num="37" count="1" type="cond" truecount="1" falsecount="0"/>
        <line num="38" count="1" type="cond" truecount="1" falsecount="0"/>
        <line num="39" count="30" type="stmt"/>
        <line num="40" count="30" type="stmt"/>
        <line num="41" count="1" type="stmt"/>
        <line num="42" count="1" type="stmt"/>
        <line num="43" count="1" type="stmt"/>
        <line num="45" count="1" type="cond" truecount="1" falsecount="0"/>
        <line num="46" count="1" type="cond" truecount="1" falsecount="0"/>
        <line num="47" count="5" type="stmt"/>
        <line num="48" count="5" type="stmt"/>
        <line num="49" count="1" type="stmt"/>
        <line num="50" count="1" type="stmt"/>
        <line num="51" count="1" type="stmt"/>
        <line num="53" count="1" type="cond" truecount="1" falsecount="0"/>
        <line num="54" count="1" type="stmt"/>
        <line num="55" count="1" type="stmt"/>
        <line num="56" count="1" type="stmt"/>
        <line num="57" count="1" type="stmt"/>
        <line num="59" count="1" type="stmt"/>
        <line num="60" count="1" type="stmt"/>
        <line num="61" count="1" type="stmt"/>
        <line num="62" count="1" type="stmt"/>
        <line num="63" count="1" type="stmt"/>
        <line num="64" count="1" type="stmt"/>
        <line num="65" count="1" type="stmt"/>
        <line num="67" count="1" type="cond" truecount="1" falsecount="0"/>
        <line num="68" count="1" type="stmt"/>
        <line num="69" count="1" type="stmt"/>
        <line num="70" count="1" type="stmt"/>
        <line num="71" count="1" type="stmt"/>
        <line num="72" count="1" type="stmt"/>
        <line num="73" count="1" type="stmt"/>
      </file>
      <file name="relay.test.ts" path="/Users/blaze/Movies/Kin/projects/dot-protocol/packages/engine/src/tests/relay.test.ts">
        <metrics statements="275" coveredstatements="272" conditionals="45" coveredconditionals="43" methods="9" coveredmethods="8"/>
        <line num="1" count="1" type="stmt"/>
        <line num="9" count="1" type="stmt"/>
        <line num="10" count="1" type="stmt"/>
        <line num="11" count="1" type="stmt"/>
        <line num="20" count="1" type="stmt"/>
        <line num="21" count="1" type="stmt"/>
        <line num="23" count="1" type="stmt"/>
        <line num="24" count="1" type="cond" truecount="1" falsecount="0"/>
        <line num="25" count="1" type="stmt"/>
        <line num="27" count="1" type="cond" truecount="1" falsecount="0"/>
        <line num="28" count="12" type="stmt"/>
        <line num="29" count="12" type="stmt"/>
        <line num="32" count="12" type="stmt"/>
        <line num="33" count="12" type="stmt"/>
        <line num="34" count="12" type="stmt"/>
        <line num="35" count="12" type="stmt"/>
        <line num="38" count="12" type="stmt"/>
        <line num="40" count="1" type="cond" truecount="1" falsecount="0"/>
        <line num="41" count="12" type="stmt"/>
        <line num="42" count="12" type="stmt"/>
        <line num="43" count="12" type="stmt"/>
        <line num="46" count="12" type="cond" truecount="1" falsecount="0"/>
        <line num="47" count="12" type="stmt"/>
        <line num="49" count="12" type="stmt"/>
        <line num="50" count="12" type="stmt"/>
        <line num="51" count="12" type="stmt"/>
        <line num="53" count="1" type="cond" truecount="1" falsecount="0"/>
        <line num="54" count="39" type="stmt"/>
        <line num="57" count="39" type="cond" truecount="1" falsecount="0"/>
        <line num="58" count="36" type="stmt"/>
        <line num="59" count="36" type="stmt"/>
        <line num="60" count="36" type="cond" truecount="1" falsecount="0"/>
        <line num="62" count="12" type="cond" truecount="1" falsecount="0"/>
        <line num="63" count="12" type="stmt"/>
        <line num="64" count="12" type="stmt"/>
        <line num="65" count="12" type="stmt"/>
        <line num="66" count="36" type="cond" truecount="0" falsecount="1"/>
        <line num="67" count="36" type="stmt"/>
        <line num="68" count="39" type="stmt"/>
        <line num="70" count="1" type="cond" truecount="1" falsecount="0"/>
        <line num="71" count="12" type="stmt"/>
        <line num="72" count="12" type="stmt"/>
        <line num="73" count="12" type="stmt"/>
        <line num="76" count="1" type="cond" truecount="1" falsecount="0"/>
        <line num="77" count="24" type="stmt"/>
        <line num="78" count="24" type="stmt"/>
        <line num="81" count="1" type="cond" truecount="1" falsecount="0"/>
        <line num="82" count="2" type="stmt"/>
        <line num="83" count="2" type="stmt"/>
        <line num="86" count="1" type="stmt"/>
        <line num="87" count="0" type="stmt"/>
        <line num="88" count="0" type="stmt"/>
        <line num="89" count="0" type="stmt"/>
        <line num="90" count="1" type="stmt"/>
        <line num="96" count="1" type="stmt"/>
        <line num="97" count="1" type="stmt"/>
        <line num="98" count="1" type="stmt"/>
        <line num="99" count="1" type="stmt"/>
        <line num="102" count="5" type="cond" truecount="1" falsecount="0"/>
        <line num="103" count="5" type="stmt"/>
        <line num="104" count="5" type="stmt"/>
        <line num="110" count="1" type="cond" truecount="1" falsecount="0"/>
        <line num="111" count="14" type="stmt"/>
        <line num="112" count="14" type="stmt"/>
        <line num="114" count="14" type="stmt"/>
        <line num="115" count="14" type="stmt"/>
        <line num="117" count="1" type="cond" truecount="1" falsecount="0"/>
        <line num="118" count="14" type="stmt"/>
        <line num="119" count="14" type="stmt"/>
        <line num="125" count="1" type="cond" truecount="1" falsecount="0"/>
        <line num="128" count="1" type="cond" truecount="1" falsecount="0"/>
        <line num="129" count="1" type="cond" truecount="1" falsecount="0"/>
        <line num="130" count="1" type="stmt"/>
        <line num="131" count="1" type="stmt"/>
        <line num="132" count="1" type="stmt"/>
        <line num="133" count="1" type="stmt"/>
        <line num="134" count="1" type="stmt"/>
        <line num="135" count="1" type="stmt"/>
        <line num="138" count="1" type="cond" truecount="1" falsecount="0"/>
        <line num="139" count="1" type="stmt"/>
        <line num="140" count="1" type="stmt"/>
        <line num="141" count="1" type="stmt"/>
        <line num="142" count="1" type="stmt"/>
        <line num="143" count="1" type="stmt"/>
        <line num="144" count="1" type="stmt"/>
        <line num="145" count="1" type="stmt"/>
        <line num="146" count="1" type="stmt"/>
        <line num="147" count="1" type="stmt"/>
        <line num="148" count="1" type="stmt"/>
        <line num="151" count="1" type="cond" truecount="1" falsecount="0"/>
        <line num="152" count="1" type="stmt"/>
        <line num="153" count="1" type="stmt"/>
        <line num="154" count="1" type="stmt"/>
        <line num="155" count="1" type="stmt"/>
        <line num="156" count="1" type="stmt"/>
        <line num="157" count="1" type="stmt"/>
        <line num="158" count="1" type="stmt"/>
        <line num="160" count="1" type="stmt"/>
        <line num="161" count="1" type="stmt"/>
        <line num="162" count="1" type="cond" truecount="1" falsecount="0"/>
        <line num="163" count="1" type="cond" truecount="1" falsecount="0"/>
        <line num="165" count="1" type="cond" truecount="1" falsecount="0"/>
        <line num="166" count="1" type="stmt"/>
        <line num="167" count="1" type="stmt"/>
        <line num="168" count="1" type="stmt"/>
        <line num="169" count="1" type="stmt"/>
        <line num="172" count="1" type="cond" truecount="1" falsecount="0"/>
        <line num="173" count="1" type="stmt"/>
        <line num="174" count="1" type="stmt"/>
        <line num="175" count="1" type="stmt"/>
        <line num="176" count="1" type="stmt"/>
        <line num="177" count="1" type="stmt"/>
        <line num="178" count="1" type="stmt"/>
        <line num="179" count="1" type="stmt"/>
        <line num="180" count="1" type="stmt"/>
        <line num="181" count="1" type="stmt"/>
        <line num="182" count="1" type="stmt"/>
        <line num="183" count="1" type="stmt"/>
        <line num="186" count="1" type="cond" truecount="1" falsecount="0"/>
        <line num="187" count="1" type="stmt"/>
        <line num="188" count="1" type="stmt"/>
        <line num="189" count="1" type="stmt"/>
        <line num="190" count="1" type="stmt"/>
        <line num="191" count="1" type="stmt"/>
        <line num="192" count="1" type="stmt"/>
        <line num="193" count="1" type="stmt"/>
        <line num="195" count="1" type="stmt"/>
        <line num="196" count="1" type="stmt"/>
        <line num="198" count="1" type="stmt"/>
        <line num="199" count="1" type="cond" truecount="1" falsecount="0"/>
        <line num="200" count="1" type="stmt"/>
        <line num="202" count="1" type="stmt"/>
        <line num="203" count="1" type="stmt"/>
        <line num="206" count="1" type="stmt"/>
        <line num="207" count="1" type="stmt"/>
        <line num="209" count="1" type="stmt"/>
        <line num="210" count="1" type="stmt"/>
        <line num="213" count="1" type="cond" truecount="1" falsecount="0"/>
        <line num="214" count="1" type="stmt"/>
        <line num="215" count="1" type="stmt"/>
        <line num="216" count="1" type="stmt"/>
        <line num="217" count="1" type="stmt"/>
        <line num="218" count="1" type="stmt"/>
        <line num="219" count="1" type="stmt"/>
        <line num="220" count="1" type="stmt"/>
        <line num="222" count="1" type="stmt"/>
        <line num="223" count="1" type="stmt"/>
        <line num="224" count="1" type="stmt"/>
        <line num="226" count="1" type="stmt"/>
        <line num="227" count="1" type="cond" truecount="1" falsecount="0"/>
        <line num="228" count="1" type="stmt"/>
        <line num="231" count="1" type="stmt"/>
        <line num="232" count="1" type="stmt"/>
        <line num="233" count="1" type="stmt"/>
        <line num="234" count="1" type="cond" truecount="0" falsecount="1"/>
        <line num="235" count="1" type="stmt"/>
        <line num="237" count="1" type="stmt"/>
        <line num="238" count="1" type="stmt"/>
        <line num="241" count="1" type="cond" truecount="1" falsecount="0"/>
        <line num="242" count="1" type="stmt"/>
        <line num="243" count="1" type="stmt"/>
        <line num="244" count="1" type="stmt"/>
        <line num="245" count="1" type="stmt"/>
        <line num="246" count="1" type="stmt"/>
        <line num="247" count="1" type="stmt"/>
        <line num="248" count="1" type="stmt"/>
        <line num="250" count="1" type="stmt"/>
        <line num="251" count="1" type="cond" truecount="1" falsecount="0"/>
        <line num="253" count="1" type="stmt"/>
        <line num="256" count="1" type="stmt"/>
        <line num="257" count="1" type="stmt"/>
        <line num="259" count="1" type="stmt"/>
        <line num="260" count="1" type="stmt"/>
        <line num="262" count="1" type="stmt"/>
        <line num="264" count="1" type="stmt"/>
        <line num="265" count="1" type="stmt"/>
        <line num="268" count="1" type="cond" truecount="1" falsecount="0"/>
        <line num="269" count="1" type="stmt"/>
        <line num="270" count="1" type="stmt"/>
        <line num="271" count="1" type="stmt"/>
        <line num="272" count="1" type="stmt"/>
        <line num="273" count="1" type="stmt"/>
        <line num="274" count="1" type="stmt"/>
        <line num="275" count="1" type="stmt"/>
        <line num="276" count="1" type="cond" truecount="1" falsecount="0"/>
        <line num="277" count="1" type="stmt"/>
        <line num="280" count="1" type="cond" truecount="1" falsecount="0"/>
        <line num="281" count="1" type="stmt"/>
        <line num="282" count="1" type="stmt"/>
        <line num="283" count="1" type="stmt"/>
        <line num="284" count="1" type="stmt"/>
        <line num="285" count="1" type="stmt"/>
        <line num="286" count="1" type="stmt"/>
        <line num="287" count="1" type="stmt"/>
        <line num="289" count="1" type="stmt"/>
        <line num="290" count="1" type="stmt"/>
        <line num="292" count="1" type="stmt"/>
        <line num="293" count="1" type="stmt"/>
        <line num="294" count="1" type="stmt"/>
        <line num="297" count="1" type="cond" truecount="1" falsecount="0"/>
        <line num="298" count="1" type="stmt"/>
        <line num="299" count="1" type="stmt"/>
        <line num="300" count="1" type="stmt"/>
        <line num="301" count="1" type="stmt"/>
        <line num="302" count="1" type="stmt"/>
        <line num="303" count="1" type="stmt"/>
        <line num="304" count="1" type="stmt"/>
        <line num="305" count="1" type="stmt"/>
        <line num="307" count="1" type="stmt"/>
        <line num="308" count="1" type="stmt"/>
        <line num="309" count="1" type="stmt"/>
        <line num="312" count="1" type="cond" truecount="1" falsecount="0"/>
        <line num="313" count="1" type="stmt"/>
        <line num="314" count="1" type="stmt"/>
        <line num="315" count="1" type="stmt"/>
        <line num="316" count="1" type="stmt"/>
        <line num="317" count="1" type="stmt"/>
        <line num="318" count="1" type="stmt"/>
        <line num="321" count="1" type="stmt"/>
        <line num="322" count="1" type="stmt"/>
        <line num="324" count="1" type="stmt"/>
        <line num="327" count="1" type="stmt"/>
        <line num="329" count="1" type="stmt"/>
        <line num="330" count="1" type="cond" truecount="1" falsecount="0"/>
        <line num="331" count="1" type="stmt"/>
        <line num="334" count="1" type="stmt"/>
        <line num="335" count="1" type="stmt"/>
        <line num="337" count="1" type="stmt"/>
        <line num="338" count="1" type="stmt"/>
        <line num="341" count="1" type="cond" truecount="1" falsecount="0"/>
        <line num="342" count="1" type="stmt"/>
        <line num="343" count="1" type="stmt"/>
        <line num="344" count="1" type="stmt"/>
        <line num="345" count="1" type="stmt"/>
        <line num="346" count="1" type="stmt"/>
        <line num="347" count="1" type="stmt"/>
        <line num="348" count="1" type="stmt"/>
        <line num="350" count="1" type="stmt"/>
        <line num="351" count="1" type="stmt"/>
        <line num="352" count="1" type="stmt"/>
        <line num="355" count="1" type="cond" truecount="1" falsecount="0"/>
        <line num="356" count="1" type="stmt"/>
        <line num="357" count="1" type="stmt"/>
        <line num="358" count="1" type="stmt"/>
        <line num="359" count="1" type="stmt"/>
        <line num="360" count="1" type="stmt"/>
        <line num="361" count="1" type="stmt"/>
        <line num="362" count="1" type="stmt"/>
        <line num="364" count="1" type="stmt"/>
        <line num="365" count="1" type="cond" truecount="1" falsecount="0"/>
        <line num="366" count="1" type="cond" truecount="1" falsecount="0"/>
        <line num="368" count="1" type="stmt"/>
        <line num="369" count="1" type="stmt"/>
        <line num="371" count="1" type="stmt"/>
        <line num="372" count="1" type="stmt"/>
        <line num="373" count="1" type="stmt"/>
        <line num="376" count="1" type="cond" truecount="1" falsecount="0"/>
        <line num="377" count="1" type="stmt"/>
        <line num="378" count="1" type="stmt"/>
        <line num="379" count="1" type="stmt"/>
        <line num="380" count="1" type="stmt"/>
        <line num="381" count="1" type="stmt"/>
        <line num="382" count="1" type="stmt"/>
        <line num="383" count="1" type="stmt"/>
        <line num="385" count="1" type="stmt"/>
        <line num="386" count="1" type="stmt"/>
        <line num="387" count="1" type="cond" truecount="1" falsecount="0"/>
        <line num="388" count="1" type="cond" truecount="1" falsecount="0"/>
        <line num="390" count="1" type="cond" truecount="1" falsecount="0"/>
        <line num="391" count="1" type="stmt"/>
        <line num="392" count="1" type="stmt"/>
        <line num="393" count="1" type="stmt"/>
        <line num="395" count="1" type="stmt"/>
        <line num="396" count="1" type="stmt"/>
        <line num="397" count="1" type="stmt"/>
      </file>
      <file name="sensor.test.ts" path="/Users/blaze/Movies/Kin/projects/dot-protocol/packages/engine/src/tests/sensor.test.ts">
        <metrics statements="24" coveredstatements="24" conditionals="5" coveredconditionals="5" methods="0" coveredmethods="0"/>
        <line num="1" count="1" type="stmt"/>
        <line num="2" count="1" type="stmt"/>
        <line num="4" count="1" type="cond" truecount="1" falsecount="0"/>
        <line num="5" count="1" type="cond" truecount="1" falsecount="0"/>
        <line num="6" count="1" type="stmt"/>
        <line num="7" count="1" type="stmt"/>
        <line num="8" count="1" type="stmt"/>
        <line num="10" count="1" type="cond" truecount="1" falsecount="0"/>
        <line num="11" count="1" type="stmt"/>
        <line num="12" count="1" type="stmt"/>
        <line num="13" count="1" type="stmt"/>
        <line num="14" count="1" type="stmt"/>
        <line num="16" count="1" type="cond" truecount="1" falsecount="0"/>
        <line num="17" count="1" type="stmt"/>
        <line num="18" count="1" type="stmt"/>
        <line num="19" count="1" type="stmt"/>
        <line num="20" count="1" type="stmt"/>
        <line num="21" count="1" type="stmt"/>
        <line num="23" count="1" type="cond" truecount="1" falsecount="0"/>
        <line num="24" count="1" type="stmt"/>
        <line num="25" count="1" type="stmt"/>
        <line num="26" count="1" type="stmt"/>
        <line num="27" count="1" type="stmt"/>
        <line num="28" count="1" type="stmt"/>
      </file>
    </package>
  </project>
</coverage>
