{"/Users/blaze/Movies/Kin/projects/dot-protocol/packages/engine/src/chain.ts": {"path":"/Users/blaze/Movies/Kin/projects/dot-protocol/packages/engine/src/chain.ts","all":false,"statementMap":{"29":{"start":{"line":30,"column":0},"end":{"line":30,"column":48}},"30":{"start":{"line":31,"column":0},"end":{"line":31,"column":40}},"31":{"start":{"line":32,"column":0},"end":{"line":32,"column":1}},"37":{"start":{"line":38,"column":0},"end":{"line":38,"column":69}},"38":{"start":{"line":39,"column":0},"end":{"line":39,"column":27}},"39":{"start":{"line":40,"column":0},"end":{"line":40,"column":84}},"40":{"start":{"line":41,"column":0},"end":{"line":41,"column":3}},"43":{"start":{"line":44,"column":0},"end":{"line":44,"column":65}},"44":{"start":{"line":45,"column":0},"end":{"line":45,"column":46}},"45":{"start":{"line":46,"column":0},"end":{"line":46,"column":37}},"47":{"start":{"line":48,"column":0},"end":{"line":48,"column":27}},"48":{"start":{"line":49,"column":0},"end":{"line":49,"column":47}},"49":{"start":{"line":50,"column":0},"end":{"line":50,"column":24}},"50":{"start":{"line":51,"column":0},"end":{"line":51,"column":14}},"51":{"start":{"line":52,"column":0},"end":{"line":52,"column":4}},"53":{"start":{"line":54,"column":0},"end":{"line":54,"column":44}},"54":{"start":{"line":55,"column":0},"end":{"line":55,"column":10}},"55":{"start":{"line":56,"column":0},"end":{"line":56,"column":17}},"56":{"start":{"line":57,"column":0},"end":{"line":57,"column":12}},"57":{"start":{"line":58,"column":0},"end":{"line":58,"column":23}},"58":{"start":{"line":59,"column":0},"end":{"line":59,"column":27}},"59":{"start":{"line":60,"column":0},"end":{"line":60,"column":4}},"60":{"start":{"line":61,"column":0},"end":{"line":61,"column":1}}},"s":{"29":1,"30":34,"31":34,"37":1,"38":104,"39":2,"40":2,"43":102,"44":102,"45":102,"47":102,"48":102,"49":102,"50":102,"51":102,"53":102,"54":102,"55":102,"56":102,"57":102,"58":102,"59":102,"60":102},"branchMap":{"0":{"type":"branch","line":30,"loc":{"start":{"line":30,"column":7},"end":{"line":32,"column":1}},"locations":[{"start":{"line":30,"column":7},"end":{"line":32,"column":1}}]},"1":{"type":"branch","line":38,"loc":{"start":{"line":38,"column":7},"end":{"line":61,"column":1}},"locations":[{"start":{"line":38,"column":7},"end":{"line":61,"column":1}}]},"2":{"type":"branch","line":39,"loc":{"start":{"line":39,"column":26},"end":{"line":41,"column":3}},"locations":[{"start":{"line":39,"column":26},"end":{"line":41,"column":3}}]},"3":{"type":"branch","line":41,"loc":{"start":{"line":41,"column":2},"end":{"line":61,"column":1}},"locations":[{"start":{"line":41,"column":2},"end":{"line":61,"column":1}}]}},"b":{"0":[34],"1":[104],"2":[2],"3":[102]},"fnMap":{"0":{"name":"createChain","decl":{"start":{"line":30,"column":7},"end":{"line":32,"column":1}},"loc":{"start":{"line":30,"column":7},"end":{"line":32,"column":1}},"line":30},"1":{"name":"appendToChain","decl":{"start":{"line":38,"column":7},"end":{"line":61,"column":1}},"loc":{"start":{"line":38,"column":7},"end":{"line":61,"column":1}},"line":38}},"f":{"0":34,"1":104}}
,"/Users/blaze/Movies/Kin/projects/dot-protocol/packages/engine/src/compress.ts": {"path":"/Users/blaze/Movies/Kin/projects/dot-protocol/packages/engine/src/compress.ts","all":false,"statementMap":{"0":{"start":{"line":1,"column":0},"end":{"line":1,"column":3}},"20":{"start":{"line":21,"column":0},"end":{"line":21,"column":27}},"21":{"start":{"line":22,"column":0},"end":{"line":22,"column":24}},"22":{"start":{"line":23,"column":0},"end":{"line":23,"column":21}},"24":{"start":{"line":25,"column":0},"end":{"line":25,"column":58}},"25":{"start":{"line":26,"column":0},"end":{"line":26,"column":42}},"27":{"start":{"line":28,"column":0},"end":{"line":28,"column":10}},"28":{"start":{"line":29,"column":0},"end":{"line":29,"column":27}},"29":{"start":{"line":30,"column":0},"end":{"line":30,"column":79}},"30":{"start":{"line":31,"column":0},"end":{"line":31,"column":32}},"31":{"start":{"line":32,"column":0},"end":{"line":32,"column":6}},"33":{"start":{"line":34,"column":0},"end":{"line":34,"column":51}},"34":{"start":{"line":35,"column":0},"end":{"line":35,"column":30}},"35":{"start":{"line":36,"column":0},"end":{"line":36,"column":81}},"36":{"start":{"line":37,"column":0},"end":{"line":37,"column":7}},"38":{"start":{"line":39,"column":0},"end":{"line":39,"column":50}},"39":{"start":{"line":40,"column":0},"end":{"line":40,"column":28}},"41":{"start":{"line":42,"column":0},"end":{"line":42,"column":31}},"42":{"start":{"line":43,"column":0},"end":{"line":43,"column":81}},"43":{"start":{"line":44,"column":0},"end":{"line":44,"column":45}},"46":{"start":{"line":47,"column":0},"end":{"line":47,"column":27}},"47":{"start":{"line":48,"column":0},"end":{"line":48,"column":48}},"48":{"start":{"line":49,"column":0},"end":{"line":49,"column":47}},"49":{"start":{"line":50,"column":0},"end":{"line":50,"column":28}},"50":{"start":{"line":51,"column":0},"end":{"line":51,"column":18}},"51":{"start":{"line":52,"column":0},"end":{"line":52,"column":11}},"52":{"start":{"line":53,"column":0},"end":{"line":53,"column":9}},"53":{"start":{"line":54,"column":0},"end":{"line":54,"column":37}},"55":{"start":{"line":56,"column":0},"end":{"line":56,"column":38}},"56":{"start":{"line":57,"column":0},"end":{"line":57,"column":7}},"58":{"start":{"line":59,"column":0},"end":{"line":59,"column":45}},"64":{"start":{"line":65,"column":0},"end":{"line":65,"column":55}},"65":{"start":{"line":66,"column":0},"end":{"line":66,"column":70}},"66":{"start":{"line":67,"column":0},"end":{"line":67,"column":106}},"67":{"start":{"line":68,"column":0},"end":{"line":68,"column":51}},"68":{"start":{"line":69,"column":0},"end":{"line":69,"column":94}},"70":{"start":{"line":71,"column":0},"end":{"line":71,"column":14}},"71":{"start":{"line":72,"column":0},"end":{"line":72,"column":16}},"72":{"start":{"line":73,"column":0},"end":{"line":73,"column":58}},"73":{"start":{"line":74,"column":0},"end":{"line":74,"column":59}},"74":{"start":{"line":75,"column":0},"end":{"line":75,"column":77}},"75":{"start":{"line":76,"column":0},"end":{"line":76,"column":8}},"76":{"start":{"line":77,"column":0},"end":{"line":77,"column":6}},"78":{"start":{"line":79,"column":0},"end":{"line":79,"column":13}},"79":{"start":{"line":80,"column":0},"end":{"line":80,"column":24}},"80":{"start":{"line":81,"column":0},"end":{"line":81,"column":6}},"81":{"start":{"line":82,"column":0},"end":{"line":82,"column":4}},"82":{"start":{"line":83,"column":0},"end":{"line":83,"column":1}}},"s":{"0":1,"20":1,"21":1,"22":1,"24":1,"25":85,"27":85,"28":85,"29":106,"30":106,"31":106,"33":85,"34":11,"35":1,"36":1,"38":10,"39":10,"41":11,"42":73,"43":73,"46":73,"47":73,"48":674,"49":34,"50":34,"51":34,"52":674,"53":73,"55":73,"56":73,"58":10,"64":10,"65":10,"66":10,"67":10,"68":10,"70":10,"71":10,"72":10,"73":10,"74":11,"75":11,"76":11,"78":85,"79":1,"80":1,"81":85,"82":85},"branchMap":{"0":{"type":"branch","line":25,"loc":{"start":{"line":25,"column":7},"end":{"line":83,"column":1}},"locations":[{"start":{"line":25,"column":7},"end":{"line":83,"column":1}}]},"1":{"type":"branch","line":29,"loc":{"start":{"line":29,"column":4},"end":{"line":32,"column":6}},"locations":[{"start":{"line":29,"column":4},"end":{"line":32,"column":6}}]},"2":{"type":"branch","line":34,"loc":{"start":{"line":34,"column":4},"end":{"line":77,"column":6}},"locations":[{"start":{"line":34,"column":4},"end":{"line":77,"column":6}}]},"3":{"type":"branch","line":35,"loc":{"start":{"line":35,"column":29},"end":{"line":37,"column":7}},"locations":[{"start":{"line":35,"column":29},"end":{"line":37,"column":7}}]},"4":{"type":"branch","line":37,"loc":{"start":{"line":37,"column":6},"end":{"line":42,"column":30}},"locations":[{"start":{"line":37,"column":6},"end":{"line":42,"column":30}}]},"5":{"type":"branch","line":42,"loc":{"start":{"line":42,"column":30},"end":{"line":57,"column":7}},"locations":[{"start":{"line":42,"column":30},"end":{"line":57,"column":7}}]},"6":{"type":"branch","line":48,"loc":{"start":{"line":48,"column":47},"end":{"line":53,"column":9}},"locations":[{"start":{"line":48,"column":47},"end":{"line":53,"column":9}}]},"7":{"type":"branch","line":49,"loc":{"start":{"line":49,"column":46},"end":{"line":52,"column":11}},"locations":[{"start":{"line":49,"column":46},"end":{"line":52,"column":11}}]},"8":{"type":"branch","line":54,"loc":{"start":{"line":54,"column":21},"end":{"line":54,"column":37}},"locations":[{"start":{"line":54,"column":21},"end":{"line":54,"column":37}}]},"9":{"type":"branch","line":57,"loc":{"start":{"line":57,"column":6},"end":{"line":75,"column":75}},"locations":[{"start":{"line":57,"column":6},"end":{"line":75,"column":75}}]},"10":{"type":"branch","line":75,"loc":{"start":{"line":75,"column":66},"end":{"line":75,"column":77}},"locations":[{"start":{"line":75,"column":66},"end":{"line":75,"column":77}}]},"11":{"type":"branch","line":79,"loc":{"start":{"line":79,"column":4},"end":{"line":81,"column":6}},"locations":[{"start":{"line":79,"column":4},"end":{"line":81,"column":6}}]}},"b":{"0":[85],"1":[106],"2":[11],"3":[1],"4":[10],"5":[73],"6":[674],"7":[34],"8":[39],"9":[10],"10":[0],"11":[1]},"fnMap":{"0":{"name":"createBatchCompressor","decl":{"start":{"line":25,"column":7},"end":{"line":83,"column":1}},"loc":{"start":{"line":25,"column":7},"end":{"line":83,"column":1}},"line":25},"1":{"name":"feed","decl":{"start":{"line":29,"column":4},"end":{"line":32,"column":6}},"loc":{"start":{"line":29,"column":4},"end":{"line":32,"column":6}},"line":29},"2":{"name":"measure","decl":{"start":{"line":34,"column":4},"end":{"line":77,"column":6}},"loc":{"start":{"line":34,"column":4},"end":{"line":77,"column":6}},"line":34},"3":{"name":"reset","decl":{"start":{"line":79,"column":4},"end":{"line":81,"column":6}},"loc":{"start":{"line":79,"column":4},"end":{"line":81,"column":6}},"line":79}},"f":{"0":85,"1":106,"2":11,"3":1}}
,"/Users/blaze/Movies/Kin/projects/dot-protocol/packages/engine/src/crypto.ts": {"path":"/Users/blaze/Movies/Kin/projects/dot-protocol/packages/engine/src/crypto.ts","all":false,"statementMap":{"0":{"start":{"line":1,"column":0},"end":{"line":1,"column":3}},"14":{"start":{"line":15,"column":0},"end":{"line":15,"column":62}},"15":{"start":{"line":16,"column":0},"end":{"line":16,"column":43}},"16":{"start":{"line":17,"column":0},"end":{"line":17,"column":1}},"21":{"start":{"line":22,"column":0},"end":{"line":22,"column":64}},"22":{"start":{"line":23,"column":0},"end":{"line":23,"column":50}},"23":{"start":{"line":24,"column":0},"end":{"line":24,"column":1}},"29":{"start":{"line":30,"column":0},"end":{"line":30,"column":80}},"30":{"start":{"line":31,"column":0},"end":{"line":31,"column":39}},"31":{"start":{"line":32,"column":0},"end":{"line":32,"column":43}},"32":{"start":{"line":33,"column":0},"end":{"line":33,"column":45}},"33":{"start":{"line":34,"column":0},"end":{"line":34,"column":1}},"40":{"start":{"line":41,"column":0},"end":{"line":41,"column":31}},"41":{"start":{"line":42,"column":0},"end":{"line":42,"column":24}},"42":{"start":{"line":43,"column":0},"end":{"line":43,"column":27}},"43":{"start":{"line":44,"column":0},"end":{"line":44,"column":19}},"44":{"start":{"line":45,"column":0},"end":{"line":45,"column":15}},"45":{"start":{"line":46,"column":0},"end":{"line":46,"column":36}},"46":{"start":{"line":47,"column":0},"end":{"line":47,"column":37}},"47":{"start":{"line":48,"column":0},"end":{"line":48,"column":37}},"48":{"start":{"line":49,"column":0},"end":{"line":49,"column":47}},"49":{"start":{"line":50,"column":0},"end":{"line":50,"column":1}},"54":{"start":{"line":55,"column":0},"end":{"line":55,"column":31}},"55":{"start":{"line":56,"column":0},"end":{"line":56,"column":25}},"56":{"start":{"line":57,"column":0},"end":{"line":57,"column":27}},"57":{"start":{"line":58,"column":0},"end":{"line":58,"column":19}},"58":{"start":{"line":59,"column":0},"end":{"line":59,"column":15}},"59":{"start":{"line":60,"column":0},"end":{"line":60,"column":37}},"60":{"start":{"line":61,"column":0},"end":{"line":61,"column":51}},"61":{"start":{"line":62,"column":0},"end":{"line":62,"column":1}},"63":{"start":{"line":64,"column":0},"end":{"line":64,"column":46}},"64":{"start":{"line":65,"column":0},"end":{"line":65,"column":35}},"65":{"start":{"line":66,"column":0},"end":{"line":66,"column":42}},"67":{"start":{"line":68,"column":0},"end":{"line":68,"column":32}},"68":{"start":{"line":69,"column":0},"end":{"line":69,"column":42}},"69":{"start":{"line":70,"column":0},"end":{"line":70,"column":39}},"70":{"start":{"line":71,"column":0},"end":{"line":71,"column":40}},"71":{"start":{"line":72,"column":0},"end":{"line":72,"column":15}},"72":{"start":{"line":73,"column":0},"end":{"line":73,"column":1}}},"s":{"0":1,"14":1,"15":14,"16":14,"21":1,"22":13,"23":13,"29":1,"30":13,"31":13,"32":13,"33":13,"40":1,"41":9,"42":9,"43":9,"44":9,"45":9,"46":9,"47":9,"48":9,"49":9,"54":1,"55":6,"56":6,"57":6,"58":6,"59":6,"60":6,"61":6,"63":15,"64":15,"65":15,"67":15,"68":15,"69":15,"70":15,"71":15,"72":15},"branchMap":{"0":{"type":"branch","line":15,"loc":{"start":{"line":15,"column":7},"end":{"line":17,"column":1}},"locations":[{"start":{"line":15,"column":7},"end":{"line":17,"column":1}}]},"1":{"type":"branch","line":22,"loc":{"start":{"line":22,"column":7},"end":{"line":24,"column":1}},"locations":[{"start":{"line":22,"column":7},"end":{"line":24,"column":1}}]},"2":{"type":"branch","line":30,"loc":{"start":{"line":30,"column":7},"end":{"line":34,"column":1}},"locations":[{"start":{"line":30,"column":7},"end":{"line":34,"column":1}}]},"3":{"type":"branch","line":41,"loc":{"start":{"line":41,"column":7},"end":{"line":50,"column":1}},"locations":[{"start":{"line":41,"column":7},"end":{"line":50,"column":1}}]},"4":{"type":"branch","line":55,"loc":{"start":{"line":55,"column":7},"end":{"line":62,"column":1}},"locations":[{"start":{"line":55,"column":7},"end":{"line":62,"column":1}}]},"5":{"type":"branch","line":64,"loc":{"start":{"line":64,"column":0},"end":{"line":73,"column":1}},"locations":[{"start":{"line":64,"column":0},"end":{"line":73,"column":1}}]}},"b":{"0":[14],"1":[13],"2":[13],"3":[9],"4":[6],"5":[15]},"fnMap":{"0":{"name":"edToX25519Pub","decl":{"start":{"line":15,"column":7},"end":{"line":17,"column":1}},"loc":{"start":{"line":15,"column":7},"end":{"line":17,"column":1}},"line":15},"1":{"name":"edToX25519Priv","decl":{"start":{"line":22,"column":7},"end":{"line":24,"column":1}},"loc":{"start":{"line":22,"column":7},"end":{"line":24,"column":1}},"line":22},"2":{"name":"ecdh","decl":{"start":{"line":30,"column":7},"end":{"line":34,"column":1}},"loc":{"start":{"line":30,"column":7},"end":{"line":34,"column":1}},"line":30},"3":{"name":"encryptPayload","decl":{"start":{"line":41,"column":7},"end":{"line":50,"column":1}},"loc":{"start":{"line":41,"column":7},"end":{"line":50,"column":1}},"line":41},"4":{"name":"decryptPayload","decl":{"start":{"line":55,"column":7},"end":{"line":62,"column":1}},"loc":{"start":{"line":55,"column":7},"end":{"line":62,"column":1}},"line":55},"5":{"name":"posToNonce","decl":{"start":{"line":64,"column":0},"end":{"line":73,"column":1}},"loc":{"start":{"line":64,"column":0},"end":{"line":73,"column":1}},"line":64}},"f":{"0":14,"1":13,"2":13,"3":9,"4":6,"5":15}}
,"/Users/blaze/Movies/Kin/projects/dot-protocol/packages/engine/src/engine.ts": {"path":"/Users/blaze/Movies/Kin/projects/dot-protocol/packages/engine/src/engine.ts","all":false,"statementMap":{"0":{"start":{"line":1,"column":0},"end":{"line":1,"column":3}},"136":{"start":{"line":137,"column":0},"end":{"line":137,"column":42}},"137":{"start":{"line":138,"column":0},"end":{"line":138,"column":64}},"138":{"start":{"line":139,"column":0},"end":{"line":139,"column":44}},"139":{"start":{"line":140,"column":0},"end":{"line":140,"column":47}},"140":{"start":{"line":141,"column":0},"end":{"line":141,"column":51}},"141":{"start":{"line":142,"column":0},"end":{"line":142,"column":20}},"142":{"start":{"line":143,"column":0},"end":{"line":143,"column":28}},"143":{"start":{"line":144,"column":0},"end":{"line":144,"column":41}},"144":{"start":{"line":145,"column":0},"end":{"line":145,"column":42}},"145":{"start":{"line":146,"column":0},"end":{"line":146,"column":19}},"146":{"start":{"line":147,"column":0},"end":{"line":147,"column":27}},"147":{"start":{"line":148,"column":0},"end":{"line":148,"column":42}},"148":{"start":{"line":149,"column":0},"end":{"line":149,"column":19}},"150":{"start":{"line":151,"column":0},"end":{"line":151,"column":80}},"151":{"start":{"line":152,"column":0},"end":{"line":152,"column":41}},"152":{"start":{"line":153,"column":0},"end":{"line":153,"column":17}},"153":{"start":{"line":154,"column":0},"end":{"line":154,"column":56}},"154":{"start":{"line":155,"column":0},"end":{"line":155,"column":3}},"155":{"start":{"line":156,"column":0},"end":{"line":156,"column":1}},"157":{"start":{"line":158,"column":0},"end":{"line":158,"column":30}},"158":{"start":{"line":159,"column":0},"end":{"line":159,"column":19}},"159":{"start":{"line":160,"column":0},"end":{"line":160,"column":18}},"160":{"start":{"line":161,"column":0},"end":{"line":161,"column":22}},"161":{"start":{"line":162,"column":0},"end":{"line":162,"column":22}},"162":{"start":{"line":163,"column":0},"end":{"line":163,"column":25}},"163":{"start":{"line":164,"column":0},"end":{"line":164,"column":26}},"164":{"start":{"line":165,"column":0},"end":{"line":165,"column":16}},"165":{"start":{"line":166,"column":0},"end":{"line":166,"column":18}},"166":{"start":{"line":167,"column":0},"end":{"line":167,"column":40}},"167":{"start":{"line":168,"column":0},"end":{"line":168,"column":17}},"168":{"start":{"line":169,"column":0},"end":{"line":169,"column":25}},"169":{"start":{"line":170,"column":0},"end":{"line":170,"column":21}},"170":{"start":{"line":171,"column":0},"end":{"line":171,"column":17}},"171":{"start":{"line":172,"column":0},"end":{"line":172,"column":23}},"172":{"start":{"line":173,"column":0},"end":{"line":173,"column":1}},"178":{"start":{"line":179,"column":0},"end":{"line":179,"column":80}},"179":{"start":{"line":180,"column":0},"end":{"line":180,"column":38}},"180":{"start":{"line":181,"column":0},"end":{"line":181,"column":53}},"181":{"start":{"line":182,"column":0},"end":{"line":182,"column":65}},"182":{"start":{"line":183,"column":0},"end":{"line":183,"column":24}},"183":{"start":{"line":184,"column":0},"end":{"line":184,"column":38}},"184":{"start":{"line":185,"column":0},"end":{"line":185,"column":96}},"185":{"start":{"line":186,"column":0},"end":{"line":186,"column":40}},"186":{"start":{"line":187,"column":0},"end":{"line":187,"column":21}},"187":{"start":{"line":188,"column":0},"end":{"line":188,"column":1}},"193":{"start":{"line":194,"column":0},"end":{"line":194,"column":82}},"194":{"start":{"line":195,"column":0},"end":{"line":195,"column":7}},"195":{"start":{"line":196,"column":0},"end":{"line":196,"column":35}},"196":{"start":{"line":197,"column":0},"end":{"line":197,"column":10}},"197":{"start":{"line":198,"column":0},"end":{"line":198,"column":26}},"198":{"start":{"line":199,"column":0},"end":{"line":199,"column":39}},"199":{"start":{"line":200,"column":0},"end":{"line":200,"column":36}},"200":{"start":{"line":201,"column":0},"end":{"line":201,"column":7}},"202":{"start":{"line":203,"column":0},"end":{"line":203,"column":48}},"203":{"start":{"line":204,"column":0},"end":{"line":204,"column":36}},"204":{"start":{"line":205,"column":0},"end":{"line":205,"column":44}},"205":{"start":{"line":206,"column":0},"end":{"line":206,"column":7}},"206":{"start":{"line":207,"column":0},"end":{"line":207,"column":7}},"208":{"start":{"line":209,"column":0},"end":{"line":209,"column":42}},"209":{"start":{"line":210,"column":0},"end":{"line":210,"column":30}},"210":{"start":{"line":211,"column":0},"end":{"line":211,"column":12}},"211":{"start":{"line":212,"column":0},"end":{"line":212,"column":51}},"212":{"start":{"line":213,"column":0},"end":{"line":213,"column":29}},"213":{"start":{"line":214,"column":0},"end":{"line":214,"column":8}},"214":{"start":{"line":215,"column":0},"end":{"line":215,"column":34}},"215":{"start":{"line":216,"column":0},"end":{"line":216,"column":26}},"216":{"start":{"line":217,"column":0},"end":{"line":217,"column":7}},"218":{"start":{"line":219,"column":0},"end":{"line":219,"column":30}},"219":{"start":{"line":220,"column":0},"end":{"line":220,"column":23}},"220":{"start":{"line":221,"column":0},"end":{"line":221,"column":27}},"221":{"start":{"line":222,"column":0},"end":{"line":222,"column":11}},"223":{"start":{"line":224,"column":0},"end":{"line":224,"column":28}},"224":{"start":{"line":225,"column":0},"end":{"line":225,"column":3}},"225":{"start":{"line":226,"column":0},"end":{"line":226,"column":1}},"227":{"start":{"line":228,"column":0},"end":{"line":228,"column":35}},"228":{"start":{"line":229,"column":0},"end":{"line":229,"column":15}},"229":{"start":{"line":230,"column":0},"end":{"line":230,"column":55}},"230":{"start":{"line":231,"column":0},"end":{"line":231,"column":18}},"231":{"start":{"line":232,"column":0},"end":{"line":232,"column":3}},"232":{"start":{"line":233,"column":0},"end":{"line":233,"column":26}},"233":{"start":{"line":234,"column":0},"end":{"line":234,"column":1}},"239":{"start":{"line":240,"column":0},"end":{"line":240,"column":31}},"240":{"start":{"line":241,"column":0},"end":{"line":241,"column":32}},"241":{"start":{"line":242,"column":0},"end":{"line":242,"column":21}},"242":{"start":{"line":243,"column":0},"end":{"line":243,"column":4}},"244":{"start":{"line":245,"column":0},"end":{"line":245,"column":39}},"245":{"start":{"line":246,"column":0},"end":{"line":246,"column":19}},"246":{"start":{"line":247,"column":0},"end":{"line":247,"column":4}},"248":{"start":{"line":249,"column":0},"end":{"line":249,"column":36}},"249":{"start":{"line":250,"column":0},"end":{"line":250,"column":19}},"250":{"start":{"line":251,"column":0},"end":{"line":251,"column":4}},"252":{"start":{"line":253,"column":0},"end":{"line":253,"column":54}},"254":{"start":{"line":255,"column":0},"end":{"line":255,"column":18}},"255":{"start":{"line":256,"column":0},"end":{"line":256,"column":25}},"256":{"start":{"line":257,"column":0},"end":{"line":257,"column":20}},"257":{"start":{"line":258,"column":0},"end":{"line":258,"column":5}},"259":{"start":{"line":260,"column":0},"end":{"line":260,"column":44}},"260":{"start":{"line":261,"column":0},"end":{"line":261,"column":43}},"261":{"start":{"line":262,"column":0},"end":{"line":262,"column":24}},"262":{"start":{"line":263,"column":0},"end":{"line":263,"column":24}},"263":{"start":{"line":264,"column":0},"end":{"line":264,"column":27}},"264":{"start":{"line":265,"column":0},"end":{"line":265,"column":41}},"265":{"start":{"line":266,"column":0},"end":{"line":266,"column":27}},"266":{"start":{"line":267,"column":0},"end":{"line":267,"column":19}},"272":{"start":{"line":273,"column":0},"end":{"line":273,"column":28}},"273":{"start":{"line":274,"column":0},"end":{"line":274,"column":68}},"274":{"start":{"line":275,"column":0},"end":{"line":275,"column":47}},"275":{"start":{"line":276,"column":0},"end":{"line":276,"column":5}},"277":{"start":{"line":278,"column":0},"end":{"line":278,"column":19}},"278":{"start":{"line":279,"column":0},"end":{"line":279,"column":4}},"280":{"start":{"line":281,"column":0},"end":{"line":281,"column":51}},"281":{"start":{"line":282,"column":0},"end":{"line":282,"column":34}},"282":{"start":{"line":283,"column":0},"end":{"line":283,"column":67}},"283":{"start":{"line":284,"column":0},"end":{"line":284,"column":5}},"285":{"start":{"line":286,"column":0},"end":{"line":286,"column":50}},"288":{"start":{"line":289,"column":0},"end":{"line":289,"column":31}},"291":{"start":{"line":292,"column":0},"end":{"line":292,"column":25}},"292":{"start":{"line":293,"column":0},"end":{"line":293,"column":61}},"293":{"start":{"line":294,"column":0},"end":{"line":294,"column":29}},"295":{"start":{"line":296,"column":0},"end":{"line":296,"column":32}},"296":{"start":{"line":297,"column":0},"end":{"line":297,"column":5}},"299":{"start":{"line":300,"column":0},"end":{"line":300,"column":34}},"300":{"start":{"line":301,"column":0},"end":{"line":301,"column":53}},"303":{"start":{"line":304,"column":0},"end":{"line":304,"column":37}},"304":{"start":{"line":305,"column":0},"end":{"line":305,"column":88}},"305":{"start":{"line":306,"column":0},"end":{"line":306,"column":5}},"308":{"start":{"line":309,"column":0},"end":{"line":309,"column":42}},"310":{"start":{"line":311,"column":0},"end":{"line":311,"column":20}},"311":{"start":{"line":312,"column":0},"end":{"line":312,"column":4}},"313":{"start":{"line":314,"column":0},"end":{"line":314,"column":54}},"314":{"start":{"line":315,"column":0},"end":{"line":315,"column":37}},"315":{"start":{"line":316,"column":0},"end":{"line":316,"column":50}},"316":{"start":{"line":317,"column":0},"end":{"line":317,"column":32}},"317":{"start":{"line":318,"column":0},"end":{"line":318,"column":49}},"318":{"start":{"line":319,"column":0},"end":{"line":319,"column":5}},"319":{"start":{"line":320,"column":0},"end":{"line":320,"column":32}},"320":{"start":{"line":321,"column":0},"end":{"line":321,"column":4}},"322":{"start":{"line":323,"column":0},"end":{"line":323,"column":84}},"323":{"start":{"line":324,"column":0},"end":{"line":324,"column":58}},"324":{"start":{"line":325,"column":0},"end":{"line":325,"column":47}},"325":{"start":{"line":326,"column":0},"end":{"line":326,"column":4}},"327":{"start":{"line":328,"column":0},"end":{"line":328,"column":72}},"328":{"start":{"line":329,"column":0},"end":{"line":329,"column":26}},"329":{"start":{"line":330,"column":0},"end":{"line":330,"column":4}},"331":{"start":{"line":332,"column":0},"end":{"line":332,"column":107}},"332":{"start":{"line":333,"column":0},"end":{"line":333,"column":32}},"333":{"start":{"line":334,"column":0},"end":{"line":334,"column":64}},"334":{"start":{"line":335,"column":0},"end":{"line":335,"column":54}},"335":{"start":{"line":336,"column":0},"end":{"line":336,"column":62}},"336":{"start":{"line":337,"column":0},"end":{"line":337,"column":4}},"338":{"start":{"line":339,"column":0},"end":{"line":339,"column":47}},"339":{"start":{"line":340,"column":0},"end":{"line":340,"column":45}},"341":{"start":{"line":342,"column":0},"end":{"line":342,"column":45}},"342":{"start":{"line":343,"column":0},"end":{"line":343,"column":41}},"345":{"start":{"line":346,"column":0},"end":{"line":346,"column":38}},"346":{"start":{"line":347,"column":0},"end":{"line":347,"column":70}},"348":{"start":{"line":349,"column":0},"end":{"line":349,"column":55}},"349":{"start":{"line":350,"column":0},"end":{"line":350,"column":71}},"352":{"start":{"line":353,"column":0},"end":{"line":353,"column":78}},"355":{"start":{"line":356,"column":0},"end":{"line":356,"column":51}},"356":{"start":{"line":357,"column":0},"end":{"line":357,"column":17}},"357":{"start":{"line":358,"column":0},"end":{"line":358,"column":18}},"358":{"start":{"line":359,"column":0},"end":{"line":359,"column":4}},"360":{"start":{"line":361,"column":0},"end":{"line":361,"column":73}},"361":{"start":{"line":362,"column":0},"end":{"line":362,"column":33}},"362":{"start":{"line":363,"column":0},"end":{"line":363,"column":59}},"364":{"start":{"line":365,"column":0},"end":{"line":365,"column":45}},"365":{"start":{"line":366,"column":0},"end":{"line":366,"column":41}},"367":{"start":{"line":368,"column":0},"end":{"line":368,"column":38}},"368":{"start":{"line":369,"column":0},"end":{"line":369,"column":58}},"370":{"start":{"line":371,"column":0},"end":{"line":371,"column":55}},"371":{"start":{"line":372,"column":0},"end":{"line":372,"column":71}},"374":{"start":{"line":375,"column":0},"end":{"line":375,"column":82}},"377":{"start":{"line":378,"column":0},"end":{"line":378,"column":55}},"379":{"start":{"line":380,"column":0},"end":{"line":380,"column":69}},"380":{"start":{"line":381,"column":0},"end":{"line":381,"column":4}},"382":{"start":{"line":383,"column":0},"end":{"line":383,"column":24}},"383":{"start":{"line":384,"column":0},"end":{"line":384,"column":47}},"384":{"start":{"line":385,"column":0},"end":{"line":385,"column":19}},"385":{"start":{"line":386,"column":0},"end":{"line":386,"column":23}},"386":{"start":{"line":387,"column":0},"end":{"line":387,"column":21}},"387":{"start":{"line":388,"column":0},"end":{"line":388,"column":27}},"388":{"start":{"line":389,"column":0},"end":{"line":389,"column":26}},"389":{"start":{"line":390,"column":0},"end":{"line":390,"column":6}},"392":{"start":{"line":393,"column":0},"end":{"line":393,"column":57}},"393":{"start":{"line":394,"column":0},"end":{"line":394,"column":59}},"394":{"start":{"line":395,"column":0},"end":{"line":395,"column":20}},"395":{"start":{"line":396,"column":0},"end":{"line":396,"column":47}},"396":{"start":{"line":397,"column":0},"end":{"line":397,"column":46}},"397":{"start":{"line":398,"column":0},"end":{"line":398,"column":66}},"398":{"start":{"line":399,"column":0},"end":{"line":399,"column":55}},"399":{"start":{"line":400,"column":0},"end":{"line":400,"column":43}},"400":{"start":{"line":401,"column":0},"end":{"line":401,"column":56}},"401":{"start":{"line":402,"column":0},"end":{"line":402,"column":7}},"402":{"start":{"line":403,"column":0},"end":{"line":403,"column":5}},"404":{"start":{"line":405,"column":0},"end":{"line":405,"column":12}},"405":{"start":{"line":406,"column":0},"end":{"line":406,"column":22}},"406":{"start":{"line":407,"column":0},"end":{"line":407,"column":23}},"407":{"start":{"line":408,"column":0},"end":{"line":408,"column":24}},"408":{"start":{"line":409,"column":0},"end":{"line":409,"column":49}},"409":{"start":{"line":410,"column":0},"end":{"line":410,"column":32}},"410":{"start":{"line":411,"column":0},"end":{"line":411,"column":28}},"411":{"start":{"line":412,"column":0},"end":{"line":412,"column":6}},"412":{"start":{"line":413,"column":0},"end":{"line":413,"column":4}},"414":{"start":{"line":415,"column":0},"end":{"line":415,"column":35}},"415":{"start":{"line":416,"column":0},"end":{"line":416,"column":23}},"416":{"start":{"line":417,"column":0},"end":{"line":417,"column":18}},"417":{"start":{"line":418,"column":0},"end":{"line":418,"column":4}},"418":{"start":{"line":419,"column":0},"end":{"line":419,"column":2}}},"s":{"0":1,"136":1,"137":1,"138":1,"139":1,"140":1,"141":1,"142":1,"143":1,"144":1,"145":1,"146":1,"147":1,"148":1,"150":163,"151":163,"152":163,"153":6,"154":6,"155":163,"157":76,"158":76,"159":76,"160":76,"161":76,"162":76,"163":76,"164":76,"165":76,"166":76,"167":76,"168":76,"169":76,"170":76,"171":76,"172":76,"178":12,"179":12,"180":8,"181":8,"182":8,"183":8,"184":8,"185":8,"186":8,"187":8,"193":5,"194":5,"195":5,"196":5,"197":5,"198":5,"199":5,"200":5,"202":5,"203":1,"204":1,"205":1,"206":5,"208":5,"209":3,"210":3,"211":3,"212":3,"213":3,"214":3,"215":3,"216":5,"218":5,"219":4,"220":4,"221":5,"223":1,"224":1,"225":5,"227":76,"228":76,"229":4,"230":4,"231":4,"232":76,"233":76,"239":1,"240":1,"241":18,"242":18,"244":1,"245":5,"246":5,"248":1,"249":6,"250":6,"252":1,"254":53,"255":1,"256":1,"257":1,"259":53,"260":53,"261":53,"262":53,"263":53,"264":53,"265":53,"266":53,"272":53,"273":5,"274":5,"275":5,"277":53,"278":53,"280":1,"281":103,"282":1,"283":1,"285":102,"288":102,"291":102,"292":103,"293":2,"295":2,"296":2,"299":102,"300":102,"303":103,"304":1,"305":1,"308":102,"310":102,"311":103,"313":1,"314":8,"315":8,"316":8,"317":3,"318":3,"319":6,"320":8,"322":1,"323":7,"324":7,"325":7,"327":1,"328":4,"329":4,"331":1,"332":2,"333":1,"334":1,"335":1,"336":2,"338":1,"339":11,"341":10,"342":11,"345":11,"346":11,"348":9,"349":9,"352":9,"355":9,"356":9,"357":9,"358":11,"360":1,"361":6,"362":6,"364":4,"365":6,"367":6,"368":6,"370":3,"371":3,"374":3,"377":3,"379":3,"380":6,"382":1,"383":12,"384":1,"385":1,"386":1,"387":1,"388":1,"389":1,"392":12,"393":12,"394":12,"395":11,"396":11,"397":6,"398":6,"399":6,"400":6,"401":6,"402":11,"404":12,"405":12,"406":12,"407":12,"408":12,"409":12,"410":12,"411":12,"412":12,"414":1,"415":75,"416":75,"417":75,"418":1},"branchMap":{"0":{"type":"branch","line":151,"loc":{"start":{"line":151,"column":0},"end":{"line":156,"column":1}},"locations":[{"start":{"line":151,"column":0},"end":{"line":156,"column":1}}]},"1":{"type":"branch","line":153,"loc":{"start":{"line":153,"column":16},"end":{"line":155,"column":3}},"locations":[{"start":{"line":153,"column":16},"end":{"line":155,"column":3}}]},"2":{"type":"branch","line":158,"loc":{"start":{"line":158,"column":0},"end":{"line":173,"column":1}},"locations":[{"start":{"line":158,"column":0},"end":{"line":173,"column":1}}]},"3":{"type":"branch","line":179,"loc":{"start":{"line":179,"column":0},"end":{"line":188,"column":1}},"locations":[{"start":{"line":179,"column":0},"end":{"line":188,"column":1}}]},"4":{"type":"branch","line":180,"loc":{"start":{"line":180,"column":19},"end":{"line":180,"column":38}},"locations":[{"start":{"line":180,"column":19},"end":{"line":180,"column":38}}]},"5":{"type":"branch","line":180,"loc":{"start":{"line":180,"column":26},"end":{"line":188,"column":1}},"locations":[{"start":{"line":180,"column":26},"end":{"line":188,"column":1}}]},"6":{"type":"branch","line":194,"loc":{"start":{"line":194,"column":0},"end":{"line":226,"column":1}},"locations":[{"start":{"line":194,"column":0},"end":{"line":226,"column":1}}]},"7":{"type":"branch","line":219,"loc":{"start":{"line":219,"column":28},"end":{"line":222,"column":10}},"locations":[{"start":{"line":219,"column":28},"end":{"line":222,"column":10}}]},"8":{"type":"branch","line":222,"loc":{"start":{"line":222,"column":2},"end":{"line":225,"column":3}},"locations":[{"start":{"line":222,"column":2},"end":{"line":225,"column":3}}]},"9":{"type":"branch","line":203,"loc":{"start":{"line":203,"column":20},"end":{"line":207,"column":5}},"locations":[{"start":{"line":203,"column":20},"end":{"line":207,"column":5}}]},"10":{"type":"branch","line":209,"loc":{"start":{"line":209,"column":21},"end":{"line":217,"column":5}},"locations":[{"start":{"line":209,"column":21},"end":{"line":217,"column":5}}]},"11":{"type":"branch","line":212,"loc":{"start":{"line":212,"column":19},"end":{"line":212,"column":51}},"locations":[{"start":{"line":212,"column":19},"end":{"line":212,"column":51}}]},"12":{"type":"branch","line":228,"loc":{"start":{"line":228,"column":0},"end":{"line":234,"column":1}},"locations":[{"start":{"line":228,"column":0},"end":{"line":234,"column":1}}]},"13":{"type":"branch","line":229,"loc":{"start":{"line":229,"column":14},"end":{"line":232,"column":3}},"locations":[{"start":{"line":229,"column":14},"end":{"line":232,"column":3}}]},"14":{"type":"branch","line":230,"loc":{"start":{"line":230,"column":31},"end":{"line":230,"column":55}},"locations":[{"start":{"line":230,"column":31},"end":{"line":230,"column":55}}]},"15":{"type":"branch","line":241,"loc":{"start":{"line":241,"column":2},"end":{"line":243,"column":4}},"locations":[{"start":{"line":241,"column":2},"end":{"line":243,"column":4}}]},"16":{"type":"branch","line":245,"loc":{"start":{"line":245,"column":2},"end":{"line":247,"column":4}},"locations":[{"start":{"line":245,"column":2},"end":{"line":247,"column":4}}]},"17":{"type":"branch","line":249,"loc":{"start":{"line":249,"column":2},"end":{"line":251,"column":4}},"locations":[{"start":{"line":249,"column":2},"end":{"line":251,"column":4}}]},"18":{"type":"branch","line":253,"loc":{"start":{"line":253,"column":2},"end":{"line":279,"column":4}},"locations":[{"start":{"line":253,"column":2},"end":{"line":279,"column":4}}]},"19":{"type":"branch","line":255,"loc":{"start":{"line":255,"column":17},"end":{"line":258,"column":5}},"locations":[{"start":{"line":255,"column":17},"end":{"line":258,"column":5}}]},"20":{"type":"branch","line":265,"loc":{"start":{"line":265,"column":26},"end":{"line":265,"column":41}},"locations":[{"start":{"line":265,"column":26},"end":{"line":265,"column":41}}]},"21":{"type":"branch","line":273,"loc":{"start":{"line":273,"column":27},"end":{"line":276,"column":5}},"locations":[{"start":{"line":273,"column":27},"end":{"line":276,"column":5}}]},"22":{"type":"branch","line":274,"loc":{"start":{"line":274,"column":32},"end":{"line":274,"column":68}},"locations":[{"start":{"line":274,"column":32},"end":{"line":274,"column":68}}]},"23":{"type":"branch","line":281,"loc":{"start":{"line":281,"column":2},"end":{"line":312,"column":4}},"locations":[{"start":{"line":281,"column":2},"end":{"line":312,"column":4}}]},"24":{"type":"branch","line":282,"loc":{"start":{"line":282,"column":9},"end":{"line":282,"column":33}},"locations":[{"start":{"line":282,"column":9},"end":{"line":282,"column":33}}]},"25":{"type":"branch","line":282,"loc":{"start":{"line":282,"column":33},"end":{"line":284,"column":5}},"locations":[{"start":{"line":282,"column":33},"end":{"line":284,"column":5}}]},"26":{"type":"branch","line":284,"loc":{"start":{"line":284,"column":4},"end":{"line":293,"column":26}},"locations":[{"start":{"line":284,"column":4},"end":{"line":293,"column":26}}]},"27":{"type":"branch","line":293,"loc":{"start":{"line":293,"column":21},"end":{"line":293,"column":60}},"locations":[{"start":{"line":293,"column":21},"end":{"line":293,"column":60}}]},"28":{"type":"branch","line":293,"loc":{"start":{"line":293,"column":60},"end":{"line":297,"column":5}},"locations":[{"start":{"line":293,"column":60},"end":{"line":297,"column":5}}]},"29":{"type":"branch","line":297,"loc":{"start":{"line":297,"column":4},"end":{"line":304,"column":18}},"locations":[{"start":{"line":297,"column":4},"end":{"line":304,"column":18}}]},"30":{"type":"branch","line":304,"loc":{"start":{"line":304,"column":8},"end":{"line":304,"column":36}},"locations":[{"start":{"line":304,"column":8},"end":{"line":304,"column":36}}]},"31":{"type":"branch","line":304,"loc":{"start":{"line":304,"column":36},"end":{"line":306,"column":5}},"locations":[{"start":{"line":304,"column":36},"end":{"line":306,"column":5}}]},"32":{"type":"branch","line":306,"loc":{"start":{"line":306,"column":4},"end":{"line":311,"column":20}},"locations":[{"start":{"line":306,"column":4},"end":{"line":311,"column":20}}]},"33":{"type":"branch","line":314,"loc":{"start":{"line":314,"column":2},"end":{"line":321,"column":4}},"locations":[{"start":{"line":314,"column":2},"end":{"line":321,"column":4}}]},"34":{"type":"branch","line":315,"loc":{"start":{"line":315,"column":20},"end":{"line":315,"column":37}},"locations":[{"start":{"line":315,"column":20},"end":{"line":315,"column":37}}]},"35":{"type":"branch","line":315,"loc":{"start":{"line":315,"column":27},"end":{"line":316,"column":36}},"locations":[{"start":{"line":315,"column":27},"end":{"line":316,"column":36}}]},"36":{"type":"branch","line":316,"loc":{"start":{"line":316,"column":20},"end":{"line":316,"column":50}},"locations":[{"start":{"line":316,"column":20},"end":{"line":316,"column":50}}]},"37":{"type":"branch","line":317,"loc":{"start":{"line":317,"column":31},"end":{"line":319,"column":5}},"locations":[{"start":{"line":317,"column":31},"end":{"line":319,"column":5}}]},"38":{"type":"branch","line":319,"loc":{"start":{"line":319,"column":4},"end":{"line":320,"column":32}},"locations":[{"start":{"line":319,"column":4},"end":{"line":320,"column":32}}]},"39":{"type":"branch","line":323,"loc":{"start":{"line":323,"column":2},"end":{"line":326,"column":4}},"locations":[{"start":{"line":323,"column":2},"end":{"line":326,"column":4}}]},"40":{"type":"branch","line":328,"loc":{"start":{"line":328,"column":2},"end":{"line":330,"column":4}},"locations":[{"start":{"line":328,"column":2},"end":{"line":330,"column":4}}]},"41":{"type":"branch","line":332,"loc":{"start":{"line":332,"column":2},"end":{"line":337,"column":4}},"locations":[{"start":{"line":332,"column":2},"end":{"line":337,"column":4}}]},"42":{"type":"branch","line":333,"loc":{"start":{"line":333,"column":20},"end":{"line":336,"column":62}},"locations":[{"start":{"line":333,"column":20},"end":{"line":336,"column":62}}]},"43":{"type":"branch","line":339,"loc":{"start":{"line":339,"column":2},"end":{"line":359,"column":4}},"locations":[{"start":{"line":339,"column":2},"end":{"line":359,"column":4}}]},"44":{"type":"branch","line":340,"loc":{"start":{"line":340,"column":20},"end":{"line":340,"column":45}},"locations":[{"start":{"line":340,"column":20},"end":{"line":340,"column":45}}]},"45":{"type":"branch","line":340,"loc":{"start":{"line":340,"column":43},"end":{"line":343,"column":38}},"locations":[{"start":{"line":340,"column":43},"end":{"line":343,"column":38}}]},"46":{"type":"branch","line":343,"loc":{"start":{"line":343,"column":20},"end":{"line":343,"column":38}},"locations":[{"start":{"line":343,"column":20},"end":{"line":343,"column":38}}]},"47":{"type":"branch","line":343,"loc":{"start":{"line":343,"column":27},"end":{"line":343,"column":41}},"locations":[{"start":{"line":343,"column":27},"end":{"line":343,"column":41}}]},"48":{"type":"branch","line":346,"loc":{"start":{"line":346,"column":18},"end":{"line":346,"column":38}},"locations":[{"start":{"line":346,"column":18},"end":{"line":346,"column":38}}]},"49":{"type":"branch","line":347,"loc":{"start":{"line":347,"column":18},"end":{"line":347,"column":45}},"locations":[{"start":{"line":347,"column":18},"end":{"line":347,"column":45}}]},"50":{"type":"branch","line":347,"loc":{"start":{"line":347,"column":45},"end":{"line":347,"column":70}},"locations":[{"start":{"line":347,"column":45},"end":{"line":347,"column":70}}]},"51":{"type":"branch","line":347,"loc":{"start":{"line":347,"column":68},"end":{"line":358,"column":18}},"locations":[{"start":{"line":347,"column":68},"end":{"line":358,"column":18}}]},"52":{"type":"branch","line":349,"loc":{"start":{"line":349,"column":43},"end":{"line":349,"column":53}},"locations":[{"start":{"line":349,"column":43},"end":{"line":349,"column":53}}]},"53":{"type":"branch","line":353,"loc":{"start":{"line":353,"column":32},"end":{"line":353,"column":76}},"locations":[{"start":{"line":353,"column":32},"end":{"line":353,"column":76}}]},"54":{"type":"branch","line":361,"loc":{"start":{"line":361,"column":2},"end":{"line":381,"column":4}},"locations":[{"start":{"line":361,"column":2},"end":{"line":381,"column":4}}]},"55":{"type":"branch","line":362,"loc":{"start":{"line":362,"column":20},"end":{"line":362,"column":33}},"locations":[{"start":{"line":362,"column":20},"end":{"line":362,"column":33}}]},"56":{"type":"branch","line":362,"loc":{"start":{"line":362,"column":27},"end":{"line":363,"column":46}},"locations":[{"start":{"line":362,"column":27},"end":{"line":363,"column":46}}]},"57":{"type":"branch","line":363,"loc":{"start":{"line":363,"column":46},"end":{"line":363,"column":59}},"locations":[{"start":{"line":363,"column":46},"end":{"line":363,"column":59}}]},"58":{"type":"branch","line":363,"loc":{"start":{"line":363,"column":53},"end":{"line":366,"column":27}},"locations":[{"start":{"line":363,"column":53},"end":{"line":366,"column":27}}]},"59":{"type":"branch","line":366,"loc":{"start":{"line":366,"column":20},"end":{"line":366,"column":38}},"locations":[{"start":{"line":366,"column":20},"end":{"line":366,"column":38}}]},"60":{"type":"branch","line":366,"loc":{"start":{"line":366,"column":27},"end":{"line":366,"column":41}},"locations":[{"start":{"line":366,"column":27},"end":{"line":366,"column":41}}]},"61":{"type":"branch","line":368,"loc":{"start":{"line":368,"column":18},"end":{"line":368,"column":38}},"locations":[{"start":{"line":368,"column":18},"end":{"line":368,"column":38}}]},"62":{"type":"branch","line":369,"loc":{"start":{"line":369,"column":18},"end":{"line":369,"column":45}},"locations":[{"start":{"line":369,"column":18},"end":{"line":369,"column":45}}]},"63":{"type":"branch","line":369,"loc":{"start":{"line":369,"column":45},"end":{"line":380,"column":69}},"locations":[{"start":{"line":369,"column":45},"end":{"line":380,"column":69}}]},"64":{"type":"branch","line":369,"loc":{"start":{"line":369,"column":45},"end":{"line":369,"column":58}},"locations":[{"start":{"line":369,"column":45},"end":{"line":369,"column":58}}]},"65":{"type":"branch","line":371,"loc":{"start":{"line":371,"column":43},"end":{"line":371,"column":53}},"locations":[{"start":{"line":371,"column":43},"end":{"line":371,"column":53}}]},"66":{"type":"branch","line":378,"loc":{"start":{"line":378,"column":30},"end":{"line":378,"column":53}},"locations":[{"start":{"line":378,"column":30},"end":{"line":378,"column":53}}]},"67":{"type":"branch","line":383,"loc":{"start":{"line":383,"column":2},"end":{"line":413,"column":4}},"locations":[{"start":{"line":383,"column":2},"end":{"line":413,"column":4}}]},"68":{"type":"branch","line":384,"loc":{"start":{"line":384,"column":25},"end":{"line":384,"column":41}},"locations":[{"start":{"line":384,"column":25},"end":{"line":384,"column":41}}]},"69":{"type":"branch","line":384,"loc":{"start":{"line":384,"column":41},"end":{"line":390,"column":6}},"locations":[{"start":{"line":384,"column":41},"end":{"line":390,"column":6}}]},"70":{"type":"branch","line":395,"loc":{"start":{"line":395,"column":19},"end":{"line":403,"column":5}},"locations":[{"start":{"line":395,"column":19},"end":{"line":403,"column":5}}]},"71":{"type":"branch","line":397,"loc":{"start":{"line":397,"column":10},"end":{"line":397,"column":45}},"locations":[{"start":{"line":397,"column":10},"end":{"line":397,"column":45}}]},"72":{"type":"branch","line":397,"loc":{"start":{"line":397,"column":45},"end":{"line":402,"column":7}},"locations":[{"start":{"line":397,"column":45},"end":{"line":402,"column":7}}]},"73":{"type":"branch","line":409,"loc":{"start":{"line":409,"column":22},"end":{"line":409,"column":43}},"locations":[{"start":{"line":409,"column":22},"end":{"line":409,"column":43}}]},"74":{"type":"branch","line":409,"loc":{"start":{"line":409,"column":30},"end":{"line":409,"column":49}},"locations":[{"start":{"line":409,"column":30},"end":{"line":409,"column":49}}]},"75":{"type":"branch","line":398,"loc":{"start":{"line":398,"column":54},"end":{"line":398,"column":64}},"locations":[{"start":{"line":398,"column":54},"end":{"line":398,"column":64}}]},"76":{"type":"branch","line":415,"loc":{"start":{"line":415,"column":2},"end":{"line":418,"column":4}},"locations":[{"start":{"line":415,"column":2},"end":{"line":418,"column":4}}]}},"b":{"0":[163],"1":[6],"2":[76],"3":[12],"4":[4],"5":[8],"6":[5],"7":[4],"8":[1],"9":[1],"10":[3],"11":[1],"12":[76],"13":[4],"14":[0],"15":[18],"16":[5],"17":[6],"18":[53],"19":[1],"20":[52],"21":[5],"22":[0],"23":[103],"24":[102],"25":[1],"26":[102],"27":[6],"28":[2],"29":[102],"30":[1],"31":[1],"32":[102],"33":[8],"34":[2],"35":[6],"36":[0],"37":[3],"38":[6],"39":[7],"40":[4],"41":[2],"42":[1],"43":[11],"44":[1],"45":[10],"46":[9],"47":[1],"48":[2],"49":[9],"50":[1],"51":[9],"52":[34],"53":[34],"54":[6],"55":[1],"56":[5],"57":[1],"58":[4],"59":[3],"60":[1],"61":[1],"62":[3],"63":[3],"64":[1],"65":[11],"66":[11],"67":[12],"68":[11],"69":[1],"70":[11],"71":[6],"72":[6],"73":[2],"74":[10],"75":[49],"76":[75]},"fnMap":{"0":{"name":"_emit","decl":{"start":{"line":151,"column":0},"end":{"line":156,"column":1}},"loc":{"start":{"line":151,"column":0},"end":{"line":156,"column":1}},"line":151},"1":{"name":"_resetState","decl":{"start":{"line":158,"column":0},"end":{"line":173,"column":1}},"loc":{"start":{"line":158,"column":0},"end":{"line":173,"column":1}},"line":158},"2":{"name":"_getOrCreateBlsKey","decl":{"start":{"line":179,"column":0},"end":{"line":188,"column":1}},"loc":{"start":{"line":179,"column":0},"end":{"line":188,"column":1}},"line":179},"3":{"name":"_connectRelay","decl":{"start":{"line":194,"column":0},"end":{"line":226,"column":1}},"loc":{"start":{"line":194,"column":0},"end":{"line":226,"column":1}},"line":194},"4":{"name":"_disconnectRelay","decl":{"start":{"line":228,"column":0},"end":{"line":234,"column":1}},"loc":{"start":{"line":228,"column":0},"end":{"line":234,"column":1}},"line":228},"5":{"name":"get me","decl":{"start":{"line":241,"column":2},"end":{"line":243,"column":4}},"loc":{"start":{"line":241,"column":2},"end":{"line":243,"column":4}},"line":241},"6":{"name":"get nearby","decl":{"start":{"line":245,"column":2},"end":{"line":247,"column":4}},"loc":{"start":{"line":245,"column":2},"end":{"line":247,"column":4}},"line":245},"7":{"name":"get chains","decl":{"start":{"line":249,"column":2},"end":{"line":251,"column":4}},"loc":{"start":{"line":249,"column":2},"end":{"line":251,"column":4}},"line":249},"8":{"name":"boot","decl":{"start":{"line":253,"column":2},"end":{"line":279,"column":4}},"loc":{"start":{"line":253,"column":2},"end":{"line":279,"column":4}},"line":253},"9":{"name":"create","decl":{"start":{"line":281,"column":2},"end":{"line":312,"column":4}},"loc":{"start":{"line":281,"column":2},"end":{"line":312,"column":4}},"line":281},"10":{"name":"getChain","decl":{"start":{"line":314,"column":2},"end":{"line":321,"column":4}},"loc":{"start":{"line":314,"column":2},"end":{"line":321,"column":4}},"line":314},"11":{"name":"on","decl":{"start":{"line":323,"column":2},"end":{"line":326,"column":4}},"loc":{"start":{"line":323,"column":2},"end":{"line":326,"column":4}},"line":323},"12":{"name":"emit","decl":{"start":{"line":328,"column":2},"end":{"line":330,"column":4}},"loc":{"start":{"line":328,"column":2},"end":{"line":330,"column":4}},"line":328},"13":{"name":"decryptDot","decl":{"start":{"line":332,"column":2},"end":{"line":337,"column":4}},"loc":{"start":{"line":332,"column":2},"end":{"line":337,"column":4}},"line":332},"14":{"name":"seal","decl":{"start":{"line":339,"column":2},"end":{"line":359,"column":4}},"loc":{"start":{"line":339,"column":2},"end":{"line":359,"column":4}},"line":339},"15":{"name":"verifySeal","decl":{"start":{"line":361,"column":2},"end":{"line":381,"column":4}},"loc":{"start":{"line":361,"column":2},"end":{"line":381,"column":4}},"line":361},"16":{"name":"stats","decl":{"start":{"line":383,"column":2},"end":{"line":413,"column":4}},"loc":{"start":{"line":383,"column":2},"end":{"line":413,"column":4}},"line":383},"17":{"name":"shutdown","decl":{"start":{"line":415,"column":2},"end":{"line":418,"column":4}},"loc":{"start":{"line":415,"column":2},"end":{"line":418,"column":4}},"line":415}},"f":{"0":163,"1":76,"2":12,"3":5,"4":76,"5":18,"6":5,"7":6,"8":53,"9":103,"10":8,"11":7,"12":4,"13":2,"14":11,"15":6,"16":12,"17":75}}
,"/Users/blaze/Movies/Kin/projects/dot-protocol/packages/engine/src/identity.ts": {"path":"/Users/blaze/Movies/Kin/projects/dot-protocol/packages/engine/src/identity.ts","all":false,"statementMap":{"0":{"start":{"line":1,"column":0},"end":{"line":1,"column":3}},"13":{"start":{"line":14,"column":0},"end":{"line":14,"column":35}},"30":{"start":{"line":31,"column":0},"end":{"line":31,"column":54}},"31":{"start":{"line":32,"column":0},"end":{"line":32,"column":18}},"32":{"start":{"line":33,"column":0},"end":{"line":33,"column":58}},"33":{"start":{"line":34,"column":0},"end":{"line":34,"column":80}},"34":{"start":{"line":35,"column":0},"end":{"line":35,"column":1}},"36":{"start":{"line":37,"column":0},"end":{"line":37,"column":55}},"37":{"start":{"line":38,"column":0},"end":{"line":38,"column":59}},"38":{"start":{"line":39,"column":0},"end":{"line":39,"column":74}},"39":{"start":{"line":40,"column":0},"end":{"line":40,"column":30}},"40":{"start":{"line":41,"column":0},"end":{"line":41,"column":46}},"41":{"start":{"line":42,"column":0},"end":{"line":42,"column":74}},"42":{"start":{"line":43,"column":0},"end":{"line":43,"column":15}},"43":{"start":{"line":44,"column":0},"end":{"line":44,"column":1}},"46":{"start":{"line":47,"column":0},"end":{"line":47,"column":37}},"47":{"start":{"line":48,"column":0},"end":{"line":48,"column":49}},"48":{"start":{"line":49,"column":0},"end":{"line":49,"column":49}},"49":{"start":{"line":50,"column":0},"end":{"line":50,"column":3}},"50":{"start":{"line":51,"column":0},"end":{"line":51,"column":27}},"52":{"start":{"line":53,"column":0},"end":{"line":53,"column":51}},"53":{"start":{"line":54,"column":0},"end":{"line":54,"column":57}},"54":{"start":{"line":55,"column":0},"end":{"line":55,"column":26}},"55":{"start":{"line":56,"column":0},"end":{"line":56,"column":39}},"56":{"start":{"line":57,"column":0},"end":{"line":57,"column":37}},"57":{"start":{"line":58,"column":0},"end":{"line":58,"column":1}},"59":{"start":{"line":60,"column":0},"end":{"line":60,"column":53}},"60":{"start":{"line":61,"column":0},"end":{"line":61,"column":70}},"61":{"start":{"line":62,"column":0},"end":{"line":62,"column":36}},"62":{"start":{"line":63,"column":0},"end":{"line":63,"column":3}},"63":{"start":{"line":64,"column":0},"end":{"line":64,"column":43}},"64":{"start":{"line":65,"column":0},"end":{"line":65,"column":1}},"66":{"start":{"line":67,"column":0},"end":{"line":67,"column":49}},"67":{"start":{"line":68,"column":0},"end":{"line":68,"column":46}},"68":{"start":{"line":69,"column":0},"end":{"line":69,"column":1}},"74":{"start":{"line":75,"column":0},"end":{"line":75,"column":74}},"75":{"start":{"line":76,"column":0},"end":{"line":76,"column":7}},"76":{"start":{"line":77,"column":0},"end":{"line":77,"column":41}},"77":{"start":{"line":78,"column":0},"end":{"line":78,"column":45}},"78":{"start":{"line":79,"column":0},"end":{"line":79,"column":26}},"79":{"start":{"line":80,"column":0},"end":{"line":80,"column":11}},"80":{"start":{"line":81,"column":0},"end":{"line":81,"column":25}},"81":{"start":{"line":82,"column":0},"end":{"line":82,"column":6}},"83":{"start":{"line":84,"column":0},"end":{"line":84,"column":91}},"84":{"start":{"line":85,"column":0},"end":{"line":85,"column":88}},"86":{"start":{"line":87,"column":0},"end":{"line":87,"column":61}},"87":{"start":{"line":88,"column":0},"end":{"line":88,"column":55}},"89":{"start":{"line":90,"column":0},"end":{"line":90,"column":48}},"90":{"start":{"line":91,"column":0},"end":{"line":91,"column":11}},"91":{"start":{"line":92,"column":0},"end":{"line":92,"column":16}},"92":{"start":{"line":93,"column":0},"end":{"line":93,"column":3}},"93":{"start":{"line":94,"column":0},"end":{"line":94,"column":1}},"95":{"start":{"line":96,"column":0},"end":{"line":96,"column":29}},"96":{"start":{"line":97,"column":0},"end":{"line":97,"column":25}},"97":{"start":{"line":98,"column":0},"end":{"line":98,"column":24}},"98":{"start":{"line":99,"column":0},"end":{"line":99,"column":26}},"99":{"start":{"line":100,"column":0},"end":{"line":100,"column":26}},"100":{"start":{"line":101,"column":0},"end":{"line":101,"column":39}},"101":{"start":{"line":102,"column":0},"end":{"line":102,"column":47}},"102":{"start":{"line":103,"column":0},"end":{"line":103,"column":12}},"103":{"start":{"line":104,"column":0},"end":{"line":104,"column":26}},"104":{"start":{"line":105,"column":0},"end":{"line":105,"column":24}},"105":{"start":{"line":106,"column":0},"end":{"line":106,"column":10}},"106":{"start":{"line":107,"column":0},"end":{"line":107,"column":13}},"107":{"start":{"line":108,"column":0},"end":{"line":108,"column":4}},"110":{"start":{"line":111,"column":0},"end":{"line":111,"column":51}},"111":{"start":{"line":112,"column":0},"end":{"line":112,"column":74}},"112":{"start":{"line":113,"column":0},"end":{"line":113,"column":9}},"113":{"start":{"line":114,"column":0},"end":{"line":114,"column":63}},"114":{"start":{"line":115,"column":0},"end":{"line":115,"column":47}},"115":{"start":{"line":116,"column":0},"end":{"line":116,"column":13}},"116":{"start":{"line":117,"column":0},"end":{"line":117,"column":25}},"117":{"start":{"line":118,"column":0},"end":{"line":118,"column":5}},"118":{"start":{"line":119,"column":0},"end":{"line":119,"column":3}},"120":{"start":{"line":121,"column":0},"end":{"line":121,"column":34}},"121":{"start":{"line":122,"column":0},"end":{"line":122,"column":14}},"122":{"start":{"line":123,"column":0},"end":{"line":123,"column":28}},"123":{"start":{"line":124,"column":0},"end":{"line":124,"column":21}},"124":{"start":{"line":125,"column":0},"end":{"line":125,"column":28}},"125":{"start":{"line":126,"column":0},"end":{"line":126,"column":55}},"126":{"start":{"line":127,"column":0},"end":{"line":127,"column":28}},"127":{"start":{"line":128,"column":0},"end":{"line":128,"column":73}},"128":{"start":{"line":129,"column":0},"end":{"line":129,"column":8}},"129":{"start":{"line":130,"column":0},"end":{"line":130,"column":6}},"130":{"start":{"line":131,"column":0},"end":{"line":131,"column":4}},"131":{"start":{"line":132,"column":0},"end":{"line":132,"column":18}},"132":{"start":{"line":133,"column":0},"end":{"line":133,"column":1}},"143":{"start":{"line":144,"column":0},"end":{"line":144,"column":76}},"144":{"start":{"line":145,"column":0},"end":{"line":145,"column":7}},"145":{"start":{"line":146,"column":0},"end":{"line":146,"column":37}},"146":{"start":{"line":147,"column":0},"end":{"line":147,"column":39}},"147":{"start":{"line":148,"column":0},"end":{"line":148,"column":41}},"148":{"start":{"line":149,"column":0},"end":{"line":149,"column":6}},"149":{"start":{"line":150,"column":0},"end":{"line":150,"column":37}},"150":{"start":{"line":151,"column":0},"end":{"line":151,"column":46}},"151":{"start":{"line":152,"column":0},"end":{"line":152,"column":45}},"152":{"start":{"line":153,"column":0},"end":{"line":153,"column":5}},"153":{"start":{"line":154,"column":0},"end":{"line":154,"column":11}},"155":{"start":{"line":156,"column":0},"end":{"line":156,"column":3}},"156":{"start":{"line":157,"column":0},"end":{"line":157,"column":1}},"158":{"start":{"line":159,"column":0},"end":{"line":159,"column":83}},"159":{"start":{"line":160,"column":0},"end":{"line":160,"column":7}},"160":{"start":{"line":161,"column":0},"end":{"line":161,"column":34}},"161":{"start":{"line":162,"column":0},"end":{"line":162,"column":46}},"162":{"start":{"line":163,"column":0},"end":{"line":163,"column":46}},"163":{"start":{"line":164,"column":0},"end":{"line":164,"column":5}},"164":{"start":{"line":165,"column":0},"end":{"line":165,"column":26}},"165":{"start":{"line":166,"column":0},"end":{"line":166,"column":54}},"166":{"start":{"line":167,"column":0},"end":{"line":167,"column":12}},"167":{"start":{"line":168,"column":0},"end":{"line":168,"column":46}},"168":{"start":{"line":169,"column":0},"end":{"line":169,"column":44}},"169":{"start":{"line":170,"column":0},"end":{"line":170,"column":6}},"170":{"start":{"line":171,"column":0},"end":{"line":171,"column":11}},"171":{"start":{"line":172,"column":0},"end":{"line":172,"column":16}},"172":{"start":{"line":173,"column":0},"end":{"line":173,"column":3}},"173":{"start":{"line":174,"column":0},"end":{"line":174,"column":1}},"179":{"start":{"line":180,"column":0},"end":{"line":180,"column":40}},"188":{"start":{"line":189,"column":0},"end":{"line":189,"column":68}},"189":{"start":{"line":190,"column":0},"end":{"line":190,"column":30}},"192":{"start":{"line":193,"column":0},"end":{"line":193,"column":31}},"193":{"start":{"line":194,"column":0},"end":{"line":194,"column":14}},"194":{"start":{"line":195,"column":0},"end":{"line":195,"column":69}},"195":{"start":{"line":196,"column":0},"end":{"line":196,"column":19}},"196":{"start":{"line":197,"column":0},"end":{"line":197,"column":3}},"199":{"start":{"line":200,"column":0},"end":{"line":200,"column":56}},"200":{"start":{"line":201,"column":0},"end":{"line":201,"column":20}},"201":{"start":{"line":202,"column":0},"end":{"line":202,"column":65}},"202":{"start":{"line":203,"column":0},"end":{"line":203,"column":26}},"203":{"start":{"line":204,"column":0},"end":{"line":204,"column":19}},"204":{"start":{"line":205,"column":0},"end":{"line":205,"column":3}},"207":{"start":{"line":208,"column":0},"end":{"line":208,"column":35}},"208":{"start":{"line":209,"column":0},"end":{"line":209,"column":61}},"209":{"start":{"line":210,"column":0},"end":{"line":210,"column":44}},"210":{"start":{"line":211,"column":0},"end":{"line":211,"column":17}},"211":{"start":{"line":212,"column":0},"end":{"line":212,"column":1}},"217":{"start":{"line":218,"column":0},"end":{"line":218,"column":44}},"218":{"start":{"line":219,"column":0},"end":{"line":219,"column":17}},"219":{"start":{"line":220,"column":0},"end":{"line":220,"column":1}}},"s":{"0":1,"13":1,"30":172,"31":172,"32":172,"33":172,"34":172,"36":2,"37":2,"38":2,"39":2,"40":2,"41":2,"42":2,"43":2,"46":1,"47":1,"48":1,"49":1,"50":1,"52":58,"53":58,"54":58,"55":58,"56":58,"57":58,"59":2,"60":2,"61":1,"62":1,"63":1,"64":1,"66":58,"67":58,"68":58,"74":57,"75":57,"76":57,"77":57,"78":57,"79":57,"80":57,"81":57,"83":56,"84":56,"86":56,"87":56,"89":56,"90":57,"91":1,"92":1,"93":57,"95":58,"96":58,"97":58,"98":58,"99":58,"100":58,"101":58,"102":58,"103":58,"104":58,"105":58,"106":58,"107":58,"110":58,"111":58,"112":58,"113":58,"114":57,"115":58,"116":1,"117":1,"118":58,"120":58,"121":58,"122":58,"123":58,"124":58,"125":58,"126":2,"127":2,"128":2,"129":2,"130":58,"131":58,"132":58,"143":57,"144":57,"145":57,"146":57,"147":57,"148":57,"149":57,"150":57,"151":44,"152":44,"153":57,"155":43,"156":57,"158":58,"159":58,"160":58,"161":58,"162":45,"163":45,"164":30,"165":2,"166":2,"167":2,"168":2,"169":2,"170":58,"171":44,"172":44,"173":58,"179":1,"188":58,"189":58,"192":58,"193":58,"194":1,"195":1,"196":1,"199":57,"200":58,"201":56,"202":56,"203":56,"204":56,"207":1,"208":1,"209":1,"210":1,"211":1,"217":1,"218":85,"219":85},"branchMap":{"0":{"type":"branch","line":31,"loc":{"start":{"line":31,"column":0},"end":{"line":35,"column":1}},"locations":[{"start":{"line":31,"column":0},"end":{"line":35,"column":1}}]},"1":{"type":"branch","line":33,"loc":{"start":{"line":33,"column":25},"end":{"line":33,"column":58}},"locations":[{"start":{"line":33,"column":25},"end":{"line":33,"column":58}}]},"2":{"type":"branch","line":37,"loc":{"start":{"line":37,"column":0},"end":{"line":44,"column":1}},"locations":[{"start":{"line":37,"column":0},"end":{"line":44,"column":1}}]},"3":{"type":"branch","line":42,"loc":{"start":{"line":42,"column":42},"end":{"line":42,"column":74}},"locations":[{"start":{"line":42,"column":42},"end":{"line":42,"column":74}}]},"4":{"type":"branch","line":53,"loc":{"start":{"line":53,"column":0},"end":{"line":58,"column":1}},"locations":[{"start":{"line":53,"column":0},"end":{"line":58,"column":1}}]},"5":{"type":"branch","line":60,"loc":{"start":{"line":60,"column":0},"end":{"line":65,"column":1}},"locations":[{"start":{"line":60,"column":0},"end":{"line":65,"column":1}}]},"6":{"type":"branch","line":61,"loc":{"start":{"line":61,"column":24},"end":{"line":61,"column":69}},"locations":[{"start":{"line":61,"column":24},"end":{"line":61,"column":69}}]},"7":{"type":"branch","line":61,"loc":{"start":{"line":61,"column":69},"end":{"line":65,"column":1}},"locations":[{"start":{"line":61,"column":69},"end":{"line":65,"column":1}}]},"8":{"type":"branch","line":67,"loc":{"start":{"line":67,"column":0},"end":{"line":69,"column":1}},"locations":[{"start":{"line":67,"column":0},"end":{"line":69,"column":1}}]},"9":{"type":"branch","line":75,"loc":{"start":{"line":75,"column":0},"end":{"line":94,"column":1}},"locations":[{"start":{"line":75,"column":0},"end":{"line":94,"column":1}}]},"10":{"type":"branch","line":82,"loc":{"start":{"line":82,"column":4},"end":{"line":91,"column":10}},"locations":[{"start":{"line":82,"column":4},"end":{"line":91,"column":10}}]},"11":{"type":"branch","line":91,"loc":{"start":{"line":91,"column":2},"end":{"line":93,"column":3}},"locations":[{"start":{"line":91,"column":2},"end":{"line":93,"column":3}}]},"12":{"type":"branch","line":96,"loc":{"start":{"line":96,"column":0},"end":{"line":133,"column":1}},"locations":[{"start":{"line":96,"column":0},"end":{"line":133,"column":1}}]},"13":{"type":"branch","line":114,"loc":{"start":{"line":114,"column":61},"end":{"line":116,"column":12}},"locations":[{"start":{"line":114,"column":61},"end":{"line":116,"column":12}}]},"14":{"type":"branch","line":116,"loc":{"start":{"line":116,"column":4},"end":{"line":118,"column":5}},"locations":[{"start":{"line":116,"column":4},"end":{"line":118,"column":5}}]},"15":{"type":"branch","line":126,"loc":{"start":{"line":126,"column":4},"end":{"line":130,"column":6}},"locations":[{"start":{"line":126,"column":4},"end":{"line":130,"column":6}}]},"16":{"type":"branch","line":144,"loc":{"start":{"line":144,"column":0},"end":{"line":157,"column":1}},"locations":[{"start":{"line":144,"column":0},"end":{"line":157,"column":1}}]},"17":{"type":"branch","line":151,"loc":{"start":{"line":151,"column":45},"end":{"line":153,"column":5}},"locations":[{"start":{"line":151,"column":45},"end":{"line":153,"column":5}}]},"18":{"type":"branch","line":154,"loc":{"start":{"line":154,"column":2},"end":{"line":156,"column":3}},"locations":[{"start":{"line":154,"column":2},"end":{"line":156,"column":3}}]},"19":{"type":"branch","line":159,"loc":{"start":{"line":159,"column":0},"end":{"line":174,"column":1}},"locations":[{"start":{"line":159,"column":0},"end":{"line":174,"column":1}}]},"20":{"type":"branch","line":162,"loc":{"start":{"line":162,"column":45},"end":{"line":164,"column":5}},"locations":[{"start":{"line":162,"column":45},"end":{"line":164,"column":5}}]},"21":{"type":"branch","line":164,"loc":{"start":{"line":164,"column":4},"end":{"line":171,"column":10}},"locations":[{"start":{"line":164,"column":4},"end":{"line":171,"column":10}}]},"22":{"type":"branch","line":164,"loc":{"start":{"line":164,"column":4},"end":{"line":165,"column":21}},"locations":[{"start":{"line":164,"column":4},"end":{"line":165,"column":21}}]},"23":{"type":"branch","line":165,"loc":{"start":{"line":165,"column":14},"end":{"line":165,"column":26}},"locations":[{"start":{"line":165,"column":14},"end":{"line":165,"column":26}}]},"24":{"type":"branch","line":165,"loc":{"start":{"line":165,"column":21},"end":{"line":171,"column":10}},"locations":[{"start":{"line":165,"column":21},"end":{"line":171,"column":10}}]},"25":{"type":"branch","line":171,"loc":{"start":{"line":171,"column":2},"end":{"line":173,"column":3}},"locations":[{"start":{"line":171,"column":2},"end":{"line":173,"column":3}}]},"26":{"type":"branch","line":189,"loc":{"start":{"line":189,"column":0},"end":{"line":212,"column":1}},"locations":[{"start":{"line":189,"column":0},"end":{"line":212,"column":1}}]},"27":{"type":"branch","line":190,"loc":{"start":{"line":190,"column":15},"end":{"line":190,"column":30}},"locations":[{"start":{"line":190,"column":15},"end":{"line":190,"column":30}}]},"28":{"type":"branch","line":194,"loc":{"start":{"line":194,"column":13},"end":{"line":197,"column":3}},"locations":[{"start":{"line":194,"column":13},"end":{"line":197,"column":3}}]},"29":{"type":"branch","line":197,"loc":{"start":{"line":197,"column":2},"end":{"line":201,"column":19}},"locations":[{"start":{"line":197,"column":2},"end":{"line":201,"column":19}}]},"30":{"type":"branch","line":201,"loc":{"start":{"line":201,"column":19},"end":{"line":205,"column":3}},"locations":[{"start":{"line":201,"column":19},"end":{"line":205,"column":3}}]},"31":{"type":"branch","line":205,"loc":{"start":{"line":205,"column":2},"end":{"line":212,"column":1}},"locations":[{"start":{"line":205,"column":2},"end":{"line":212,"column":1}}]},"32":{"type":"branch","line":218,"loc":{"start":{"line":218,"column":7},"end":{"line":220,"column":1}},"locations":[{"start":{"line":218,"column":7},"end":{"line":220,"column":1}}]}},"b":{"0":[172],"1":[5504],"2":[2],"3":[64],"4":[58],"5":[2],"6":[1],"7":[1],"8":[58],"9":[57],"10":[56],"11":[1],"12":[58],"13":[57],"14":[1],"15":[2],"16":[57],"17":[44],"18":[43],"19":[58],"20":[45],"21":[30],"22":[15],"23":[13],"24":[2],"25":[44],"26":[58],"27":[0],"28":[1],"29":[57],"30":[56],"31":[1],"32":[85]},"fnMap":{"0":{"name":"bytesToBase64url","decl":{"start":{"line":31,"column":0},"end":{"line":35,"column":1}},"loc":{"start":{"line":31,"column":0},"end":{"line":35,"column":1}},"line":31},"1":{"name":"base64urlToBytes","decl":{"start":{"line":37,"column":0},"end":{"line":44,"column":1}},"loc":{"start":{"line":37,"column":0},"end":{"line":44,"column":1}},"line":37},"2":{"name":"makePkcs8","decl":{"start":{"line":53,"column":0},"end":{"line":58,"column":1}},"loc":{"start":{"line":53,"column":0},"end":{"line":58,"column":1}},"line":53},"3":{"name":"toArrayBuffer","decl":{"start":{"line":60,"column":0},"end":{"line":65,"column":1}},"loc":{"start":{"line":60,"column":0},"end":{"line":65,"column":1}},"line":60},"4":{"name":"makeDid","decl":{"start":{"line":67,"column":0},"end":{"line":69,"column":1}},"loc":{"start":{"line":67,"column":0},"end":{"line":69,"column":1}},"line":67},"5":{"name":"generateWebCryptoIdentity","decl":{"start":{"line":75,"column":0},"end":{"line":94,"column":1}},"loc":{"start":{"line":75,"column":0},"end":{"line":94,"column":1}},"line":75},"6":{"name":"buildIdentity","decl":{"start":{"line":96,"column":0},"end":{"line":133,"column":1}},"loc":{"start":{"line":96,"column":0},"end":{"line":133,"column":1}},"line":96},"7":{"name":"sign","decl":{"start":{"line":126,"column":4},"end":{"line":130,"column":6}},"loc":{"start":{"line":126,"column":4},"end":{"line":130,"column":6}},"line":126},"8":{"name":"saveIdentity","decl":{"start":{"line":144,"column":0},"end":{"line":157,"column":1}},"loc":{"start":{"line":144,"column":0},"end":{"line":157,"column":1}},"line":144},"9":{"name":"loadIdentity","decl":{"start":{"line":159,"column":0},"end":{"line":174,"column":1}},"loc":{"start":{"line":159,"column":0},"end":{"line":174,"column":1}},"line":159},"10":{"name":"getOrCreateIdentity","decl":{"start":{"line":189,"column":0},"end":{"line":212,"column":1}},"loc":{"start":{"line":189,"column":0},"end":{"line":212,"column":1}},"line":189},"11":{"name":"resetIdentityCache","decl":{"start":{"line":218,"column":7},"end":{"line":220,"column":1}},"loc":{"start":{"line":218,"column":7},"end":{"line":220,"column":1}},"line":218}},"f":{"0":172,"1":2,"2":58,"3":2,"4":58,"5":57,"6":58,"7":2,"8":57,"9":58,"10":58,"11":85}}
,"/Users/blaze/Movies/Kin/projects/dot-protocol/packages/engine/src/physics.ts": {"path":"/Users/blaze/Movies/Kin/projects/dot-protocol/packages/engine/src/physics.ts","all":false,"statementMap":{"0":{"start":{"line":1,"column":0},"end":{"line":1,"column":3}},"59":{"start":{"line":60,"column":0},"end":{"line":60,"column":30}},"66":{"start":{"line":67,"column":0},"end":{"line":67,"column":97}},"67":{"start":{"line":68,"column":0},"end":{"line":68,"column":39}},"69":{"start":{"line":70,"column":0},"end":{"line":70,"column":65}},"71":{"start":{"line":72,"column":0},"end":{"line":72,"column":25}},"72":{"start":{"line":73,"column":0},"end":{"line":73,"column":39}},"73":{"start":{"line":74,"column":0},"end":{"line":74,"column":21}},"74":{"start":{"line":75,"column":0},"end":{"line":75,"column":19}},"75":{"start":{"line":76,"column":0},"end":{"line":76,"column":3}},"78":{"start":{"line":79,"column":0},"end":{"line":79,"column":56}},"79":{"start":{"line":80,"column":0},"end":{"line":80,"column":65}},"80":{"start":{"line":81,"column":0},"end":{"line":81,"column":34}},"81":{"start":{"line":82,"column":0},"end":{"line":82,"column":42}},"83":{"start":{"line":84,"column":0},"end":{"line":84,"column":87}},"84":{"start":{"line":85,"column":0},"end":{"line":85,"column":46}},"85":{"start":{"line":86,"column":0},"end":{"line":86,"column":1}},"90":{"start":{"line":91,"column":0},"end":{"line":91,"column":70}},"91":{"start":{"line":92,"column":0},"end":{"line":92,"column":42}},"92":{"start":{"line":93,"column":0},"end":{"line":93,"column":56}},"94":{"start":{"line":95,"column":0},"end":{"line":95,"column":20}},"95":{"start":{"line":96,"column":0},"end":{"line":96,"column":24}},"97":{"start":{"line":98,"column":0},"end":{"line":98,"column":48}},"98":{"start":{"line":99,"column":0},"end":{"line":99,"column":26}},"99":{"start":{"line":100,"column":0},"end":{"line":100,"column":38}},"100":{"start":{"line":101,"column":0},"end":{"line":101,"column":48}},"101":{"start":{"line":102,"column":0},"end":{"line":102,"column":5}},"102":{"start":{"line":103,"column":0},"end":{"line":103,"column":27}},"103":{"start":{"line":104,"column":0},"end":{"line":104,"column":3}},"105":{"start":{"line":106,"column":0},"end":{"line":106,"column":31}},"106":{"start":{"line":107,"column":0},"end":{"line":107,"column":13}},"108":{"start":{"line":109,"column":0},"end":{"line":109,"column":53}},"109":{"start":{"line":110,"column":0},"end":{"line":110,"column":35}},"110":{"start":{"line":111,"column":0},"end":{"line":111,"column":46}},"111":{"start":{"line":112,"column":0},"end":{"line":112,"column":49}},"114":{"start":{"line":115,"column":0},"end":{"line":115,"column":52}},"117":{"start":{"line":118,"column":0},"end":{"line":118,"column":49}},"118":{"start":{"line":119,"column":0},"end":{"line":119,"column":61}},"119":{"start":{"line":120,"column":0},"end":{"line":120,"column":54}},"120":{"start":{"line":121,"column":0},"end":{"line":121,"column":60}},"121":{"start":{"line":122,"column":0},"end":{"line":122,"column":7}},"124":{"start":{"line":125,"column":0},"end":{"line":125,"column":44}},"125":{"start":{"line":126,"column":0},"end":{"line":126,"column":67}},"126":{"start":{"line":127,"column":0},"end":{"line":127,"column":36}},"129":{"start":{"line":130,"column":0},"end":{"line":130,"column":35}},"130":{"start":{"line":131,"column":0},"end":{"line":131,"column":85}},"131":{"start":{"line":132,"column":0},"end":{"line":132,"column":16}},"132":{"start":{"line":133,"column":0},"end":{"line":133,"column":43}},"133":{"start":{"line":134,"column":0},"end":{"line":134,"column":62}},"134":{"start":{"line":135,"column":0},"end":{"line":135,"column":64}},"135":{"start":{"line":136,"column":0},"end":{"line":136,"column":9}},"137":{"start":{"line":138,"column":0},"end":{"line":138,"column":36}},"140":{"start":{"line":141,"column":0},"end":{"line":141,"column":32}},"143":{"start":{"line":144,"column":0},"end":{"line":144,"column":58}},"146":{"start":{"line":147,"column":0},"end":{"line":147,"column":18}},"148":{"start":{"line":149,"column":0},"end":{"line":149,"column":22}},"149":{"start":{"line":150,"column":0},"end":{"line":150,"column":6}},"151":{"start":{"line":152,"column":0},"end":{"line":152,"column":44}},"152":{"start":{"line":153,"column":0},"end":{"line":153,"column":51}},"153":{"start":{"line":154,"column":0},"end":{"line":154,"column":74}},"154":{"start":{"line":155,"column":0},"end":{"line":155,"column":34}},"155":{"start":{"line":156,"column":0},"end":{"line":156,"column":6}},"157":{"start":{"line":158,"column":0},"end":{"line":158,"column":27}},"158":{"start":{"line":159,"column":0},"end":{"line":159,"column":14}},"159":{"start":{"line":160,"column":0},"end":{"line":160,"column":18}},"160":{"start":{"line":161,"column":0},"end":{"line":161,"column":39}},"161":{"start":{"line":162,"column":0},"end":{"line":162,"column":33}},"162":{"start":{"line":163,"column":0},"end":{"line":163,"column":73}},"163":{"start":{"line":164,"column":0},"end":{"line":164,"column":64}},"164":{"start":{"line":165,"column":0},"end":{"line":165,"column":8}},"165":{"start":{"line":166,"column":0},"end":{"line":166,"column":6}},"166":{"start":{"line":167,"column":0},"end":{"line":167,"column":4}},"168":{"start":{"line":169,"column":0},"end":{"line":169,"column":17}},"169":{"start":{"line":170,"column":0},"end":{"line":170,"column":1}}},"s":{"0":1,"59":1,"66":103,"67":103,"69":103,"71":103,"72":99,"73":99,"74":99,"75":99,"78":3,"79":3,"80":2,"81":1,"83":3,"84":3,"85":3,"90":1,"91":53,"92":53,"94":53,"95":53,"97":53,"98":102,"99":30,"100":30,"101":30,"102":102,"103":102,"105":53,"106":53,"108":53,"109":102,"110":102,"111":102,"114":102,"117":102,"118":1,"119":1,"120":1,"121":1,"124":102,"125":102,"126":102,"129":102,"130":102,"131":102,"132":102,"133":102,"134":102,"135":102,"137":102,"140":102,"143":102,"146":102,"148":102,"149":102,"151":53,"152":102,"153":102,"154":102,"155":102,"157":53,"158":11,"159":11,"160":11,"161":11,"162":11,"163":11,"164":11,"165":11,"166":53,"168":53,"169":53},"branchMap":{"0":{"type":"branch","line":67,"loc":{"start":{"line":67,"column":0},"end":{"line":86,"column":1}},"locations":[{"start":{"line":67,"column":0},"end":{"line":86,"column":1}}]},"1":{"type":"branch","line":68,"loc":{"start":{"line":68,"column":13},"end":{"line":68,"column":39}},"locations":[{"start":{"line":68,"column":13},"end":{"line":68,"column":39}}]},"2":{"type":"branch","line":68,"loc":{"start":{"line":68,"column":37},"end":{"line":70,"column":60}},"locations":[{"start":{"line":68,"column":37},"end":{"line":70,"column":60}}]},"3":{"type":"branch","line":70,"loc":{"start":{"line":70,"column":30},"end":{"line":70,"column":60}},"locations":[{"start":{"line":70,"column":30},"end":{"line":70,"column":60}}]},"4":{"type":"branch","line":70,"loc":{"start":{"line":70,"column":56},"end":{"line":70,"column":65}},"locations":[{"start":{"line":70,"column":56},"end":{"line":70,"column":65}}]},"5":{"type":"branch","line":72,"loc":{"start":{"line":72,"column":24},"end":{"line":76,"column":3}},"locations":[{"start":{"line":72,"column":24},"end":{"line":76,"column":3}}]},"6":{"type":"branch","line":76,"loc":{"start":{"line":76,"column":2},"end":{"line":86,"column":1}},"locations":[{"start":{"line":76,"column":2},"end":{"line":86,"column":1}}]},"7":{"type":"branch","line":79,"loc":{"start":{"line":79,"column":24},"end":{"line":82,"column":42}},"locations":[{"start":{"line":79,"column":24},"end":{"line":82,"column":42}}]},"8":{"type":"branch","line":80,"loc":{"start":{"line":80,"column":22},"end":{"line":80,"column":65}},"locations":[{"start":{"line":80,"column":22},"end":{"line":80,"column":65}}]},"9":{"type":"branch","line":80,"loc":{"start":{"line":80,"column":55},"end":{"line":81,"column":34}},"locations":[{"start":{"line":80,"column":55},"end":{"line":81,"column":34}}]},"10":{"type":"branch","line":81,"loc":{"start":{"line":81,"column":12},"end":{"line":82,"column":42}},"locations":[{"start":{"line":81,"column":12},"end":{"line":82,"column":42}}]},"11":{"type":"branch","line":91,"loc":{"start":{"line":91,"column":7},"end":{"line":170,"column":1}},"locations":[{"start":{"line":91,"column":7},"end":{"line":170,"column":1}}]},"12":{"type":"branch","line":98,"loc":{"start":{"line":98,"column":2},"end":{"line":104,"column":3}},"locations":[{"start":{"line":98,"column":2},"end":{"line":104,"column":3}}]},"13":{"type":"branch","line":99,"loc":{"start":{"line":99,"column":25},"end":{"line":102,"column":5}},"locations":[{"start":{"line":99,"column":25},"end":{"line":102,"column":5}}]},"14":{"type":"branch","line":109,"loc":{"start":{"line":109,"column":4},"end":{"line":150,"column":6}},"locations":[{"start":{"line":109,"column":4},"end":{"line":150,"column":6}}]},"15":{"type":"branch","line":118,"loc":{"start":{"line":118,"column":16},"end":{"line":118,"column":48}},"locations":[{"start":{"line":118,"column":16},"end":{"line":118,"column":48}}]},"16":{"type":"branch","line":118,"loc":{"start":{"line":118,"column":48},"end":{"line":122,"column":7}},"locations":[{"start":{"line":118,"column":48},"end":{"line":122,"column":7}}]},"17":{"type":"branch","line":127,"loc":{"start":{"line":127,"column":20},"end":{"line":127,"column":36}},"locations":[{"start":{"line":127,"column":20},"end":{"line":127,"column":36}}]},"18":{"type":"branch","line":134,"loc":{"start":{"line":134,"column":18},"end":{"line":134,"column":58}},"locations":[{"start":{"line":134,"column":18},"end":{"line":134,"column":58}}]},"19":{"type":"branch","line":134,"loc":{"start":{"line":134,"column":54},"end":{"line":134,"column":62}},"locations":[{"start":{"line":134,"column":54},"end":{"line":134,"column":62}}]},"20":{"type":"branch","line":135,"loc":{"start":{"line":135,"column":27},"end":{"line":135,"column":60}},"locations":[{"start":{"line":135,"column":27},"end":{"line":135,"column":60}}]},"21":{"type":"branch","line":135,"loc":{"start":{"line":135,"column":56},"end":{"line":135,"column":64}},"locations":[{"start":{"line":135,"column":56},"end":{"line":135,"column":64}}]},"22":{"type":"branch","line":126,"loc":{"start":{"line":126,"column":37},"e
[...]
column":5}},"311":{"start":{"line":312,"column":0},"end":{"line":312,"column":78}},"312":{"start":{"line":313,"column":0},"end":{"line":313,"column":31}},"313":{"start":{"line":314,"column":0},"end":{"line":314,"column":35}},"314":{"start":{"line":315,"column":0},"end":{"line":315,"column":22}},"315":{"start":{"line":316,"column":0},"end":{"line":316,"column":35}},"316":{"start":{"line":317,"column":0},"end":{"line":317,"column":33}},"317":{"start":{"line":318,"column":0},"end":{"line":318,"column":7}},"320":{"start":{"line":321,"column":0},"end":{"line":321,"column":30}},"321":{"start":{"line":322,"column":0},"end":{"line":322,"column":50}},"323":{"start":{"line":324,"column":0},"end":{"line":324,"column":40}},"326":{"start":{"line":327,"column":0},"end":{"line":327,"column":26}},"328":{"start":{"line":329,"column":0},"end":{"line":329,"column":36}},"329":{"start":{"line":330,"column":0},"end":{"line":330,"column":83}},"330":{"start":{"line":331,"column":0},"end":{"line":331,"column":46}},"333":{"start":{"line":334,"column":0},"end":{"line":334,"column":63}},"334":{"start":{"line":335,"column":0},"end":{"line":335,"column":41}},"336":{"start":{"line":337,"column":0},"end":{"line":337,"column":23}},"337":{"start":{"line":338,"column":0},"end":{"line":338,"column":5}},"340":{"start":{"line":341,"column":0},"end":{"line":341,"column":67}},"341":{"start":{"line":342,"column":0},"end":{"line":342,"column":31}},"342":{"start":{"line":343,"column":0},"end":{"line":343,"column":35}},"343":{"start":{"line":344,"column":0},"end":{"line":344,"column":22}},"344":{"start":{"line":345,"column":0},"end":{"line":345,"column":35}},"345":{"start":{"line":346,"column":0},"end":{"line":346,"column":33}},"346":{"start":{"line":347,"column":0},"end":{"line":347,"column":7}},"347":{"start":{"line":348,"column":0},"end":{"line":348,"column":26}},"349":{"start":{"line":350,"column":0},"end":{"line":350,"column":91}},"350":{"start":{"line":351,"column":0},"end":{"line":351,"column":23}},"351":{"start":{"line":352,"column":0},"end":{"line":352,"column":5}},"354":{"start":{"line":355,"column":0},"end":{"line":355,"column":54}},"355":{"start":{"line":356,"column":0},"end":{"line":356,"column":31}},"356":{"start":{"line":357,"column":0},"end":{"line":357,"column":35}},"357":{"start":{"line":358,"column":0},"end":{"line":358,"column":22}},"358":{"start":{"line":359,"column":0},"end":{"line":359,"column":35}},"359":{"start":{"line":360,"column":0},"end":{"line":360,"column":33}},"360":{"start":{"line":361,"column":0},"end":{"line":361,"column":7}},"361":{"start":{"line":362,"column":0},"end":{"line":362,"column":26}},"363":{"start":{"line":364,"column":0},"end":{"line":364,"column":31}},"364":{"start":{"line":365,"column":0},"end":{"line":365,"column":39}},"365":{"start":{"line":366,"column":0},"end":{"line":366,"column":39}},"367":{"start":{"line":368,"column":0},"end":{"line":368,"column":53}},"368":{"start":{"line":369,"column":0},"end":{"line":369,"column":50}},"370":{"start":{"line":371,"column":0},"end":{"line":371,"column":38}},"371":{"start":{"line":372,"column":0},"end":{"line":372,"column":23}},"372":{"start":{"line":373,"column":0},"end":{"line":373,"column":5}},"375":{"start":{"line":376,"column":0},"end":{"line":376,"column":65}},"376":{"start":{"line":377,"column":0},"end":{"line":377,"column":31}},"377":{"start":{"line":378,"column":0},"end":{"line":378,"column":35}},"378":{"start":{"line":379,"column":0},"end":{"line":379,"column":22}},"379":{"start":{"line":380,"column":0},"end":{"line":380,"column":35}},"380":{"start":{"line":381,"column":0},"end":{"line":381,"column":33}},"381":{"start":{"line":382,"column":0},"end":{"line":382,"column":7}},"382":{"start":{"line":383,"column":0},"end":{"line":383,"column":26}},"384":{"start":{"line":385,"column":0},"end":{"line":385,"column":36}},"385":{"start":{"line":386,"column":0},"end":{"line":386,"column":28}},"386":{"start":{"line":387,"column":0},"end":{"line":387,"column":41}},"387":{"start":{"line":388,"column":0},"end":{"line":388,"column":68}},"389":{"start":{"line":390,"column":0},"end":{"line":390,"column":61}},"390":{"start":{"line":391,"column":0},"end":{"line":391,"column":34}},"391":{"start":{"line":392,"column":0},"end":{"line":392,"column":53}},"392":{"start":{"line":393,"column":0},"end":{"line":393,"column":50}},"394":{"start":{"line":395,"column":0},"end":{"line":395,"column":23}},"395":{"start":{"line":396,"column":0},"end":{"line":396,"column":5}},"396":{"start":{"line":397,"column":0},"end":{"line":397,"column":3}}},"s":{"0":1,"8":1,"9":1,"10":1,"19":1,"20":1,"22":1,"23":1,"24":1,"26":1,"27":12,"28":12,"31":12,"32":12,"33":12,"34":12,"37":12,"39":1,"40":12,"41":12,"42":12,"45":12,"46":12,"48":12,"49":12,"50":12,"52":1,"53":39,"56":39,"57":36,"58":36,"59":36,"61":12,"62":12,"63":12,"64":12,"65":36,"66":36,"67":39,"69":1,"70":12,"71":12,"72":12,"75":1,"76":24,"77":24,"80":1,"81":2,"82":2,"85":1,"86":0,"87":0,"88":0,"89":1,"95":1,"96":1,"97":1,"98":1,"101":5,"102":5,"103":5,"109":1,"110":14,"111":14,"113":14,"114":14,"116":1,"117":14,"118":14,"124":1,"127":1,"128":1,"129":1,"130":1,"131":1,"132":1,"133":1,"134":1,"137":1,"138":1,"139":1,"140":1,"141":1,"142":1,"143":1,"144":1,"145":1,"146":1,"147":1,"150":1,"151":1,"152":1,"153":1,"154":1,"155":1,"156":1,"157":1,"159":1,"160":1,"161":1,"162":1,"164":1,"165":1,"166":1,"167":1,"168":1,"171":1,"172":1,"173":1,"174":1,"175":1,"176":1,"177":1,"178":1,"179":1,"180":1,"181":1,"182":1,"185":1,"186":1,"187":1,"188":1,"189":1,"190":1,"191":1,"192":1,"194":1,"195":1,"197":1,"198":1,"199":1,"201":1,"202":1,"205":1,"206":1,"208":1,"209":1,"212":1,"213":1,"214":1,"215":1,"216":1,"217":1,"218":1,"219":1,"221":1,"222":1,"223":1,"225":1,"226":1,"227":1,"230":1,"231":1,"232":1,"233":1,"234":1,"236":1,"237":1,"240":1,"241":1,"242":1,"243":1,"244":1,"245":1,"246":1,"247":1,"249":1,"250":1,"252":1,"255":1,"256":1,"258":1,"259":1,"261":1,"263":1,"264":1,"267":1,"268":1,"269":1,"270":1,"271":1,"272":1,"273":1,"274":1,"275":1,"276":1,"279":1,"280":1,"281":1,"282":1,"283":1,"284":1,"285":1,"286":1,"288":1,"289":1,"291":1,"292":1,"293":1,"296":1,"297":1,"298":1,"299":1,"300":1,"301":1,"302":1,"303":1,"304":1,"306":1,"307":1,"308":1,"311":1,"312":1,"313":1,"314":1,"315":1,"316":1,"317":1,"320":1,"321":1,"323":1,"326":1,"328":1,"329":1,"330":1,"333":1,"334":1,"336":1,"337":1,"340":1,"341":1,"342":1,"343":1,"344":1,"345":1,"346":1,"347":1,"349":1,"350":1,"351":1,"354":1,"355":1,"356":1,"357":1,"358":1,"359":1,"360":1,"361":1,"363":1,"364":1,"365":1,"367":1,"368":1,"370":1,"371":1,"372":1,"375":1,"376":1,"377":1,"378":1,"379":1,"380":1,"381":1,"382":1,"384":1,"385":1,"386":1,"387":1,"389":1,"390":1,"391":1,"392":1,"394":1,"395":1,"396":1},"branchMap":{"0":{"type":"branch","line":24,"loc":{"start":{"line":24,"column":2},"end":{"line":25,"column":44}},"locations":[{"start":{"line":24,"column":2},"end":{"line":25,"column":44}}]},"1":{"type":"branch","line":27,"loc":{"start":{"line":27,"column":2},"end":{"line":38,"column":41}},"locations":[{"start":{"line":27,"column":2},"end":{"line":38,"column":41}}]},"2":{"type":"branch","line":40,"loc":{"start":{"line":40,"column":2},"end":{"line":51,"column":3}},"locations":[{"start":{"line":40,"column":2},"end":{"line":51,"column":3}}]},"3":{"type":"branch","line":46,"loc":{"start":{"line":46,"column":27},"end":{"line":50,"column":5}},"locations":[{"start":{"line":46,"column":27},"end":{"line":50,"column":5}}]},"4":{"type":"branch","line":53,"loc":{"start":{"line":53,"column":2},"end":{"line":68,"column":3}},"locations":[{"start":{"line":53,"column":2},"end":{"line":68,"column":3}}]},"5":{"type":"branch","line":57,"loc":{"start":{"line":57,"column":34},"end":{"line":67,"column":5}},"locations":[{"start":{"line":57,"column":34},"end":{"line":67,"column":5}}]},"6":{"type":"branch","line":60,"loc":{"start":{"line":60,"column":36},"end":{"line":65,"column":9}},"locations":[{"start":{"line":60,"column":36},"end":{"line":65,"column":9}}]},"7":{"type":"branch","line":66,"loc":{"start":{"line":66,"column":6},"end":{"line":66,"column":30}},"locations":[{"start":{"line":66,"column":6},"end":{"line":66,"column":30}}]},"8":{"type":"branch","line":62,"loc":{"start":{"line":62,"column":33},"end":{"line":64,"column":11}},"locations":[{"start":{"line":62,"column":33},"end":{"line":64,"column":11}}]},"9":{"type":"branch","line":70,"loc":{"start":{"line":70,"column":2},"end":{"line":73,"column":3}},"locations":[{"start":{"line":70,"column":2},"end":{"line":73,"column":3}}]},"10":{"type":"branch","line":76,"loc":{"start":{"line":76,"column":2},"end":{"line":78,"column":3}},"locations":[{"start":{"line":76,"column":2},"end":{"line":78,"column":3}}]},"11":{"type":"branch","line":81,"loc":{"start":{"line":81,"column":2},"end":{"line":83,"column":3}},"locations":[{"start":{"line":81,"column":2},"end":{"line":83,"column":3}}]},"12":{"type":"branch","line":102,"loc":{"start":{"line":102,"column":0},"end":{"line":104,"column":1}},"locations":[{"start":{"line":102,"column":0},"end":{"line":104,"column":1}}]},"13":{"type":"branch","line":110,"loc":{"start":{"line":110,"column":11},"end":{"line":115,"column":3}},"locations":[{"start":{"line":110,"column":11},"end":{"line":115,"column":3}}]},"14":{"type":"branch","line":117,"loc":{"start":{"line":117,"column":10},"end":{"line":119,"column":3}},"locations":[{"start":{"line":117,"column":10},"end":{"line":119,"column":3}}]},"15":{"type":"branch","line":125,"loc":{"start":{"line":125,"column":24},"end":{"line":397,"column":3}},"locations":[{"start":{"line":125,"column":24},"end":{"line":397,"column":3}}]},"16":{"type":"branch","line":128,"loc":{"start":{"line":128,"column":30},"end":{"line":135,"column":3}},"locations":[{"start":{"line":128,"column":30},"end":{"line":135,"column":3}}]},"17":{"type":"branch","line":129,"loc":{"start":{"line":129,"column":11},"end":{"line":134,"column":6}},"locations":[{"start":{"line":129,"column":11},"end":{"line":134,"column":6}}]},"18":{"type":"branch","line":138,"loc":{"start":{"line":138,"column":53},"end":{"line":148,"column":3}},"locations":[{"start":{"line":138,"column":53},"end":{"line":148,"column":3}}]},"19":{"type":"branch","line":151,"loc":{"start":{"line":151,"column":67},"end":{"line":169,"column":3}},"locations":[{"start":{"line":151,"column":67},"end":{"line":169,"column":3}}]},"20":{"type":"branch","line":162,"loc":{"start":{"line":162,"column":14},"end":{"line":162,"column":40}},"locations":[{"start":{"line":162,"column":14},"end":{"line":162,"column":40}}]},"21":{"type":"branch","line":163,"loc":{"start":{"line":163,"column":11},"end":{"line":163,"column":66}},"locations":[{"start":{"line":163,"column":11},"end":{"line":163,"column":66}}]},"22":{"type":"branch","line":165,"loc":{"start":{"line":165,"column":33},"end":{"line":165,"column":63}},"locations":[{"start":{"line":165,"column":33},"end":{"line":165,"column":63}}]},"23":{"type":"branch","line":172,"loc":{"start":{"line":172,"column":57},"end":{"line":183,"column":3}},"locations":[{"start":{"line":172,"column":57},"end":{"line":183,"column":3}}]},"24":{"type":"branch","line":186,"loc":{"start":{"line":186,"column":64},"end":{"line":210,"column":3}},"locations":[{"start":{"line":186,"column":64},"end":{"line":210,"column":3}}]},"25":{"type":"branch","line":199,"loc":{"start":{"line":199,"column":35},"end":{"line":199,"column":64}},"locations":[{"start":{"line":199,"column":35},"end":{"line":199,"column":64}}]},"26":{"type":"branch","line":213,"loc":{"start":{"line":213,"column":58},"end":{"line":238,"column":3}},"locations":[{"start":{"line":213,"column":58},"end":{"line":238,"column":3}}]},"27":{"type":"branch","line":234,"loc":{"start":{"line":234,"column":53},"end":{"line":234,"column":69}},"locations":[{"start":{"line":234,"column":53},"end":{"line":234,"column":69}}]},"28":{"type":"branch","line":227,"loc":{"start":{"line":227,"column":35},"end":{"line":227,"column":64}},"locations":[{"start":{"line":227,"column":35},"end":{"line":227,"column":64}}]},"29":{"type":"branch","line":241,"loc":{"start":{"line":241,"column":57},"end":{"line":265,"column":3}},"locations":[{"start":{"line":241,"column":57},"end":{"line":265,"column":3}}]},"30":{"type":"branch","line":251,"loc":{"start":{"line":251,"column":16},"end":{"line":251,"column":82}},"locations":[{"start":{"line":251,"column":16},"end":{"line":251,"column":82}}]},"31":{"type":"branch","line":268,"loc":{"start":{"line":268,"column":52},"end":{"line":277,"column":3}},"locations":[{"start":{"line":268,"column":52},"end":{"line":277,"column":3}}]},"32":{"type":"branch","line":276,"loc":{"start":{"line":276,"column":11},"end":{"line":276,"column":33}},"locations":[{"start":{"line":276,"column":11},"end":{"line":276,"column":33}}]},"33":{"type":"branch","line":280,"loc":{"start":{"line":280,"column":53},"end":{"line":294,"column":3}},"locations":[{"start":{"line":280,"column":53},"end":{"line":294,"column":3}}]},"34":{"type":"branch","line":297,"loc":{"start":{"line":297,"column":46},"end":{"line":309,"column":3}},"locations":[{"start":{"line":297,"column":46},"end":{"line":309,"column":3}}]},"35":{"type":"branch","line":312,"loc":{"start":{"line":312,"column":65},"end":{"line":338,"column":3}},"locations":[{"start":{"line":312,"column":65},"end":{"line":338,"column":3}}]},"36":{"type":"branch","line":330,"loc":{"start":{"line":330,"column":35},"end":{"line":330,"column":64}},"locations":[{"start":{"line":330,"column":35},"end":{"line":330,"column":64}}]},"37":{"type":"branch","line":341,"loc":{"start":{"line":341,"column":54},"end":{"line":352,"column":3}},"locations":[{"start":{"line":341,"column":54},"end":{"line":352,"column":3}}]},"38":{"type":"branch","line":355,"loc":{"start":{"line":355,"column":41},"end":{"line":373,"column":3}},"locations":[{"start":{"line":355,"column":41},"end":{"line":373,"column":3}}]},"39":{"type":"branch","line":365,"loc":{"start":{"line":365,"column":16},"end":{"line":365,"column":37}},"locations":[{"start":{"line":365,"column":16},"end":{"line":365,"column":37}}]},"40":{"type":"branch","line":366,"loc":{"start":{"line":366,"column":16},"end":{"line":366,"column":37}},"locations":[{"start":{"line":366,"column":16},"end":{"line":366,"column":37}}]},"41":{"type":"branch","line":376,"loc":{"start":{"line":376,"column":52},"end":{"line":396,"column":3}},"locations":[{"start":{"line":376,"column":52},"end":{"line":396,"column":3}}]},"42":{"type":"branch","line":387,"loc":{"start":{"line":387,"column":14},"end":{"line":387,"column":40}},"locations":[{"start":{"line":387,"column":14},"end":{"line":387,"column":40}}]},"43":{"type":"branch","line":388,"loc":{"start":{"line":388,"column":11},"end":{"line":388,"column":66}},"locations":[{"start":{"line":388,"column":11},"end":{"line":388,"column":66}}]},"44":{"type":"branch","line":390,"loc":{"start":{"line":390,"column":34},"end":{"line":390,"column":59}},"locations":[{"start":{"line":390,"column":34},"end":{"line":390,"column":59}}]}},"b":{"0":[1],"1":[12],"2":[12],"3":[12],"4":[39],"5":[36],"6":[12],"7":[0],"8":[12],"9":[12],"10":[24],"11":[2],"12":[5],"13":[14],"14":[14],"15":[1],"16":[1],"17":[1],"18":[1],"19":[1],"20":[3],"21":[3],"22":[2],"23":[1],"24":[1],"25":[4],"26":[1],"27":[0],"28":[4],"29":[1],"30":[1],"31":[1],"32":[1],"33":[1],"34":[1],"35":[1],"36":[4],"37":[1],"38":[1],"39":[1],"40":[1],"41":[1],"42":[3],"43":[3],"44":[1]},"fnMap":{"0":{"name":"<static_initializer>","decl":{"start":{"line":24,"column":2},"end":{"line":25,"column":44}},"loc":{"start":{"line":24,"column":2},"end":{"line":25,"column":44}},"line":24},"1":{"name":"<instance_members_initializer>","decl":{"start":{"line":27,"column":2},"end":{"line":38,"column":41}},"loc":{"start":{"line":27,"column":2},"end":{"line":38,"column":41}},"line":27},"2":{"name":"MockWS","decl":{"start":{"line":40,"column":2},"end":{"line":51,"column":3}},"loc":{"start":{"line":40,"column":2},"end":{"line":51,"column":3}},"line":40},"3":{"name":"send","decl":{"start":{"line":53,"column":2},"end":{"line":68,"column":3}},"loc":{"start":{"line":53,"column":2},"end":{"line":68,"column":3}},"line":53},"4":{"name":"close","decl":{"start":{"line":70,"column":2},"end":{"line":73,"column":3}},"loc":{"start":{"line":70,"column":2},"end":{"line":73,"column":3}},"line":70},"5":{"name":"_serverSend","decl":{"start":{"line":76,"column":2},"end":{"line":78,"column":3}},"loc":{"start":{"line":76,"column":2},"end":{"line":78,"column":3}},"line":76},"6":{"name":"_serverSendBinary","decl":{"start":{"line":81,"column":2},"end":{"line":83,"column":3}},"loc":{"start":{"line":81,"column":2},"end":{"line":83,"column":3}},"line":81},"7":{"name":"_serverClose","decl":{"start":{"line":86,"column":2},"end":{"line":89,"column":3}},"loc":{"start":{"line":86,"column":2},"end":{"line":89,"column":3}},"line":86},"8":{"name":"makeDot","decl":{"start":{"line":102,"column":0},"end":{"line":104,"column":1}},"loc":{"start":{"line":102,"column":0},"end":{"line":104,"column":1}},"line":102}},"f":{"0":1,"1":12,"2":12,"3":39,"4":12,"5":24,"6":2,"7":0,"8":5}}
,"/Users/blaze/Movies/Kin/projects/dot-protocol/packages/engine/src/tests/sensor.test.ts": {"path":"/Users/blaze/Movies/Kin/projects/dot-protocol/packages/engine/src/tests/sensor.test.ts","all":false,"statementMap":{"0":{"start":{"line":1,"column":0},"end":{"line":1,"column":46}},"1":{"start":{"line":2,"column":0},"end":{"line":2,"column":78}},"3":{"start":{"line":4,"column":0},"end":{"line":4,"column":30}},"4":{"start":{"line":5,"column":0},"end":{"line":5,"column":60}},"5":{"start":{"line":6,"column":0},"end":{"line":6,"column":61}},"6":{"start":{"line":7,"column":0},"end":{"line":7,"column":46}},"7":{"start":{"line":8,"column":0},"end":{"line":8,"column":5}},"9":{"start":{"line":10,"column":0},"end":{"line":10,"column":50}},"10":{"start":{"line":11,"column":0},"end":{"line":11,"column":52}},"11":{"start":{"line":12,"column":0},"end":{"line":12,"column":44}},"12":{"start":{"line":13,"column":0},"end":{"line":13,"column":34}},"13":{"start":{"line":14,"column":0},"end":{"line":14,"column":5}},"15":{"start":{"line":16,"column":0},"end":{"line":16,"column":46}},"16":{"start":{"line":17,"column":0},"end":{"line":17,"column":47}},"17":{"start":{"line":18,"column":0},"end":{"line":18,"column":42}},"18":{"start":{"line":19,"column":0},"end":{"line":19,"column":42}},"19":{"start":{"line":20,"column":0},"end":{"line":20,"column":51}},"20":{"start":{"line":21,"column":0},"end":{"line":21,"column":5}},"22":{"start":{"line":23,"column":0},"end":{"line":23,"column":66}},"23":{"start":{"line":24,"column":0},"end":{"line":24,"column":41}},"24":{"start":{"line":25,"column":0},"end":{"line":25,"column":32}},"25":{"start":{"line":26,"column":0},"end":{"line":26,"column":46}},"26":{"start":{"line":27,"column":0},"end":{"line":27,"column":5}},"27":{"start":{"line":28,"column":0},"end":{"line":28,"column":3}}},"s":{"0":1,"1":1,"3":1,"4":1,"5":1,"6":1,"7":1,"9":1,"10":1,"11":1,"12":1,"13":1,"15":1,"16":1,"17":1,"18":1,"19":1,"20":1,"22":1,"23":1,"24":1,"25":1,"26":1,"27":1},"branchMap":{"0":{"type":"branch","line":4,"loc":{"start":{"line":4,"column":23},"end":{"line":28,"column":3}},"locations":[{"start":{"line":4,"column":23},"end":{"line":28,"column":3}}]},"1":{"type":"branch","line":5,"loc":{"start":{"line":5,"column":47},"end":{"line":8,"column":3}},"locations":[{"start":{"line":5,"column":47},"end":{"line":8,"column":3}}]},"2":{"type":"branch","line":10,"loc":{"start":{"line":10,"column":37},"end":{"line":14,"column":3}},"locations":[{"start":{"line":10,"column":37},"end":{"line":14,"column":3}}]},"3":{"type":"branch","line":16,"loc":{"start":{"line":16,"column":33},"end":{"line":21,"column":3}},"locations":[{"start":{"line":16,"column":33},"end":{"line":21,"column":3}}]},"4":{"type":"branch","line":23,"loc":{"start":{"line":23,"column":53},"end":{"line":27,"column":3}},"locations":[{"start":{"line":23,"column":53},"end":{"line":27,"column":3}}]}},"b":{"0":[1],"1":[1],"2":[1],"3":[1],"4":[1]},"fnMap":{},"f":{}}
}
