<?xml version="1.0" encoding="UTF-8"?>
<coverage generated="1773933637661" clover="3.2.0">
  <project timestamp="1773933637661" name="All files">
    <metrics statements="573" coveredstatements="571" conditionals="141" coveredconditionals="136" methods="32" coveredmethods="32" elements="746" coveredelements="739" complexity="0" loc="573" ncloc="573" packages="1" files="7" classes="7"/>
    <file name="bridge.ts" path="/Users/blaze/Movies/Kin/projects/dot-protocol/packages/wrapper/src/bridge.ts">
      <metrics statements="202" coveredstatements="202" conditionals="51" coveredconditionals="50" methods="16" coveredmethods="16"/>
      <line num="1" count="1" type="stmt"/>
      <line num="16" count="5" type="cond" truecount="1" falsecount="0"/>
      <line num="17" count="5" type="stmt"/>
      <line num="18" count="5" type="stmt"/>
      <line num="19" count="5" type="stmt"/>
      <line num="20" count="5" type="stmt"/>
      <line num="21" count="5" type="stmt"/>
      <line num="22" count="5" type="stmt"/>
      <line num="23" count="5" type="stmt"/>
      <line num="24" count="5" type="stmt"/>
      <line num="25" count="5" type="stmt"/>
      <line num="27" count="5" type="stmt"/>
      <line num="28" count="5" type="stmt"/>
      <line num="29" count="5" type="stmt"/>
      <line num="30" count="5" type="stmt"/>
      <line num="31" count="5" type="stmt"/>
      <line num="33" count="5" type="stmt"/>
      <line num="34" count="5" type="stmt"/>
      <line num="35" count="5" type="stmt"/>
      <line num="38" count="5" type="stmt"/>
      <line num="40" count="5" type="stmt"/>
      <line num="42" count="5" type="stmt"/>
      <line num="44" count="5" type="stmt"/>
      <line num="46" count="5" type="stmt"/>
      <line num="48" count="5" type="stmt"/>
      <line num="50" count="5" type="stmt"/>
      <line num="52" count="5" type="stmt"/>
      <line num="54" count="5" type="stmt"/>
      <line num="55" count="5" type="stmt"/>
      <line num="60" count="5" type="cond" truecount="1" falsecount="0"/>
      <line num="65" count="5" type="stmt"/>
      <line num="66" count="5" type="stmt"/>
      <line num="67" count="5" type="stmt"/>
      <line num="68" count="5" type="stmt"/>
      <line num="70" count="5" type="stmt"/>
      <line num="71" count="5" type="stmt"/>
      <line num="73" count="5" type="stmt"/>
      <line num="74" count="5" type="stmt"/>
      <line num="76" count="5" type="stmt"/>
      <line num="77" count="5" type="stmt"/>
      <line num="78" count="5" type="stmt"/>
      <line num="80" count="5" type="stmt"/>
      <line num="81" count="5" type="stmt"/>
      <line num="83" count="5" type="stmt"/>
      <line num="84" count="5" type="stmt"/>
      <line num="90" count="4" type="cond" truecount="1" falsecount="0"/>
      <line num="91" count="4" type="stmt"/>
      <line num="92" count="4" type="stmt"/>
      <line num="93" count="4" type="stmt"/>
      <line num="94" count="4" type="stmt"/>
      <line num="95" count="4" type="stmt"/>
      <line num="96" count="4" type="stmt"/>
      <line num="98" count="4" type="stmt"/>
      <line num="99" count="4" type="stmt"/>
      <line num="100" count="4" type="stmt"/>
      <line num="101" count="4" type="stmt"/>
      <line num="103" count="4" type="stmt"/>
      <line num="104" count="4" type="stmt"/>
      <line num="105" count="4" type="stmt"/>
      <line num="106" count="4" type="stmt"/>
      <line num="107" count="4" type="stmt"/>
      <line num="109" count="4" type="stmt"/>
      <line num="110" count="4" type="stmt"/>
      <line num="115" count="4" type="cond" truecount="1" falsecount="0"/>
      <line num="119" count="4" type="stmt"/>
      <line num="120" count="4" type="stmt"/>
      <line num="121" count="4" type="stmt"/>
      <line num="122" count="4" type="stmt"/>
      <line num="124" count="4" type="stmt"/>
      <line num="126" count="4" type="stmt"/>
      <line num="127" count="4" type="stmt"/>
      <line num="128" count="4" type="stmt"/>
      <line num="130" count="4" type="stmt"/>
      <line num="131" count="4" type="stmt"/>
      <line num="133" count="4" type="stmt"/>
      <line num="134" count="4" type="stmt"/>
      <line num="146" count="15" type="cond" truecount="1" falsecount="0"/>
      <line num="147" count="15" type="cond" truecount="1" falsecount="0"/>
      <line num="148" count="15" type="stmt"/>
      <line num="150" count="15" type="cond" truecount="1" falsecount="0"/>
      <line num="152" count="15" type="cond" truecount="2" falsecount="0"/>
      <line num="153" count="14" type="stmt"/>
      <line num="155" count="14" type="cond" truecount="2" falsecount="0"/>
      <line num="158" count="11" type="stmt"/>
      <line num="159" count="11" type="stmt"/>
      <line num="160" count="11" type="stmt"/>
      <line num="162" count="11" type="stmt"/>
      <line num="163" count="15" type="stmt"/>
      <line num="165" count="15" type="cond" truecount="1" falsecount="0"/>
      <line num="166" count="15" type="stmt"/>
      <line num="167" count="15" type="stmt"/>
      <line num="168" count="15" type="stmt"/>
      <line num="170" count="15" type="cond" truecount="1" falsecount="0"/>
      <line num="171" count="1" type="stmt"/>
      <line num="172" count="1" type="stmt"/>
      <line num="173" count="1" type="stmt"/>
      <line num="174" count="1" type="stmt"/>
      <line num="176" count="15" type="cond" truecount="1" falsecount="0"/>
      <line num="177" count="3" type="stmt"/>
      <line num="178" count="3" type="stmt"/>
      <line num="179" count="3" type="stmt"/>
      <line num="180" count="3" type="stmt"/>
      <line num="182" count="15" type="stmt"/>
      <line num="183" count="15" type="stmt"/>
      <line num="184" count="15" type="stmt"/>
      <line num="185" count="15" type="stmt"/>
      <line num="186" count="15" type="stmt"/>
      <line num="191" count="10" type="cond" truecount="1" falsecount="0"/>
      <line num="192" count="10" type="stmt"/>
      <line num="193" count="10" type="stmt"/>
      <line num="194" count="10" type="stmt"/>
      <line num="195" count="10" type="stmt"/>
      <line num="196" count="10" type="stmt"/>
      <line num="221" count="13" type="cond" truecount="1" falsecount="0"/>
      <line num="222" count="13" type="cond" truecount="1" falsecount="0"/>
      <line num="223" count="13" type="cond" truecount="1" falsecount="0"/>
      <line num="224" count="13" type="stmt"/>
      <line num="225" count="13" type="cond" truecount="1" falsecount="0"/>
      <line num="226" count="13" type="stmt"/>
      <line num="229" count="13" type="stmt"/>
      <line num="231" count="13" type="stmt"/>
      <line num="233" count="13" type="cond" truecount="1" falsecount="0"/>
      <line num="234" count="10" type="cond" truecount="1" falsecount="0"/>
      <line num="236" count="10" type="stmt"/>
      <line num="238" count="10" type="cond" truecount="1" falsecount="0"/>
      <line num="239" count="10" type="stmt"/>
      <line num="241" count="10" type="cond" truecount="1" falsecount="0"/>
      <line num="244" count="10" type="cond" truecount="3" falsecount="0"/>
      <line num="245" count="6" type="stmt"/>
      <line num="247" count="6" type="stmt"/>
      <line num="249" count="6" type="cond" truecount="1" falsecount="0"/>
      <line num="251" count="5" type="stmt"/>
      <line num="254" count="5" type="cond" truecount="2" falsecount="0"/>
      <line num="257" count="5" type="cond" truecount="2" falsecount="0"/>
      <line num="258" count="1" type="stmt"/>
      <line num="259" count="1" type="stmt"/>
      <line num="262" count="4" type="stmt"/>
      <line num="263" count="4" type="stmt"/>
      <line num="264" count="4" type="stmt"/>
      <line num="265" count="5" type="cond" truecount="2" falsecount="0"/>
      <line num="266" count="5" type="cond" truecount="1" falsecount="0"/>
      <line num="269" count="4" type="stmt"/>
      <line num="270" count="4" type="stmt"/>
      <line num="273" count="4" type="stmt"/>
      <line num="274" count="4" type="cond" truecount="1" falsecount="0"/>
      <line num="275" count="20" type="stmt"/>
      <line num="276" count="4" type="stmt"/>
      <line num="279" count="4" type="stmt"/>
      <line num="280" count="10" type="cond" truecount="1" falsecount="0"/>
      <line num="282" count="1" type="stmt"/>
      <line num="283" count="1" type="cond" truecount="1" falsecount="0"/>
      <line num="286" count="5" type="stmt"/>
      <line num="289" count="5" type="stmt"/>
      <line num="291" count="5" type="stmt"/>
      <line num="292" count="5" type="stmt"/>
      <line num="294" count="10" type="stmt"/>
      <line num="295" count="10" type="stmt"/>
      <line num="296" count="10" type="stmt"/>
      <line num="297" count="10" type="stmt"/>
      <line num="298" count="13" type="stmt"/>
      <line num="301" count="13" type="cond" truecount="1" falsecount="0"/>
      <line num="302" count="13" type="stmt"/>
      <line num="303" count="13" type="cond" truecount="1" falsecount="0"/>
      <line num="304" count="13" type="stmt"/>
      <line num="305" count="13" type="stmt"/>
      <line num="306" count="13" type="stmt"/>
      <line num="307" count="13" type="stmt"/>
      <line num="309" count="13" type="stmt"/>
      <line num="311" count="13" type="stmt"/>
      <line num="312" count="13" type="cond" truecount="1" falsecount="0"/>
      <line num="313" count="13" type="cond" truecount="1" falsecount="0"/>
      <line num="314" count="13" type="cond" truecount="1" falsecount="0"/>
      <line num="315" count="13" type="cond" truecount="1" falsecount="0"/>
      <line num="316" count="13" type="cond" truecount="1" falsecount="0"/>
      <line num="317" count="13" type="cond" truecount="0" falsecount="1"/>
      <line num="318" count="13" type="stmt"/>
      <line num="319" count="13" type="stmt"/>
      <line num="320" count="13" type="stmt"/>
      <line num="321" count="13" type="stmt"/>
      <line num="322" count="13" type="stmt"/>
      <line num="323" count="13" type="stmt"/>
      <line num="338" count="5" type="cond" truecount="1" falsecount="0"/>
      <line num="339" count="5" type="stmt"/>
      <line num="340" count="5" type="stmt"/>
      <line num="351" count="5" type="stmt"/>
      <line num="352" count="5" type="stmt"/>
      <line num="353" count="5" type="stmt"/>
      <line num="354" count="5" type="cond" truecount="1" falsecount="0"/>
      <line num="355" count="5" type="cond" truecount="1" falsecount="0"/>
      <line num="358" count="5" type="stmt"/>
      <line num="361" count="5" type="stmt"/>
      <line num="364" count="5" type="cond" truecount="1" falsecount="0"/>
      <line num="365" count="5" type="cond" truecount="1" falsecount="0"/>
      <line num="366" count="5" type="stmt"/>
      <line num="367" count="5" type="stmt"/>
      <line num="369" count="5" type="stmt"/>
      <line num="371" count="5" type="stmt"/>
      <line num="372" count="5" type="cond" truecount="1" falsecount="0"/>
      <line num="375" count="4" type="stmt"/>
      <line num="378" count="4" type="stmt"/>
      <line num="380" count="4" type="stmt"/>
      <line num="381" count="4" type="stmt"/>
    </file>
    <file name="identity.ts" path="/Users/blaze/Movies/Kin/projects/dot-protocol/packages/wrapper/src/identity.ts">
      <metrics statements="125" coveredstatements="125" conditionals="27" coveredconditionals="26" methods="7" coveredmethods="7"/>
      <line num="1" count="1" type="stmt"/>
      <line num="14" count="1" type="stmt"/>
      <line num="15" count="1" type="stmt"/>
      <line num="16" count="1" type="stmt"/>
      <line num="17" count="1" type="stmt"/>
      <line num="18" count="1" type="stmt"/>
      <line num="22" count="24" type="cond" truecount="1" falsecount="0"/>
      <line num="23" count="24" type="stmt"/>
      <line num="24" count="24" type="stmt"/>
      <line num="26" count="23" type="cond" truecount="1" falsecount="0"/>
      <line num="27" count="23" type="stmt"/>
      <line num="28" count="23" type="stmt"/>
      <line num="29" count="23" type="stmt"/>
      <line num="30" count="23" type="stmt"/>
      <line num="31" count="23" type="stmt"/>
      <line num="33" count="24" type="cond" truecount="1" falsecount="0"/>
      <line num="34" count="24" type="cond" truecount="1" falsecount="0"/>
      <line num="35" count="24" type="cond" truecount="1" falsecount="0"/>
      <line num="36" count="24" type="cond" truecount="0" falsecount="1"/>
      <line num="37" count="24" type="stmt"/>
      <line num="38" count="24" type="stmt"/>
      <line num="39" count="24" type="stmt"/>
      <line num="40" count="24" type="stmt"/>
      <line num="130" count="25" type="cond" truecount="1" falsecount="0"/>
      <line num="131" count="25" type="cond" truecount="2" falsecount="0"/>
      <line num="132" count="1" type="stmt"/>
      <line num="134" count="25" type="cond" truecount="2" falsecount="0"/>
      <line num="135" count="12" type="stmt"/>
      <line num="136" count="12" type="stmt"/>
      <line num="137" count="12" type="cond" truecount="1" falsecount="0"/>
      <line num="138" count="12" type="stmt"/>
      <line num="139" count="12" type="stmt"/>
      <line num="141" count="25" type="cond" truecount="2" falsecount="0"/>
      <line num="143" count="25" type="stmt"/>
      <line num="144" count="25" type="stmt"/>
      <line num="146" count="25" type="cond" truecount="2" falsecount="0"/>
      <line num="148" count="5" type="stmt"/>
      <line num="149" count="5" type="cond" truecount="1" falsecount="0"/>
      <line num="150" count="1" type="stmt"/>
      <line num="151" count="1" type="cond" truecount="1" falsecount="0"/>
      <line num="153" count="4" type="stmt"/>
      <line num="154" count="4" type="stmt"/>
      <line num="155" count="4" type="stmt"/>
      <line num="156" count="4" type="stmt"/>
      <line num="158" count="4" type="stmt"/>
      <line num="160" count="4" type="stmt"/>
      <line num="161" count="4" type="stmt"/>
      <line num="162" count="4" type="stmt"/>
      <line num="164" count="4" type="stmt"/>
      <line num="165" count="4" type="stmt"/>
      <line num="166" count="25" type="cond" truecount="1" falsecount="0"/>
      <line num="168" count="20" type="stmt"/>
      <line num="169" count="20" type="stmt"/>
      <line num="170" count="20" type="stmt"/>
      <line num="172" count="20" type="stmt"/>
      <line num="173" count="20" type="stmt"/>
      <line num="176" count="20" type="stmt"/>
      <line num="177" count="20" type="stmt"/>
      <line num="180" count="20" type="stmt"/>
      <line num="181" count="20" type="stmt"/>
      <line num="182" count="20" type="stmt"/>
      <line num="184" count="20" type="stmt"/>
      <line num="185" count="20" type="stmt"/>
      <line num="186" count="20" type="stmt"/>
      <line num="187" count="20" type="stmt"/>
      <line num="188" count="20" type="stmt"/>
      <line num="189" count="20" type="stmt"/>
      <line num="191" count="20" type="stmt"/>
      <line num="192" count="20" type="stmt"/>
      <line num="193" count="20" type="stmt"/>
      <line num="194" count="20" type="stmt"/>
      <line num="195" count="20" type="stmt"/>
      <line num="196" count="20" type="stmt"/>
      <line num="197" count="20" type="stmt"/>
      <line num="198" count="20" type="stmt"/>
      <line num="201" count="20" type="stmt"/>
      <line num="202" count="20" type="cond" truecount="1" falsecount="0"/>
      <line num="203" count="14" type="stmt"/>
      <line num="204" count="14" type="stmt"/>
      <line num="205" count="20" type="stmt"/>
      <line num="206" count="20" type="cond" truecount="1" falsecount="0"/>
      <line num="209" count="23" type="stmt"/>
      <line num="210" count="23" type="stmt"/>
      <line num="211" count="23" type="stmt"/>
      <line num="212" count="23" type="stmt"/>
      <line num="213" count="23" type="stmt"/>
      <line num="214" count="23" type="stmt"/>
      <line num="215" count="23" type="stmt"/>
      <line num="216" count="23" type="stmt"/>
      <line num="220" count="23" type="stmt"/>
      <line num="223" count="23" type="stmt"/>
      <line num="225" count="23" type="stmt"/>
      <line num="226" count="23" type="stmt"/>
      <line num="227" count="23" type="stmt"/>
      <line num="228" count="23" type="stmt"/>
      <line num="230" count="23" type="cond" truecount="1" falsecount="0"/>
      <line num="231" count="6" type="stmt"/>
      <line num="232" count="6" type="stmt"/>
      <line num="233" count="6" type="stmt"/>
      <line num="235" count="23" type="cond" truecount="1" falsecount="0"/>
      <line num="236" count="8" type="stmt"/>
      <line num="237" count="8" type="stmt"/>
      <line num="238" count="8" type="stmt"/>
      <line num="239" count="8" type="stmt"/>
      <line num="240" count="8" type="stmt"/>
      <line num="241" count="8" type="cond" truecount="1" falsecount="0"/>
      <line num="244" count="8" type="stmt"/>
      <line num="245" count="8" type="stmt"/>
      <line num="246" count="8" type="stmt"/>
      <line num="247" count="8" type="stmt"/>
      <line num="248" count="8" type="stmt"/>
      <line num="249" count="8" type="stmt"/>
      <line num="250" count="8" type="stmt"/>
      <line num="251" count="8" type="cond" truecount="1" falsecount="0"/>
      <line num="252" count="7" type="stmt"/>
      <line num="253" count="7" type="cond" truecount="1" falsecount="0"/>
      <line num="254" count="1" type="stmt"/>
      <line num="255" count="1" type="stmt"/>
      <line num="256" count="8" type="stmt"/>
      <line num="258" count="23" type="cond" truecount="1" falsecount="0"/>
      <line num="259" count="1" type="stmt"/>
      <line num="260" count="1" type="stmt"/>
      <line num="261" count="23" type="stmt"/>
      <line num="263" count="23" type="stmt"/>
      <line num="264" count="23" type="stmt"/>
    </file>
    <file name="index.ts" path="/Users/blaze/Movies/Kin/projects/dot-protocol/packages/wrapper/src/index.ts">
      <metrics statements="1" coveredstatements="1" conditionals="0" coveredconditionals="0" methods="0" coveredmethods="0"/>
      <line num="1" count="1" type="stmt"/>
    </file>
    <file name="session.ts" path="/Users/blaze/Movies/Kin/projects/dot-protocol/packages/wrapper/src/session.ts">
      <metrics statements="24" coveredstatements="24" conditionals="2" coveredconditionals="2" methods="2" coveredmethods="2"/>
      <line num="1" count="1" type="stmt"/>
      <line num="17" count="73" type="cond" truecount="1" falsecount="0"/>
      <line num="18" count="73" type="stmt"/>
      <line num="19" count="73" type="stmt"/>
      <line num="20" count="73" type="stmt"/>
      <line num="21" count="73" type="stmt"/>
      <line num="22" count="73" type="stmt"/>
      <line num="23" count="73" type="stmt"/>
      <line num="24" count="73" type="stmt"/>
      <line num="25" count="73" type="stmt"/>
      <line num="26" count="73" type="stmt"/>
      <line num="27" count="73" type="stmt"/>
      <line num="33" count="2" type="cond" truecount="1" falsecount="0"/>
      <line num="34" count="2" type="stmt"/>
      <line num="35" count="2" type="stmt"/>
      <line num="36" count="2" type="stmt"/>
      <line num="37" count="2" type="stmt"/>
      <line num="38" count="2" type="stmt"/>
      <line num="39" count="2" type="stmt"/>
      <line num="40" count="2" type="stmt"/>
      <line num="41" count="2" type="stmt"/>
      <line num="42" count="2" type="stmt"/>
      <line num="43" count="2" type="stmt"/>
      <line num="44" count="2" type="stmt"/>
    </file>
    <file name="types.ts" path="/Users/blaze/Movies/Kin/projects/dot-protocol/packages/wrapper/src/types.ts">
      <metrics statements="13" coveredstatements="13" conditionals="0" coveredconditionals="0" methods="0" coveredmethods="0"/>
      <line num="1" count="1" type="stmt"/>
      <line num="13" count="1" type="stmt"/>
      <line num="14" count="1" type="stmt"/>
      <line num="15" count="1" type="stmt"/>
      <line num="16" count="1" type="stmt"/>
      <line num="17" count="1" type="stmt"/>
      <line num="18" count="1" type="stmt"/>
      <line num="21" count="1" type="stmt"/>
      <line num="22" count="1" type="stmt"/>
      <line num="23" count="1" type="stmt"/>
      <line num="24" count="1" type="stmt"/>
      <line num="25" count="1" type="stmt"/>
      <line num="26" count="1" type="stmt"/>
    </file>
    <file name="unwrap.ts" path="/Users/blaze/Movies/Kin/projects/dot-protocol/packages/wrapper/src/unwrap.ts">
      <metrics statements="145" coveredstatements="143" conditionals="42" coveredconditionals="40" methods="6" coveredmethods="6"/>
      <line num="1" count="1" type="stmt"/>
      <line num="8" count="1" type="stmt"/>
      <line num="9" count="1" type="stmt"/>
      <line num="17" count="1" type="stmt"/>
      <line num="18" count="1" type="stmt"/>
      <line num="19" count="1" type="stmt"/>
      <line num="28" count="1" type="cond" truecount="1" falsecount="0"/>
      <line num="29" count="1" type="stmt"/>
      <line num="30" count="1" type="stmt"/>
      <line num="49" count="74" type="cond" truecount="1" falsecount="0"/>
      <line num="66" count="74" type="stmt"/>
      <line num="67" count="74" type="stmt"/>
      <line num="69" count="74" type="cond" truecount="2" falsecount="0"/>
      <line num="71" count="49" type="cond" truecount="1" falsecount="0"/>
      <line num="72" count="48" type="stmt"/>
      <line num="73" count="74" type="cond" truecount="1" falsecount="0"/>
      <line num="102" count="25" type="cond" truecount="1" falsecount="0"/>
      <line num="103" count="19" type="stmt"/>
      <line num="104" count="19" type="cond" truecount="1" falsecount="0"/>
      <line num="108" count="67" type="stmt"/>
      <line num="109" count="67" type="stmt"/>
      <line num="110" count="74" type="cond" truecount="1" falsecount="0"/>
      <line num="111" count="1931" type="stmt"/>
      <line num="112" count="1931" type="cond" truecount="1" falsecount="0"/>
      <line num="115" count="74" type="cond" truecount="0" falsecount="1"/>
      <line num="116" count="0" type="stmt"/>
      <line num="117" count="0" type="cond" truecount="1" falsecount="0"/>
      <line num="118" count="67" type="stmt"/>
      <line num="119" count="67" type="stmt"/>
      <line num="120" count="67" type="stmt"/>
      <line num="122" count="74" type="cond" truecount="0" falsecount="1"/>
      <line num="125" count="74" type="stmt"/>
      <line num="126" count="74" type="stmt"/>
      <line num="127" count="74" type="cond" truecount="1" falsecount="0"/>
      <line num="128" count="1" type="stmt"/>
      <line num="129" count="1" type="stmt"/>
      <line num="130" count="1" type="stmt"/>
      <line num="131" count="1" type="cond" truecount="1" falsecount="0"/>
      <line num="132" count="66" type="stmt"/>
      <line num="134" count="66" type="stmt"/>
      <line num="135" count="66" type="stmt"/>
      <line num="136" count="66" type="stmt"/>
      <line num="137" count="66" type="stmt"/>
      <line num="138" count="66" type="stmt"/>
      <line num="139" count="74" type="cond" truecount="2" falsecount="0"/>
      <line num="140" count="74" type="stmt"/>
      <line num="141" count="74" type="stmt"/>
      <line num="149" count="1" type="stmt"/>
      <line num="150" count="1" type="stmt"/>
      <line num="151" count="1" type="stmt"/>
      <line num="152" count="1" type="stmt"/>
      <line num="153" count="1" type="stmt"/>
      <line num="154" count="1" type="stmt"/>
      <line num="155" count="1" type="stmt"/>
      <line num="157" count="1" type="stmt"/>
      <line num="158" count="1" type="stmt"/>
      <line num="160" count="730" type="cond" truecount="1" falsecount="0"/>
      <line num="161" count="730" type="stmt"/>
      <line num="162" count="730" type="stmt"/>
      <line num="164" count="2" type="cond" truecount="1" falsecount="0"/>
      <line num="165" count="2" type="stmt"/>
      <line num="166" count="2" type="stmt"/>
      <line num="167" count="2" type="stmt"/>
      <line num="169" count="749" type="cond" truecount="1" falsecount="0"/>
      <line num="170" count="749" type="stmt"/>
      <line num="171" count="749" type="stmt"/>
      <line num="172" count="749" type="stmt"/>
      <line num="178" count="25" type="cond" truecount="1" falsecount="0"/>
      <line num="179" count="25" type="cond" truecount="1" falsecount="0"/>
      <line num="180" count="1" type="stmt"/>
      <line num="181" count="1" type="cond" truecount="1" falsecount="0"/>
      <line num="185" count="24" type="stmt"/>
      <line num="186" count="24" type="stmt"/>
      <line num="187" count="24" type="stmt"/>
      <line num="188" count="24" type="stmt"/>
      <line num="189" count="24" type="stmt"/>
      <line num="191" count="24" type="stmt"/>
      <line num="192" count="24" type="stmt"/>
      <line num="194" count="25" type="cond" truecount="2" falsecount="0"/>
      <line num="196" count="23" type="stmt"/>
      <line num="197" count="23" type="stmt"/>
      <line num="199" count="25" type="cond" truecount="1" falsecount="0"/>
      <line num="200" count="1" type="stmt"/>
      <line num="201" count="1" type="cond" truecount="1" falsecount="0"/>
      <line num="202" count="25" type="cond" truecount="1" falsecount="0"/>
      <line num="203" count="1" type="stmt"/>
      <line num="204" count="1" type="cond" truecount="1" falsecount="0"/>
      <line num="207" count="21" type="stmt"/>
      <line num="208" count="21" type="stmt"/>
      <line num="211" count="21" type="stmt"/>
      <line num="212" count="21" type="stmt"/>
      <line num="214" count="25" type="cond" truecount="1" falsecount="0"/>
      <line num="216" count="19" type="stmt"/>
      <line num="217" count="19" type="stmt"/>
      <line num="218" count="19" type="stmt"/>
      <line num="219" count="25" type="cond" truecount="1" falsecount="0"/>
      <line num="220" count="2" type="stmt"/>
      <line num="221" count="2" type="stmt"/>
      <line num="222" count="2" type="stmt"/>
      <line num="223" count="2" type="stmt"/>
      <line num="224" count="2" type="stmt"/>
      <line num="225" count="2" type="cond" truecount="1" falsecount="0"/>
      <line num="226" count="21" type="stmt"/>
      <line num="229" count="21" type="stmt"/>
      <line num="230" count="21" type="stmt"/>
      <line num="232" count="25" type="cond" truecount="1" falsecount="0"/>
      <line num="233" count="19" type="stmt"/>
      <line num="234" count="19" type="stmt"/>
      <line num="235" count="19" type="cond" truecount="1" falsecount="0"/>
      <line num="236" count="1" type="stmt"/>
      <line num="237" count="1" type="cond" truecount="1" falsecount="0"/>
      <line num="238" count="18" type="stmt"/>
      <line num="239" count="18" type="stmt"/>
      <line num="240" count="18" type="stmt"/>
      <line num="241" count="25" type="cond" truecount="1" falsecount="0"/>
      <line num="242" count="2" type="stmt"/>
      <line num="243" count="2" type="stmt"/>
      <line num="244" count="2" type="cond" truecount="1" falsecount="0"/>
      <line num="247" count="20" type="stmt"/>
      <line num="248" count="20" type="stmt"/>
      <line num="249" count="25" type="cond" truecount="1" falsecount="0"/>
      <line num="250" count="1" type="stmt"/>
      <line num="251" count="1" type="cond" truecount="1" falsecount="0"/>
      <line num="255" count="19" type="stmt"/>
      <line num="256" count="19" type="stmt"/>
      <line num="258" count="19" type="stmt"/>
      <line num="259" count="19" type="stmt"/>
      <line num="261" count="25" type="cond" truecount="1" falsecount="0"/>
      <line num="262" count="749" type="stmt"/>
      <line num="263" count="749" type="stmt"/>
      <line num="264" count="749" type="stmt"/>
      <line num="267" count="749" type="stmt"/>
      <line num="268" count="749" type="cond" truecount="1" falsecount="0"/>
      <line num="269" count="730" type="stmt"/>
      <line num="270" count="730" type="stmt"/>
      <line num="271" count="749" type="stmt"/>
      <line num="273" count="749" type="stmt"/>
      <line num="274" count="749" type="stmt"/>
      <line num="277" count="749" type="stmt"/>
      <line num="278" count="749" type="stmt"/>
      <line num="280" count="749" type="stmt"/>
      <line num="281" count="749" type="stmt"/>
      <line num="282" count="749" type="cond" truecount="1" falsecount="0"/>
      <line num="284" count="19" type="stmt"/>
      <line num="285" count="19" type="stmt"/>
    </file>
    <file name="wrap.ts" path="/Users/blaze/Movies/Kin/projects/dot-protocol/packages/wrapper/src/wrap.ts">
      <metrics statements="63" coveredstatements="63" conditionals="19" coveredconditionals="18" methods="1" coveredmethods="1"/>
      <line num="1" count="1" type="stmt"/>
      <line num="10" count="1" type="stmt"/>
      <line num="11" count="1" type="stmt"/>
      <line num="31" count="79" type="cond" truecount="1" falsecount="0"/>
      <line num="32" count="79" type="cond" truecount="2" falsecount="0"/>
      <line num="33" count="79" type="cond" truecount="2" falsecount="0"/>
      <line num="34" count="79" type="cond" truecount="1" falsecount="0"/>
      <line num="35" count="79" type="cond" truecount="1" falsecount="0"/>
      <line num="38" count="79" type="cond" truecount="3" falsecount="0"/>
      <line num="42" count="56" type="stmt"/>
      <line num="43" count="56" type="stmt"/>
      <line num="44" count="56" type="stmt"/>
      <line num="45" count="56" type="stmt"/>
      <line num="46" count="56" type="stmt"/>
      <line num="47" count="56" type="stmt"/>
      <line num="50" count="79" type="cond" truecount="0" falsecount="1"/>
      <line num="51" count="79" type="stmt"/>
      <line num="52" count="79" type="cond" truecount="1" falsecount="0"/>
      <line num="53" count="2113" type="stmt"/>
      <line num="54" count="2113" type="stmt"/>
      <line num="55" count="2113" type="stmt"/>
      <line num="56" count="2113" type="stmt"/>
      <line num="57" count="2113" type="stmt"/>
      <line num="58" count="2113" type="stmt"/>
      <line num="61" count="79" type="stmt"/>
      <line num="62" count="79" type="stmt"/>
      <line num="64" count="79" type="cond" truecount="1" falsecount="0"/>
      <line num="65" count="2113" type="cond" truecount="2" falsecount="0"/>
      <line num="66" count="2113" type="stmt"/>
      <line num="67" count="2113" type="stmt"/>
      <line num="68" count="2113" type="stmt"/>
      <line num="69" count="2113" type="stmt"/>
      <line num="70" count="2113" type="stmt"/>
      <line num="71" count="2113" type="stmt"/>
      <line num="72" count="2113" type="stmt"/>
      <line num="73" count="2113" type="stmt"/>
      <line num="74" count="2113" type="stmt"/>
      <line num="77" count="79" type="stmt"/>
      <line num="78" count="79" type="stmt"/>
      <line num="79" count="79" type="stmt"/>
      <line num="80" count="79" type="stmt"/>
      <line num="83" count="79" type="cond" truecount="2" falsecount="0"/>
      <line num="84" count="23" type="stmt"/>
      <line num="85" count="23" type="stmt"/>
      <line num="86" count="23" type="stmt"/>
      <line num="89" count="79" type="stmt"/>
      <line num="90" count="79" type="stmt"/>
      <line num="91" count="79" type="cond" truecount="1" falsecount="0"/>
      <line num="92" count="76" type="cond" truecount="1" falsecount="0"/>
      <line num="93" count="3" type="stmt"/>
      <line num="96" count="79" type="stmt"/>
      <line num="98" count="79" type="stmt"/>
      <line num="99" count="79" type="stmt"/>
      <line num="100" count="79" type="stmt"/>
      <line num="101" count="79" type="stmt"/>
      <line num="102" count="79" type="stmt"/>
      <line num="103" count="79" type="stmt"/>
      <line num="104" count="79" type="stmt"/>
      <line num="105" count="79" type="stmt"/>
      <line num="106" count="79" type="stmt"/>
      <line num="107" count="79" type="stmt"/>
      <line num="108" count="79" type="stmt"/>
      <line num="109" count="79" type="stmt"/>
    </file>
  </project>
</coverage>
