{"/Users/blaze/Movies/Kin/projects/dot-protocol/packages/wrapper/src/bridge.ts": {"path":"/Users/blaze/Movies/Kin/projects/dot-protocol/packages/wrapper/src/bridge.ts","all":false,"statementMap":{"0":{"start":{"line":1,"column":0},"end":{"line":1,"column":35}},"15":{"start":{"line":16,"column":0},"end":{"line":16,"column":26}},"16":{"start":{"line":17,"column":0},"end":{"line":17,"column":17}},"17":{"start":{"line":18,"column":0},"end":{"line":18,"column":14}},"18":{"start":{"line":19,"column":0},"end":{"line":19,"column":34}},"19":{"start":{"line":20,"column":0},"end":{"line":20,"column":19}},"20":{"start":{"line":21,"column":0},"end":{"line":21,"column":15}},"21":{"start":{"line":22,"column":0},"end":{"line":22,"column":32}},"22":{"start":{"line":23,"column":0},"end":{"line":23,"column":41}},"23":{"start":{"line":24,"column":0},"end":{"line":24,"column":35}},"24":{"start":{"line":25,"column":0},"end":{"line":25,"column":59}},"26":{"start":{"line":27,"column":0},"end":{"line":27,"column":18}},"27":{"start":{"line":28,"column":0},"end":{"line":28,"column":28}},"28":{"start":{"line":29,"column":0},"end":{"line":29,"column":25}},"29":{"start":{"line":30,"column":0},"end":{"line":30,"column":29}},"30":{"start":{"line":31,"column":0},"end":{"line":31,"column":20}},"32":{"start":{"line":33,"column":0},"end":{"line":33,"column":39}},"33":{"start":{"line":34,"column":0},"end":{"line":34,"column":40}},"34":{"start":{"line":35,"column":0},"end":{"line":35,"column":17}},"37":{"start":{"line":38,"column":0},"end":{"line":38,"column":37}},"39":{"start":{"line":40,"column":0},"end":{"line":40,"column":61}},"41":{"start":{"line":42,"column":0},"end":{"line":42,"column":62}},"43":{"start":{"line":44,"column":0},"end":{"line":44,"column":55}},"45":{"start":{"line":46,"column":0},"end":{"line":46,"column":66}},"47":{"start":{"line":48,"column":0},"end":{"line":48,"column":63}},"49":{"start":{"line":50,"column":0},"end":{"line":50,"column":58}},"51":{"start":{"line":52,"column":0},"end":{"line":52,"column":24}},"53":{"start":{"line":54,"column":0},"end":{"line":54,"column":13}},"54":{"start":{"line":55,"column":0},"end":{"line":55,"column":1}},"59":{"start":{"line":60,"column":0},"end":{"line":60,"column":48}},"64":{"start":{"line":65,"column":0},"end":{"line":65,"column":3}},"65":{"start":{"line":66,"column":0},"end":{"line":66,"column":32}},"66":{"start":{"line":67,"column":0},"end":{"line":67,"column":75}},"67":{"start":{"line":68,"column":0},"end":{"line":68,"column":17}},"69":{"start":{"line":70,"column":0},"end":{"line":70,"column":36}},"70":{"start":{"line":71,"column":0},"end":{"line":71,"column":92}},"72":{"start":{"line":73,"column":0},"end":{"line":73,"column":60}},"73":{"start":{"line":74,"column":0},"end":{"line":74,"column":83}},"75":{"start":{"line":76,"column":0},"end":{"line":76,"column":64}},"76":{"start":{"line":77,"column":0},"end":{"line":77,"column":99}},"77":{"start":{"line":78,"column":0},"end":{"line":78,"column":66}},"79":{"start":{"line":80,"column":0},"end":{"line":80,"column":61}},"80":{"start":{"line":81,"column":0},"end":{"line":81,"column":55}},"82":{"start":{"line":83,"column":0},"end":{"line":83,"column":40}},"83":{"start":{"line":84,"column":0},"end":{"line":84,"column":1}},"89":{"start":{"line":90,"column":0},"end":{"line":90,"column":27}},"90":{"start":{"line":91,"column":0},"end":{"line":91,"column":17}},"91":{"start":{"line":92,"column":0},"end":{"line":92,"column":34}},"92":{"start":{"line":93,"column":0},"end":{"line":93,"column":19}},"93":{"start":{"line":94,"column":0},"end":{"line":94,"column":15}},"94":{"start":{"line":95,"column":0},"end":{"line":95,"column":32}},"95":{"start":{"line":96,"column":0},"end":{"line":96,"column":59}},"97":{"start":{"line":98,"column":0},"end":{"line":98,"column":65}},"98":{"start":{"line":99,"column":0},"end":{"line":99,"column":39}},"99":{"start":{"line":100,"column":0},"end":{"line":100,"column":40}},"100":{"start":{"line":101,"column":0},"end":{"line":101,"column":17}},"102":{"start":{"line":103,"column":0},"end":{"line":103,"column":53}},"103":{"start":{"line":104,"column":0},"end":{"line":104,"column":66}},"104":{"start":{"line":105,"column":0},"end":{"line":105,"column":63}},"105":{"start":{"line":106,"column":0},"end":{"line":106,"column":58}},"106":{"start":{"line":107,"column":0},"end":{"line":107,"column":24}},"108":{"start":{"line":109,"column":0},"end":{"line":109,"column":13}},"109":{"start":{"line":110,"column":0},"end":{"line":110,"column":1}},"114":{"start":{"line":115,"column":0},"end":{"line":115,"column":49}},"118":{"start":{"line":119,"column":0},"end":{"line":119,"column":3}},"119":{"start":{"line":120,"column":0},"end":{"line":120,"column":32}},"120":{"start":{"line":121,"column":0},"end":{"line":121,"column":75}},"121":{"start":{"line":122,"column":0},"end":{"line":122,"column":17}},"123":{"start":{"line":124,"column":0},"end":{"line":124,"column":60}},"125":{"start":{"line":126,"column":0},"end":{"line":126,"column":64}},"126":{"start":{"line":127,"column":0},"end":{"line":127,"column":99}},"127":{"start":{"line":128,"column":0},"end":{"line":128,"column":66}},"129":{"start":{"line":130,"column":0},"end":{"line":130,"column":61}},"130":{"start":{"line":131,"column":0},"end":{"line":131,"column":55}},"132":{"start":{"line":133,"column":0},"end":{"line":133,"column":35}},"133":{"start":{"line":134,"column":0},"end":{"line":134,"column":1}},"145":{"start":{"line":146,"column":0},"end":{"line":146,"column":61}},"146":{"start":{"line":147,"column":0},"end":{"line":147,"column":43}},"147":{"start":{"line":148,"column":0},"end":{"line":148,"column":38}},"149":{"start":{"line":150,"column":0},"end":{"line":150,"column":28}},"151":{"start":{"line":152,"column":0},"end":{"line":152,"column":41}},"152":{"start":{"line":153,"column":0},"end":{"line":153,"column":51}},"154":{"start":{"line":155,"column":0},"end":{"line":155,"column":52}},"157":{"start":{"line":158,"column":0},"end":{"line":158,"column":44}},"158":{"start":{"line":159,"column":0},"end":{"line":159,"column":46}},"159":{"start":{"line":160,"column":0},"end":{"line":160,"column":46}},"161":{"start":{"line":162,"column":0},"end":{"line":162,"column":69}},"162":{"start":{"line":163,"column":0},"end":{"line":163,"column":6}},"164":{"start":{"line":165,"column":0},"end":{"line":165,"column":39}},"165":{"start":{"line":166,"column":0},"end":{"line":166,"column":56}},"166":{"start":{"line":167,"column":0},"end":{"line":167,"column":17}},"167":{"start":{"line":168,"column":0},"end":{"line":168,"column":6}},"169":{"start":{"line":170,"column":0},"end":{"line":170,"column":37}},"170":{"start":{"line":171,"column":0},"end":{"line":171,"column":44}},"171":{"start":{"line":172,"column":0},"end":{"line":172,"column":46}},"172":{"start":{"line":173,"column":0},"end":{"line":173,"column":18}},"173":{"start":{"line":174,"column":0},"end":{"line":174,"column":6}},"175":{"start":{"line":176,"column":0},"end":{"line":176,"column":27}},"176":{"start":{"line":177,"column":0},"end":{"line":177,"column":44}},"177":{"start":{"line":178,"column":0},"end":{"line":178,"column":46}},"178":{"start":{"line":179,"column":0},"end":{"line":179,"column":62}},"179":{"start":{"line":180,"column":0},"end":{"line":180,"column":6}},"181":{"start":{"line":182,"column":0},"end":{"line":182,"column":30}},"182":{"start":{"line":183,"column":0},"end":{"line":183,"column":34}},"183":{"start":{"line":184,"column":0},"end":{"line":184,"column":34}},"184":{"start":{"line":185,"column":0},"end":{"line":185,"column":5}},"185":{"start":{"line":186,"column":0},"end":{"line":186,"column":1}},"190":{"start":{"line":191,"column":0},"end":{"line":191,"column":66}},"191":{"start":{"line":192,"column":0},"end":{"line":192,"column":39}},"192":{"start":{"line":193,"column":0},"end":{"line":193,"column":40}},"193":{"start":{"line":194,"column":0},"end":{"line":194,"column":23}},"194":{"start":{"line":195,"column":0},"end":{"line":195,"column":22}},"195":{"start":{"line":196,"column":0},"end":{"line":196,"column":1}},"220":{"start":{"line":221,"column":0},"end":{"line":221,"column":78}},"221":{"start":{"line":222,"column":0},"end":{"line":222,"column":37}},"222":{"start":{"line":223,"column":0},"end":{"line":223,"column":44}},"223":{"start":{"line":224,"column":0},"end":{"line":224,"column":35}},"224":{"start":{"line":225,"column":0},"end":{"line":225,"column":71}},"225":{"start":{"line":226,"column":0},"end":{"line":226,"column":45}},"228":{"start":{"line":229,"column":0},"end":{"line":229,"column":73}},"230":{"start":{"line":231,"column":0},"end":{"line":231,"column":23}},"232":{"start":{"line":233,"column":0},"end":{"line":233,"column":47}},"233":{"start":{"line":234,"column":0},"end":{"line":234,"column":30}},"235":{"start":{"line":236,"column":0},"end":{"line":236,"column":7}},"237":{"start":{"line":238,"column":0},"end":{"line":238,"column":18}},"238":{"start":{"line":239,"column":0},"end":{"line":239,"column":11}},"240":{"start":{"line":241,"column":0},"end":{"line":241,"column":48}},"243":{"start":{"line":244,"column":0},"end":{"line":244,"column":93}},"244":{"start":{"line":245,"column":0},"end":{"line":245,"column":40}},"246":{"start":{"line":247,"column":0},"end":{"line":247,"column":38}},"248":{"start":{"line":249,"column":0},"end":{"line":249,"column":22}},"250":{"start":{"line":251,"column":0},"end":{"line":251,"column":78}},"253":{"start":{"line":254,"column":0},"end":{"line":254,"column":97}},"256":{"start":{"line":257,"column":0},"end":{"line":257,"column":42}},"257":{"start":{"line":258,"column":0},"end":{"line":258,"column":96}},"258":{"start":{"line":259,"column":0},"end":{"line":259,"column":11}},"261":{"start":{"line":262,"column":0},"end":{"line":262,"column":56}},"262":{"start":{"line":263,"column":0},"end":{"line":263,"column":19}},"263":{"start":{"line":264,"column":0},"end":{"line":264,"column":20}},"264":{"start":{"line":265,"column":0},"end":{"line":265,"column":53}},"265":{"start":{"line":266,"column":0},"end":{"line":266,"column":13}},"268":{"start":{"line":269,"column":0},"end":{"line":269,"column":67}},"269":{"start":{"line":270,"column":0},"end":{"line":270,"column":58}},"272":{"start":{"line":273,"column":0},"end":{"line":273,"column":57}},"273":{"start":{"line":274,"column":0},"end":{"line":274,"column":57}},"274":{"start":{"line":275,"column":0},"end":{"line":275,"column":37}},"275":{"start":{"line":276,"column":0},"end":{"line":276,"column":13}},"278":{"start":{"line":279,"column":0},"end":{"line":279,"column":89}},"279":{"start":{"line":280,"column":0},"end":{"line":280,"column":16}},"281":{"start":{"line":282,"column":0},"end":{"line":282,"column":35}},"282":{"start":{"line":283,"column":0},"end":{"line":283,"column":9}},"285":{"start":{"line":286,"column":0},"end":{"line":286,"column":80}},"288":{"start":{"line":289,"column":0},"end":{"line":289,"column":42}},"290":{"start":{"line":291,"column":0},"end":{"line":291,"column":23}},"291":{"start":{"line":292,"column":0},"end":{"line":292,"column":22}},"293":{"start":{"line":294,"column":0},"end":{"line":294,"column":17}},"294":{"start":{"line":295,"column":0},"end":{"line":295,"column":21}},"295":{"start":{"line":296,"column":0},"end":{"line":296,"column":7}},"296":{"start":{"line":297,"column":0},"end":{"line":297,"column":9}},"297":{"start":{"line":298,"column":0},"end":{"line":298,"column":5}},"300":{"start":{"line":301,"column":0},"end":{"line":301,"column":48}},"301":{"start":{"line":302,"column":0},"end":{"line":302,"column":33}},"302":{"start":{"line":303,"column":0},"end":{"line":303,"column":37}},"303":{"start":{"line":304,"column":0},"end":{"line":304,"column":45}},"304":{"start":{"line":305,"column":0},"end":{"line":305,"column":16}},"305":{"start":{"line":306,"column":0},"end":{"line":306,"column":7}},"306":{"start":{"line":307,"column":0},"end":{"line":307,"column":5}},"308":{"start":{"line":309,"column":0},"end":{"line":309,"column":64}},"310":{"start":{"line":311,"column":0},"end":{"line":311,"column":10}},"311":{"start":{"line":312,"column":0},"end":{"line":312,"column":38}},"312":{"start":{"line":313,"column":0},"end":{"line":313,"column":48}},"313":{"start":{"line":314,"column":0},"end":{"line":314,"column":28}},"314":{"start":{"line":315,"column":0},"end":{"line":315,"column":47}},"315":{"start":{"line":316,"column":0},"end":{"line":316,"column":31}},"316":{"start":{"line":317,"column":0},"end":{"line":317,"column":31}},"317":{"start":{"line":318,"column":0},"end":{"line":318,"column":25}},"318":{"start":{"line":319,"column":0},"end":{"line":319,"column":11}},"319":{"start":{"line":320,"column":0},"end":{"line":320,"column":9}},"320":{"start":{"line":321,"column":0},"end":{"line":321,"column":6}},"321":{"start":{"line":322,"column":0},"end":{"line":322,"column":4}},"322":{"start":{"line":323,"column":0},"end":{"line":323,"column":1}},"337":{"start":{"line":338,"column":0},"end":{"line":338,"column":34}},"338":{"start":{"line":339,"column":0},"end":{"line":339,"column":15}},"339":{"start":{"line":340,"column":0},"end":{"line":340,"column":12}},"350":{"start":{"line":351,"column":0},"end":{"line":351,"column":4}},"351":{"start":{"line":352,"column":0},"end":{"line":352,"column":46}},"352":{"start":{"line":353,"column":0},"end":{"line":353,"column":26}},"353":{"start":{"line":354,"column":0},"end":{"line":354,"column":40}},"354":{"start":{"line":355,"column":0},"end":{"line":355,"column":49}},"357":{"start":{"line":358,"column":0},"end":{"line":358,"column":64}},"360":{"start":{"line":361,"column":0},"end":{"line":361,"column":60}},"363":{"start":{"line":364,"column":0},"end":{"line":364,"column":71}},"364":{"start":{"line":365,"column":0},"end":{"line":365,"column":76}},"365":{"start":{"line":366,"column":0},"end":{"line":366,"column":40}},"366":{"start":{"line":367,"column":0},"end":{"line":367,"column":7}},"368":{"start":{"line":369,"column":0},"end":{"line":369,"column":31}},"370":{"start":{"line":371,"column":0},"end":{"line":371,"column":44}},"371":{"start":{"line":372,"column":0},"end":{"line":372,"column":5}},"374":{"start":{"line":375,"column":0},"end":{"line":375,"column":43}},"377":{"start":{"line":378,"column":0},"end":{"line":378,"column":95}},"379":{"start":{"line":380,"column":0},"end":{"line":380,"column":58}},"380":{"start":{"line":381,"column":0},"end":{"line":381,"column":1}}},"s":{"0":1,"15":5,"16":5,"17":5,"18":5,"19":5,"20":5,"21":5,"22":5,"23":5,"24":5,"26":5,"27":5,"28":5,"29":5,"30":5,"32":5,"33":5,"34":5,"37":5,"39":5,"41":5,"43":5,"45":5,"47":5,"49":5,"51":5,"53":5,"54":5,"59":5,"64":5,"65":5,"66":5,"67":5,"69":5,"70":5,"72":5,"73":5,"75":5,"76":5,"77":5,"79":5,"80":5,"82":5,"83":5,"89":4,"90":4,"91":4,"92":4,"93":4,"94":4,"95":4,"97":4,"98":4,"99":4,"100":4,"102":4,"103":4,"104":4,"105":4,"106":4,"108":4,"109":4,"114":4,"118":4,"119":4,"120":4,"121":4,"123":4,"125":4,"126":4,"127":4,"129":4,"130":4,"132":4,"133":4,"145":15,"146":15,"147":15,"149":15,"151":15,"152":14,"154":14,"157":11,"158":11,"159":11,"161":11,"162":15,"164":15,"165":15,"166":15,"167":15,"169":15,"170":1,"171":1,"172":1,"173":1,"175":15,"176":3,"177":3,"178":3,"179":3,"181":15,"182":15,"183":15,"184":15,"185":15,"190":10,"191":10,"192":10,"193":10,"194":10,"195":10,"220":13,"221":13,"222":13,"223":13,"224":13,"225":13,"228":13,"230":13,"232":13,"233":10,"235":10,"237":10,"238":10,"240":10,"243":10,"244":6,"246":6,"248":6,"250":5,"253":5,"256":5,"257":1,"258":1,"261":4,"262":4,"263":4,"264":5,"265":5,"268":4,"269":4,"272":4,"273":4,"274":20,"275":4,"278":4,"279":10,"281":1,"282":1,"285":5,"288":5,"290":5,"291":5,"293":10,"294":10,"295":10,"296":10,"297":13,"300":13,"301":13,"302":13,"303":13,"304":13,"305":13,"306":13,"308":13,"310":13,"311":13,"312":13,"313":13,"314":13,"315":13,"316":13,"317":13,"318":13,"319":13,"320":13,"321":13,"322":13,"337":5,"338":5,"339":5,"350":5,"351":5,"352":5,"353":5,"354":5,"357":5,"360":5,"363":5,"364":5,"365":5,"366":5,"368":5,"370":5,"371":5,"374":4,"377":4,"379":4,"380":4},"branchMap":{"0":{"type":"branch","line":16,"loc":{"start":{"line":16,"column":0},"end":{"line":55,"column":1}},"locations":[{"start":{"line":16,"column":0},"end":{"line":55,"column":1}}]},"1":{"type":"branch","line":60,"loc":{"start":{"line":60,"column":0},"end":{"line":84,"column":1}},"locations":[{"start":{"line":60,"column":0},"end":{"line":84,"column":1}}]},"2":{"type":"branch","line":90,"loc":{"start":{"line":90,"column":0},"end":{"line":110,"column":1}},"locations":[{"start":{"line":90,"column":0},"end":{"line":110,"column":1}}]},"3":{"type":"branch","line":115,"loc":{"start":{"line":115,"column":0},"end":{"line":134,"column":1}},"locations":[{"start":{"line":115,"column":0},"end":{"line":134,"column":1}}]},"4":{"type":"branch","line":146,"loc":{"start":{"line":146,"column":0},"end":{"line":186,"column":1}},"locations":[{"start":{"line":146,"column":0},"end":{"line":186,"column":1}}]},"5":{"type":"branch","line":147,"loc":{"start":{"line":147,"column":21},"end":{"line":185,"column":3}},"locations":[{"start":{"line":147,"column":21},"end":{"line":185,"column":3}}]},"6":{"type":"branch","line":150,"loc":{"start":{"line":150,"column":21},"end":{"line":163,"column":6}},"locations":[{"start":{"line":150,"column":21},"end":{"line":163,"column":6}}]},"7":{"type":"branch","line":152,"loc":{"start":{"line":152,"column":34},"end":{"line":152,"column":41}},"locations":[{"start":{"line":152,"column":34},"end":{"line":152,"column":41}}]},"8":{"type":"branch","line":152,"loc":{"start":{"line":152,"column":34},"end":{"line":155,"column":52}},"locations":[{"start":{"line":152,"column":34},"end":{"line":155,"column":52}}]},"9":{"type":"branch","line":155,"loc":{"start":{"line":155,"column":45},"end":{"line":155,"column":52}},"locations":[{"start":{"line":155,"column":45},"end":{"line":155,"column":52}}]},"10":{"type":"branch","line":155,"loc":{"start":{"line":155,"column":45},"end":{"line":162,"column":69}},"locations":[{"start":{"line":155,"column":45},"end":{"line":162,"column":69}}]},"11":{"type":"branch","line":165,"loc":{"start":{"line":165,"column":19},"end":{"line":168,"column":6}},"locations":[{"start":{"line":165,"column":19},"end":{"line":168,"column":6}}]},"12":{"type":"branch","line":170,"loc":{"start":{"line":170,"column":20},"end":{"line":174,"column":6}},"locations":[{"start":{"line":170,"column":20},"end":{"line":174,"column":6}}]},"13":{"type":"branch","line":176,"loc":{"start":{"line":176,"column":20},"end":{"line":180,"column":6}},"locations":[{"start":{"line":176,"column":20},"end":{"line":180,"column":6}}]},"14":{"type":"branch","line":191,"loc":{"start":{"line":191,"column":0},"end":{"line":196,"column":1}},"locations":[{"start":{"line":191,"column":0},"end":{"line":196,"column":1}}]},"15":{"type":"branch","line":221,"loc":{"start":{"line":221,"column":0},"end":{"line":323,"column":1}},"locations":[{"start":{"line":221,"column":0},"end":{"line":323,"column":1}}]},"16":{"type":"branch","line":222,"loc":{"start":{"line":222,"column":24},"end":{"line":222,"column":37}},"locations":[{"start":{"line":222,"column":24},"end":{"line":222,"column":37}}]},"17":{"type":"branch","line":223,"loc":{"start":{"line":223,"column":24},"end":{"line":223,"column":44}},"locations":[{"start":{"line":223,"column":24},"end":{"line":223,"column":44}}]},"18":{"type":"branch","line":225,"loc":{"start":{"line":225,"column":31},"end":{"line":225,"column":71}},"locations":[{"start":{"line":225,"column":31},"end":{"line":225,"column":71}}]},"19":{"type":"branch","line":233,"loc":{"start":{"line":233,"column":34},"end":{"line":298,"column":3}},"locations":[{"start":{"line":233,"column":34},"end":{"line":298,"column":3}}]},"20":{"type":"branch","line":234,"loc":{"start":{"line":234,"column":23},"end":{"line":236,"column":5}},"locations":[{"start":{"line":234,"column":23},"end":{"line":236,"column":5}}]},"21":{"type":"branch","line":238,"loc":{"start":{"line":238,"column":5},"end":{"line":297,"column":7}},"locations":[{"start":{"line":238,"column":5},"end":{"line":297,"column":7}}]},"22":{"type":"branch","line":241,"loc":{"start":{"line":241,"column":46},"end":{"line":244,"column":63}},"locations":[{"start":{"line":241,"column":46},"end":{"line":244,"column":63}}]},"23":{"type":"branch","line":244,"loc":{"start":{"line":244,"column":48},"end":{"line":244,"column":82}},"locations":[{"start":{"line":244,"column":48},"end":{"line":244,"column":82}}]},"24":{"type":"branch","line":244,"loc":{"start":{"line":244,"column":78},"end":{"line":244,"column":91}},"locations":[{"start":{"line":244,"column":78},"end":{"line":244,"column":91}}]},"25":{"type":"branch","line":244,"loc":{"start":{"line":244,"column":91},"end":{"line":280,"column":15}},"locations":[{"start":{"line":244,"column":91},"end":{"line":280,"column":15}}]},"26":{"type":"branch","line":249,"loc":{"start":{"line":249,"column":21},"end":{"line":280,"column":15}},"locations":[{"start":{"line":249,"column":21},"end":{"line":280,"column":15}}]},"27":{"type":"branch","line":254,"loc":{"start":{"line":254,"column":76},"end":{"line":254,"column":86}},"locations":[{"start":{"line":254,"column":76},"end":{"line":254,"column":86}}]},"28":{"type":"branch","line":254,"loc":{"start":{"line":254,"column":80},"end":{"line":254,"column":97}},"locations":[{"start":{"line":254,"column":80},"end":{"line":254,"column":97}}]},"29":{"type":"branch","line":257,"loc":{"start":{"line":257,"column":41},"end":{"line":265,"column":36}},"locations":[{"start":{"line":257,"column":41},"end":{"line":265,"column":36}}]},"30":{"type":"branch","line":257,"loc":{"start":{"line":257,"column":41},"end":{"line":259,"column":11}},"locations":[{"start":{"line":257,"column":41},"end":{"line":259,"column":11}}]},"31":{"type":"branch","line":265,"loc":{"start":{"line":265,"column":32},"end":{"line":265,"column":43}},"locations":[{"start":{"line":265,"column":32},"end":{"line":265,"column":43}}]},"32":{"type":"branch","line":265,"loc":{"start":{"line":265,"column":36},"end":{"line":265,"column":53}},"locations":[{"start":{"line":265,"column":36},"end":{"line":265,"column":53}}]},"33":{"type":"branch","line":266,"loc":{"start":{"line":266,"column":11},"end":{"line":280,"column":15}},"locations":[{"start":{"line":266,"column":11},"end":{"line":280,"column":15}}]},"34":{"type":"branch","line":280,"loc":{"start":{"line":280,"column":8},"end":{"line":283,"column":9}},"locations":[{"start":{"line":280,"column":8},"end":{"line":283,"column":9}}]},"35":{"type":"branch","line":283,"loc":{"start":{"line":283,"column":8},"end":{"line":294,"column":8}},"locations":[{"start":{"line":283,"column":8},"end":{"line":294,"column":8}}]},"36":{"type":"branch","line":274,"loc":{"start":{"line":274,"column":40},"end":{"line":276,"column":11}},"locations":[{"start":{"line":274,"column":40},"end":{"line":276,"column":11}}]},"37":{"type":"branch","line":301,"loc":{"start":{"line":301,"column":26},"end":{"line":307,"column":3}},"locations":[{"start":{"line":301,"column":26},"end":{"line":307,"column":3}}]},"38":{"type":"branch","line":303,"loc":{"start":{"line":303,"column":30},"end":{"line":306,"column":5}},"locations":[{"start":{"line":303,"column":30},"end":{"line":306,"column":5}}]},"39":{"type":"branch","line":312,"loc":{"start":{"line":312,"column":4},"end":{"line":312,"column":38}},"locations":[{"start":{"line":312,"column":4},"end":{"line":312,"column":38}}]},"40":{"type":"branch","line":313,"loc":{"start":{"line":313,"column":4},"end":{"line":313,"column":48}},"locations":[{"start":{"line":313,"column":4},"end":{"line":313,"column":48}}]},"41":{"type":"branch","line":314,"loc":{"start":{"line":314,"column":4},"end":{"line":321,"column":6}},"locations":[{"start":{"line":314,"column":4},"end":{"line":321,"column":6}}]},"42":{"type":"branch","line":315,"loc":{"start":{"line":315,"column":25},"end":{"line":320,"column":7}},"locations":[{"start":{"line":315,"column":25},"end":{"line":320,"column":7}}]},"43":{"type":"branch","line":316,"loc":{"start":{"line":316,"column":21},"end":{"line":319,"column":9}},"locations":[{"start":{"line":316,"column":21},"end":{"line":319,"column":9}}]},"44":{"type":"branch","line":317,"loc":{"start":{"line":317,"column":19},"end":{"line":317,"column":31}},"locations":[{"start":{"line":317,"column":19},"end":{"line":317,"column":31}}]},"45":{"type":"branch","line":338,"loc":{"start":{"line":338,"column":0},"end":{"line":381,"column":1}},"locations":[{"start":{"line":338,"column":0},"end":{"line":381,"column":1}}]},"46":{"type":"branch","line":354,"loc":{"start":{"line":354,"column":26},"end":{"line":354,"column":40}},"locations":[{"start":{"line":354,"column":26},"end":{"line":354,"column":40}}]},"47":{"type":"branch","line":355,"loc":{"start":{"line":355,"column":23},"end":{"line":355,"column":49}},"locations":[{"start":{"line":355,"column":23},"end":{"line":355,"column":49}}]},"48":{"type":"branch","line":372,"loc":{"start":{"line":372,"column":3},"end":{"line":381,"column":1}},"locations":[{"start":{"line":372,"column":3},"end":{"line":381,"column":1}}]},"49":{"type":"branch","line":364,"loc":{"start":{"line":364,"column":49},"end":{"line":372,"column":3}},"locations":[{"start":{"line":364,"column":49},"end":{"line":372,"column":3}}]},"50":{"type":"branch","line":365,"loc":{"start":{"line":365,"column":69},"end":{"line":367,"column":5}},"locations":[{"start":{"line":365,"column":69},"end":{"line":367,"column":5}}]}},"b":{"0":[5],"1":[5],"2":[4],"3":[4],"4":[15],"5":[15],"6":[15],"7":[1],"8":[14],"9":[3],"10":[11],"11":[15],"12":[1],"13":[3],"14":[10],"15":[13],"16":[1],"17":[12],"18":[12],"19":[10],"20":[1],"21":[10],"22":[7],"23":[1],"24":[6],"25":[6],"26":[5],"27":[4],"28":[1],"29":[4],"30":[1],"31":[2],"32":[2],"33":[4],"34":[1],"35":[5],"36":[20],"37":[13],"38":[13],"39":[17],"40":[1],"41":[13],"42":[13],"43":[13],"44":[0],"45":[5],"46":[2],"47":[2],"48":[4],"49":[5],"50":[5]},"fnMap":{"0":{"name":"serializeRequest","decl":{"start":{"line":16,"column":0},"end":{"line":55,"column":1}},"loc":{"start":{"line":16,"column":0},"end":{"line":55,"column":1}},"line":16},"1":{"name":"deserializeRequest","decl":{"start":{"line":60,"column":0},"end":{"line":84,"column":1}},"loc":{"start":{"line":60,"column":0},"end":{"line":84,"column":1}},"line":60},"2":{"name":"serializeResponse","decl":{"start":{"line":90,"column":0},"end":{"line":110,"column":1}},"loc":{"start":{"line":90,"column":0},"end":{"line":110,"column":1}},"line":90},"3":{"name":"deserializeResponse","decl":{"start":{"line":115,"column":0},"end":{"line":134,"column":1}},"loc":{"start":{"line":115,"column":0},"end":{"line":134,"column":1}},"line":115},"4":{"name":"readFrame","decl":{"start":{"line":146,"column":0},"end":{"line":186,"column":1}},"loc":{"start":{"line":146,"column":0},"end":{"line":186,"column":1}},"line":146},"5":{"name":"tryParse","decl":{"start":{"line":150,"column":21},"end":{"line":163,"column":6}},"loc":{"start":{"line":150,"column":21},"end":{"line":163,"column":6}},"line":150},"6":{"name":"onData","decl":{"start":{"line":165,"column":19},"end":{"line":168,"column":6}},"loc":{"start":{"line":165,"column":19},"end":{"line":168,"column":6}},"line":165},"7":{"name":"onError","decl":{"start":{"line":170,"column":20},"end":{"line":174,"column":6}},"loc":{"start":{"line":170,"column":20},"end":{"line":174,"column":6}},"line":170},"8":{"name":"onClose","decl":{"start":{"line":176,"column":20},"end":{"line":180,"column":6}},"loc":{"start":{"line":176,"column":20},"end":{"line":180,"column":6}},"line":176},"9":{"name":"writeFrame","decl":{"start":{"line":191,"column":0},"end":{"line":196,"column":1}},"loc":{"start":{"line":191,"column":0},"end":{"line":196,"column":1}},"line":191},"10":{"name":"bridge","decl":{"start":{"line":221,"column":0},"end":{"line":323,"column":1}},"loc":{"start":{"line":221,"column":0},"end":{"line":323,"column":1}},"line":221},"11":{"name":"get port","decl":{"start":{"line":312,"column":4},"end":{"line":312,"column":38}},"loc":{"start":{"line":312,"column":4},"end":{"line":312,"column":38}},"line":312},"12":{"name":"get requestCount","decl":{"start":{"line":313,"column":4},"end":{"line":313,"column":48}},"loc":{"start":{"line":313,"column":4},"end":{"line":313,"column":48}},"line":313},"13":{"name":"close","decl":{"start":{"line":314,"column":4},"end":{"line":321,"column":6}},"loc":{"start":{"line":314,"column":4},"end":{"line":321,"column":6}},"line":314},"14":{"name":"bridgeFetch","decl":{"start":{"line":338,"column":0},"end":{"line":381,"column":1}},"loc":{"start":{"line":338,"column":0},"end":{"line":381,"column":1}},"line":338},"15":{"name":"response","decl":{"start":{"line":364,"column":49},"end":{"line":372,"column":3}},"loc":{"start":{"line":364,"column":49},"end":{"line":372,"column":3}},"line":364}},"f":{"0":5,"1":5,"2":4,"3":4,"4":15,"5":15,"6":15,"7":1,"8":3,"9":10,"10":13,"11":17,"12":1,"13":13,"14":5,"15":5}}
,"/Users/blaze/Movies/Kin/projects/dot-protocol/packages/wrapper/src/identity.ts": {"path":"/Users/blaze/Movies/Kin/projects/dot-protocol/packages/wrapper/src/identity.ts","all":false,"statementMap":{"0":{"start":{"line":1,"column":0},"end":{"line":1,"column":59}},"13":{"start":{"line":14,"column":0},"end":{"line":14,"column":37}},"14":{"start":{"line":15,"column":0},"end":{"line":15,"column":49}},"15":{"start":{"line":16,"column":0},"end":{"line":16,"column":49}},"16":{"start":{"line":17,"column":0},"end":{"line":17,"column":3}},"17":{"start":{"line":18,"column":0},"end":{"line":18,"column":27}},"21":{"start":{"line":22,"column":0},"end":{"line":22,"column":47}},"22":{"start":{"line":23,"column":0},"end":{"line":23,"column":50}},"23":{"start":{"line":24,"column":0},"end":{"line":24,"column":1}},"25":{"start":{"line":26,"column":0},"end":{"line":26,"column":51}},"26":{"start":{"line":27,"column":0},"end":{"line":27,"column":57}},"27":{"start":{"line":28,"column":0},"end":{"line":28,"column":26}},"28":{"start":{"line":29,"column":0},"end":{"line":29,"column":39}},"29":{"start":{"line":30,"column":0},"end":{"line":30,"column":37}},"30":{"start":{"line":31,"column":0},"end":{"line":31,"column":1}},"32":{"start":{"line":33,"column":0},"end":{"line":33,"column":71}},"33":{"start":{"line":34,"column":0},"end":{"line":34,"column":51}},"34":{"start":{"line":35,"column":0},"end":{"line":35,"column":67}},"35":{"start":{"line":36,"column":0},"end":{"line":36,"column":27}},"36":{"start":{"line":37,"column":0},"end":{"line":37,"column":24}},"37":{"start":{"line":38,"column":0},"end":{"line":38,"column":7}},"38":{"start":{"line":39,"column":0},"end":{"line":39,"column":5}},"39":{"start":{"line":40,"column":0},"end":{"line":40,"column":1}},"129":{"start":{"line":130,"column":0},"end":{"line":130,"column":78}},"130":{"start":{"line":131,"column":0},"end":{"line":131,"column":42}},"131":{"start":{"line":132,"column":0},"end":{"line":132,"column":56}},"133":{"start":{"line":134,"column":0},"end":{"line":134,"column":40}},"134":{"start":{"line":135,"column":0},"end":{"line":135,"column":27}},"135":{"start":{"line":136,"column":0},"end":{"line":136,"column":27}},"136":{"start":{"line":137,"column":0},"end":{"line":137,"column":49}},"137":{"start":{"line":138,"column":0},"end":{"line":138,"column":22}},"138":{"start":{"line":139,"column":0},"end":{"line":139,"column":22}},"140":{"start":{"line":141,"column":0},"end":{"line":141,"column":46}},"142":{"start":{"line":143,"column":0},"end":{"line":143,"column":33}},"143":{"start":{"line":144,"column":0},"end":{"line":144,"column":33}},"145":{"start":{"line":146,"column":0},"end":{"line":146,"column":45}},"147":{"start":{"line":148,"column":0},"end":{"line":148,"column":89}},"148":{"start":{"line":149,"column":0},"end":{"line":149,"column":31}},"149":{"start":{"line":150,"column":0},"end":{"line":150,"column":80}},"150":{"start":{"line":151,"column":0},"end":{"line":151,"column":5}},"152":{"start":{"line":153,"column":0},"end":{"line":153,"column":49}},"153":{"start":{"line":154,"column":0},"end":{"line":154,"column":45}},"154":{"start":{"line":155,"column":0},"end":{"line":155,"column":61}},"155":{"start":{"line":156,"column":0},"end":{"line":156,"column":47}},"157":{"start":{"line":158,"column":0},"end":{"line":158,"column":53}},"159":{"start":{"line":160,"column":0},"end":{"line":160,"column":65}},"160":{"start":{"line":161,"column":0},"end":{"line":161,"column":29}},"161":{"start":{"line":162,"column":0},"end":{"line":162,"column":85}},"163":{"start":{"line":164,"column":0},"end":{"line":164,"column":47}},"164":{"start":{"line":165,"column":0},"end":{"line":165,"column":58}},"165":{"start":{"line":166,"column":0},"end":{"line":166,"column":10}},"167":{"start":{"line":168,"column":0},"end":{"line":168,"column":41}},"168":{"start":{"line":169,"column":0},"end":{"line":169,"column":66}},"169":{"start":{"line":170,"column":0},"end":{"line":170,"column":78}},"171":{"start":{"line":172,"column":0},"end":{"line":172,"column":89}},"172":{"start":{"line":173,"column":0},"end":{"line":173,"column":86}},"175":{"start":{"line":176,"column":0},"end":{"line":176,"column":62}},"176":{"start":{"line":177,"column":0},"end":{"line":177,"column":57}},"179":{"start":{"line":180,"column":0},"end":{"line":180,"column":33}},"180":{"start":{"line":181,"column":0},"end":{"line":181,"column":31}},"181":{"start":{"line":182,"column":0},"end":{"line":182,"column":53}},"183":{"start":{"line":184,"column":0},"end":{"line":184,"column":61}},"184":{"start":{"line":185,"column":0},"end":{"line":185,"column":37}},"185":{"start":{"line":186,"column":0},"end":{"line":186,"column":49}},"186":{"start":{"line":187,"column":0},"end":{"line":187,"column":21}},"187":{"start":{"line":188,"column":0},"end":{"line":188,"column":7}},"188":{"start":{"line":189,"column":0},"end":{"line":189,"column":36}},"190":{"start":{"line":191,"column":0},"end":{"line":191,"column":31}},"191":{"start":{"line":192,"column":0},"end":{"line":192,"column":17}},"192":{"start":{"line":193,"column":0},"end":{"line":193,"column":33}},"193":{"start":{"line":194,"column":0},"end":{"line":194,"column":29}},"194":{"start":{"line":195,"column":0},"end":{"line":195,"column":44}},"195":{"start":{"line":196,"column":0},"end":{"line":196,"column":31}},"196":{"start":{"line":197,"column":0},"end":{"line":197,"column":61}},"197":{"start":{"line":198,"column":0},"end":{"line":198,"column":6}},"200":{"start":{"line":201,"column":0},"end":{"line":201,"column":37}},"201":{"start":{"line":202,"column":0},"end":{"line":202,"column":27}},"202":{"start":{"line":203,"column":0},"end":{"line":203,"column":42}},"203":{"start":{"line":204,"column":0},"end":{"line":204,"column":5}},"204":{"start":{"line":205,"column":0},"end":{"line":205,"column":81}},"205":{"start":{"line":206,"column":0},"end":{"line":206,"column":3}},"208":{"start":{"line":209,"column":0},"end":{"line":209,"column":39}},"209":{"start":{"line":210,"column":0},"end":{"line":210,"column":44}},"210":{"start":{"line":211,"column":0},"end":{"line":211,"column":12}},"211":{"start":{"line":212,"column":0},"end":{"line":212,"column":30}},"212":{"start":{"line":213,"column":0},"end":{"line":213,"column":24}},"213":{"start":{"line":214,"column":0},"end":{"line":214,"column":10}},"214":{"start":{"line":215,"column":0},"end":{"line":215,"column":13}},"215":{"start":{"line":216,"column":0},"end":{"line":216,"column":4}},"219":{"start":{"line":220,"column":0},"end":{"line":220,"column":25}},"222":{"start":{"line":223,"column":0},"end":{"line":223,"column":56}},"224":{"start":{"line":225,"column":0},"end":{"line":225,"column":33}},"225":{"start":{"line":226,"column":0},"end":{"line":226,"column":30}},"226":{"start":{"line":227,"column":0},"end":{"line":227,"column":44}},"227":{"start":{"line":228,"column":0},"end":{"line":228,"column":14}},"229":{"start":{"line":230,"column":0},"end":{"line":230,"column":55}},"230":{"start":{"line":231,"column":0},"end":{"line":231,"column":75}},"231":{"start":{"line":232,"column":0},"end":{"line":232,"column":33}},"232":{"start":{"line":233,"column":0},"end":{"line":233,"column":6}},"234":{"start":{"line":235,"column":0},"end":{"line":235,"column":17}},"235":{"start":{"line":236,"column":0},"end":{"line":236,"column":23}},"236":{"start":{"line":237,"column":0},"end":{"line":237,"column":28}},"237":{"start":{"line":238,"column":0},"end":{"line":238,"column":29}},"238":{"start":{"line":239,"column":0},"end":{"line":239,"column":25}},"239":{"start":{"line":240,"column":0},"end":{"line":240,"column":11}},"240":{"start":{"line":241,"column":0},"end":{"line":241,"column":53}},"243":{"start":{"line":244,"column":0},"end":{"line":244,"column":67}},"244":{"start":{"line":245,"column":0},"end":{"line":245,"column":49}},"245":{"start":{"line":246,"column":0},"end":{"line":246,"column":16}},"246":{"start":{"line":247,"column":0},"end":{"line":247,"column":14}},"247":{"start":{"line":248,"column":0},"end":{"line":248,"column":30}},"248":{"start":{"line":249,"column":0},"end":{"line":249,"column":16}},"249":{"start":{"line":250,"column":0},"end":{"line":250,"column":21}},"250":{"start":{"line":251,"column":0},"end":{"line":251,"column":10}},"251":{"start":{"line":252,"column":0},"end":{"line":252,"column":78}},"252":{"start":{"line":253,"column":0},"end":{"line":253,"column":15}},"253":{"start":{"line":254,"column":0},"end":{"line":254,"column":21}},"254":{"start":{"line":255,"column":0},"end":{"line":255,"column":7}},"255":{"start":{"line":256,"column":0},"end":{"line":256,"column":6}},"257":{"start":{"line":258,"column":0},"end":{"line":258,"column":22}},"258":{"start":{"line":259,"column":0},"end":{"line":259,"column":39}},"259":{"start":{"line":260,"column":0},"end":{"line":260,"column":6}},"260":{"start":{"line":261,"column":0},"end":{"line":261,"column":4}},"262":{"start":{"line":263,"column":0},"end":{"line":263,"column":18}},"263":{"start":{"line":264,"column":0},"end":{"line":264,"column":1}}},"s":{"0":1,"13":1,"14":1,"15":1,"16":1,"17":1,"21":24,"22":24,"23":24,"25":23,"26":23,"27":23,"28":23,"29":23,"30":23,"32":24,"33":24,"34":24,"35":24,"36":24,"37":24,"38":24,"39":24,"129":25,"130":25,"131":1,"133":25,"134":12,"135":12,"136":12,"137":12,"138":12,"140":25,"142":25,"143":25,"145":25,"147":5,"148":5,"149":1,"150":1,"152":4,"153":4,"154":4,"155":4,"157":4,"159":4,"160":4,"161":4,"163":4,"164":4,"165":25,"167":20,"168":20,"169":20,"171":20,"172":20,"175":20,"176":20,"179":20,"180":20,"181":20,"183":20,"184":20,"185":20,"186":20,"187":20,"188":20,"190":20,"191":20,"192":20,"193":20,"194":20,"195":20,"196":20,"197":20,"200":20,"201":20,"202":14,"203":14,"204":20,"205":20,"208":23,"209":23,"210":23,"211":23,"212":23,"213":23,"214":23,"215":23,"219":23,"222":23,"224":23,"225":23,"226":23,"227":23,"229":23,"230":6,"231":6,"232":6,"234":23,"235":8,"236":8,"237":8,"238":8,"239":8,"240":8,"243":8,"244":8,"245":8,"246":8,"247":8,"248":8,"249":8,"250":8,"251":7,"252":7,"253":1,"254":1,"255":8,"257":23,"258":1,"259":1,"260":23,"262":23,"263":23},"branchMap":{"0":{"type":"branch","line":22,"loc":{"start":{"line":22,"column":0},"end":{"line":24,"column":1}},"locations":[{"start":{"line":22,"column":0},"end":{"line":24,"column":1}}]},"1":{"type":"branch","line":26,"loc":{"start":{"line":26,"column":0},"end":{"line":31,"column":1}},"locations":[{"start":{"line":26,"column":0},"end":{"line":31,"column":1}}]},"2":{"type":"branch","line":33,"loc":{"start":{"line":33,"column":0},"end":{"line":40,"column":1}},"locations":[{"start":{"line":33,"column":0},"end":{"line":40,"column":1}}]},"3":{"type":"branch","line":34,"loc":{"start":{"line":34,"column":29},"end":{"line":39,"column":3}},"locations":[{"start":{"line":34,"column":29},"end":{"line":39,"column":3}}]},"4":{"type":"branch","line":35,"loc":{"start":{"line":35,"column":52},"end":{"line":38,"column":5}},"locations":[{"start":{"line":35,"column":52},"end":{"line":38,"column":5}}]},"5":{"type":"branch","line":36,"loc":{"start":{"line":36,"column":15},"end":{"line":36,"column":27}},"locations":[{"start":{"line":36,"column":15},"end":{"line":36,"column":27}}]},"6":{"type":"branch","line":130,"loc":{"start":{"line":130,"column":0},"end":{"line":264,"column":1}},"locations":[{"start":{"line":130,"column":0},"end":{"line":264,"column":1}}]},"7":{"type":"branch","line":131,"loc":{"start":{"line":131,"column":22},"end":{"line":131,"column":42}},"locations":[{"start":{"line":131,"column":22},"end":{"line":131,"column":42}}]},"8":{"type":"branch","line":131,"loc":{"start":{"line":131,"column":31},"end":{"line":132,"column":56}},"locations":[{"start":{"line":131,"column":31},"end":{"line":132,"column":56}}]},"9":{"type":"branch","line":134,"loc":{"start":{"line":134,"column":21},"end":{"line":134,"column":40}},"locations":[{"start":{"line":134,"column":21},"end":{"line":134,"column":40}}]},"10":{"type":"branch","line":134,"loc":{"start":{"line":134,"column":30},"end":{"line":139,"column":22}},"locations":[{"start":{"line":134,"column":30},"end":{"line":139,"column":22}}]},"11":{"type":"branch","line":137,"loc":{"start":{"line":137,"column":34},"end":{"line":137,"column":48}},"locations":[{"start":{"line":137,"column":34},"end":{"line":137,"column":48}}]},"12":{"type":"branch","line":141,"loc":{"start":{"line":141,"column":19},"end":{"line":141,"column":40}},"locations":[{"start":{"line":141,"column":19},"end":{"line":141,"column":40}}]},"13":{"type":"branch","line":141,"loc":{"start":{"line":141,"column":28},"end":{"line":141,"column":46}},"locations":[{"start":{"line":141,"column":28},"end":{"line":141,"column":46}}]},"14":{"type":"branch","line":146,"loc":{"start":{"line":146,"column":7},"end":{"line":146,"column":44}},"locations":[{"start":{"line":146,"column":7},"end":{"line":146,"column":44}}]},"15":{"type":"branch","line":146,"loc":{"start":{"line":146,"column":44},"end":{"line":166,"column":9}},"locations":[{"start":{"line":146,"column":44},"end":{"line":166,"column":9}}]},"16":{"type":"branch","line":149,"loc":{"start":{"line":149,"column":30},"end":{"line":151,"column":5}},"locations":[{"start":{"line":149,"column":30},"end":{"line":151,"column":5}}]},"17":{"type":"branch","line":151,"loc":{"start":{"line":151,"column":4},"end":{"line":166,"column":9}},"locations":[{"start":{"line":151,"column":4},"end":{"line":166,"column":9}}]},"18":{"type":"branch","line":166,"loc":{"start":{"line":166,"column":2},"end":{"line":206,"column":3}},"locations":[{"start":{"line":166,"column":2},"end":{"line":206,"column":3}}]},"19":{"type":"branch","line":202,"loc":{"start":{"line":202,"column":26},"end":{"line":204,"column":5}},"locations":[{"start":{"line":202,"column":26},"end":{"line":204,"column":5}}]},"20":{"type":"branch","line":206,"loc":{"start":{"line":206,"column":2},"end":{"line":264,"column":1}},"locations":[{"start":{"line":206,"column":2},"end":{"line":264,"column":1}}]},"21":{"type":"branch","line":230,"loc":{"start":{"line":230,"column":4},"end":{"line":233,"column":6}},"locations":[{"start":{"line":230,"column":4},"end":{"line":233,"column":6}}]},"22":{"type":"branch","line":235,"loc":{"start":{"line":235,"column":4},"end":{"line":256,"column":6}},"locations":[{"start":{"line":235,"column":4},"end":{"line":256,"column":6}}]},"23":{"type":"branch","line":241,"loc":{"start":{"line":241,"column":25},"end":{"line":241,"column":53}},"locations":[{"start":{"line":241,"column":25},"end":{"line":241,"column":53}}]},"24":{"type":"branch","line":251,"loc":{"start":{"line":251,"column":8},"end":{"line":255,"column":7}},"locations":[{"start":{"line":251,"column":8},"end":{"line":255,"column":7}}]},"25":{"type":"branch","line":253,"loc":{"start":{"line":253,"column":6},"end":{"line":255,"column":7}},"locations":[{"start":{"line":253,"column":6},"end":{"line":255,"column":7}}]},"26":{"type":"branch","line":258,"loc":{"start":{"line":258,"column":4},"end":{"line":260,"column":6}},"locations":[{"start":{"line":258,"column":4},"end":{"line":260,"column":6}}]}},"b":{"0":[24],"1":[23],"2":[24],"3":[24],"4":[24],"5":[0],"6":[25],"7":[24],"8":[1],"9":[24],"10":[12],"11":[1],"12":[24],"13":[23],"14":[24],"15":[5],"16":[1],"17":[4],"18":[20],"19":[14],"20":[23],"21":[6],"22":[8],"23":[6],"24":[7],"25":[1],"26":[1]},"fnMap":{"0":{"name":"base64url","decl":{"start":{"line":22,"column":0},"end":{"line":24,"column":1}},"loc":{"start":{"line":22,"column":0},"end":{"line":24,"column":1}},"line":22},"1":{"name":"makePkcs8","decl":{"start":{"line":26,"column":0},"end":{"line":31,"column":1}},"loc":{"start":{"line":26,"column":0},"end":{"line":31,"column":1}},"line":26},"2":{"name":"deriveKey","decl":{"start":{"line":33,"column":0},"end":{"line":40,"column":1}},"loc":{"start":{"line":33,"column":0},"end":{"line":40,"column":1}},"line":33},"3":{"name":"dotId","decl":{"start":{"line":130,"column":0},"end":{"line":264,"column":1}},"loc":{"start":{"line":130,"column":0},"end":{"line":264,"column":1}},"line":130},"4":{"name":"sign","decl":{"start":{"line":230,"column":4},"end":{"line":233,"column":6}},"loc":{"start":{"line":230,"column":4},"end":{"line":233,"column":6}},"line":230},"5":{"name":"verify","decl":{"start":{"line":235,"column":4},"end":{"line":256,"column":6}},"loc":{"start":{"line":235,"column":4},"end":{"line":256,"column":6}},"line":235},"6":{"name":"export","decl":{"start":{"line":258,"column":4},"end":{"line":260,"column":6}},"loc":{"start":{"line":258,"column":4},"end":{"line":260,"column":6}},"line":258}},"f":{"0":24,"1":23,"2":24,"3":25,"4":6,"5":8,"6":1}}
,"/Users/blaze/Movies/Kin/projects/dot-protocol/packages/wrapper/src/index.ts": {"path":"/Users/blaze/Movies/Kin/projects/dot-protocol/packages/wrapper/src/index.ts","all":false,"statementMap":{"0":{"start":{"line":1,"column":0},"end":{"line":1,"column":37}}},"s":{"0":1},"branchMap":{},"b":{},"fnMap":{},"f":{}}
,"/Users/blaze/Movies/Kin/projects/dot-protocol/packages/wrapper/src/session.ts": {"path":"/Users/blaze/Movies/Kin/projects/dot-protocol/packages/wrapper/src/session.ts","all":false,"statementMap":{"0":{"start":{"line":1,"column":0},"end":{"line":1,"column":45}},"16":{"start":{"line":17,"column":0},"end":{"line":17,"column":61}},"17":{"start":{"line":18,"column":0},"end":{"line":18,"column":40}},"18":{"start":{"line":19,"column":0},"end":{"line":19,"column":40}},"19":{"start":{"line":20,"column":0},"end":{"line":20,"column":10}},"20":{"start":{"line":21,"column":0},"end":{"line":21,"column":12}},"21":{"start":{"line":22,"column":0},"end":{"line":22,"column":15}},"22":{"start":{"line":23,"column":0},"end":{"line":23,"column":13}},"23":{"start":{"line":24,"column":0},"end":{"line":24,"column":23}},"24":{"start":{"line":25,"column":0},"end":{"line":25,"column":38}},"25":{"start":{"line":26,"column":0},"end":{"line":26,"column":4}},"26":{"start":{"line":27,"column":0},"end":{"line":27,"column":1}},"32":{"start":{"line":33,"column":0},"end":{"line":33,"column":47}},"33":{"start":{"line":34,"column":0},"end":{"line":34,"column":61}},"34":{"start":{"line":35,"column":0},"end":{"line":35,"column":25}},"35":{"start":{"line":36,"column":0},"end":{"line":36,"column":40}},"36":{"start":{"line":37,"column":0},"end":{"line":37,"column":10}},"37":{"start":{"line":38,"column":0},"end":{"line":38,"column":12}},"38":{"start":{"line":39,"column":0},"end":{"line":39,"column":15}},"39":{"start":{"line":40,"column":0},"end":{"line":40,"column":13}},"40":{"start":{"line":41,"column":0},"end":{"line":41,"column":23}},"41":{"start":{"line":42,"column":0},"end":{"line":42,"column":38}},"42":{"start":{"line":43,"column":0},"end":{"line":43,"column":4}},"43":{"start":{"line":44,"column":0},"end":{"line":44,"column":1}}},"s":{"0":1,"16":73,"17":73,"18":73,"19":73,"20":73,"21":73,"22":73,"23":73,"24":73,"25":73,"26":73,"32":2,"33":2,"34":2,"35":2,"36":2,"37":2,"38":2,"39":2,"40":2,"41":2,"42":2,"43":2},"branchMap":{"0":{"type":"branch","line":17,"loc":{"start":{"line":17,"column":0},"end":{"line":27,"column":1}},"locations":[{"start":{"line":17,"column":0},"end":{"line":27,"column":1}}]},"1":{"type":"branch","line":33,"loc":{"start":{"line":33,"column":0},"end":{"line":44,"column":1}},"locations":[{"start":{"line":33,"column":0},"end":{"line":44,"column":1}}]}},"b":{"0":[73],"1":[2]},"fnMap":{"0":{"name":"createSession","decl":{"start":{"line":17,"column":0},"end":{"line":27,"column":1}},"loc":{"start":{"line":17,"column":0},"end":{"line":27,"column":1}},"line":17},"1":{"name":"createSessionFromKeypair","decl":{"start":{"line":33,"column":0},"end":{"line":44,"column":1}},"loc":{"start":{"line":33,"column":0},"end":{"line":44,"column":1}},"line":33}},"f":{"0":73,"1":2}}
,"/Users/blaze/Movies/Kin/projects/dot-protocol/packages/wrapper/src/types.ts": {"path":"/Users/blaze/Movies/Kin/projects/dot-protocol/packages/wrapper/src/types.ts","all":false,"statementMap":{"0":{"start":{"line":1,"column":0},"end":{"line":1,"column":32}},"12":{"start":{"line":13,"column":0},"end":{"line":13,"column":54}},"13":{"start":{"line":14,"column":0},"end":{"line":14,"column":9}},"14":{"start":{"line":15,"column":0},"end":{"line":15,"column":10}},"15":{"start":{"line":16,"column":0},"end":{"line":16,"column":11}},"16":{"start":{"line":17,"column":0},"end":{"line":17,"column":15}},"17":{"start":{"line":18,"column":0},"end":{"line":18,"column":2}},"20":{"start":{"line":21,"column":0},"end":{"line":21,"column":59}},"21":{"start":{"line":22,"column":0},"end":{"line":22,"column":11}},"22":{"start":{"line":23,"column":0},"end":{"line":23,"column":12}},"23":{"start":{"line":24,"column":0},"end":{"line":24,"column":13}},"24":{"start":{"line":25,"column":0},"end":{"line":25,"column":17}},"25":{"start":{"line":26,"column":0},"end":{"line":26,"column":2}}},"s":{"0":1,"12":1,"13":1,"14":1,"15":1,"16":1,"17":1,"20":1,"21":1,"22":1,"23":1,"24":1,"25":1},"branchMap":{},"b":{},"fnMap":{},"f":{}}
,"/Users/blaze/Movies/Kin/projects/dot-protocol/packages/wrapper/src/unwrap.ts": {"path":"/Users/blaze/Movies/Kin/projects/dot-protocol/packages/wrapper/src/unwrap.ts","all":false,"statementMap":{"0":{"start":{"line":1,"column":0},"end":{"line":1,"column":35}},"7":{"start":{"line":8,"column":0},"end":{"line":8,"column":22}},"8":{"start":{"line":9,"column":0},"end":{"line":9,"column":72}},"16":{"start":{"line":17,"column":0},"end":{"line":17,"column":30}},"17":{"start":{"line":18,"column":0},"end":{"line":18,"column":31}},"18":{"start":{"line":19,"column":0},"end":{"line":19,"column":28}},"27":{"start":{"line":28,"column":0},"end":{"line":28,"column":64}},"28":{"start":{"line":29,"column":0},"end":{"line":29,"column":68}},"29":{"start":{"line":30,"column":0},"end":{"line":30,"column":1}},"48":{"start":{"line":49,"column":0},"end":{"line":49,"column":101}},"65":{"start":{"line":66,"column":0},"end":{"line":66,"column":25}},"66":{"start":{"line":67,"column":0},"end":{"line":67,"column":23}},"68":{"start":{"line":69,"column":0},"end":{"line":69,"column":30}},"70":{"start":{"line":71,"column":0},"end":{"line":71,"column":65}},"71":{"start":{"line":72,"column":0},"end":{"line":72,"column":20}},"72":{"start":{"line":73,"column":0},"end":{"line":73,"column":10}},"101":{"start":{"line":102,"column":0},"end":{"line":102,"column":58}},"102":{"start":{"line":103,"column":0},"end":{"line":103,"column":21}},"103":{"start":{"line":104,"column":0},"end":{"line":104,"column":3}},"107":{"start":{"line":108,"column":0},"end":{"line":108,"column":26}},"108":{"start":{"line":109,"column":0},"end":{"line":109,"column":61}},"109":{"start":{"line":110,"column":0},"end":{"line":110,"column":41}},"110":{"start":{"line":111,"column":0},"end":{"line":111,"column":92}},"111":{"start":{"line":112,"column":0},"end":{"line":112,"column":3}},"114":{"start":{"line":115,"column":0},"end":{"line":115,"column":39}},"115":{"start":{"line":116,"column":0},"end":{"line":116,"column":89}},"116":{"start":{"line":117,"column":0},"end":{"line":117,"column":3}},"117":{"start":{"line":118,"column":0},"end":{"line":118,"column":35}},"118":{"start":{"line":119,"column":0},"end":{"line":119,"column":81}},"119":{"start":{"line":120,"column":0},"end":{"line":120,"column":70}},"121":{"start":{"line":122,"column":0},"end":{"line":122,"column":57}},"124":{"start":{"line":125,"column":0},"end":{"line":125,"column":32}},"125":{"start":{"line":126,"column":0},"end":{"line":126,"column":45}},"126":{"start":{"line":127,"column":0},"end":{"line":127,"column":35}},"127":{"start":{"line":128,"column":0},"end":{"line":128,"column":25}},"128":{"start":{"line":129,"column":0},"end":{"line":129,"column":125}},"129":{"start":{"line":130,"column":0},"end":{"line":130,"column":6}},"130":{"start":{"line":131,"column":0},"end":{"line":131,"column":3}},"131":{"start":{"line":132,"column":0},"end":{"line":132,"column":51}},"133":{"start":{"line":134,"column":0},"end":{"line":134,"column":10}},"134":{"start":{"line":135,"column":0},"end":{"line":135,"column":13}},"135":{"start":{"line":136,"column":0},"end":{"line":136,"column":9}},"136":{"start":{"line":137,"column":0},"end":{"line":137,"column":13}},"137":{"start":{"line":138,"column":0},"end":{"line":138,"column":26}},"138":{"start":{"line":139,"column":0},"end":{"line":139,"column":79}},"139":{"start":{"line":140,"column":0},"end":{"line":140,"column":4}},"140":{"start":{"line":141,"column":0},"end":{"line":141,"column":1}},"148":{"start":{"line":149,"column":0},"end":{"line":149,"column":21}},"149":{"start":{"line":150,"column":0},"end":{"line":150,"column":23}},"150":{"start":{"line":151,"column":0},"end":{"line":151,"column":20}},"151":{"start":{"line":152,"column":0},"end":{"line":152,"column":22}},"152":{"start":{"line":153,"column":0},"end":{"line":153,"column":28}},"153":{"start":{"line":154,"column":0},"end":{"line":154,"column":34}},"154":{"start":{"line":155,"column":0},"end":{"line":155,"column":82}},"156":{"start":{"line":157,"column":0},"end":{"line":157,"column":33}},"157":{"start":{"line":158,"column":0},"end":{"line":158,"column":33}},"159":{"start":{"line":160,"column":0},"end":{"line":160,"column":47}},"160":{"start":{"line":161,"column":0},"end":{"line":161,"column":68}},"161":{"start":{"line":162,"column":0},"end":{"line":162,"column":1}},"163":{"start":{"line":164,"column":0},"end":{"line":164,"column":67}},"164":{"start":{"line":165,"column":0},"end":{"line":165,"column":68}},"165":{"start":{"line":166,"column":0},"end":{"line":166,"column":37}},"166":{"start":{"line":167,"column":0},"end":{"line":167,"column":1}},"168":{"start":{"line":169,"column":0},"end":{"line":169,"column":81}},"169":{"start":{"line":170,"column":0},"end":{"line":170,"column":68}},"170":{"start":{"line":171,"column":0},"end":{"line":171,"column":37}},"171":{"start":{"line":172,"column":0},"end":{"line":172,"column":1}},"177":{"start":{"line":178,"column":0},"end":{"line":178,"column":92}},"178":{"start":{"line":179,"column":0},"end":{"line":179,"column":36}},"179":{"start":{"line":180,"column":0},"end":{"line":180,"column":76}},"180":{"start":{"line":181,"column":0},"end":{"line":181,"column":3}},"184":{"start":{"line":185,"column":0},"end":{"line":185,"column":26}},"185":{"start":{"line":186,"column":0},"end":{"line":186,"column":51}},"186":{"start":{"line":187,"column":0},"end":{"line":187,"column":51}},"187":{"start":{"line":188,"column":0},"end":{"line":188,"column":49}},"188":{"start":{"line":189,"column":0},"end":{"line":189,"column":45}},"190":{"start":{"line":191,"column":0},"end":{"line":191,"column":72}},"191":{"start":{"line":192,"column":0},"end":{"line":192,"column":54}},"193":{"start":{"line":194,"column":0},"end":{"line":194,"column":69}},"195":{"start":{"line":196,"column":0},"end":{"line":196,"column":60}},"196":{"start":{"line":197,"column":0},"end":{"line":197,"column":116}},"198":{"start":{"line":199,"column":0},"end":{"line":199,"column":26}},"199":{"start":{"line":200,"column":0},"end":{"line":200,"column":94}},"200":{"start":{"line":201,"column":0},"end":{"line":201,"column":3}},"201":{"start":{"line":202,"column":0},"end":{"line":202,"column":22}},"202":{"start":{"line":203,"column":0},"end":{"line":203,"column":89}},"203":{"start":{"line":204,"column":0},"end":{"line":204,"column":3}},"206":{"start":{"line":207,"column":0},"end":{"line":207,"column":21}},"207":{"start":{"line":208,"column":0},"end":{"line":208,"column":44}},"210":{"start":{"line":211,"column":0},"end":{"line":211,"column":27}},"211":{"start":{"line":212,"column":0},"end":{"line":212,"column":27}},"213":{"start":{"line":214,"column":0},"end":{"line":214,"column":19}},"215":{"start":{"line":216,"column":0},"end":{"line":216,"column":103}},"216":{"start":{"line":217,"column":0},"end":{"line":217,"column":76}},"217":{"start":{"line":218,"column":0},"end":{"line":218,"column":60}},"218":{"start":{"line":219,"column":0},"end":{"line":219,"column":10}},"219":{"start":{"line":220,"column":0},"end":{"line":220,"column":32}},"220":{"start":{"line":221,"column":0},"end":{"line":221,"column":20}},"221":{"start":{"line":222,"column":0},"end":{"line":222,"column":40}},"222":{"start":{"line":223,"column":0},"end":{"line":223,"column":65}},"223":{"start":{"line":224,"column":0},"end":{"line":224,"column":5}},"224":{"start":{"line":225,"column":0},"end":{"line":225,"column":3}},"225":{"start":{"line":226,"column":0},"end":{"line":226,"column":42}},"228":{"start":{"line":229,"column":0},"end":{"line":229,"column":24}},"229":{"start":{"line":230,"column":0},"end":{"line":230,"column":23}},"231":{"start":{"line":232,"column":0},"end":{"line":232,"column":19}},"232":{"start":{"line":233,"column":0},"end":{"line":233,"column":77}},"233":{"start":{"line":234,"column":0},"end":{"line":234,"column":61}},"234":{"start":{"line":235,"column":0},"end":{"line":235,"column":26}},"235":{"start":{"line":236,"column":0},"end":{"line":236,"column":80}},"236":{"start":{"line":237,"column":0},"end":{"line":237,"column":5}},"237":{"start":{"line":238,"column":0},"end":{"line":238,"column":50}},"238":{"start":{"line":239,"column":0},"end":{"line":239,"column":51}},"239":{"start":{"line":240,"column":0},"end":{"line":240,"column":22}},"240":{"start":{"line":241,"column":0},"end":{"line":241,"column":10}},"241":{"start":{"line":242,"column":0},"end":{"line":242,"column":51}},"242":{"start":{"line":243,"column":0},"end":{"line":243,"column":32}},"243":{"start":{"line":244,"column":0},"end":{"line":244,"column":3}},"246":{"start":{"line":247,"column":0},"end":{"line":247,"column":32}},"247":{"start":{"line":248,"column":0},"end":{"line":248,"column":51}},"248":{"start":{"line":249,"column":0},"end":{"line":249,"column":50}},"249":{"start":{"line":250,"column":0},"end":{"line":250,"column":66}},"250":{"start":{"line":251,"column":0},"end":{"line":251,"column":3}},"254":{"start":{"line":255,"column":0},"end":{"line":255,"column":44}},"255":{"start":{"line":256,"column":0},"end":{"line":256,"column":23}},"257":{"start":{"line":258,"column":0},"end":{"line":258,"column":32}},"258":{"start":{"line":259,"column":0},"end":{"line":259,"column":40}},"260":{"start":{"line":261,"column":0},"end":{"line":261,"column":38}},"261":{"start":{"line":262,"column":0},"end":{"line":262,"column":41}},"262":{"start":{"line":263,"column":0},"end":{"line":263,"column":33}},"263":{"start":{"line":264,"column":0},"end":{"line":264,"column":33}},"266":{"start":{"line":267,"column":0},"end":{"line":267,"column":49}},"267":{"start":{"line":268,"column":0},"end":{"line":268,"column":27}},"268":{"start":{"line":269,"column":0},"end":{"line":269,"column":37}},"269":{"start":{"line":270,"column":0},"end":{"line":270,"column":5}},"270":{"start":{"line":271,"column":0},"end":{"line":271,"column":36}},"272":{"start":{"line":273,"column":0},"end":{"line":273,"column":60}},"273":{"start":{"line":274,"column":0},"end":{"line":274,"column":33}},"276":{"start":{"line":277,"column":0},"end":{"line":277,"column":62}},"277":{"start":{"line":278,"column":0},"end":{"line":278,"column":81}},"279":{"start":{"line":280,"column":0},"end":{"line":280,"column":19}},"280":{"start":{"line":281,"column":0},"end":{"line":281,"column":18}},"281":{"start":{"line":282,"column":0},"end":{"line":282,"column":3}},"283":{"start":{"line":284,"column":0},"end":{"line":284,"column":14}},"284":{"start":{"line":285,"column":0},"end":{"line":285,"column":1}}},"s":{"0":1,"7":1,"8":1,"16":1,"17":1,"18":1,"27":1,"28":1,"29":1,"48":74,"65":74,"66":74,"68":74,"70":49,"71":48,"72":74,"101":25,"102":19,"103":19,"107":67,"108":67,"109":74,"110":1931,"111":1931,"114":74,"115":0,"116":0,"117":67,"118":67,"119":67,"121":74,"124":74,"125":74,"126":74,"127":1,"128":1,"129":1,"130":1,"131":66,"133":66,"134":66,"135":66,"136":66,"137":66,"138":74,"139":74,"140":74,"148":1,"149":1,"150":1,"151":1,"152":1,"153":1,"154":1,"156":1,"157":1,"159":730,"160":730,"161":730,"163":2,"164":2,"165":2,"166":2,"168":749,"169":749,"170":749,"171":749,"177":25,"178":25,"179":1,"180":1,"184":24,"185":24,"186":24,"187":24,"188":24,"190":24,"191":24,"193":25,"195":23,"196":23,"198":25,"199":1,"200":1,"201":25,"202":1,"203":1,"206":21,"207":21,"210":21,"211":21,"213":25,"215":19,"216":19,"217":19,"218":25,"219":2,"220":2,"221":2,"222":2,"223":2,"224":2,"225":21,"228":21,"229":21,"231":25,"232":19,"233":19,"234":19,"235":1,"236":1,"237":18,"238":18,"239":18,"240":25,"241":2,"242":2,"243":2,"246":20,"247":20,"248":25,"249":1,"250":1,"254":19,"255":19,"257":19,"258":19,"260":25,"261":749,"262":749,"263":749,"266":749,"267":749,"268":730,"269":730,"270":749,"272":749,"273":749,"276":749,"277":749,"279":749,"280":749,"281":749,"283":19,"284":19},"branchMap":{"0":{"type":"branch","line":28,"loc":{"start":{"line":28,"column":7},"end":{"line":30,"column":1}},"locations":[{"start":{"line":28,"column":7},"end":{"line":30,"column":1}}]},"1":{"type":"branch","line":49,"loc":{"start":{"line":49,"column":0},"end":{"line":141,"column":1}},"locations":[{"start":{"line":49,"column":0},"end":{"line":141,"column":1}}]},"2":{"type":"branch","line":69,"loc":{"start":{"line":69,"column":6},"end":{"line":69,"column":29}},"locations":[{"start":{"line":69,"column":6},"end":{"line":69,"column":29}}]},"3":{"type":"branch","line":69,"loc":{"start":{"line":69,"column":29},"end":{"line":73,"column":9}},"locations":[{"start":{"line":69,"column":29},"end":{"line":73,"column":9}}]},"4":{"type":"branch","line":71,"loc":{"start":{"line":71,"column":63},"end":{"line":73,"column":9}},"locations":[{"start":{"line":71,"column":63},"end":{"line":73,"column":9}}]},"5":{"type":"branch","line":73,"loc":{"start":{"line":73,"column":2},"end":{"line":104,"column":3}},"locations":[{"start":{"line":73,"column":2},"end":{"line":104,"column":3}}]},"6":{"type":"branch","line":102,"loc":{"start":{"line":102,"column":56},"end":{"line":104,"column":3}},"locations":[{"start":{"line":102,"column":56},"end":{"line":104,"column":3}}]},"7":{"type":"branch","line":104,"loc":{"start":{"line":104,"column":2},"end":{"line":110,"column":40}},"locations":[{"start":{"line":104,"column":2},"end":{"line":110,"column":40}}]},"8":{"type":"branch","line":110,"loc":{"start":{"line":110,"column":40},"end":{"line":112,"column":3}},"locations":[{"start":{"line":110,"column":40},"end":{"line":112,"column":3}}]},"9":{"type":"branch","line":112,"loc":{"start":{"line":112,"column":2},"end":{"line":115,"column":38}},"locations":[{"start":{"line":112,"column":2},"end":{"line":115,"column":38}}]},"10":{"type":"branch","line":115,"loc":{"start":{"line":115,"column":38},"end":{"line":117,"column":3}},"locations":[{"start":{"line":115,"column":38},"end":{"line":117,"column":3}}]},"11":{"type":"branch","line":117,"loc":{"start":{"line":117,"column":2},"end":{"line":122,"column":51}},"locations":[{"start":{"line":117,"column":2},"end":{"line":122,"column":51}}]},"12":{"type":"branch","line":122,"loc":{"start":{"line":122,"column":46},"end":{"line":122,"column":57}},"locations":[{"start":{"line":122,"column":46},"end":{"line":122,"column":57}}]},"13":{"type":"branch","line":127,"loc":{"start":{"line":127,"column":34},"end":{"line":131,"column":3}},"locations":[{"start":{"line":127,"column":34},"end":{"line":131,"column":3}}]},"14":{"type":"branch","line":131,"loc":{"start":{"line":131,"column":2},"end":{"line":139,"column":45}},"locations":[{"start":{"line":131,"column":2},"end":{"line":139,"column":45}}]},"15":{"type":"branch","line":139,"loc":{"start":{"line":139,"column":40},"end":{"line":139,"column":77}},"locations":[{"start":{"line":139,"column":40},"end":{"line":139,"column":77}}]},"16":{"type":"branch","line":139,"loc":{"start":{"line":139,"column":68},"end":{"line":139,"column":79}},"locations":[{"start":{"line":139,"column":68},"end":{"line":139,"column":79}}]},"17":{"type":"branch","line":160,"loc":{"start":{"line":160,"column":0},"end":{"line":162,"column":1}},"locations":[{"start":{"line":160,"column":0},"end":{"line":162,"column":1}}]},"18":{"type":"branch","line":164,"loc":{"start":{"line":164,"column":0},"end":{"line":167,"column":1}},"locations":[{"start":{"line":164,"column":0},"end":{"line":167,"column":1}}]},"19":{"type":"branch","line":169,"loc":{"start":{"line":169,"column":0},"end":{"line":172,"column":1}},"locations":[{"start":{"line":169,"column":0},"end":{"line":172,"column":1}}]},"20":{"type":"branch","line":178,"loc":{"start":{"line":178,"column":0},"end":{"line":285,"column":1}},"locations":[{"start":{"line":178,"column":0},"end":{"line":285,"column":1}}]},"21":{"type":"branch","line":179,"loc":{"start":{"line":179,"column":35},"end":{"line":181,"column":3}},"locations":[{"start":{"line":179,"column":35},"end":{"line":181,"column":3}}]},"22":{"type":"branch","line":181,"loc":{"start":{"line":181,"column":2},"end":{"line":194,"column":28}},"locations":[{"start":{"line":181,"column":2},"end":{"line":194,"column":28}}]},"23":{"type":"branch","line":194,"loc":{"start":{"line":194,"column":22},"end":{"line":194,"column":69}},"locations":[{"start":{"line":194,"column":22},"end":{"line":194,"column":69}}]},"24":{"type":"branch","line":194,"loc":{"start":{"line":194,"column":67},"end":{"line":199,"column":25}},"locations":[{"start":{"line":194,"column":67},"end":{"line":199,"column":25}}]},"25":{"type":"branch","line":199,"loc":{"start":{"line":199,"column":25},"end":{"line":201,"column":3}},"locations":[{"start":{"line":199,"column":25},"end":{"line":201,"column":3}}]},"26":{"type":"branch","line":201,"loc":{"start":{"line":201,"column":2},"end":{"line":202,"column":21}},"locations":[{"start":{"line":201,"column":2},"end":{"line":202,"column":21}}]},"27":{"type":"branch","line":202,"loc":{"start":{"line":202,"column":21},"end":{"line":204,"column":3}},"locations":[{"start":{"line":202,"column":21},"end":{"line":204,"column":3}}]},"28":{"type":"branch","line":204,"loc":{"start":{"line":204,"column":2},"end":{"line":214,"column":18}},"locations":[{"start":{"line":204,"column":2},"end":{"line":214,"column":18}}]},"29":{"type":"branch","line":214,"loc":{"start":{"line":214,"column":18},"end":{"line":219,"column":9}},"locations":[{"start":{"line":214,"column":18},"end":{"line":219,"column":9}}]},"30":{"type":"branch","line":219,"loc":{"start":{"line":219,"column":2},"end":{"line":225,"column":3}},"locations":[{"start":{"line":219,"column":2},"end":{"line":225,"column":3}}]},"31":{"type":"branch","line":225,"loc":{"start":{"line":225,"column":2},"end":{"line":232,"column":18}},"locations":[{"start":{"line":225,"column":2},"end":{"line":232,"column":18}}]},"32":{"type":"branch","line":232,"loc":{"start":{"line":232,"column":18},"end":{"line":241,"column":9}},"locations":[{"start":{"line":232,"column":18},"end":{"line":241,"column":9}}]},"33":{"type":"branch","line":235,"loc":{"start":{"line":235,"column":25},"end":{"line":237,"column":5}},"locations":[{"start":{"line":235,"column":25},"end":{"line":237,"column":5}}]},"34":{"type":"branch","line":237,"loc":{"start":{"line":237,"column":4},"end":{"line":241,"column":9}},"locations":[{"start":{"line":237,"column":4},"end":{"line":241,"column":9}}]},"35":{"type":"branch","line":241,"loc":{"start":{"line":241,"column":2},"end":{"line":244,"column":3}},"locations":[{"start":{"line":241,"column":2},"end":{"line":244,"column":3}}]},"36":{"type":"branch","line":244,"loc":{"start":{"line":244,"column":2},"end":{"line":249,"column":49}},"locations":[{"start":{"line":244,"column":2},"end":{"line":249,"column":49}}]},"37":{"type":"branch","line":249,"loc":{"start":{"line":249,"column":49},"end":{"line":251,"column":3}},"locations":[{"start":{"line":249,"column":49},"end":{"line":251,"column":3}}]},"38":{"type":"branch","line":251,"loc":{"start":{"line":251,"column":2},"end":{"line":261,"column":37}},"locations":[{"start":{"line":251,"column":2},"end":{"line":261,"column":37}}]},"39":{"type":"branch","line":261,"loc":{"start":{"line":261,"column":37},"end":{"line":282,"column":3}},"locations":[{"start":{"line":261,"column":37},"end":{"line":282,"column":3}}]},"40":{"type":"branch","line":268,"loc":{"start":{"line":268,"column":26},"end":{"line":270,"column":5}},"locations":[{"start":{"line":268,"column":26},"end":{"line":270,"column":5}}]},"41":{"type":"branch","line":282,"loc":{"start":{"line":282,"column":2},"end":{"line":285,"column":1}},"locations":[{"start":{"line":282,"column":2},"end":{"line":285,"column":1}}]}},"b":{"0":[1],"1":[74],"2":[49],"3":[49],"4":[48],"5":[25],"6":[19],"7":[67],"8":[1931],"9":[67],"10":[0],"11":[67],"12":[0],"13":[1],"14":[66],"15":[62],"16":[4],"17":[730],"18":[2],"19":[749],"20":[25],"21":[1],"22":[24],"23":[1],"24":[23],"25":[1],"26":[22],"27":[1],"28":[21],"29":[19],"30":[2],"31":[21],"32":[19],"33":[1],"34":[18],"35":[2],"36":[20],"37":[1],"38":[19],"39":[749],"40":[730],"41":[19]},"fnMap":{"0":{"name":"readFramePubkey","decl":{"start":{"line":28,"column":7},"end":{"line":30,"column":1}},"loc":{"start":{"line":28,"column":7},"end":{"line":30,"column":1}},"line":28},"1":{"name":"unwrap","decl":{"start":{"line":49,"column":0},"end":{"line":141,"column":1}},"loc":{"start":{"line":49,"column":0},"end":{"line":141,"column":1}},"line":49},"2":{"name":"sha256","decl":{"start":{"line":160,"column":0},"end":{"line":162,"column":1}},"loc":{"start":{"line":160,"column":0},"end":{"line":162,"column":1}},"line":160},"3":{"name":"readBigUint64BE","decl":{"start":{"line":164,"column":0},"end":{"line":167,"column":1}},"loc":{"start":{"line":164,"column":0},"end":{"line":167,"column":1}},"line":164},"4":{"name":"writeBigUint64BE","decl":{"start":{"line":169,"column":0},"end":{"line":172,"column":1}},"loc":{"start":{"line":169,"column":0},"end":{"line":172,"column":1}},"line":169},"5":{"name":"decodeFrameWithoutBLSVerification","decl":{"start":{"line":178,"column":0},"end":{"line":285,"column":1}},"loc":{"start":{"line":178,"column":0},"end":{"line":285,"column":1}},"line":178}},"f":{"0":1,"1":74,"2":730,"3":2,"4":749,"5":25}}
,"/Users/blaze/Movies/Kin/projects/dot-protocol/packages/wrapper/src/wrap.ts": {"path":"/Users/blaze/Movies/Kin/projects/dot-protocol/packages/wrapper/src/wrap.ts","all":false,"statementMap":{"0":{"start":{"line":1,"column":0},"end":{"line":1,"column":33}},"9":{"start":{"line":10,"column":0},"end":{"line":10,"column":22}},"10":{"start":{"line":11,"column":0},"end":{"line":11,"column":55}},"30":{"start":{"line":31,"column":0},"end":{"line":31,"column":95}},"31":{"start":{"line":32,"column":0},"end":{"line":32,"column":46}},"32":{"start":{"line":33,"column":0},"end":{"line":33,"column":50}},"33":{"start":{"line":34,"column":0},"end":{"line":34,"column":55}},"34":{"start":{"line":35,"column":0},"end":{"line":35,"column":55}},"37":{"start":{"line":38,"column":0},"end":{"line":38,"column":73}},"41":{"start":{"line":42,"column":0},"end":{"line":42,"column":43}},"42":{"start":{"line":43,"column":0},"end":{"line":43,"column":64}},"43":{"start":{"line":44,"column":0},"end":{"line":44,"column":27}},"44":{"start":{"line":45,"column":0},"end":{"line":45,"column":45}},"45":{"start":{"line":46,"column":0},"end":{"line":46,"column":57}},"46":{"start":{"line":47,"column":0},"end":{"line":47,"column":37}},"49":{"start":{"line":50,"column":0},"end":{"line":50,"column":66}},"50":{"start":{"line":51,"column":0},"end":{"line":51,"column":34}},"51":{"start":{"line":52,"column":0},"end":{"line":52,"column":40}},"52":{"start":{"line":53,"column":0},"end":{"line":53,"column":60}},"53":{"start":{"line":54,"column":0},"end":{"line":54,"column":33}},"54":{"start":{"line":55,"column":0},"end":{"line":55,"column":62}},"55":{"start":{"line":56,"column":0},"end":{"line":56,"column":45}},"56":{"start":{"line":57,"column":0},"end":{"line":57,"column":23}},"57":{"start":{"line":58,"column":0},"end":{"line":58,"column":3}},"60":{"start":{"line":61,"column":0},"end":{"line":61,"column":27}},"61":{"start":{"line":62,"column":0},"end":{"line":62,"column":35}},"63":{"start":{"line":64,"column":0},"end":{"line":64,"column":43}},"64":{"start":{"line":65,"column":0},"end":{"line":65,"column":64}},"65":{"start":{"line":66,"column":0},"end":{"line":66,"column":33}},"66":{"start":{"line":67,"column":0},"end":{"line":67,"column":31}},"67":{"start":{"line":68,"column":0},"end":{"line":68,"column":26}},"68":{"start":{"line":69,"column":0},"end":{"line":69,"column":20}},"69":{"start":{"line":70,"column":0},"end":{"line":70,"column":15}},"70":{"start":{"line":71,"column":0},"end":{"line":71,"column":52}},"71":{"start":{"line":72,"column":0},"end":{"line":72,"column":7}},"72":{"start":{"line":73,"column":0},"end":{"line":73,"column":31}},"73":{"start":{"line":74,"column":0},"end":{"line":74,"column":3}},"76":{"start":{"line":77,"column":0},"end":{"line":77,"column":69}},"77":{"start":{"line":78,"column":0},"end":{"line":78,"column":31}},"78":{"start":{"line":79,"column":0},"end":{"line":79,"column":31}},"79":{"start":{"line":80,"column":0},"end":{"line":80,"column":5}},"82":{"start":{"line":83,"column":0},"end":{"line":83,"column":25}},"83":{"start":{"line":84,"column":0},"end":{"line":84,"column":34}},"84":{"start":{"line":85,"column":0},"end":{"line":85,"column":50}},"85":{"start":{"line":86,"column":0},"end":{"line":86,"column":3}},"88":{"start":{"line":89,"column":0},"end":{"line":89,"column":39}},"89":{"start":{"line":90,"column":0},"end":{"line":90,"column":39}},"90":{"start":{"line":91,"column":0},"end":{"line":91,"column":44}},"91":{"start":{"line":92,"column":0},"end":{"line":92,"column":37}},"92":{"start":{"line":93,"column":0},"end":{"line":93,"column":8}},"95":{"start":{"line":96,"column":0},"end":{"line":96,"column":40}},"97":{"start":{"line":98,"column":0},"end":{"line":98,"column":10}},"98":{"start":{"line":99,"column":0},"end":{"line":99,"column":13}},"99":{"start":{"line":100,"column":0},"end":{"line":100,"column":10}},"100":{"start":{"line":101,"column":0},"end":{"line":101,"column":18}},"101":{"start":{"line":102,"column":0},"end":{"line":102,"column":15}},"102":{"start":{"line":103,"column":0},"end":{"line":103,"column":18}},"103":{"start":{"line":104,"column":0},"end":{"line":104,"column":20}},"104":{"start":{"line":105,"column":0},"end":{"line":105,"column":21}},"105":{"start":{"line":106,"column":0},"end":{"line":106,"column":47}},"106":{"start":{"line":107,"column":0},"end":{"line":107,"column":14}},"107":{"start":{"line":108,"column":0},"end":{"line":108,"column":4}},"108":{"start":{"line":109,"column":0},"end":{"line":109,"column":1}}},"s":{"0":1,"9":1,"10":1,"30":79,"31":79,"32":79,"33":79,"34":79,"37":79,"41":56,"42":56,"43":56,"44":56,"45":56,"46":56,"49":79,"50":79,"51":79,"52":2113,"53":2113,"54":2113,"55":2113,"56":2113,"57":2113,"60":79,"61":79,"63":79,"64":2113,"65":2113,"66":2113,"67":2113,"68":2113,"69":2113,"70":2113,"71":2113,"72":2113,"73":2113,"76":79,"77":79,"78":79,"79":79,"82":79,"83":23,"84":23,"85":23,"88":79,"89":79,"90":79,"91":76,"92":3,"95":79,"97":79,"98":79,"99":79,"100":79,"101":79,"102":79,"103":79,"104":79,"105":79,"106":79,"107":79,"108":79},"branchMap":{"0":{"type":"branch","line":31,"loc":{"start":{"line":31,"column":0},"end":{"line":109,"column":1}},"locations":[{"start":{"line":31,"column":0},"end":{"line":109,"column":1}}]},"1":{"type":"branch","line":32,"loc":{"start":{"line":32,"column":19},"end":{"line":32,"column":40}},"locations":[{"start":{"line":32,"column":19},"end":{"line":32,"column":40}}]},"2":{"type":"branch","line":32,"loc":{"start":{"line":32,"column":28},"end":{"line":32,"column":46}},"locations":[{"start":{"line":32,"column":28},"end":{"line":32,"column":46}}]},"3":{"type":"branch","line":33,"loc":{"start":{"line":33,"column":18},"end":{"line":33,"column":35}},"locations":[{"start":{"line":33,"column":18},"end":{"line":33,"column":35}}]},"4":{"type":"branch","line":33,"loc":{"start":{"line":33,"column":27},"end":{"line":33,"column":50}},"locations":[{"start":{"line":33,"column":27},"end":{"line":33,"column":50}}]},"5":{"type":"branch","line":34,"loc":{"start":{"line":34,"column":21},"end":{"line":34,"column":49}},"locations":[{"start":{"line":34,"column":21},"end":{"line":34,"column":49}}]},"6":{"type":"branch","line":35,"loc":{"start":{"line":35,"column":21},"end":{"line":35,"column":49}},"locations":[{"start":{"line":35,"column":21},"end":{"line":35,"column":49}}]},"7":{"type":"branch","line":38,"loc":{"start":{"line":38,"column":31},"end":{"line":38,"column":51}},"locations":[{"start":{"line":38,"column":31},"end":{"line":38,"column":51}}]},"8":{"type":"branch","line":38,"loc":{"start":{"line":38,"column":40},"end":{"line":38,"column":73}},"locations":[{"start":{"line":38,"column":40},"end":{"line":38,"column":73}}]},"9":{"type":"branch","line":38,"loc":{"start":{"line":38,"column":71},"end":{"line":50,"column":64}},"locations":[{"start":{"line":38,"column":71},"end":{"line":50,"column":64}}]},"10":{"type":"branch","line":50,"loc":{"start":{"line":50,"column":59},"end":{"line":50,"column":66}},"locations":[{"start":{"line":50,"column":59},"end":{"line":50,"column":66}}]},"11":{"type":"branch","line":52,"loc":{"start":{"line":52,"column":39},"end":{"line":58,"column":3}},"locations":[{"start":{"line":52,"column":39},"end":{"line":58,"column":3}}]},"12":{"type":"branch","line":64,"loc":{"start":{"line":64,"column":42},"end":{"line":74,"column":3}},"locations":[{"start":{"line":64,"column":42},"end":{"line":74,"column":3}}]},"13":{"type":"branch","line":65,"loc":{"start":{"line":65,"column":27},"end":{"line":65,"column":49}},"locations":[{"start":{"line":65,"column":27},"end":{"line":65,"column":49}}]},"14":{"type":"branch","line":65,"loc":{"start":{"line":65,"column":39},"end":{"line":65,"column":64}},"locations":[{"start":{"line":65,"column":39},"end":{"line":65,"column":64}}]},"15":{"type":"branch","line":83,"loc":{"start":{"line":83,"column":6},"end":{"line":83,"column":24}},"locations":[{"start":{"line":83,"column":6},"end":{"line":83,"column":24}}]},"16":{"type":"branch","line":83,"loc":{"start":{"line":83,"column":24},"end":{"line":86,"column":3}},"locations":[{"start":{"line":83,"column":24},"end":{"line":86,"column":3}}]},"17":{"type":"branch","line":91,"loc":{"start":{"line":91,"column":43},"end":{"line":92,"column":37}},"locations":[{"start":{"line":91,"column":43},"end":{"line":92,"column":37}}]},"18":{"type":"branch","line":92,"loc":{"start":{"line":92,"column":22},"end":{"line":93,"column":8}},"locations":[{"start":{"line":92,"column":22},"end":{"line":93,"column":8}}]}},"b":{"0":[79],"1":[77],"2":[19],"3":[77],"4":[78],"5":[77],"6":[77],"7":[77],"8":[56],"9":[56],"10":[0],"11":[2113],"12":[2113],"13":[79],"14":[2034],"15":[77],"16":[23],"17":[76],"18":[3]},"fnMap":{"0":{"name":"wrap","decl":{"start":{"line":31,"column":0},"end":{"line":109,"column":1}},"loc":{"start":{"line":31,"column":0},"end":{"line":109,"column":1}},"line":31}},"f":{"0":79}}
}
